[2025-11-15 21:17:09.418] [info] AbstractTool Hanif-Scaled loading model C:/Users/Hanif/OneDrive - UNSW/T3 - 2025/Biomechanics of Human Body/Final Project/Vicon Data/Deep Squat/RRA/1_Hanif_Deep_5_0_patched/1_Hanif_Deep_5_0_patched_model_adjusted.osim
[2025-11-15 21:17:09.443] [info] Loaded model Hanif-Scaled from file C:/Users/Hanif/OneDrive - UNSW/T3 - 2025/Biomechanics of Human Body/Final Project/Vicon Data/Deep Squat/RRA/1_Hanif_Deep_5_0_patched/1_Hanif_Deep_5_0_patched_model_adjusted.osim
[2025-11-15 21:17:09.547] [info] Adding force object set from ../../../../Scripts/Setup_XMLs/Boiler_XMLs/cmc_actuators.xml
[2025-11-15 21:17:09.556] [info] Running tool 'Hanif-Scaled'.
[2025-11-15 21:17:09.578] [info] TaskSet size = 23.
[2025-11-15 21:17:09.593] [info] Storage: read data file = C:/Users/Hanif/OneDrive - UNSW/T3 - 2025/Biomechanics of Human Body/Final Project/Vicon Data/Deep Squat\ID\GRF\1_Hanif_Deep_5_0_grf.mot (nr=461 nc=19)
[2025-11-15 21:17:09.597] [info] ExternalForce::right_ground_force_v Data source being set to Hanif_Deep_5_0_grf.mot
[2025-11-15 21:17:09.597] [info] ExternalForce::left_ground_force_v Data source being set to Hanif_Deep_5_0_grf.mot
[2025-11-15 21:17:09.597] [warning] CMC::extendAddToSystem: CMC cannot compute controls for muscles with muscle controls less than 0.02.
[2025-11-15 21:17:09.597] [warning] CMC::extendAddToSystem: The minimum control limit for muscle 'glut_med1_r' has been reset to 0.02.
[2025-11-15 21:17:09.597] [warning] CMC::extendAddToSystem: CMC cannot compute controls for muscles with muscle controls less than 0.02.
[2025-11-15 21:17:09.597] [warning] CMC::extendAddToSystem: The minimum control limit for muscle 'glut_med2_r' has been reset to 0.02.
[2025-11-15 21:17:09.597] [warning] CMC::extendAddToSystem: CMC cannot compute controls for muscles with muscle controls less than 0.02.
[2025-11-15 21:17:09.597] [warning] CMC::extendAddToSystem: The minimum control limit for muscle 'glut_med3_r' has been reset to 0.02.
[2025-11-15 21:17:09.597] [warning] CMC::extendAddToSystem: CMC cannot compute controls for muscles with muscle controls less than 0.02.
[2025-11-15 21:17:09.598] [warning] CMC::extendAddToSystem: The minimum control limit for muscle 'bifemlh_r' has been reset to 0.02.
[2025-11-15 21:17:09.598] [warning] CMC::extendAddToSystem: CMC cannot compute controls for muscles with muscle controls less than 0.02.
[2025-11-15 21:17:09.598] [warning] CMC::extendAddToSystem: The minimum control limit for muscle 'bifemsh_r' has been reset to 0.02.
[2025-11-15 21:17:09.598] [warning] CMC::extendAddToSystem: CMC cannot compute controls for muscles with muscle controls less than 0.02.
[2025-11-15 21:17:09.598] [warning] CMC::extendAddToSystem: The minimum control limit for muscle 'sar_r' has been reset to 0.02.
[2025-11-15 21:17:09.598] [warning] CMC::extendAddToSystem: CMC cannot compute controls for muscles with muscle controls less than 0.02.
[2025-11-15 21:17:09.598] [warning] CMC::extendAddToSystem: The minimum control limit for muscle 'add_mag2_r' has been reset to 0.02.
[2025-11-15 21:17:09.598] [warning] CMC::extendAddToSystem: CMC cannot compute controls for muscles with muscle controls less than 0.02.
[2025-11-15 21:17:09.598] [warning] CMC::extendAddToSystem: The minimum control limit for muscle 'tfl_r' has been reset to 0.02.
[2025-11-15 21:17:09.598] [warning] CMC::extendAddToSystem: CMC cannot compute controls for muscles with muscle controls less than 0.02.
[2025-11-15 21:17:09.598] [warning] CMC::extendAddToSystem: The minimum control limit for muscle 'pect_r' has been reset to 0.02.
[2025-11-15 21:17:09.598] [warning] CMC::extendAddToSystem: CMC cannot compute controls for muscles with muscle controls less than 0.02.
[2025-11-15 21:17:09.598] [warning] CMC::extendAddToSystem: The minimum control limit for muscle 'grac_r' has been reset to 0.02.
[2025-11-15 21:17:09.598] [warning] CMC::extendAddToSystem: CMC cannot compute controls for muscles with muscle controls less than 0.02.
[2025-11-15 21:17:09.598] [warning] CMC::extendAddToSystem: The minimum control limit for muscle 'glut_max1_r' has been reset to 0.02.
[2025-11-15 21:17:09.598] [warning] CMC::extendAddToSystem: CMC cannot compute controls for muscles with muscle controls less than 0.02.
[2025-11-15 21:17:09.598] [warning] CMC::extendAddToSystem: The minimum control limit for muscle 'glut_max2_r' has been reset to 0.02.
[2025-11-15 21:17:09.598] [warning] CMC::extendAddToSystem: CMC cannot compute controls for muscles with muscle controls less than 0.02.
[2025-11-15 21:17:09.598] [warning] CMC::extendAddToSystem: The minimum control limit for muscle 'glut_max3_r' has been reset to 0.02.
[2025-11-15 21:17:09.598] [warning] CMC::extendAddToSystem: CMC cannot compute controls for muscles with muscle controls less than 0.02.
[2025-11-15 21:17:09.598] [warning] CMC::extendAddToSystem: The minimum control limit for muscle 'iliacus_r' has been reset to 0.02.
[2025-11-15 21:17:09.598] [warning] CMC::extendAddToSystem: CMC cannot compute controls for muscles with muscle controls less than 0.02.
[2025-11-15 21:17:09.598] [warning] CMC::extendAddToSystem: The minimum control limit for muscle 'psoas_r' has been reset to 0.02.
[2025-11-15 21:17:09.598] [warning] CMC::extendAddToSystem: CMC cannot compute controls for muscles with muscle controls less than 0.02.
[2025-11-15 21:17:09.598] [warning] CMC::extendAddToSystem: The minimum control limit for muscle 'quad_fem_r' has been reset to 0.02.
[2025-11-15 21:17:09.598] [warning] CMC::extendAddToSystem: CMC cannot compute controls for muscles with muscle controls less than 0.02.
[2025-11-15 21:17:09.598] [warning] CMC::extendAddToSystem: The minimum control limit for muscle 'gem_r' has been reset to 0.02.
[2025-11-15 21:17:09.598] [warning] CMC::extendAddToSystem: CMC cannot compute controls for muscles with muscle controls less than 0.02.
[2025-11-15 21:17:09.598] [warning] CMC::extendAddToSystem: The minimum control limit for muscle 'peri_r' has been reset to 0.02.
[2025-11-15 21:17:09.598] [warning] CMC::extendAddToSystem: CMC cannot compute controls for muscles with muscle controls less than 0.02.
[2025-11-15 21:17:09.598] [warning] CMC::extendAddToSystem: The minimum control limit for muscle 'rect_fem_r' has been reset to 0.02.
[2025-11-15 21:17:09.598] [warning] CMC::extendAddToSystem: CMC cannot compute controls for muscles with muscle controls less than 0.02.
[2025-11-15 21:17:09.598] [warning] CMC::extendAddToSystem: The minimum control limit for muscle 'vas_int_r' has been reset to 0.02.
[2025-11-15 21:17:09.598] [warning] CMC::extendAddToSystem: CMC cannot compute controls for muscles with muscle controls less than 0.02.
[2025-11-15 21:17:09.598] [warning] CMC::extendAddToSystem: The minimum control limit for muscle 'med_gas_r' has been reset to 0.02.
[2025-11-15 21:17:09.598] [warning] CMC::extendAddToSystem: CMC cannot compute controls for muscles with muscle controls less than 0.02.
[2025-11-15 21:17:09.598] [warning] CMC::extendAddToSystem: The minimum control limit for muscle 'soleus_r' has been reset to 0.02.
[2025-11-15 21:17:09.598] [warning] CMC::extendAddToSystem: CMC cannot compute controls for muscles with muscle controls less than 0.02.
[2025-11-15 21:17:09.598] [warning] CMC::extendAddToSystem: The minimum control limit for muscle 'tib_post_r' has been reset to 0.02.
[2025-11-15 21:17:09.598] [warning] CMC::extendAddToSystem: CMC cannot compute controls for muscles with muscle controls less than 0.02.
[2025-11-15 21:17:09.598] [warning] CMC::extendAddToSystem: The minimum control limit for muscle 'tib_ant_r' has been reset to 0.02.
[2025-11-15 21:17:09.598] [warning] CMC::extendAddToSystem: CMC cannot compute controls for muscles with muscle controls less than 0.02.
[2025-11-15 21:17:09.598] [warning] CMC::extendAddToSystem: The minimum control limit for muscle 'glut_med1_l' has been reset to 0.02.
[2025-11-15 21:17:09.598] [warning] CMC::extendAddToSystem: CMC cannot compute controls for muscles with muscle controls less than 0.02.
[2025-11-15 21:17:09.598] [warning] CMC::extendAddToSystem: The minimum control limit for muscle 'glut_med2_l' has been reset to 0.02.
[2025-11-15 21:17:09.598] [warning] CMC::extendAddToSystem: CMC cannot compute controls for muscles with muscle controls less than 0.02.
[2025-11-15 21:17:09.598] [warning] CMC::extendAddToSystem: The minimum control limit for muscle 'glut_med3_l' has been reset to 0.02.
[2025-11-15 21:17:09.598] [warning] CMC::extendAddToSystem: CMC cannot compute controls for muscles with muscle controls less than 0.02.
[2025-11-15 21:17:09.598] [warning] CMC::extendAddToSystem: The minimum control limit for muscle 'bifemlh_l' has been reset to 0.02.
[2025-11-15 21:17:09.598] [warning] CMC::extendAddToSystem: CMC cannot compute controls for muscles with muscle controls less than 0.02.
[2025-11-15 21:17:09.598] [warning] CMC::extendAddToSystem: The minimum control limit for muscle 'bifemsh_l' has been reset to 0.02.
[2025-11-15 21:17:09.598] [warning] CMC::extendAddToSystem: CMC cannot compute controls for muscles with muscle controls less than 0.02.
[2025-11-15 21:17:09.598] [warning] CMC::extendAddToSystem: The minimum control limit for muscle 'sar_l' has been reset to 0.02.
[2025-11-15 21:17:09.598] [warning] CMC::extendAddToSystem: CMC cannot compute controls for muscles with muscle controls less than 0.02.
[2025-11-15 21:17:09.598] [warning] CMC::extendAddToSystem: The minimum control limit for muscle 'add_mag2_l' has been reset to 0.02.
[2025-11-15 21:17:09.598] [warning] CMC::extendAddToSystem: CMC cannot compute controls for muscles with muscle controls less than 0.02.
[2025-11-15 21:17:09.598] [warning] CMC::extendAddToSystem: The minimum control limit for muscle 'tfl_l' has been reset to 0.02.
[2025-11-15 21:17:09.598] [warning] CMC::extendAddToSystem: CMC cannot compute controls for muscles with muscle controls less than 0.02.
[2025-11-15 21:17:09.598] [warning] CMC::extendAddToSystem: The minimum control limit for muscle 'pect_l' has been reset to 0.02.
[2025-11-15 21:17:09.598] [warning] CMC::extendAddToSystem: CMC cannot compute controls for muscles with muscle controls less than 0.02.
[2025-11-15 21:17:09.598] [warning] CMC::extendAddToSystem: The minimum control limit for muscle 'grac_l' has been reset to 0.02.
[2025-11-15 21:17:09.598] [warning] CMC::extendAddToSystem: CMC cannot compute controls for muscles with muscle controls less than 0.02.
[2025-11-15 21:17:09.598] [warning] CMC::extendAddToSystem: The minimum control limit for muscle 'glut_max1_l' has been reset to 0.02.
[2025-11-15 21:17:09.598] [warning] CMC::extendAddToSystem: CMC cannot compute controls for muscles with muscle controls less than 0.02.
[2025-11-15 21:17:09.598] [warning] CMC::extendAddToSystem: The minimum control limit for muscle 'glut_max2_l' has been reset to 0.02.
[2025-11-15 21:17:09.598] [warning] CMC::extendAddToSystem: CMC cannot compute controls for muscles with muscle controls less than 0.02.
[2025-11-15 21:17:09.598] [warning] CMC::extendAddToSystem: The minimum control limit for muscle 'glut_max3_l' has been reset to 0.02.
[2025-11-15 21:17:09.598] [warning] CMC::extendAddToSystem: CMC cannot compute controls for muscles with muscle controls less than 0.02.
[2025-11-15 21:17:09.598] [warning] CMC::extendAddToSystem: The minimum control limit for muscle 'iliacus_l' has been reset to 0.02.
[2025-11-15 21:17:09.598] [warning] CMC::extendAddToSystem: CMC cannot compute controls for muscles with muscle controls less than 0.02.
[2025-11-15 21:17:09.598] [warning] CMC::extendAddToSystem: The minimum control limit for muscle 'psoas_l' has been reset to 0.02.
[2025-11-15 21:17:09.598] [warning] CMC::extendAddToSystem: CMC cannot compute controls for muscles with muscle controls less than 0.02.
[2025-11-15 21:17:09.598] [warning] CMC::extendAddToSystem: The minimum control limit for muscle 'quad_fem_l' has been reset to 0.02.
[2025-11-15 21:17:09.598] [warning] CMC::extendAddToSystem: CMC cannot compute controls for muscles with muscle controls less than 0.02.
[2025-11-15 21:17:09.598] [warning] CMC::extendAddToSystem: The minimum control limit for muscle 'gem_l' has been reset to 0.02.
[2025-11-15 21:17:09.598] [warning] CMC::extendAddToSystem: CMC cannot compute controls for muscles with muscle controls less than 0.02.
[2025-11-15 21:17:09.598] [warning] CMC::extendAddToSystem: The minimum control limit for muscle 'peri_l' has been reset to 0.02.
[2025-11-15 21:17:09.598] [warning] CMC::extendAddToSystem: CMC cannot compute controls for muscles with muscle controls less than 0.02.
[2025-11-15 21:17:09.598] [warning] CMC::extendAddToSystem: The minimum control limit for muscle 'rect_fem_l' has been reset to 0.02.
[2025-11-15 21:17:09.598] [warning] CMC::extendAddToSystem: CMC cannot compute controls for muscles with muscle controls less than 0.02.
[2025-11-15 21:17:09.598] [warning] CMC::extendAddToSystem: The minimum control limit for muscle 'vas_int_l' has been reset to 0.02.
[2025-11-15 21:17:09.599] [warning] CMC::extendAddToSystem: CMC cannot compute controls for muscles with muscle controls less than 0.02.
[2025-11-15 21:17:09.599] [warning] CMC::extendAddToSystem: The minimum control limit for muscle 'med_gas_l' has been reset to 0.02.
[2025-11-15 21:17:09.599] [warning] CMC::extendAddToSystem: CMC cannot compute controls for muscles with muscle controls less than 0.02.
[2025-11-15 21:17:09.599] [warning] CMC::extendAddToSystem: The minimum control limit for muscle 'soleus_l' has been reset to 0.02.
[2025-11-15 21:17:09.599] [warning] CMC::extendAddToSystem: CMC cannot compute controls for muscles with muscle controls less than 0.02.
[2025-11-15 21:17:09.599] [warning] CMC::extendAddToSystem: The minimum control limit for muscle 'tib_post_l' has been reset to 0.02.
[2025-11-15 21:17:09.599] [warning] CMC::extendAddToSystem: CMC cannot compute controls for muscles with muscle controls less than 0.02.
[2025-11-15 21:17:09.599] [warning] CMC::extendAddToSystem: The minimum control limit for muscle 'tib_ant_l' has been reset to 0.02.
[2025-11-15 21:17:09.599] [warning] CMC::extendAddToSystem: CMC cannot compute controls for muscles with muscle controls less than 0.02.
[2025-11-15 21:17:09.599] [warning] CMC::extendAddToSystem: The minimum control limit for muscle 'ercspn_r' has been reset to 0.02.
[2025-11-15 21:17:09.599] [warning] CMC::extendAddToSystem: CMC cannot compute controls for muscles with muscle controls less than 0.02.
[2025-11-15 21:17:09.599] [warning] CMC::extendAddToSystem: The minimum control limit for muscle 'ercspn_l' has been reset to 0.02.
[2025-11-15 21:17:09.599] [warning] CMC::extendAddToSystem: CMC cannot compute controls for muscles with muscle controls less than 0.02.
[2025-11-15 21:17:09.599] [warning] CMC::extendAddToSystem: The minimum control limit for muscle 'intobl_r' has been reset to 0.02.
[2025-11-15 21:17:09.599] [warning] CMC::extendAddToSystem: CMC cannot compute controls for muscles with muscle controls less than 0.02.
[2025-11-15 21:17:09.599] [warning] CMC::extendAddToSystem: The minimum control limit for muscle 'intobl_l' has been reset to 0.02.
[2025-11-15 21:17:09.599] [warning] CMC::extendAddToSystem: CMC cannot compute controls for muscles with muscle controls less than 0.02.
[2025-11-15 21:17:09.599] [warning] CMC::extendAddToSystem: The minimum control limit for muscle 'extobl_r' has been reset to 0.02.
[2025-11-15 21:17:09.599] [warning] CMC::extendAddToSystem: CMC cannot compute controls for muscles with muscle controls less than 0.02.
[2025-11-15 21:17:09.599] [warning] CMC::extendAddToSystem: The minimum control limit for muscle 'extobl_l' has been reset to 0.02.
[2025-11-15 21:17:09.602] [warning] A desired points file was not specified.
[2025-11-15 21:17:09.602] [info] Loading desired kinematics from file 'C:/Users/Hanif/OneDrive - UNSW/T3 - 2025/Biomechanics of Human Body/Final Project/Vicon Data/Deep Squat/IK/1_Hanif_Deep_5_0_patched.mot'...
[2025-11-15 21:17:09.602] [info] Storage: read data file = C:/Users/Hanif/OneDrive - UNSW/T3 - 2025/Biomechanics of Human Body/Final Project/Vicon Data/Deep Squat/IK/1_Hanif_Deep_5_0_patched.mot (nr=461 nc=24)
[2025-11-15 21:17:09.607] [info] Low-pass filtering desired kinematics with a cutoff frequency of 6.0...
[2025-11-15 21:17:09.624] [cout] [info] MODEL: Hanif-Scaled

numStates = 154
numCoordinates = 23
numSpeeds = 23
numActuators = 77
numBodies = 12
numConstraints = 0
numProbes = 0

ANALYSES (total: 0)

BODIES (total: 12)
body[0] = pelvis. mass: 8.90742
              moments of inertia:  ~[0.0524779,0.0444633,0.0295571]
              products of inertia: ~[0,0,0]
body[1] = femur_r. mass: 7.03502
              moments of inertia:  ~[0.0924431,0.0242326,0.0974829]
              products of inertia: ~[0,0,0]
body[2] = tibia_r. mass: 2.80413
              moments of inertia:  ~[0.0293523,0.00297017,0.0297599]
              products of inertia: ~[0,0,0]
body[3] = talus_r. mass: 0.075634
              moments of inertia:  ~[0.000457796,0.000457796,0.000457796]
              products of inertia: ~[0,0,0]
body[4] = calcn_r. mass: 0.945425
              moments of inertia:  ~[0.000640914,0.0017854,0.00187696]
              products of inertia: ~[0,0,0]
body[5] = toes_r. mass: 0.163823
              moments of inertia:  ~[4.57796e-05,9.15591e-05,4.57796e-05]
              products of inertia: ~[0,0,0]
body[6] = femur_l. mass: 7.03502
              moments of inertia:  ~[0.0924431,0.0242326,0.0974829]
              products of inertia: ~[0,0,0]
body[7] = tibia_l. mass: 2.80413
              moments of inertia:  ~[0.0293523,0.00297017,0.0297599]
              products of inertia: ~[0,0,0]
body[8] = talus_l. mass: 0.075634
              moments of inertia:  ~[0.000457796,0.000457796,0.000457796]
              products of inertia: ~[0,0,0]
body[9] = calcn_l. mass: 0.945425
              moments of inertia:  ~[0.000640914,0.0017854,0.00187696]
              products of inertia: ~[0,0,0]
body[10] = toes_l. mass: 0.163823
              moments of inertia:  ~[4.57796e-05,9.15591e-05,4.57796e-05]
              products of inertia: ~[0,0,0]
body[11] = torso. mass: 26.6316
              moments of inertia:  ~[0.882257,0.452048,0.856468]
              products of inertia: ~[0,0,0]

JOINTS (total: 12)
joint[0] = ground_pelvis. parent: ground_offset, child: pelvis_offset
joint[1] = hip_r. parent: pelvis_offset, child: femur_r_offset
joint[2] = knee_r. parent: femur_r_offset, child: tibia_r_offset
joint[3] = ankle_r. parent: tibia_r_offset, child: talus_r_offset
joint[4] = subtalar_r. parent: talus_r_offset, child: calcn_r_offset
joint[5] = mtp_r. parent: calcn_r_offset, child: toes_r_offset
joint[6] = hip_l. parent: pelvis_offset, child: femur_l_offset
joint[7] = knee_l. parent: femur_l_offset, child: tibia_l_offset
joint[8] = ankle_l. parent: tibia_l_offset, child: talus_l_offset
joint[9] = subtalar_l. parent: talus_l_offset, child: calcn_l_offset
joint[10] = mtp_l. parent: calcn_l_offset, child: toes_l_offset
joint[11] = back. parent: pelvis_offset, child: torso_offset

ACTUATORS (total: 77)
actuator[0] = glut_med1_r
actuator[1] = glut_med2_r
actuator[2] = glut_med3_r
actuator[3] = bifemlh_r
actuator[4] = bifemsh_r
actuator[5] = sar_r
actuator[6] = add_mag2_r
actuator[7] = tfl_r
actuator[8] = pect_r
actuator[9] = grac_r
actuator[10] = glut_max1_r
actuator[11] = glut_max2_r
actuator[12] = glut_max3_r
actuator[13] = iliacus_r
actuator[14] = psoas_r
actuator[15] = quad_fem_r
actuator[16] = gem_r
actuator[17] = peri_r
actuator[18] = rect_fem_r
actuator[19] = vas_int_r
actuator[20] = med_gas_r
actuator[21] = soleus_r
actuator[22] = tib_post_r
actuator[23] = tib_ant_r
actuator[24] = glut_med1_l
actuator[25] = glut_med2_l
actuator[26] = glut_med3_l
actuator[27] = bifemlh_l
actuator[28] = bifemsh_l
actuator[29] = sar_l
actuator[30] = add_mag2_l
actuator[31] = tfl_l
actuator[32] = pect_l
actuator[33] = grac_l
actuator[34] = glut_max1_l
actuator[35] = glut_max2_l
actuator[36] = glut_max3_l
actuator[37] = iliacus_l
actuator[38] = psoas_l
actuator[39] = quad_fem_l
actuator[40] = gem_l
actuator[41] = peri_l
actuator[42] = rect_fem_l
actuator[43] = vas_int_l
actuator[44] = med_gas_l
actuator[45] = soleus_l
actuator[46] = tib_post_l
actuator[47] = tib_ant_l
actuator[48] = ercspn_r
actuator[49] = ercspn_l
actuator[50] = intobl_r
actuator[51] = intobl_l
actuator[52] = extobl_r
actuator[53] = extobl_l
actuator[54] = FX
actuator[55] = FY
actuator[56] = FZ
actuator[57] = MX
actuator[58] = MY
actuator[59] = MZ
actuator[60] = hip_flexion_r_reserve
actuator[61] = hip_adduction_r_reserve
actuator[62] = hip_rotation_r_reserve
actuator[63] = knee_angle_r_reserve
actuator[64] = ankle_angle_r_reserve
actuator[65] = subtalar_angle_r_reserve
actuator[66] = mtp_angle_r_reserve
actuator[67] = hip_flexion_l_reserve
actuator[68] = hip_adduction_l_reserve
actuator[69] = hip_rotation_l_reserve
actuator[70] = knee_angle_l_reserve
actuator[71] = ankle_angle_l_reserve
actuator[72] = subtalar_angle_l_reserve
actuator[73] = mtp_angle_l_reserve
actuator[74] = lumbar_extension_reserve
actuator[75] = lumbar_bending_reserve
actuator[76] = lumbar_rotation_reserve

STATES (total: 154)
y[0] = /jointset/ground_pelvis/pelvis_tilt/value
y[1] = /jointset/ground_pelvis/pelvis_tilt/speed
y[2] = /jointset/ground_pelvis/pelvis_list/value
y[3] = /jointset/ground_pelvis/pelvis_list/speed
y[4] = /jointset/ground_pelvis/pelvis_rotation/value
y[5] = /jointset/ground_pelvis/pelvis_rotation/speed
y[6] = /jointset/ground_pelvis/pelvis_tx/value
y[7] = /jointset/ground_pelvis/pelvis_tx/speed
y[8] = /jointset/ground_pelvis/pelvis_ty/value
y[9] = /jointset/ground_pelvis/pelvis_ty/speed
y[10] = /jointset/ground_pelvis/pelvis_tz/value
y[11] = /jointset/ground_pelvis/pelvis_tz/speed
y[12] = /jointset/hip_r/hip_flexion_r/value
y[13] = /jointset/hip_r/hip_flexion_r/speed
y[14] = /jointset/hip_r/hip_adduction_r/value
y[15] = /jointset/hip_r/hip_adduction_r/speed
y[16] = /jointset/hip_r/hip_rotation_r/value
y[17] = /jointset/hip_r/hip_rotation_r/speed
y[18] = /jointset/knee_r/knee_angle_r/value
y[19] = /jointset/knee_r/knee_angle_r/speed
y[20] = /jointset/ankle_r/ankle_angle_r/value
y[21] = /jointset/ankle_r/ankle_angle_r/speed
y[22] = /jointset/subtalar_r/subtalar_angle_r/value
y[23] = /jointset/subtalar_r/subtalar_angle_r/speed
y[24] = /jointset/mtp_r/mtp_angle_r/value
y[25] = /jointset/mtp_r/mtp_angle_r/speed
y[26] = /jointset/hip_l/hip_flexion_l/value
y[27] = /jointset/hip_l/hip_flexion_l/speed
y[28] = /jointset/hip_l/hip_adduction_l/value
y[29] = /jointset/hip_l/hip_adduction_l/speed
y[30] = /jointset/hip_l/hip_rotation_l/value
y[31] = /jointset/hip_l/hip_rotation_l/speed
y[32] = /jointset/knee_l/knee_angle_l/value
y[33] = /jointset/knee_l/knee_angle_l/speed
y[34] = /jointset/ankle_l/ankle_angle_l/value
y[35] = /jointset/ankle_l/ankle_angle_l/speed
y[36] = /jointset/subtalar_l/subtalar_angle_l/value
y[37] = /jointset/subtalar_l/subtalar_angle_l/speed
y[38] = /jointset/mtp_l/mtp_angle_l/value
y[39] = /jointset/mtp_l/mtp_angle_l/speed
y[40] = /jointset/back/lumbar_extension/value
y[41] = /jointset/back/lumbar_extension/speed
y[42] = /jointset/back/lumbar_bending/value
y[43] = /jointset/back/lumbar_bending/speed
y[44] = /jointset/back/lumbar_rotation/value
y[45] = /jointset/back/lumbar_rotation/speed
y[46] = /forceset/glut_med1_r/activation
y[47] = /forceset/glut_med1_r/fiber_length
y[48] = /forceset/glut_med2_r/activation
y[49] = /forceset/glut_med2_r/fiber_length
y[50] = /forceset/glut_med3_r/activation
y[51] = /forceset/glut_med3_r/fiber_length
y[52] = /forceset/bifemlh_r/activation
y[53] = /forceset/bifemlh_r/fiber_length
y[54] = /forceset/bifemsh_r/activation
y[55] = /forceset/bifemsh_r/fiber_length
y[56] = /forceset/sar_r/activation
y[57] = /forceset/sar_r/fiber_length
y[58] = /forceset/add_mag2_r/activation
y[59] = /forceset/add_mag2_r/fiber_length
y[60] = /forceset/tfl_r/activation
y[61] = /forceset/tfl_r/fiber_length
y[62] = /forceset/pect_r/activation
y[63] = /forceset/pect_r/fiber_length
y[64] = /forceset/grac_r/activation
y[65] = /forceset/grac_r/fiber_length
y[66] = /forceset/glut_max1_r/activation
y[67] = /forceset/glut_max1_r/fiber_length
y[68] = /forceset/glut_max2_r/activation
y[69] = /forceset/glut_max2_r/fiber_length
y[70] = /forceset/glut_max3_r/activation
y[71] = /forceset/glut_max3_r/fiber_length
y[72] = /forceset/iliacus_r/activation
y[73] = /forceset/iliacus_r/fiber_length
y[74] = /forceset/psoas_r/activation
y[75] = /forceset/psoas_r/fiber_length
y[76] = /forceset/quad_fem_r/activation
y[77] = /forceset/quad_fem_r/fiber_length
y[78] = /forceset/gem_r/activation
y[79] = /forceset/gem_r/fiber_length
y[80] = /forceset/peri_r/activation
y[81] = /forceset/peri_r/fiber_length
y[82] = /forceset/rect_fem_r/activation
y[83] = /forceset/rect_fem_r/fiber_length
y[84] = /forceset/vas_int_r/activation
y[85] = /forceset/vas_int_r/fiber_length
y[86] = /forceset/med_gas_r/activation
y[87] = /forceset/med_gas_r/fiber_length
y[88] = /forceset/soleus_r/activation
y[89] = /forceset/soleus_r/fiber_length
y[90] = /forceset/tib_post_r/activation
y[91] = /forceset/tib_post_r/fiber_length
y[92] = /forceset/tib_ant_r/activation
y[93] = /forceset/tib_ant_r/fiber_length
y[94] = /forceset/glut_med1_l/activation
y[95] = /forceset/glut_med1_l/fiber_length
y[96] = /forceset/glut_med2_l/activation
y[97] = /forceset/glut_med2_l/fiber_length
y[98] = /forceset/glut_med3_l/activation
y[99] = /forceset/glut_med3_l/fiber_length
y[100] = /forceset/bifemlh_l/activation
y[101] = /forceset/bifemlh_l/fiber_length
y[102] = /forceset/bifemsh_l/activation
y[103] = /forceset/bifemsh_l/fiber_length
y[104] = /forceset/sar_l/activation
y[105] = /forceset/sar_l/fiber_length
y[106] = /forceset/add_mag2_l/activation
y[107] = /forceset/add_mag2_l/fiber_length
y[108] = /forceset/tfl_l/activation
y[109] = /forceset/tfl_l/fiber_length
y[110] = /forceset/pect_l/activation
y[111] = /forceset/pect_l/fiber_length
y[112] = /forceset/grac_l/activation
y[113] = /forceset/grac_l/fiber_length
y[114] = /forceset/glut_max1_l/activation
y[115] = /forceset/glut_max1_l/fiber_length
y[116] = /forceset/glut_max2_l/activation
y[117] = /forceset/glut_max2_l/fiber_length
y[118] = /forceset/glut_max3_l/activation
y[119] = /forceset/glut_max3_l/fiber_length
y[120] = /forceset/iliacus_l/activation
y[121] = /forceset/iliacus_l/fiber_length
y[122] = /forceset/psoas_l/activation
y[123] = /forceset/psoas_l/fiber_length
y[124] = /forceset/quad_fem_l/activation
y[125] = /forceset/quad_fem_l/fiber_length
y[126] = /forceset/gem_l/activation
y[127] = /forceset/gem_l/fiber_length
y[128] = /forceset/peri_l/activation
y[129] = /forceset/peri_l/fiber_length
y[130] = /forceset/rect_fem_l/activation
y[131] = /forceset/rect_fem_l/fiber_length
y[132] = /forceset/vas_int_l/activation
y[133] = /forceset/vas_int_l/fiber_length
y[134] = /forceset/med_gas_l/activation
y[135] = /forceset/med_gas_l/fiber_length
y[136] = /forceset/soleus_l/activation
y[137] = /forceset/soleus_l/fiber_length
y[138] = /forceset/tib_post_l/activation
y[139] = /forceset/tib_post_l/fiber_length
y[140] = /forceset/tib_ant_l/activation
y[141] = /forceset/tib_ant_l/fiber_length
y[142] = /forceset/ercspn_r/activation
y[143] = /forceset/ercspn_r/fiber_length
y[144] = /forceset/ercspn_l/activation
y[145] = /forceset/ercspn_l/fiber_length
y[146] = /forceset/intobl_r/activation
y[147] = /forceset/intobl_r/fiber_length
y[148] = /forceset/intobl_l/activation
y[149] = /forceset/intobl_l/fiber_length
y[150] = /forceset/extobl_r/activation
y[151] = /forceset/extobl_r/fiber_length
y[152] = /forceset/extobl_l/activation
y[153] = /forceset/extobl_l/fiber_length

[2025-11-15 21:17:09.725] [info] Constructing function set for tracking desired kinematics...
[2025-11-15 21:17:09.900] [info] No Actuation analysis found in analysis set -- adding one...
[2025-11-15 21:17:09.900] [info] No Kinematics analysis found in analysis set -- adding one...
[2025-11-15 21:17:09.902] [info] Using the generalized coordinates specified in C:/Users/Hanif/OneDrive - UNSW/T3 - 2025/Biomechanics of Human Body/Final Project/Vicon Data/Deep Squat/IK/1_Hanif_Deep_5_0_patched.mot to set the initial configuration.
[2025-11-15 21:17:09.937] [info] Using IPOPT optimizer algorithm.
[2025-11-15 21:17:09.937] [info] Setting optimizer print level to 0.
[2025-11-15 21:17:09.937] [info] Setting optimizer convergence tolerance to 0.000100000.
[2025-11-15 21:17:09.937] [info] Setting optimizer maximum iterations to 1000.
[2025-11-15 21:17:09.937] [info] Setting cmc controller to not use verbose printing.

[2025-11-15 21:17:09.938] [info] -----------------------------------------------------------------
[2025-11-15 21:17:09.938] [info] Computing initial values for muscles states (activation, length):
[2025-11-15 21:17:09.938] [info] -----------------------------------------------------------------
[2025-11-15 21:17:09.938] [info]  -- Start time = Sat Nov 15 21:17:09 2025
[2025-11-15 21:17:09.938] [info] -----------------------------------------------------------------
[2025-11-15 21:17:09.938] [info] 
[2025-11-15 21:17:10.475] [info] CMC::computeControls, t = 0.3
[2025-11-15 21:17:11.329] [info] CMC::computeControls, t = 0.3
[2025-11-15 21:17:12.016] [info] ----------------------------------
[2025-11-15 21:17:12.016] [info] Finished computing initial states:
[2025-11-15 21:17:12.016] [info] ----------------------------------
[2025-11-15 21:17:12.016] [info]  -- Start time = Sat Nov 15 21:17:09 2025
[2025-11-15 21:17:12.016] [info]  -- Finish time = Sat Nov 15 21:17:12 2025
[2025-11-15 21:17:12.016] [info]  -- Elapsed time = 3.0 seconds.
[2025-11-15 21:17:12.016] [info] ----------------------------------
[2025-11-15 21:17:12.016] [info] 
[2025-11-15 21:17:12.016] [info] --------------------------------------------
[2025-11-15 21:17:12.016] [info] Using CMC to track the specified kinematics:
[2025-11-15 21:17:12.016] [info] --------------------------------------------
[2025-11-15 21:17:12.016] [info]  -- Integrating from 0.33 to 2.6
[2025-11-15 21:17:12.016] [info]  -- Start time = Sat Nov 15 21:17:12 2025
[2025-11-15 21:17:12.016] [info] --------------------------------------------
[2025-11-15 21:17:12.016] [info] 
[2025-11-15 21:17:12.019] [info] CMC::computeControls, t = 0.33
[2025-11-15 21:17:12.614] [info] CMC::computeControls, t = 0.34
[2025-11-15 21:17:13.170] [info] CMC::computeControls, t = 0.35
[2025-11-15 21:17:13.769] [info] CMC::computeControls, t = 0.36
[2025-11-15 21:17:14.355] [info] CMC::computeControls, t = 0.37
[2025-11-15 21:17:14.848] [info] CMC::computeControls, t = 0.38
[2025-11-15 21:17:15.481] [info] CMC::computeControls, t = 0.39
[2025-11-15 21:17:16.055] [info] CMC::computeControls, t = 0.4
[2025-11-15 21:17:16.627] [info] CMC::computeControls, t = 0.41
[2025-11-15 21:17:17.131] [info] CMC::computeControls, t = 0.42
[2025-11-15 21:17:17.650] [info] CMC::computeControls, t = 0.43
[2025-11-15 21:17:18.200] [info] CMC::computeControls, t = 0.44
[2025-11-15 21:17:18.743] [info] CMC::computeControls, t = 0.45
[2025-11-15 21:17:19.299] [info] CMC::computeControls, t = 0.46
[2025-11-15 21:17:19.906] [info] CMC::computeControls, t = 0.47
[2025-11-15 21:17:20.405] [info] CMC::computeControls, t = 0.48
[2025-11-15 21:17:20.985] [info] CMC::computeControls, t = 0.49
[2025-11-15 21:17:21.728] [info] CMC::computeControls, t = 0.5
[2025-11-15 21:17:22.411] [info] CMC::computeControls, t = 0.51
[2025-11-15 21:17:22.997] [info] CMC::computeControls, t = 0.52
[2025-11-15 21:17:23.520] [info] CMC::computeControls, t = 0.53
[2025-11-15 21:17:24.121] [info] CMC::computeControls, t = 0.54
[2025-11-15 21:17:24.648] [info] CMC::computeControls, t = 0.55
[2025-11-15 21:17:25.212] [info] CMC::computeControls, t = 0.56
[2025-11-15 21:17:25.906] [info] CMC::computeControls, t = 0.57
[2025-11-15 21:17:26.641] [info] CMC::computeControls, t = 0.58
[2025-11-15 21:17:27.428] [info] CMC::computeControls, t = 0.59
[2025-11-15 21:17:28.072] [info] CMC::computeControls, t = 0.6
[2025-11-15 21:17:28.785] [info] CMC::computeControls, t = 0.61
[2025-11-15 21:17:29.461] [info] CMC::computeControls, t = 0.62
[2025-11-15 21:17:30.074] [info] CMC::computeControls, t = 0.63
[2025-11-15 21:17:30.616] [info] CMC::computeControls, t = 0.64
[2025-11-15 21:17:31.146] [info] CMC::computeControls, t = 0.65
[2025-11-15 21:17:31.711] [info] CMC::computeControls, t = 0.66
[2025-11-15 21:17:32.318] [info] CMC::computeControls, t = 0.67
[2025-11-15 21:17:32.883] [info] CMC::computeControls, t = 0.68
[2025-11-15 21:17:33.467] [info] CMC::computeControls, t = 0.69
[2025-11-15 21:17:34.062] [info] CMC::computeControls, t = 0.7
[2025-11-15 21:17:34.650] [info] CMC::computeControls, t = 0.71
[2025-11-15 21:17:35.242] [info] CMC::computeControls, t = 0.72
[2025-11-15 21:17:35.949] [info] CMC::computeControls, t = 0.73
[2025-11-15 21:17:36.630] [info] CMC::computeControls, t = 0.74
[2025-11-15 21:17:37.274] [info] CMC::computeControls, t = 0.75
[2025-11-15 21:17:37.955] [info] CMC::computeControls, t = 0.76
[2025-11-15 21:17:38.732] [info] CMC::computeControls, t = 0.77
[2025-11-15 21:17:39.407] [info] CMC::computeControls, t = 0.78
[2025-11-15 21:17:40.146] [info] CMC::computeControls, t = 0.79
[2025-11-15 21:17:40.221] [warning] CMC::computeControls: small force range for iliacus_l (0.0 to 0.0)
[2025-11-15 21:17:40.221] [info] 
[2025-11-15 21:17:40.221] [warning] CMC::computeControls: small force range for psoas_l (0.0 to 0.0)
[2025-11-15 21:17:40.221] [info] 
[2025-11-15 21:17:40.987] [info] CMC::computeControls, t = 0.8
[2025-11-15 21:17:41.055] [warning] CMC::computeControls: small force range for iliacus_r (0.0 to 0.0)
[2025-11-15 21:17:41.056] [info] 
[2025-11-15 21:17:41.056] [warning] CMC::computeControls: small force range for iliacus_l (0.0 to 0.0)
[2025-11-15 21:17:41.056] [info] 
[2025-11-15 21:17:41.846] [info] CMC::computeControls, t = 0.81
[2025-11-15 21:17:42.665] [info] CMC::computeControls, t = 0.82
[2025-11-15 21:17:43.462] [info] CMC::computeControls, t = 0.83
[2025-11-15 21:17:44.152] [info] CMC::computeControls, t = 0.84
[2025-11-15 21:17:44.946] [info] CMC::computeControls, t = 0.85
[2025-11-15 21:17:45.694] [info] CMC::computeControls, t = 0.86
[2025-11-15 21:17:46.482] [info] CMC::computeControls, t = 0.87
[2025-11-15 21:17:47.254] [info] CMC::computeControls, t = 0.88
[2025-11-15 21:17:48.013] [info] CMC::computeControls, t = 0.89
[2025-11-15 21:17:48.772] [info] CMC::computeControls, t = 0.9
[2025-11-15 21:17:49.448] [info] CMC::computeControls, t = 0.91
[2025-11-15 21:17:50.204] [info] CMC::computeControls, t = 0.92
[2025-11-15 21:17:50.867] [info] CMC::computeControls, t = 0.93
[2025-11-15 21:17:51.524] [info] CMC::computeControls, t = 0.94
[2025-11-15 21:17:52.246] [info] CMC::computeControls, t = 0.95
[2025-11-15 21:17:52.899] [info] CMC::computeControls, t = 0.96
[2025-11-15 21:17:53.573] [info] CMC::computeControls, t = 0.97
[2025-11-15 21:17:54.252] [info] CMC::computeControls, t = 0.98
[2025-11-15 21:17:55.024] [info] CMC::computeControls, t = 0.99
[2025-11-15 21:17:55.694] [info] CMC::computeControls, t = 1.0
[2025-11-15 21:17:56.456] [info] CMC::computeControls, t = 1.01
[2025-11-15 21:17:57.167] [info] CMC::computeControls, t = 1.02
[2025-11-15 21:17:57.876] [info] CMC::computeControls, t = 1.03
[2025-11-15 21:17:58.597] [info] CMC::computeControls, t = 1.04
[2025-11-15 21:17:59.365] [info] CMC::computeControls, t = 1.05
[2025-11-15 21:18:00.150] [info] CMC::computeControls, t = 1.06
[2025-11-15 21:18:00.920] [info] CMC::computeControls, t = 1.07
[2025-11-15 21:18:01.741] [info] CMC::computeControls, t = 1.08
[2025-11-15 21:18:02.653] [info] CMC::computeControls, t = 1.09
[2025-11-15 21:18:03.441] [info] CMC::computeControls, t = 1.1
[2025-11-15 21:18:04.092] [info] CMC::computeControls, t = 1.11
[2025-11-15 21:18:04.976] [info] CMC::computeControls, t = 1.12
[2025-11-15 21:18:05.893] [info] CMC::computeControls, t = 1.13
[2025-11-15 21:18:06.653] [info] CMC::computeControls, t = 1.14
[2025-11-15 21:18:07.259] [info] CMC::computeControls, t = 1.15
[2025-11-15 21:18:07.864] [info] CMC::computeControls, t = 1.16
[2025-11-15 21:18:08.359] [info] CMC::computeControls, t = 1.17
[2025-11-15 21:18:08.921] [info] CMC::computeControls, t = 1.18
[2025-11-15 21:18:09.507] [info] CMC::computeControls, t = 1.19
[2025-11-15 21:18:10.080] [info] CMC::computeControls, t = 1.2
[2025-11-15 21:18:10.686] [info] CMC::computeControls, t = 1.21
[2025-11-15 21:18:11.327] [info] CMC::computeControls, t = 1.22
[2025-11-15 21:18:12.066] [info] CMC::computeControls, t = 1.23
[2025-11-15 21:18:12.840] [info] CMC::computeControls, t = 1.24
[2025-11-15 21:18:13.622] [info] CMC::computeControls, t = 1.25
[2025-11-15 21:18:14.202] [info] CMC::computeControls, t = 1.26
[2025-11-15 21:18:14.793] [info] CMC::computeControls, t = 1.27
[2025-11-15 21:18:15.358] [info] CMC::computeControls, t = 1.28
[2025-11-15 21:18:15.941] [info] CMC::computeControls, t = 1.29
[2025-11-15 21:18:16.521] [info] CMC::computeControls, t = 1.3
[2025-11-15 21:18:17.108] [info] CMC::computeControls, t = 1.31
[2025-11-15 21:18:17.650] [info] CMC::computeControls, t = 1.32
[2025-11-15 21:18:18.159] [info] CMC::computeControls, t = 1.33
[2025-11-15 21:18:18.760] [info] CMC::computeControls, t = 1.34
[2025-11-15 21:18:19.415] [info] CMC::computeControls, t = 1.35
[2025-11-15 21:18:20.041] [info] CMC::computeControls, t = 1.36
[2025-11-15 21:18:20.587] [info] CMC::computeControls, t = 1.37
[2025-11-15 21:18:21.157] [info] CMC::computeControls, t = 1.38
[2025-11-15 21:18:21.724] [info] CMC::computeControls, t = 1.39
[2025-11-15 21:18:22.252] [info] CMC::computeControls, t = 1.4
[2025-11-15 21:18:22.917] [info] CMC::computeControls, t = 1.41
[2025-11-15 21:18:23.514] [info] CMC::computeControls, t = 1.42
[2025-11-15 21:18:24.197] [info] CMC::computeControls, t = 1.43
[2025-11-15 21:18:24.984] [info] CMC::computeControls, t = 1.44
[2025-11-15 21:18:25.629] [info] CMC::computeControls, t = 1.45
[2025-11-15 21:18:26.239] [info] CMC::computeControls, t = 1.46
[2025-11-15 21:18:26.848] [info] CMC::computeControls, t = 1.47
[2025-11-15 21:18:27.413] [info] CMC::computeControls, t = 1.48
[2025-11-15 21:18:28.033] [info] CMC::computeControls, t = 1.49
[2025-11-15 21:18:28.655] [info] CMC::computeControls, t = 1.5
[2025-11-15 21:18:29.235] [info] CMC::computeControls, t = 1.51
[2025-11-15 21:18:29.884] [info] CMC::computeControls, t = 1.52
[2025-11-15 21:18:30.483] [info] CMC::computeControls, t = 1.53
[2025-11-15 21:18:31.091] [info] CMC::computeControls, t = 1.54
[2025-11-15 21:18:31.729] [info] CMC::computeControls, t = 1.55
[2025-11-15 21:18:32.349] [info] CMC::computeControls, t = 1.56
[2025-11-15 21:18:32.922] [info] CMC::computeControls, t = 1.57
[2025-11-15 21:18:33.507] [info] CMC::computeControls, t = 1.58
[2025-11-15 21:18:34.122] [info] CMC::computeControls, t = 1.59
[2025-11-15 21:18:34.707] [info] CMC::computeControls, t = 1.6
[2025-11-15 21:18:35.293] [info] CMC::computeControls, t = 1.61
[2025-11-15 21:18:35.892] [info] CMC::computeControls, t = 1.62
[2025-11-15 21:18:36.502] [info] CMC::computeControls, t = 1.63
[2025-11-15 21:18:37.087] [info] CMC::computeControls, t = 1.64
[2025-11-15 21:18:37.627] [info] CMC::computeControls, t = 1.65
[2025-11-15 21:18:38.157] [info] CMC::computeControls, t = 1.66
[2025-11-15 21:18:38.759] [info] CMC::computeControls, t = 1.67
[2025-11-15 21:18:39.346] [info] CMC::computeControls, t = 1.68
[2025-11-15 21:18:39.926] [info] CMC::computeControls, t = 1.69
[2025-11-15 21:18:40.537] [info] CMC::computeControls, t = 1.7
[2025-11-15 21:18:41.149] [info] CMC::computeControls, t = 1.71
[2025-11-15 21:18:41.794] [info] CMC::computeControls, t = 1.72
[2025-11-15 21:18:42.387] [info] CMC::computeControls, t = 1.73
[2025-11-15 21:18:42.930] [info] CMC::computeControls, t = 1.74
[2025-11-15 21:18:43.471] [info] CMC::computeControls, t = 1.75
[2025-11-15 21:18:44.023] [info] CMC::computeControls, t = 1.76
[2025-11-15 21:18:44.600] [info] CMC::computeControls, t = 1.77
[2025-11-15 21:18:45.107] [info] CMC::computeControls, t = 1.78
[2025-11-15 21:18:45.737] [info] CMC::computeControls, t = 1.79
[2025-11-15 21:18:46.438] [info] CMC::computeControls, t = 1.8
[2025-11-15 21:18:47.374] [info] CMC::computeControls, t = 1.81
[2025-11-15 21:18:48.168] [info] CMC::computeControls, t = 1.82
[2025-11-15 21:18:48.799] [info] CMC::computeControls, t = 1.83
[2025-11-15 21:18:49.379] [info] CMC::computeControls, t = 1.84
[2025-11-15 21:18:49.981] [info] CMC::computeControls, t = 1.85
[2025-11-15 21:18:50.573] [info] CMC::computeControls, t = 1.86
[2025-11-15 21:18:51.125] [info] CMC::computeControls, t = 1.87
[2025-11-15 21:18:51.697] [info] CMC::computeControls, t = 1.88
[2025-11-15 21:18:52.200] [info] CMC::computeControls, t = 1.89
[2025-11-15 21:18:52.787] [info] CMC::computeControls, t = 1.9
[2025-11-15 21:18:53.307] [info] CMC::computeControls, t = 1.91
[2025-11-15 21:18:53.817] [info] CMC::computeControls, t = 1.92
[2025-11-15 21:18:54.335] [info] CMC::computeControls, t = 1.93
[2025-11-15 21:18:54.921] [info] CMC::computeControls, t = 1.94
[2025-11-15 21:18:55.427] [info] CMC::computeControls, t = 1.95
[2025-11-15 21:18:55.988] [info] CMC::computeControls, t = 1.96
[2025-11-15 21:18:56.555] [info] CMC::computeControls, t = 1.97
[2025-11-15 21:18:57.125] [info] CMC::computeControls, t = 1.98
[2025-11-15 21:18:57.753] [info] CMC::computeControls, t = 1.99
[2025-11-15 21:18:58.312] [info] CMC::computeControls, t = 2.0
[2025-11-15 21:18:58.870] [info] CMC::computeControls, t = 2.01
[2025-11-15 21:18:59.476] [info] CMC::computeControls, t = 2.02
[2025-11-15 21:19:00.070] [info] CMC::computeControls, t = 2.03
[2025-11-15 21:19:00.607] [info] CMC::computeControls, t = 2.04
[2025-11-15 21:19:01.185] [info] CMC::computeControls, t = 2.05
[2025-11-15 21:19:01.729] [info] CMC::computeControls, t = 2.06
[2025-11-15 21:19:02.236] [info] CMC::computeControls, t = 2.07
[2025-11-15 21:19:02.754] [info] CMC::computeControls, t = 2.08
[2025-11-15 21:19:03.302] [info] CMC::computeControls, t = 2.09
[2025-11-15 21:19:03.901] [info] CMC::computeControls, t = 2.1
[2025-11-15 21:19:04.417] [info] CMC::computeControls, t = 2.11
[2025-11-15 21:19:04.923] [info] CMC::computeControls, t = 2.12
[2025-11-15 21:19:05.436] [info] CMC::computeControls, t = 2.13
[2025-11-15 21:19:05.970] [info] CMC::computeControls, t = 2.14
[2025-11-15 21:19:06.524] [info] CMC::computeControls, t = 2.15
[2025-11-15 21:19:07.088] [info] CMC::computeControls, t = 2.16
[2025-11-15 21:19:08.150] [info] CMC::computeControls, t = 2.17
[2025-11-15 21:19:09.360] [info] CMC::computeControls, t = 2.18
[2025-11-15 21:19:09.942] [info] CMC::computeControls, t = 2.19
[2025-11-15 21:19:10.496] [info] CMC::computeControls, t = 2.2
[2025-11-15 21:19:11.102] [info] CMC::computeControls, t = 2.21
[2025-11-15 21:19:11.648] [info] CMC::computeControls, t = 2.22
[2025-11-15 21:19:12.242] [info] CMC::computeControls, t = 2.23
[2025-11-15 21:19:12.825] [info] CMC::computeControls, t = 2.24
[2025-11-15 21:19:13.432] [info] CMC::computeControls, t = 2.25
[2025-11-15 21:19:13.975] [info] CMC::computeControls, t = 2.26
[2025-11-15 21:19:14.545] [info] CMC::computeControls, t = 2.27
[2025-11-15 21:19:15.096] [info] CMC::computeControls, t = 2.28
[2025-11-15 21:19:15.657] [info] CMC::computeControls, t = 2.29
[2025-11-15 21:19:16.237] [info] CMC::computeControls, t = 2.3
[2025-11-15 21:19:16.810] [info] CMC::computeControls, t = 2.31
[2025-11-15 21:19:17.363] [info] CMC::computeControls, t = 2.32
[2025-11-15 21:19:17.891] [info] CMC::computeControls, t = 2.33
[2025-11-15 21:19:18.426] [info] CMC::computeControls, t = 2.34
[2025-11-15 21:19:18.913] [info] CMC::computeControls, t = 2.35
[2025-11-15 21:19:19.414] [info] CMC::computeControls, t = 2.36
[2025-11-15 21:19:19.922] [info] CMC::computeControls, t = 2.37
[2025-11-15 21:19:20.417] [info] CMC::computeControls, t = 2.38
[2025-11-15 21:19:20.935] [info] CMC::computeControls, t = 2.39
[2025-11-15 21:19:21.485] [info] CMC::computeControls, t = 2.4
[2025-11-15 21:19:22.003] [info] CMC::computeControls, t = 2.41
[2025-11-15 21:19:22.504] [info] CMC::computeControls, t = 2.42
[2025-11-15 21:19:22.989] [info] CMC::computeControls, t = 2.43
[2025-11-15 21:19:23.591] [info] CMC::computeControls, t = 2.44
[2025-11-15 21:19:24.179] [info] CMC::computeControls, t = 2.45
[2025-11-15 21:19:24.749] [info] CMC::computeControls, t = 2.46
[2025-11-15 21:19:25.320] [info] CMC::computeControls, t = 2.47
[2025-11-15 21:19:25.914] [info] CMC::computeControls, t = 2.48
[2025-11-15 21:19:26.466] [info] CMC::computeControls, t = 2.49
[2025-11-15 21:19:27.047] [info] CMC::computeControls, t = 2.5
[2025-11-15 21:19:27.606] [info] CMC::computeControls, t = 2.51
[2025-11-15 21:19:28.158] [info] CMC::computeControls, t = 2.52
[2025-11-15 21:19:28.722] [info] CMC::computeControls, t = 2.53
[2025-11-15 21:19:29.297] [info] CMC::computeControls, t = 2.54
[2025-11-15 21:19:29.902] [info] CMC::computeControls, t = 2.55
[2025-11-15 21:19:30.433] [info] CMC::computeControls, t = 2.56
[2025-11-15 21:19:31.064] [info] CMC::computeControls, t = 2.57
[2025-11-15 21:19:31.645] [info] CMC::computeControls, t = 2.58
[2025-11-15 21:19:32.204] [info] CMC::computeControls, t = 2.59
[2025-11-15 21:19:32.720] [info] -------------------------------------------
[2025-11-15 21:19:32.720] [info] Finished tracking the specified kinematics.
[2025-11-15 21:19:32.720] [info] -------------------------------------------
[2025-11-15 21:19:32.720] [info]  -- Start time = Sat Nov 15 21:17:12 2025
[2025-11-15 21:19:32.720] [info]  -- Finish time = Sat Nov 15 21:19:32 2025
[2025-11-15 21:19:32.720] [info]  -- Elapsed time = 140.0 seconds.
[2025-11-15 21:19:32.720] [info] -------------------------------------------
[2025-11-15 21:19:32.720] [info] 
[2025-11-15 21:19:32.720] [info] Printing results of investigation Hanif-Scaled to C:/Users/Hanif/OneDrive - UNSW/T3 - 2025/Biomechanics of Human Body/Final Project/Vicon Data/Deep Squat/CMC/1_Hanif_Deep_5_0_patched
[2025-11-15 21:19:33.582] [info] Storage: read data file = C:/Users/Hanif/OneDrive - UNSW/T3 - 2025/Biomechanics of Human Body/Final Project/Vicon Data/Deep Squat/IK/1_Hanif_Deep_7_5_patched.mot (nr=561 nc=24)
