[2025-11-16 01:40:02.844] [info] AbstractTool Hanif-Scaled loading model C:/Users/Hanif/OneDrive - UNSW/T3 - 2025/Biomechanics of Human Body/Final Project/Vicon Data/Medium Squat/RRA/2_Hanif_Medium_2_5_patched/2_Hanif_Medium_2_5_patched_model_adjusted.osim
[2025-11-16 01:40:02.865] [info] Loaded model Hanif-Scaled from file C:/Users/Hanif/OneDrive - UNSW/T3 - 2025/Biomechanics of Human Body/Final Project/Vicon Data/Medium Squat/RRA/2_Hanif_Medium_2_5_patched/2_Hanif_Medium_2_5_patched_model_adjusted.osim
[2025-11-16 01:40:02.946] [info] Adding force object set from ../../../../Scripts/Setup_XMLs/Boiler_XMLs/cmc_actuators.xml
[2025-11-16 01:40:03.127] [warning] ControlSetController::extendFinalizeFromProperties 'C:/Users/Hanif/OneDrive - UNSW/T3 - 2025/Biomechanics of Human Body/Final Project/Vicon Data/Medium Squat/CMC/2_Hanif_Medium_2_5_patched/Hanif-Scaled_controls.xml' loaded and will replace existing ControlSet 'Hanif-Scaled'.
[2025-11-16 01:40:03.211] [warning] ControlSetController::extendFinalizeFromProperties 'C:/Users/Hanif/OneDrive - UNSW/T3 - 2025/Biomechanics of Human Body/Final Project/Vicon Data/Medium Squat/CMC/2_Hanif_Medium_2_5_patched/Hanif-Scaled_controls.xml' loaded and will replace existing ControlSet 'Hanif-Scaled'.
[2025-11-16 01:40:03.223] [cout] [info] ControlSetController::extendConnectToModel Connecting ControlSetController 'controlsetcontroller' to Actuator 'glut_med1_r'.
[2025-11-16 01:40:03.223] [cout] [info] ControlSetController::extendConnectToModel Connecting ControlSetController 'controlsetcontroller' to Actuator 'glut_med2_r'.
[2025-11-16 01:40:03.223] [cout] [info] ControlSetController::extendConnectToModel Connecting ControlSetController 'controlsetcontroller' to Actuator 'glut_med3_r'.
[2025-11-16 01:40:03.223] [cout] [info] ControlSetController::extendConnectToModel Connecting ControlSetController 'controlsetcontroller' to Actuator 'bifemlh_r'.
[2025-11-16 01:40:03.223] [cout] [info] ControlSetController::extendConnectToModel Connecting ControlSetController 'controlsetcontroller' to Actuator 'bifemsh_r'.
[2025-11-16 01:40:03.223] [cout] [info] ControlSetController::extendConnectToModel Connecting ControlSetController 'controlsetcontroller' to Actuator 'sar_r'.
[2025-11-16 01:40:03.223] [cout] [info] ControlSetController::extendConnectToModel Connecting ControlSetController 'controlsetcontroller' to Actuator 'add_mag2_r'.
[2025-11-16 01:40:03.223] [cout] [info] ControlSetController::extendConnectToModel Connecting ControlSetController 'controlsetcontroller' to Actuator 'tfl_r'.
[2025-11-16 01:40:03.223] [cout] [info] ControlSetController::extendConnectToModel Connecting ControlSetController 'controlsetcontroller' to Actuator 'pect_r'.
[2025-11-16 01:40:03.223] [cout] [info] ControlSetController::extendConnectToModel Connecting ControlSetController 'controlsetcontroller' to Actuator 'grac_r'.
[2025-11-16 01:40:03.223] [cout] [info] ControlSetController::extendConnectToModel Connecting ControlSetController 'controlsetcontroller' to Actuator 'glut_max1_r'.
[2025-11-16 01:40:03.223] [cout] [info] ControlSetController::extendConnectToModel Connecting ControlSetController 'controlsetcontroller' to Actuator 'glut_max2_r'.
[2025-11-16 01:40:03.223] [cout] [info] ControlSetController::extendConnectToModel Connecting ControlSetController 'controlsetcontroller' to Actuator 'glut_max3_r'.
[2025-11-16 01:40:03.223] [cout] [info] ControlSetController::extendConnectToModel Connecting ControlSetController 'controlsetcontroller' to Actuator 'iliacus_r'.
[2025-11-16 01:40:03.223] [cout] [info] ControlSetController::extendConnectToModel Connecting ControlSetController 'controlsetcontroller' to Actuator 'psoas_r'.
[2025-11-16 01:40:03.223] [cout] [info] ControlSetController::extendConnectToModel Connecting ControlSetController 'controlsetcontroller' to Actuator 'quad_fem_r'.
[2025-11-16 01:40:03.223] [cout] [info] ControlSetController::extendConnectToModel Connecting ControlSetController 'controlsetcontroller' to Actuator 'gem_r'.
[2025-11-16 01:40:03.223] [cout] [info] ControlSetController::extendConnectToModel Connecting ControlSetController 'controlsetcontroller' to Actuator 'peri_r'.
[2025-11-16 01:40:03.224] [cout] [info] ControlSetController::extendConnectToModel Connecting ControlSetController 'controlsetcontroller' to Actuator 'rect_fem_r'.
[2025-11-16 01:40:03.224] [cout] [info] ControlSetController::extendConnectToModel Connecting ControlSetController 'controlsetcontroller' to Actuator 'vas_int_r'.
[2025-11-16 01:40:03.224] [cout] [info] ControlSetController::extendConnectToModel Connecting ControlSetController 'controlsetcontroller' to Actuator 'med_gas_r'.
[2025-11-16 01:40:03.224] [cout] [info] ControlSetController::extendConnectToModel Connecting ControlSetController 'controlsetcontroller' to Actuator 'soleus_r'.
[2025-11-16 01:40:03.224] [cout] [info] ControlSetController::extendConnectToModel Connecting ControlSetController 'controlsetcontroller' to Actuator 'tib_post_r'.
[2025-11-16 01:40:03.224] [cout] [info] ControlSetController::extendConnectToModel Connecting ControlSetController 'controlsetcontroller' to Actuator 'tib_ant_r'.
[2025-11-16 01:40:03.224] [cout] [info] ControlSetController::extendConnectToModel Connecting ControlSetController 'controlsetcontroller' to Actuator 'glut_med1_l'.
[2025-11-16 01:40:03.224] [cout] [info] ControlSetController::extendConnectToModel Connecting ControlSetController 'controlsetcontroller' to Actuator 'glut_med2_l'.
[2025-11-16 01:40:03.224] [cout] [info] ControlSetController::extendConnectToModel Connecting ControlSetController 'controlsetcontroller' to Actuator 'glut_med3_l'.
[2025-11-16 01:40:03.224] [cout] [info] ControlSetController::extendConnectToModel Connecting ControlSetController 'controlsetcontroller' to Actuator 'bifemlh_l'.
[2025-11-16 01:40:03.224] [cout] [info] ControlSetController::extendConnectToModel Connecting ControlSetController 'controlsetcontroller' to Actuator 'bifemsh_l'.
[2025-11-16 01:40:03.224] [cout] [info] ControlSetController::extendConnectToModel Connecting ControlSetController 'controlsetcontroller' to Actuator 'sar_l'.
[2025-11-16 01:40:03.224] [cout] [info] ControlSetController::extendConnectToModel Connecting ControlSetController 'controlsetcontroller' to Actuator 'add_mag2_l'.
[2025-11-16 01:40:03.224] [cout] [info] ControlSetController::extendConnectToModel Connecting ControlSetController 'controlsetcontroller' to Actuator 'tfl_l'.
[2025-11-16 01:40:03.224] [cout] [info] ControlSetController::extendConnectToModel Connecting ControlSetController 'controlsetcontroller' to Actuator 'pect_l'.
[2025-11-16 01:40:03.224] [cout] [info] ControlSetController::extendConnectToModel Connecting ControlSetController 'controlsetcontroller' to Actuator 'grac_l'.
[2025-11-16 01:40:03.224] [cout] [info] ControlSetController::extendConnectToModel Connecting ControlSetController 'controlsetcontroller' to Actuator 'glut_max1_l'.
[2025-11-16 01:40:03.224] [cout] [info] ControlSetController::extendConnectToModel Connecting ControlSetController 'controlsetcontroller' to Actuator 'glut_max2_l'.
[2025-11-16 01:40:03.224] [cout] [info] ControlSetController::extendConnectToModel Connecting ControlSetController 'controlsetcontroller' to Actuator 'glut_max3_l'.
[2025-11-16 01:40:03.224] [cout] [info] ControlSetController::extendConnectToModel Connecting ControlSetController 'controlsetcontroller' to Actuator 'iliacus_l'.
[2025-11-16 01:40:03.224] [cout] [info] ControlSetController::extendConnectToModel Connecting ControlSetController 'controlsetcontroller' to Actuator 'psoas_l'.
[2025-11-16 01:40:03.224] [cout] [info] ControlSetController::extendConnectToModel Connecting ControlSetController 'controlsetcontroller' to Actuator 'quad_fem_l'.
[2025-11-16 01:40:03.224] [cout] [info] ControlSetController::extendConnectToModel Connecting ControlSetController 'controlsetcontroller' to Actuator 'gem_l'.
[2025-11-16 01:40:03.224] [cout] [info] ControlSetController::extendConnectToModel Connecting ControlSetController 'controlsetcontroller' to Actuator 'peri_l'.
[2025-11-16 01:40:03.224] [cout] [info] ControlSetController::extendConnectToModel Connecting ControlSetController 'controlsetcontroller' to Actuator 'rect_fem_l'.
[2025-11-16 01:40:03.225] [cout] [info] ControlSetController::extendConnectToModel Connecting ControlSetController 'controlsetcontroller' to Actuator 'vas_int_l'.
[2025-11-16 01:40:03.225] [cout] [info] ControlSetController::extendConnectToModel Connecting ControlSetController 'controlsetcontroller' to Actuator 'med_gas_l'.
[2025-11-16 01:40:03.225] [cout] [info] ControlSetController::extendConnectToModel Connecting ControlSetController 'controlsetcontroller' to Actuator 'soleus_l'.
[2025-11-16 01:40:03.225] [cout] [info] ControlSetController::extendConnectToModel Connecting ControlSetController 'controlsetcontroller' to Actuator 'tib_post_l'.
[2025-11-16 01:40:03.225] [cout] [info] ControlSetController::extendConnectToModel Connecting ControlSetController 'controlsetcontroller' to Actuator 'tib_ant_l'.
[2025-11-16 01:40:03.225] [cout] [info] ControlSetController::extendConnectToModel Connecting ControlSetController 'controlsetcontroller' to Actuator 'ercspn_r'.
[2025-11-16 01:40:03.225] [cout] [info] ControlSetController::extendConnectToModel Connecting ControlSetController 'controlsetcontroller' to Actuator 'ercspn_l'.
[2025-11-16 01:40:03.225] [cout] [info] ControlSetController::extendConnectToModel Connecting ControlSetController 'controlsetcontroller' to Actuator 'intobl_r'.
[2025-11-16 01:40:03.225] [cout] [info] ControlSetController::extendConnectToModel Connecting ControlSetController 'controlsetcontroller' to Actuator 'intobl_l'.
[2025-11-16 01:40:03.225] [cout] [info] ControlSetController::extendConnectToModel Connecting ControlSetController 'controlsetcontroller' to Actuator 'extobl_r'.
[2025-11-16 01:40:03.225] [cout] [info] ControlSetController::extendConnectToModel Connecting ControlSetController 'controlsetcontroller' to Actuator 'extobl_l'.
[2025-11-16 01:40:03.225] [cout] [info] ControlSetController::extendConnectToModel Connecting ControlSetController 'controlsetcontroller' to Actuator 'FX'.
[2025-11-16 01:40:03.225] [cout] [info] ControlSetController::extendConnectToModel Connecting ControlSetController 'controlsetcontroller' to Actuator 'FY'.
[2025-11-16 01:40:03.225] [cout] [info] ControlSetController::extendConnectToModel Connecting ControlSetController 'controlsetcontroller' to Actuator 'FZ'.
[2025-11-16 01:40:03.225] [cout] [info] ControlSetController::extendConnectToModel Connecting ControlSetController 'controlsetcontroller' to Actuator 'MX'.
[2025-11-16 01:40:03.225] [cout] [info] ControlSetController::extendConnectToModel Connecting ControlSetController 'controlsetcontroller' to Actuator 'MY'.
[2025-11-16 01:40:03.225] [cout] [info] ControlSetController::extendConnectToModel Connecting ControlSetController 'controlsetcontroller' to Actuator 'MZ'.
[2025-11-16 01:40:03.225] [cout] [info] ControlSetController::extendConnectToModel Connecting ControlSetController 'controlsetcontroller' to Actuator 'hip_flexion_r_reserve'.
[2025-11-16 01:40:03.226] [cout] [info] ControlSetController::extendConnectToModel Connecting ControlSetController 'controlsetcontroller' to Actuator 'hip_adduction_r_reserve'.
[2025-11-16 01:40:03.226] [cout] [info] ControlSetController::extendConnectToModel Connecting ControlSetController 'controlsetcontroller' to Actuator 'hip_rotation_r_reserve'.
[2025-11-16 01:40:03.226] [cout] [info] ControlSetController::extendConnectToModel Connecting ControlSetController 'controlsetcontroller' to Actuator 'knee_angle_r_reserve'.
[2025-11-16 01:40:03.226] [cout] [info] ControlSetController::extendConnectToModel Connecting ControlSetController 'controlsetcontroller' to Actuator 'ankle_angle_r_reserve'.
[2025-11-16 01:40:03.226] [cout] [info] ControlSetController::extendConnectToModel Connecting ControlSetController 'controlsetcontroller' to Actuator 'subtalar_angle_r_reserve'.
[2025-11-16 01:40:03.226] [cout] [info] ControlSetController::extendConnectToModel Connecting ControlSetController 'controlsetcontroller' to Actuator 'mtp_angle_r_reserve'.
[2025-11-16 01:40:03.226] [cout] [info] ControlSetController::extendConnectToModel Connecting ControlSetController 'controlsetcontroller' to Actuator 'hip_flexion_l_reserve'.
[2025-11-16 01:40:03.226] [cout] [info] ControlSetController::extendConnectToModel Connecting ControlSetController 'controlsetcontroller' to Actuator 'hip_adduction_l_reserve'.
[2025-11-16 01:40:03.226] [cout] [info] ControlSetController::extendConnectToModel Connecting ControlSetController 'controlsetcontroller' to Actuator 'hip_rotation_l_reserve'.
[2025-11-16 01:40:03.226] [cout] [info] ControlSetController::extendConnectToModel Connecting ControlSetController 'controlsetcontroller' to Actuator 'knee_angle_l_reserve'.
[2025-11-16 01:40:03.226] [cout] [info] ControlSetController::extendConnectToModel Connecting ControlSetController 'controlsetcontroller' to Actuator 'ankle_angle_l_reserve'.
[2025-11-16 01:40:03.226] [cout] [info] ControlSetController::extendConnectToModel Connecting ControlSetController 'controlsetcontroller' to Actuator 'subtalar_angle_l_reserve'.
[2025-11-16 01:40:03.226] [cout] [info] ControlSetController::extendConnectToModel Connecting ControlSetController 'controlsetcontroller' to Actuator 'mtp_angle_l_reserve'.
[2025-11-16 01:40:03.226] [cout] [info] ControlSetController::extendConnectToModel Connecting ControlSetController 'controlsetcontroller' to Actuator 'lumbar_extension_reserve'.
[2025-11-16 01:40:03.226] [cout] [info] ControlSetController::extendConnectToModel Connecting ControlSetController 'controlsetcontroller' to Actuator 'lumbar_bending_reserve'.
[2025-11-16 01:40:03.227] [cout] [info] ControlSetController::extendConnectToModel Connecting ControlSetController 'controlsetcontroller' to Actuator 'lumbar_rotation_reserve'.
[2025-11-16 01:40:03.234] [info] Storage: read data file = C:/Users/Hanif/OneDrive - UNSW/T3 - 2025/Biomechanics of Human Body/Final Project/Vicon Data/Medium Squat\ID\GRF\2_Hanif_Medium_2_5_grf.mot (nr=421 nc=19)
[2025-11-16 01:40:03.237] [info] ExternalForce::right_ground_force_v Data source being set to Hanif_Medium_2_5_grf.mot
[2025-11-16 01:40:03.237] [info] ExternalForce::left_ground_force_v Data source being set to Hanif_Medium_2_5_grf.mot
[2025-11-16 01:40:03.239] [info] Loading states from file 'C:/Users/Hanif/OneDrive - UNSW/T3 - 2025/Biomechanics of Human Body/Final Project/Vicon Data/Medium Squat/CMC/2_Hanif_Medium_2_5_patched/Hanif-Scaled_states.sto'.
[2025-11-16 01:40:03.246] [info] Storage: read data file = C:/Users/Hanif/OneDrive - UNSW/T3 - 2025/Biomechanics of Human Body/Final Project/Vicon Data/Medium Squat/CMC/2_Hanif_Medium_2_5_patched/Hanif-Scaled_states.sto (nr=3732 nc=155)
[2025-11-16 01:40:03.440] [info] Found 3731 state vectors with time stamps ranging from 2.33 to 4.39.
[2025-11-16 01:40:03.440] [info] Executing the analyses from 2.33 to 4.39...
[2025-11-16 01:40:03.459] [info] Loading actuator forces from file C:/Users/Hanif/OneDrive - UNSW/T3 - 2025/Biomechanics of Human Body/Final Project/Vicon Data/Medium Squat/CMC/2_Hanif_Medium_2_5_patched/Hanif-Scaled_Actuation_force.sto.
[2025-11-16 01:40:03.466] [info] Storage: read data file = C:/Users/Hanif/OneDrive - UNSW/T3 - 2025/Biomechanics of Human Body/Final Project/Vicon Data/Medium Squat/CMC/2_Hanif_Medium_2_5_patched/Hanif-Scaled_Actuation_force.sto (nr=3732 nc=78)
[2025-11-16 01:40:03.561] [info] Found 77 actuator forces with time stamps ranging from 2.33to 4.39.
[2025-11-16 01:40:03.561] [warning] Ignoring fiber lengths and activations from the states since forces_file is also set. Actuator forces will be constructed from C:/Users/Hanif/OneDrive - UNSW/T3 - 2025/Biomechanics of Human Body/Final Project/Vicon Data/Medium Squat/CMC/2_Hanif_Medium_2_5_patched/Hanif-Scaled_Actuation_force.sto.
[2025-11-16 01:40:06.988] [info] Printing results of investigation Hanif-Scaled to C:/Users/Hanif/OneDrive - UNSW/T3 - 2025/Biomechanics of Human Body/Final Project/Vicon Data/Medium Squat/Analyze/2_Hanif_Medium_2_5_patched
[2025-11-16 01:40:07.915] [info] Storage: read data file = C:/Users/Hanif/OneDrive - UNSW/T3 - 2025/Biomechanics of Human Body/Final Project/Vicon Data/Medium Squat/IK/2_Hanif_Medium_5_0_patched.mot (nr=461 nc=24)
