[2025-11-15 21:56:04.748] [info] AbstractTool Hanif-Scaled loading model C:/Users/Hanif/OneDrive - UNSW/T3 - 2025/Biomechanics of Human Body/Final Project/Vicon Data/Medium Squat/RRA/2_Hanif_Medium_7_5_patched/2_Hanif_Medium_7_5_patched_model_adjusted.osim
[2025-11-15 21:56:04.773] [info] Loaded model Hanif-Scaled from file C:/Users/Hanif/OneDrive - UNSW/T3 - 2025/Biomechanics of Human Body/Final Project/Vicon Data/Medium Squat/RRA/2_Hanif_Medium_7_5_patched/2_Hanif_Medium_7_5_patched_model_adjusted.osim
[2025-11-15 21:56:04.874] [info] Adding force object set from ../../../../Scripts/Setup_XMLs/Boiler_XMLs/cmc_actuators.xml
[2025-11-15 21:56:04.881] [info] Running tool 'Hanif-Scaled'.
[2025-11-15 21:56:04.891] [info] TaskSet size = 23.
[2025-11-15 21:56:04.897] [info] Storage: read data file = C:/Users/Hanif/OneDrive - UNSW/T3 - 2025/Biomechanics of Human Body/Final Project/Vicon Data/Medium Squat\ID\GRF\2_Hanif_Medium_7_5_grf.mot (nr=421 nc=19)
[2025-11-15 21:56:04.900] [info] ExternalForce::right_ground_force_v Data source being set to Hanif_Medium_7_5_grf.mot
[2025-11-15 21:56:04.900] [info] ExternalForce::left_ground_force_v Data source being set to Hanif_Medium_7_5_grf.mot
[2025-11-15 21:56:04.901] [warning] CMC::extendAddToSystem: CMC cannot compute controls for muscles with muscle controls less than 0.02.
[2025-11-15 21:56:04.901] [warning] CMC::extendAddToSystem: The minimum control limit for muscle 'glut_med1_r' has been reset to 0.02.
[2025-11-15 21:56:04.901] [warning] CMC::extendAddToSystem: CMC cannot compute controls for muscles with muscle controls less than 0.02.
[2025-11-15 21:56:04.901] [warning] CMC::extendAddToSystem: The minimum control limit for muscle 'glut_med2_r' has been reset to 0.02.
[2025-11-15 21:56:04.901] [warning] CMC::extendAddToSystem: CMC cannot compute controls for muscles with muscle controls less than 0.02.
[2025-11-15 21:56:04.901] [warning] CMC::extendAddToSystem: The minimum control limit for muscle 'glut_med3_r' has been reset to 0.02.
[2025-11-15 21:56:04.901] [warning] CMC::extendAddToSystem: CMC cannot compute controls for muscles with muscle controls less than 0.02.
[2025-11-15 21:56:04.901] [warning] CMC::extendAddToSystem: The minimum control limit for muscle 'bifemlh_r' has been reset to 0.02.
[2025-11-15 21:56:04.901] [warning] CMC::extendAddToSystem: CMC cannot compute controls for muscles with muscle controls less than 0.02.
[2025-11-15 21:56:04.901] [warning] CMC::extendAddToSystem: The minimum control limit for muscle 'bifemsh_r' has been reset to 0.02.
[2025-11-15 21:56:04.901] [warning] CMC::extendAddToSystem: CMC cannot compute controls for muscles with muscle controls less than 0.02.
[2025-11-15 21:56:04.901] [warning] CMC::extendAddToSystem: The minimum control limit for muscle 'sar_r' has been reset to 0.02.
[2025-11-15 21:56:04.901] [warning] CMC::extendAddToSystem: CMC cannot compute controls for muscles with muscle controls less than 0.02.
[2025-11-15 21:56:04.901] [warning] CMC::extendAddToSystem: The minimum control limit for muscle 'add_mag2_r' has been reset to 0.02.
[2025-11-15 21:56:04.901] [warning] CMC::extendAddToSystem: CMC cannot compute controls for muscles with muscle controls less than 0.02.
[2025-11-15 21:56:04.901] [warning] CMC::extendAddToSystem: The minimum control limit for muscle 'tfl_r' has been reset to 0.02.
[2025-11-15 21:56:04.901] [warning] CMC::extendAddToSystem: CMC cannot compute controls for muscles with muscle controls less than 0.02.
[2025-11-15 21:56:04.901] [warning] CMC::extendAddToSystem: The minimum control limit for muscle 'pect_r' has been reset to 0.02.
[2025-11-15 21:56:04.901] [warning] CMC::extendAddToSystem: CMC cannot compute controls for muscles with muscle controls less than 0.02.
[2025-11-15 21:56:04.901] [warning] CMC::extendAddToSystem: The minimum control limit for muscle 'grac_r' has been reset to 0.02.
[2025-11-15 21:56:04.901] [warning] CMC::extendAddToSystem: CMC cannot compute controls for muscles with muscle controls less than 0.02.
[2025-11-15 21:56:04.901] [warning] CMC::extendAddToSystem: The minimum control limit for muscle 'glut_max1_r' has been reset to 0.02.
[2025-11-15 21:56:04.901] [warning] CMC::extendAddToSystem: CMC cannot compute controls for muscles with muscle controls less than 0.02.
[2025-11-15 21:56:04.901] [warning] CMC::extendAddToSystem: The minimum control limit for muscle 'glut_max2_r' has been reset to 0.02.
[2025-11-15 21:56:04.901] [warning] CMC::extendAddToSystem: CMC cannot compute controls for muscles with muscle controls less than 0.02.
[2025-11-15 21:56:04.901] [warning] CMC::extendAddToSystem: The minimum control limit for muscle 'glut_max3_r' has been reset to 0.02.
[2025-11-15 21:56:04.901] [warning] CMC::extendAddToSystem: CMC cannot compute controls for muscles with muscle controls less than 0.02.
[2025-11-15 21:56:04.901] [warning] CMC::extendAddToSystem: The minimum control limit for muscle 'iliacus_r' has been reset to 0.02.
[2025-11-15 21:56:04.901] [warning] CMC::extendAddToSystem: CMC cannot compute controls for muscles with muscle controls less than 0.02.
[2025-11-15 21:56:04.901] [warning] CMC::extendAddToSystem: The minimum control limit for muscle 'psoas_r' has been reset to 0.02.
[2025-11-15 21:56:04.901] [warning] CMC::extendAddToSystem: CMC cannot compute controls for muscles with muscle controls less than 0.02.
[2025-11-15 21:56:04.901] [warning] CMC::extendAddToSystem: The minimum control limit for muscle 'quad_fem_r' has been reset to 0.02.
[2025-11-15 21:56:04.901] [warning] CMC::extendAddToSystem: CMC cannot compute controls for muscles with muscle controls less than 0.02.
[2025-11-15 21:56:04.901] [warning] CMC::extendAddToSystem: The minimum control limit for muscle 'gem_r' has been reset to 0.02.
[2025-11-15 21:56:04.901] [warning] CMC::extendAddToSystem: CMC cannot compute controls for muscles with muscle controls less than 0.02.
[2025-11-15 21:56:04.901] [warning] CMC::extendAddToSystem: The minimum control limit for muscle 'peri_r' has been reset to 0.02.
[2025-11-15 21:56:04.901] [warning] CMC::extendAddToSystem: CMC cannot compute controls for muscles with muscle controls less than 0.02.
[2025-11-15 21:56:04.901] [warning] CMC::extendAddToSystem: The minimum control limit for muscle 'rect_fem_r' has been reset to 0.02.
[2025-11-15 21:56:04.901] [warning] CMC::extendAddToSystem: CMC cannot compute controls for muscles with muscle controls less than 0.02.
[2025-11-15 21:56:04.901] [warning] CMC::extendAddToSystem: The minimum control limit for muscle 'vas_int_r' has been reset to 0.02.
[2025-11-15 21:56:04.901] [warning] CMC::extendAddToSystem: CMC cannot compute controls for muscles with muscle controls less than 0.02.
[2025-11-15 21:56:04.901] [warning] CMC::extendAddToSystem: The minimum control limit for muscle 'med_gas_r' has been reset to 0.02.
[2025-11-15 21:56:04.901] [warning] CMC::extendAddToSystem: CMC cannot compute controls for muscles with muscle controls less than 0.02.
[2025-11-15 21:56:04.901] [warning] CMC::extendAddToSystem: The minimum control limit for muscle 'soleus_r' has been reset to 0.02.
[2025-11-15 21:56:04.901] [warning] CMC::extendAddToSystem: CMC cannot compute controls for muscles with muscle controls less than 0.02.
[2025-11-15 21:56:04.901] [warning] CMC::extendAddToSystem: The minimum control limit for muscle 'tib_post_r' has been reset to 0.02.
[2025-11-15 21:56:04.901] [warning] CMC::extendAddToSystem: CMC cannot compute controls for muscles with muscle controls less than 0.02.
[2025-11-15 21:56:04.901] [warning] CMC::extendAddToSystem: The minimum control limit for muscle 'tib_ant_r' has been reset to 0.02.
[2025-11-15 21:56:04.901] [warning] CMC::extendAddToSystem: CMC cannot compute controls for muscles with muscle controls less than 0.02.
[2025-11-15 21:56:04.901] [warning] CMC::extendAddToSystem: The minimum control limit for muscle 'glut_med1_l' has been reset to 0.02.
[2025-11-15 21:56:04.901] [warning] CMC::extendAddToSystem: CMC cannot compute controls for muscles with muscle controls less than 0.02.
[2025-11-15 21:56:04.901] [warning] CMC::extendAddToSystem: The minimum control limit for muscle 'glut_med2_l' has been reset to 0.02.
[2025-11-15 21:56:04.901] [warning] CMC::extendAddToSystem: CMC cannot compute controls for muscles with muscle controls less than 0.02.
[2025-11-15 21:56:04.901] [warning] CMC::extendAddToSystem: The minimum control limit for muscle 'glut_med3_l' has been reset to 0.02.
[2025-11-15 21:56:04.901] [warning] CMC::extendAddToSystem: CMC cannot compute controls for muscles with muscle controls less than 0.02.
[2025-11-15 21:56:04.901] [warning] CMC::extendAddToSystem: The minimum control limit for muscle 'bifemlh_l' has been reset to 0.02.
[2025-11-15 21:56:04.901] [warning] CMC::extendAddToSystem: CMC cannot compute controls for muscles with muscle controls less than 0.02.
[2025-11-15 21:56:04.901] [warning] CMC::extendAddToSystem: The minimum control limit for muscle 'bifemsh_l' has been reset to 0.02.
[2025-11-15 21:56:04.901] [warning] CMC::extendAddToSystem: CMC cannot compute controls for muscles with muscle controls less than 0.02.
[2025-11-15 21:56:04.901] [warning] CMC::extendAddToSystem: The minimum control limit for muscle 'sar_l' has been reset to 0.02.
[2025-11-15 21:56:04.901] [warning] CMC::extendAddToSystem: CMC cannot compute controls for muscles with muscle controls less than 0.02.
[2025-11-15 21:56:04.901] [warning] CMC::extendAddToSystem: The minimum control limit for muscle 'add_mag2_l' has been reset to 0.02.
[2025-11-15 21:56:04.901] [warning] CMC::extendAddToSystem: CMC cannot compute controls for muscles with muscle controls less than 0.02.
[2025-11-15 21:56:04.901] [warning] CMC::extendAddToSystem: The minimum control limit for muscle 'tfl_l' has been reset to 0.02.
[2025-11-15 21:56:04.901] [warning] CMC::extendAddToSystem: CMC cannot compute controls for muscles with muscle controls less than 0.02.
[2025-11-15 21:56:04.901] [warning] CMC::extendAddToSystem: The minimum control limit for muscle 'pect_l' has been reset to 0.02.
[2025-11-15 21:56:04.901] [warning] CMC::extendAddToSystem: CMC cannot compute controls for muscles with muscle controls less than 0.02.
[2025-11-15 21:56:04.901] [warning] CMC::extendAddToSystem: The minimum control limit for muscle 'grac_l' has been reset to 0.02.
[2025-11-15 21:56:04.901] [warning] CMC::extendAddToSystem: CMC cannot compute controls for muscles with muscle controls less than 0.02.
[2025-11-15 21:56:04.901] [warning] CMC::extendAddToSystem: The minimum control limit for muscle 'glut_max1_l' has been reset to 0.02.
[2025-11-15 21:56:04.901] [warning] CMC::extendAddToSystem: CMC cannot compute controls for muscles with muscle controls less than 0.02.
[2025-11-15 21:56:04.901] [warning] CMC::extendAddToSystem: The minimum control limit for muscle 'glut_max2_l' has been reset to 0.02.
[2025-11-15 21:56:04.901] [warning] CMC::extendAddToSystem: CMC cannot compute controls for muscles with muscle controls less than 0.02.
[2025-11-15 21:56:04.901] [warning] CMC::extendAddToSystem: The minimum control limit for muscle 'glut_max3_l' has been reset to 0.02.
[2025-11-15 21:56:04.901] [warning] CMC::extendAddToSystem: CMC cannot compute controls for muscles with muscle controls less than 0.02.
[2025-11-15 21:56:04.901] [warning] CMC::extendAddToSystem: The minimum control limit for muscle 'iliacus_l' has been reset to 0.02.
[2025-11-15 21:56:04.901] [warning] CMC::extendAddToSystem: CMC cannot compute controls for muscles with muscle controls less than 0.02.
[2025-11-15 21:56:04.901] [warning] CMC::extendAddToSystem: The minimum control limit for muscle 'psoas_l' has been reset to 0.02.
[2025-11-15 21:56:04.901] [warning] CMC::extendAddToSystem: CMC cannot compute controls for muscles with muscle controls less than 0.02.
[2025-11-15 21:56:04.901] [warning] CMC::extendAddToSystem: The minimum control limit for muscle 'quad_fem_l' has been reset to 0.02.
[2025-11-15 21:56:04.901] [warning] CMC::extendAddToSystem: CMC cannot compute controls for muscles with muscle controls less than 0.02.
[2025-11-15 21:56:04.901] [warning] CMC::extendAddToSystem: The minimum control limit for muscle 'gem_l' has been reset to 0.02.
[2025-11-15 21:56:04.901] [warning] CMC::extendAddToSystem: CMC cannot compute controls for muscles with muscle controls less than 0.02.
[2025-11-15 21:56:04.901] [warning] CMC::extendAddToSystem: The minimum control limit for muscle 'peri_l' has been reset to 0.02.
[2025-11-15 21:56:04.901] [warning] CMC::extendAddToSystem: CMC cannot compute controls for muscles with muscle controls less than 0.02.
[2025-11-15 21:56:04.901] [warning] CMC::extendAddToSystem: The minimum control limit for muscle 'rect_fem_l' has been reset to 0.02.
[2025-11-15 21:56:04.901] [warning] CMC::extendAddToSystem: CMC cannot compute controls for muscles with muscle controls less than 0.02.
[2025-11-15 21:56:04.901] [warning] CMC::extendAddToSystem: The minimum control limit for muscle 'vas_int_l' has been reset to 0.02.
[2025-11-15 21:56:04.901] [warning] CMC::extendAddToSystem: CMC cannot compute controls for muscles with muscle controls less than 0.02.
[2025-11-15 21:56:04.901] [warning] CMC::extendAddToSystem: The minimum control limit for muscle 'med_gas_l' has been reset to 0.02.
[2025-11-15 21:56:04.901] [warning] CMC::extendAddToSystem: CMC cannot compute controls for muscles with muscle controls less than 0.02.
[2025-11-15 21:56:04.901] [warning] CMC::extendAddToSystem: The minimum control limit for muscle 'soleus_l' has been reset to 0.02.
[2025-11-15 21:56:04.901] [warning] CMC::extendAddToSystem: CMC cannot compute controls for muscles with muscle controls less than 0.02.
[2025-11-15 21:56:04.901] [warning] CMC::extendAddToSystem: The minimum control limit for muscle 'tib_post_l' has been reset to 0.02.
[2025-11-15 21:56:04.901] [warning] CMC::extendAddToSystem: CMC cannot compute controls for muscles with muscle controls less than 0.02.
[2025-11-15 21:56:04.901] [warning] CMC::extendAddToSystem: The minimum control limit for muscle 'tib_ant_l' has been reset to 0.02.
[2025-11-15 21:56:04.901] [warning] CMC::extendAddToSystem: CMC cannot compute controls for muscles with muscle controls less than 0.02.
[2025-11-15 21:56:04.901] [warning] CMC::extendAddToSystem: The minimum control limit for muscle 'ercspn_r' has been reset to 0.02.
[2025-11-15 21:56:04.901] [warning] CMC::extendAddToSystem: CMC cannot compute controls for muscles with muscle controls less than 0.02.
[2025-11-15 21:56:04.901] [warning] CMC::extendAddToSystem: The minimum control limit for muscle 'ercspn_l' has been reset to 0.02.
[2025-11-15 21:56:04.901] [warning] CMC::extendAddToSystem: CMC cannot compute controls for muscles with muscle controls less than 0.02.
[2025-11-15 21:56:04.901] [warning] CMC::extendAddToSystem: The minimum control limit for muscle 'intobl_r' has been reset to 0.02.
[2025-11-15 21:56:04.901] [warning] CMC::extendAddToSystem: CMC cannot compute controls for muscles with muscle controls less than 0.02.
[2025-11-15 21:56:04.901] [warning] CMC::extendAddToSystem: The minimum control limit for muscle 'intobl_l' has been reset to 0.02.
[2025-11-15 21:56:04.901] [warning] CMC::extendAddToSystem: CMC cannot compute controls for muscles with muscle controls less than 0.02.
[2025-11-15 21:56:04.901] [warning] CMC::extendAddToSystem: The minimum control limit for muscle 'extobl_r' has been reset to 0.02.
[2025-11-15 21:56:04.901] [warning] CMC::extendAddToSystem: CMC cannot compute controls for muscles with muscle controls less than 0.02.
[2025-11-15 21:56:04.901] [warning] CMC::extendAddToSystem: The minimum control limit for muscle 'extobl_l' has been reset to 0.02.
[2025-11-15 21:56:04.904] [warning] A desired points file was not specified.
[2025-11-15 21:56:04.904] [info] Loading desired kinematics from file 'C:/Users/Hanif/OneDrive - UNSW/T3 - 2025/Biomechanics of Human Body/Final Project/Vicon Data/Medium Squat/IK/2_Hanif_Medium_7_5_patched.mot'...
[2025-11-15 21:56:04.904] [info] Storage: read data file = C:/Users/Hanif/OneDrive - UNSW/T3 - 2025/Biomechanics of Human Body/Final Project/Vicon Data/Medium Squat/IK/2_Hanif_Medium_7_5_patched.mot (nr=421 nc=24)
[2025-11-15 21:56:04.908] [info] Low-pass filtering desired kinematics with a cutoff frequency of 6.0...
[2025-11-15 21:56:04.922] [cout] [info] MODEL: Hanif-Scaled

numStates = 154
numCoordinates = 23
numSpeeds = 23
numActuators = 77
numBodies = 12
numConstraints = 0
numProbes = 0

ANALYSES (total: 0)

BODIES (total: 12)
body[0] = pelvis. mass: 8.90742
              moments of inertia:  ~[0.0524779,0.0444633,0.0295571]
              products of inertia: ~[0,0,0]
body[1] = femur_r. mass: 7.03502
              moments of inertia:  ~[0.0924431,0.0242326,0.0974829]
              products of inertia: ~[0,0,0]
body[2] = tibia_r. mass: 2.80413
              moments of inertia:  ~[0.0293523,0.00297017,0.0297599]
              products of inertia: ~[0,0,0]
body[3] = talus_r. mass: 0.075634
              moments of inertia:  ~[0.000457796,0.000457796,0.000457796]
              products of inertia: ~[0,0,0]
body[4] = calcn_r. mass: 0.945425
              moments of inertia:  ~[0.000640914,0.0017854,0.00187696]
              products of inertia: ~[0,0,0]
body[5] = toes_r. mass: 0.163823
              moments of inertia:  ~[4.57796e-05,9.15591e-05,4.57796e-05]
              products of inertia: ~[0,0,0]
body[6] = femur_l. mass: 7.03502
              moments of inertia:  ~[0.0924431,0.0242326,0.0974829]
              products of inertia: ~[0,0,0]
body[7] = tibia_l. mass: 2.80413
              moments of inertia:  ~[0.0293523,0.00297017,0.0297599]
              products of inertia: ~[0,0,0]
body[8] = talus_l. mass: 0.075634
              moments of inertia:  ~[0.000457796,0.000457796,0.000457796]
              products of inertia: ~[0,0,0]
body[9] = calcn_l. mass: 0.945425
              moments of inertia:  ~[0.000640914,0.0017854,0.00187696]
              products of inertia: ~[0,0,0]
body[10] = toes_l. mass: 0.163823
              moments of inertia:  ~[4.57796e-05,9.15591e-05,4.57796e-05]
              products of inertia: ~[0,0,0]
body[11] = torso. mass: 29.275
              moments of inertia:  ~[0.882257,0.452048,0.856468]
              products of inertia: ~[0,0,0]

JOINTS (total: 12)
joint[0] = ground_pelvis. parent: ground_offset, child: pelvis_offset
joint[1] = hip_r. parent: pelvis_offset, child: femur_r_offset
joint[2] = knee_r. parent: femur_r_offset, child: tibia_r_offset
joint[3] = ankle_r. parent: tibia_r_offset, child: talus_r_offset
joint[4] = subtalar_r. parent: talus_r_offset, child: calcn_r_offset
joint[5] = mtp_r. parent: calcn_r_offset, child: toes_r_offset
joint[6] = hip_l. parent: pelvis_offset, child: femur_l_offset
joint[7] = knee_l. parent: femur_l_offset, child: tibia_l_offset
joint[8] = ankle_l. parent: tibia_l_offset, child: talus_l_offset
joint[9] = subtalar_l. parent: talus_l_offset, child: calcn_l_offset
joint[10] = mtp_l. parent: calcn_l_offset, child: toes_l_offset
joint[11] = back. parent: pelvis_offset, child: torso_offset

ACTUATORS (total: 77)
actuator[0] = glut_med1_r
actuator[1] = glut_med2_r
actuator[2] = glut_med3_r
actuator[3] = bifemlh_r
actuator[4] = bifemsh_r
actuator[5] = sar_r
actuator[6] = add_mag2_r
actuator[7] = tfl_r
actuator[8] = pect_r
actuator[9] = grac_r
actuator[10] = glut_max1_r
actuator[11] = glut_max2_r
actuator[12] = glut_max3_r
actuator[13] = iliacus_r
actuator[14] = psoas_r
actuator[15] = quad_fem_r
actuator[16] = gem_r
actuator[17] = peri_r
actuator[18] = rect_fem_r
actuator[19] = vas_int_r
actuator[20] = med_gas_r
actuator[21] = soleus_r
actuator[22] = tib_post_r
actuator[23] = tib_ant_r
actuator[24] = glut_med1_l
actuator[25] = glut_med2_l
actuator[26] = glut_med3_l
actuator[27] = bifemlh_l
actuator[28] = bifemsh_l
actuator[29] = sar_l
actuator[30] = add_mag2_l
actuator[31] = tfl_l
actuator[32] = pect_l
actuator[33] = grac_l
actuator[34] = glut_max1_l
actuator[35] = glut_max2_l
actuator[36] = glut_max3_l
actuator[37] = iliacus_l
actuator[38] = psoas_l
actuator[39] = quad_fem_l
actuator[40] = gem_l
actuator[41] = peri_l
actuator[42] = rect_fem_l
actuator[43] = vas_int_l
actuator[44] = med_gas_l
actuator[45] = soleus_l
actuator[46] = tib_post_l
actuator[47] = tib_ant_l
actuator[48] = ercspn_r
actuator[49] = ercspn_l
actuator[50] = intobl_r
actuator[51] = intobl_l
actuator[52] = extobl_r
actuator[53] = extobl_l
actuator[54] = FX
actuator[55] = FY
actuator[56] = FZ
actuator[57] = MX
actuator[58] = MY
actuator[59] = MZ
actuator[60] = hip_flexion_r_reserve
actuator[61] = hip_adduction_r_reserve
actuator[62] = hip_rotation_r_reserve
actuator[63] = knee_angle_r_reserve
actuator[64] = ankle_angle_r_reserve
actuator[65] = subtalar_angle_r_reserve
actuator[66] = mtp_angle_r_reserve
actuator[67] = hip_flexion_l_reserve
actuator[68] = hip_adduction_l_reserve
actuator[69] = hip_rotation_l_reserve
actuator[70] = knee_angle_l_reserve
actuator[71] = ankle_angle_l_reserve
actuator[72] = subtalar_angle_l_reserve
actuator[73] = mtp_angle_l_reserve
actuator[74] = lumbar_extension_reserve
actuator[75] = lumbar_bending_reserve
actuator[76] = lumbar_rotation_reserve

STATES (total: 154)
y[0] = /jointset/ground_pelvis/pelvis_tilt/value
y[1] = /jointset/ground_pelvis/pelvis_tilt/speed
y[2] = /jointset/ground_pelvis/pelvis_list/value
y[3] = /jointset/ground_pelvis/pelvis_list/speed
y[4] = /jointset/ground_pelvis/pelvis_rotation/value
y[5] = /jointset/ground_pelvis/pelvis_rotation/speed
y[6] = /jointset/ground_pelvis/pelvis_tx/value
y[7] = /jointset/ground_pelvis/pelvis_tx/speed
y[8] = /jointset/ground_pelvis/pelvis_ty/value
y[9] = /jointset/ground_pelvis/pelvis_ty/speed
y[10] = /jointset/ground_pelvis/pelvis_tz/value
y[11] = /jointset/ground_pelvis/pelvis_tz/speed
y[12] = /jointset/hip_r/hip_flexion_r/value
y[13] = /jointset/hip_r/hip_flexion_r/speed
y[14] = /jointset/hip_r/hip_adduction_r/value
y[15] = /jointset/hip_r/hip_adduction_r/speed
y[16] = /jointset/hip_r/hip_rotation_r/value
y[17] = /jointset/hip_r/hip_rotation_r/speed
y[18] = /jointset/knee_r/knee_angle_r/value
y[19] = /jointset/knee_r/knee_angle_r/speed
y[20] = /jointset/ankle_r/ankle_angle_r/value
y[21] = /jointset/ankle_r/ankle_angle_r/speed
y[22] = /jointset/subtalar_r/subtalar_angle_r/value
y[23] = /jointset/subtalar_r/subtalar_angle_r/speed
y[24] = /jointset/mtp_r/mtp_angle_r/value
y[25] = /jointset/mtp_r/mtp_angle_r/speed
y[26] = /jointset/hip_l/hip_flexion_l/value
y[27] = /jointset/hip_l/hip_flexion_l/speed
y[28] = /jointset/hip_l/hip_adduction_l/value
y[29] = /jointset/hip_l/hip_adduction_l/speed
y[30] = /jointset/hip_l/hip_rotation_l/value
y[31] = /jointset/hip_l/hip_rotation_l/speed
y[32] = /jointset/knee_l/knee_angle_l/value
y[33] = /jointset/knee_l/knee_angle_l/speed
y[34] = /jointset/ankle_l/ankle_angle_l/value
y[35] = /jointset/ankle_l/ankle_angle_l/speed
y[36] = /jointset/subtalar_l/subtalar_angle_l/value
y[37] = /jointset/subtalar_l/subtalar_angle_l/speed
y[38] = /jointset/mtp_l/mtp_angle_l/value
y[39] = /jointset/mtp_l/mtp_angle_l/speed
y[40] = /jointset/back/lumbar_extension/value
y[41] = /jointset/back/lumbar_extension/speed
y[42] = /jointset/back/lumbar_bending/value
y[43] = /jointset/back/lumbar_bending/speed
y[44] = /jointset/back/lumbar_rotation/value
y[45] = /jointset/back/lumbar_rotation/speed
y[46] = /forceset/glut_med1_r/activation
y[47] = /forceset/glut_med1_r/fiber_length
y[48] = /forceset/glut_med2_r/activation
y[49] = /forceset/glut_med2_r/fiber_length
y[50] = /forceset/glut_med3_r/activation
y[51] = /forceset/glut_med3_r/fiber_length
y[52] = /forceset/bifemlh_r/activation
y[53] = /forceset/bifemlh_r/fiber_length
y[54] = /forceset/bifemsh_r/activation
y[55] = /forceset/bifemsh_r/fiber_length
y[56] = /forceset/sar_r/activation
y[57] = /forceset/sar_r/fiber_length
y[58] = /forceset/add_mag2_r/activation
y[59] = /forceset/add_mag2_r/fiber_length
y[60] = /forceset/tfl_r/activation
y[61] = /forceset/tfl_r/fiber_length
y[62] = /forceset/pect_r/activation
y[63] = /forceset/pect_r/fiber_length
y[64] = /forceset/grac_r/activation
y[65] = /forceset/grac_r/fiber_length
y[66] = /forceset/glut_max1_r/activation
y[67] = /forceset/glut_max1_r/fiber_length
y[68] = /forceset/glut_max2_r/activation
y[69] = /forceset/glut_max2_r/fiber_length
y[70] = /forceset/glut_max3_r/activation
y[71] = /forceset/glut_max3_r/fiber_length
y[72] = /forceset/iliacus_r/activation
y[73] = /forceset/iliacus_r/fiber_length
y[74] = /forceset/psoas_r/activation
y[75] = /forceset/psoas_r/fiber_length
y[76] = /forceset/quad_fem_r/activation
y[77] = /forceset/quad_fem_r/fiber_length
y[78] = /forceset/gem_r/activation
y[79] = /forceset/gem_r/fiber_length
y[80] = /forceset/peri_r/activation
y[81] = /forceset/peri_r/fiber_length
y[82] = /forceset/rect_fem_r/activation
y[83] = /forceset/rect_fem_r/fiber_length
y[84] = /forceset/vas_int_r/activation
y[85] = /forceset/vas_int_r/fiber_length
y[86] = /forceset/med_gas_r/activation
y[87] = /forceset/med_gas_r/fiber_length
y[88] = /forceset/soleus_r/activation
y[89] = /forceset/soleus_r/fiber_length
y[90] = /forceset/tib_post_r/activation
y[91] = /forceset/tib_post_r/fiber_length
y[92] = /forceset/tib_ant_r/activation
y[93] = /forceset/tib_ant_r/fiber_length
y[94] = /forceset/glut_med1_l/activation
y[95] = /forceset/glut_med1_l/fiber_length
y[96] = /forceset/glut_med2_l/activation
y[97] = /forceset/glut_med2_l/fiber_length
y[98] = /forceset/glut_med3_l/activation
y[99] = /forceset/glut_med3_l/fiber_length
y[100] = /forceset/bifemlh_l/activation
y[101] = /forceset/bifemlh_l/fiber_length
y[102] = /forceset/bifemsh_l/activation
y[103] = /forceset/bifemsh_l/fiber_length
y[104] = /forceset/sar_l/activation
y[105] = /forceset/sar_l/fiber_length
y[106] = /forceset/add_mag2_l/activation
y[107] = /forceset/add_mag2_l/fiber_length
y[108] = /forceset/tfl_l/activation
y[109] = /forceset/tfl_l/fiber_length
y[110] = /forceset/pect_l/activation
y[111] = /forceset/pect_l/fiber_length
y[112] = /forceset/grac_l/activation
y[113] = /forceset/grac_l/fiber_length
y[114] = /forceset/glut_max1_l/activation
y[115] = /forceset/glut_max1_l/fiber_length
y[116] = /forceset/glut_max2_l/activation
y[117] = /forceset/glut_max2_l/fiber_length
y[118] = /forceset/glut_max3_l/activation
y[119] = /forceset/glut_max3_l/fiber_length
y[120] = /forceset/iliacus_l/activation
y[121] = /forceset/iliacus_l/fiber_length
y[122] = /forceset/psoas_l/activation
y[123] = /forceset/psoas_l/fiber_length
y[124] = /forceset/quad_fem_l/activation
y[125] = /forceset/quad_fem_l/fiber_length
y[126] = /forceset/gem_l/activation
y[127] = /forceset/gem_l/fiber_length
y[128] = /forceset/peri_l/activation
y[129] = /forceset/peri_l/fiber_length
y[130] = /forceset/rect_fem_l/activation
y[131] = /forceset/rect_fem_l/fiber_length
y[132] = /forceset/vas_int_l/activation
y[133] = /forceset/vas_int_l/fiber_length
y[134] = /forceset/med_gas_l/activation
y[135] = /forceset/med_gas_l/fiber_length
y[136] = /forceset/soleus_l/activation
y[137] = /forceset/soleus_l/fiber_length
y[138] = /forceset/tib_post_l/activation
y[139] = /forceset/tib_post_l/fiber_length
y[140] = /forceset/tib_ant_l/activation
y[141] = /forceset/tib_ant_l/fiber_length
y[142] = /forceset/ercspn_r/activation
y[143] = /forceset/ercspn_r/fiber_length
y[144] = /forceset/ercspn_l/activation
y[145] = /forceset/ercspn_l/fiber_length
y[146] = /forceset/intobl_r/activation
y[147] = /forceset/intobl_r/fiber_length
y[148] = /forceset/intobl_l/activation
y[149] = /forceset/intobl_l/fiber_length
y[150] = /forceset/extobl_r/activation
y[151] = /forceset/extobl_r/fiber_length
y[152] = /forceset/extobl_l/activation
y[153] = /forceset/extobl_l/fiber_length

[2025-11-15 21:56:05.003] [info] Constructing function set for tracking desired kinematics...
[2025-11-15 21:56:05.153] [info] No Actuation analysis found in analysis set -- adding one...
[2025-11-15 21:56:05.153] [info] No Kinematics analysis found in analysis set -- adding one...
[2025-11-15 21:56:05.156] [info] Using the generalized coordinates specified in C:/Users/Hanif/OneDrive - UNSW/T3 - 2025/Biomechanics of Human Body/Final Project/Vicon Data/Medium Squat/IK/2_Hanif_Medium_7_5_patched.mot to set the initial configuration.
[2025-11-15 21:56:05.191] [info] Using IPOPT optimizer algorithm.
[2025-11-15 21:56:05.191] [info] Setting optimizer print level to 0.
[2025-11-15 21:56:05.191] [info] Setting optimizer convergence tolerance to 0.000100000.
[2025-11-15 21:56:05.191] [info] Setting optimizer maximum iterations to 1000.
[2025-11-15 21:56:05.191] [info] Setting cmc controller to not use verbose printing.

[2025-11-15 21:56:05.192] [info] -----------------------------------------------------------------
[2025-11-15 21:56:05.192] [info] Computing initial values for muscles states (activation, length):
[2025-11-15 21:56:05.192] [info] -----------------------------------------------------------------
[2025-11-15 21:56:05.192] [info]  -- Start time = Sat Nov 15 21:56:05 2025
[2025-11-15 21:56:05.192] [info] -----------------------------------------------------------------
[2025-11-15 21:56:05.192] [info] 
[2025-11-15 21:56:05.756] [info] CMC::computeControls, t = 2.9
[2025-11-15 21:56:06.626] [info] CMC::computeControls, t = 2.9
[2025-11-15 21:56:07.313] [info] ----------------------------------
[2025-11-15 21:56:07.313] [info] Finished computing initial states:
[2025-11-15 21:56:07.313] [info] ----------------------------------
[2025-11-15 21:56:07.313] [info]  -- Start time = Sat Nov 15 21:56:05 2025
[2025-11-15 21:56:07.313] [info]  -- Finish time = Sat Nov 15 21:56:07 2025
[2025-11-15 21:56:07.313] [info]  -- Elapsed time = 2.0 seconds.
[2025-11-15 21:56:07.313] [info] ----------------------------------
[2025-11-15 21:56:07.313] [info] 
[2025-11-15 21:56:07.313] [info] --------------------------------------------
[2025-11-15 21:56:07.313] [info] Using CMC to track the specified kinematics:
[2025-11-15 21:56:07.313] [info] --------------------------------------------
[2025-11-15 21:56:07.313] [info]  -- Integrating from 2.93 to 5.0
[2025-11-15 21:56:07.313] [info]  -- Start time = Sat Nov 15 21:56:07 2025
[2025-11-15 21:56:07.313] [info] --------------------------------------------
[2025-11-15 21:56:07.313] [info] 
[2025-11-15 21:56:07.315] [info] CMC::computeControls, t = 2.93
[2025-11-15 21:56:07.935] [info] CMC::computeControls, t = 2.94
[2025-11-15 21:56:08.447] [info] CMC::computeControls, t = 2.95
[2025-11-15 21:56:09.092] [info] CMC::computeControls, t = 2.96
[2025-11-15 21:56:09.655] [info] CMC::computeControls, t = 2.97
[2025-11-15 21:56:10.177] [info] CMC::computeControls, t = 2.98
[2025-11-15 21:56:10.681] [info] CMC::computeControls, t = 2.99
[2025-11-15 21:56:11.201] [info] CMC::computeControls, t = 3.0
[2025-11-15 21:56:11.712] [info] CMC::computeControls, t = 3.01
[2025-11-15 21:56:12.260] [info] CMC::computeControls, t = 3.02
[2025-11-15 21:56:12.785] [info] CMC::computeControls, t = 3.03
[2025-11-15 21:56:13.294] [info] CMC::computeControls, t = 3.04
[2025-11-15 21:56:13.825] [info] CMC::computeControls, t = 3.05
[2025-11-15 21:56:14.389] [info] CMC::computeControls, t = 3.06
[2025-11-15 21:56:14.939] [info] CMC::computeControls, t = 3.07
[2025-11-15 21:56:15.451] [info] CMC::computeControls, t = 3.08
[2025-11-15 21:56:16.005] [info] CMC::computeControls, t = 3.09
[2025-11-15 21:56:16.557] [info] CMC::computeControls, t = 3.1
[2025-11-15 21:56:17.189] [info] CMC::computeControls, t = 3.11
[2025-11-15 21:56:17.703] [info] CMC::computeControls, t = 3.12
[2025-11-15 21:56:18.191] [info] CMC::computeControls, t = 3.13
[2025-11-15 21:56:18.692] [info] CMC::computeControls, t = 3.14
[2025-11-15 21:56:19.298] [info] CMC::computeControls, t = 3.15
[2025-11-15 21:56:19.835] [info] CMC::computeControls, t = 3.16
[2025-11-15 21:56:20.345] [info] CMC::computeControls, t = 3.17
[2025-11-15 21:56:20.842] [info] CMC::computeControls, t = 3.18
[2025-11-15 21:56:21.429] [info] CMC::computeControls, t = 3.19
[2025-11-15 21:56:21.975] [info] CMC::computeControls, t = 3.2
[2025-11-15 21:56:22.550] [info] CMC::computeControls, t = 3.21
[2025-11-15 21:56:23.115] [info] CMC::computeControls, t = 3.22
[2025-11-15 21:56:23.752] [info] CMC::computeControls, t = 3.23
[2025-11-15 21:56:24.453] [info] CMC::computeControls, t = 3.24
[2025-11-15 21:56:25.226] [info] CMC::computeControls, t = 3.25
[2025-11-15 21:56:25.960] [info] CMC::computeControls, t = 3.26
[2025-11-15 21:56:26.617] [info] CMC::computeControls, t = 3.27
[2025-11-15 21:56:27.278] [info] CMC::computeControls, t = 3.28
[2025-11-15 21:56:28.185] [info] CMC::computeControls, t = 3.29
[2025-11-15 21:56:29.154] [info] CMC::computeControls, t = 3.3
[2025-11-15 21:56:29.950] [info] CMC::computeControls, t = 3.31
[2025-11-15 21:56:30.622] [info] CMC::computeControls, t = 3.32
[2025-11-15 21:56:31.314] [info] CMC::computeControls, t = 3.33
[2025-11-15 21:56:32.033] [info] CMC::computeControls, t = 3.34
[2025-11-15 21:56:32.703] [info] CMC::computeControls, t = 3.35
[2025-11-15 21:56:33.328] [info] CMC::computeControls, t = 3.36
[2025-11-15 21:56:33.973] [info] CMC::computeControls, t = 3.37
[2025-11-15 21:56:34.613] [info] CMC::computeControls, t = 3.38
[2025-11-15 21:56:35.298] [info] CMC::computeControls, t = 3.39
[2025-11-15 21:56:35.961] [info] CMC::computeControls, t = 3.4
[2025-11-15 21:56:36.028] [warning] CMC::computeControls: small force range for iliacus_l (0.0 to 0.0)
[2025-11-15 21:56:36.028] [info] 
[2025-11-15 21:56:36.028] [warning] CMC::computeControls: small force range for psoas_l (0.0 to 0.0)
[2025-11-15 21:56:36.028] [info] 
[2025-11-15 21:56:36.736] [info] CMC::computeControls, t = 3.41
[2025-11-15 21:56:36.801] [warning] CMC::computeControls: small force range for iliacus_l (0.0 to 0.0)
[2025-11-15 21:56:36.801] [info] 
[2025-11-15 21:56:37.561] [info] CMC::computeControls, t = 3.42
[2025-11-15 21:56:38.301] [info] CMC::computeControls, t = 3.43
[2025-11-15 21:56:38.367] [warning] CMC::computeControls: small force range for iliacus_r (0.0 to 0.0)
[2025-11-15 21:56:38.367] [info] 
[2025-11-15 21:56:38.975] [info] CMC::computeControls, t = 3.44
[2025-11-15 21:56:39.620] [info] CMC::computeControls, t = 3.45
[2025-11-15 21:56:40.297] [info] CMC::computeControls, t = 3.46
[2025-11-15 21:56:40.979] [info] CMC::computeControls, t = 3.47
[2025-11-15 21:56:41.618] [info] CMC::computeControls, t = 3.48
[2025-11-15 21:56:42.358] [info] CMC::computeControls, t = 3.49
[2025-11-15 21:56:43.117] [info] CMC::computeControls, t = 3.5
[2025-11-15 21:56:43.738] [info] CMC::computeControls, t = 3.51
[2025-11-15 21:56:44.424] [info] CMC::computeControls, t = 3.52
[2025-11-15 21:56:45.153] [info] CMC::computeControls, t = 3.53
[2025-11-15 21:56:45.900] [info] CMC::computeControls, t = 3.54
[2025-11-15 21:56:46.649] [info] CMC::computeControls, t = 3.55
[2025-11-15 21:56:47.369] [info] CMC::computeControls, t = 3.56
[2025-11-15 21:56:48.075] [info] CMC::computeControls, t = 3.57
[2025-11-15 21:56:48.731] [info] CMC::computeControls, t = 3.58
[2025-11-15 21:56:49.388] [info] CMC::computeControls, t = 3.59
[2025-11-15 21:56:50.049] [info] CMC::computeControls, t = 3.6
[2025-11-15 21:56:50.665] [info] CMC::computeControls, t = 3.61
[2025-11-15 21:56:51.286] [info] CMC::computeControls, t = 3.62
[2025-11-15 21:56:51.888] [info] CMC::computeControls, t = 3.63
[2025-11-15 21:56:52.518] [info] CMC::computeControls, t = 3.64
[2025-11-15 21:56:53.169] [info] CMC::computeControls, t = 3.65
[2025-11-15 21:56:53.768] [info] CMC::computeControls, t = 3.66
[2025-11-15 21:56:54.390] [info] CMC::computeControls, t = 3.67
[2025-11-15 21:56:54.940] [info] CMC::computeControls, t = 3.68
[2025-11-15 21:56:55.563] [info] CMC::computeControls, t = 3.69
[2025-11-15 21:56:56.211] [info] CMC::computeControls, t = 3.7
[2025-11-15 21:56:56.877] [info] CMC::computeControls, t = 3.71
[2025-11-15 21:56:57.490] [info] CMC::computeControls, t = 3.72
[2025-11-15 21:56:58.253] [info] CMC::computeControls, t = 3.73
[2025-11-15 21:56:58.926] [info] CMC::computeControls, t = 3.74
[2025-11-15 21:56:59.608] [info] CMC::computeControls, t = 3.75
[2025-11-15 21:57:00.389] [info] CMC::computeControls, t = 3.76
[2025-11-15 21:57:01.153] [info] CMC::computeControls, t = 3.77
[2025-11-15 21:57:01.913] [info] CMC::computeControls, t = 3.78
[2025-11-15 21:57:02.771] [info] CMC::computeControls, t = 3.79
[2025-11-15 21:57:03.647] [info] CMC::computeControls, t = 3.8
[2025-11-15 21:57:04.516] [info] CMC::computeControls, t = 3.81
[2025-11-15 21:57:05.438] [info] CMC::computeControls, t = 3.82
[2025-11-15 21:57:06.344] [info] CMC::computeControls, t = 3.83
[2025-11-15 21:57:07.185] [info] CMC::computeControls, t = 3.84
[2025-11-15 21:57:08.044] [info] CMC::computeControls, t = 3.85
[2025-11-15 21:57:08.921] [info] CMC::computeControls, t = 3.86
[2025-11-15 21:57:09.706] [info] CMC::computeControls, t = 3.87
[2025-11-15 21:57:10.345] [info] CMC::computeControls, t = 3.88
[2025-11-15 21:57:10.893] [info] CMC::computeControls, t = 3.89
[2025-11-15 21:57:11.447] [info] CMC::computeControls, t = 3.9
[2025-11-15 21:57:12.016] [info] CMC::computeControls, t = 3.91
[2025-11-15 21:57:12.583] [info] CMC::computeControls, t = 3.92
[2025-11-15 21:57:13.163] [info] CMC::computeControls, t = 3.93
[2025-11-15 21:57:13.742] [info] CMC::computeControls, t = 3.94
[2025-11-15 21:57:14.299] [info] CMC::computeControls, t = 3.95
[2025-11-15 21:57:14.871] [info] CMC::computeControls, t = 3.96
[2025-11-15 21:57:15.467] [info] CMC::computeControls, t = 3.97
[2025-11-15 21:57:16.071] [info] CMC::computeControls, t = 3.98
[2025-11-15 21:57:16.683] [info] CMC::computeControls, t = 3.99
[2025-11-15 21:57:17.303] [info] CMC::computeControls, t = 4.0
[2025-11-15 21:57:17.836] [info] CMC::computeControls, t = 4.01
[2025-11-15 21:57:18.394] [info] CMC::computeControls, t = 4.02
[2025-11-15 21:57:18.984] [info] CMC::computeControls, t = 4.03
[2025-11-15 21:57:19.539] [info] CMC::computeControls, t = 4.04
[2025-11-15 21:57:20.154] [info] CMC::computeControls, t = 4.05
[2025-11-15 21:57:20.745] [info] CMC::computeControls, t = 4.06
[2025-11-15 21:57:21.346] [info] CMC::computeControls, t = 4.07
[2025-11-15 21:57:21.939] [info] CMC::computeControls, t = 4.08
[2025-11-15 21:57:22.531] [info] CMC::computeControls, t = 4.09
[2025-11-15 21:57:23.156] [info] CMC::computeControls, t = 4.1
[2025-11-15 21:57:23.777] [info] CMC::computeControls, t = 4.11
[2025-11-15 21:57:24.371] [info] CMC::computeControls, t = 4.12
[2025-11-15 21:57:24.998] [info] CMC::computeControls, t = 4.13
[2025-11-15 21:57:25.643] [info] CMC::computeControls, t = 4.14
[2025-11-15 21:57:26.277] [info] CMC::computeControls, t = 4.15
[2025-11-15 21:57:26.873] [info] CMC::computeControls, t = 4.16
[2025-11-15 21:57:27.463] [info] CMC::computeControls, t = 4.17
[2025-11-15 21:57:28.016] [info] CMC::computeControls, t = 4.18
[2025-11-15 21:57:28.586] [info] CMC::computeControls, t = 4.19
[2025-11-15 21:57:29.180] [info] CMC::computeControls, t = 4.2
[2025-11-15 21:57:29.768] [info] CMC::computeControls, t = 4.21
[2025-11-15 21:57:30.369] [info] CMC::computeControls, t = 4.22
[2025-11-15 21:57:30.976] [info] CMC::computeControls, t = 4.23
[2025-11-15 21:57:31.580] [info] CMC::computeControls, t = 4.24
[2025-11-15 21:57:32.189] [info] CMC::computeControls, t = 4.25
[2025-11-15 21:57:32.795] [info] CMC::computeControls, t = 4.26
[2025-11-15 21:57:33.441] [info] CMC::computeControls, t = 4.27
[2025-11-15 21:57:34.067] [info] CMC::computeControls, t = 4.28
[2025-11-15 21:57:34.691] [info] CMC::computeControls, t = 4.29
[2025-11-15 21:57:35.273] [info] CMC::computeControls, t = 4.3
[2025-11-15 21:57:35.898] [info] CMC::computeControls, t = 4.31
[2025-11-15 21:57:36.529] [info] CMC::computeControls, t = 4.32
[2025-11-15 21:57:37.148] [info] CMC::computeControls, t = 4.33
[2025-11-15 21:57:37.762] [info] CMC::computeControls, t = 4.34
[2025-11-15 21:57:38.293] [info] CMC::computeControls, t = 4.35
[2025-11-15 21:57:38.888] [info] CMC::computeControls, t = 4.36
[2025-11-15 21:57:39.485] [info] CMC::computeControls, t = 4.37
[2025-11-15 21:57:40.179] [info] CMC::computeControls, t = 4.38
[2025-11-15 21:57:40.986] [info] CMC::computeControls, t = 4.39
[2025-11-15 21:57:41.840] [info] CMC::computeControls, t = 4.4
[2025-11-15 21:57:42.858] [info] CMC::computeControls, t = 4.41
[2025-11-15 21:57:43.990] [info] CMC::computeControls, t = 4.42
[2025-11-15 21:57:44.987] [info] CMC::computeControls, t = 4.43
[2025-11-15 21:57:45.953] [info] CMC::computeControls, t = 4.44
[2025-11-15 21:57:46.849] [info] CMC::computeControls, t = 4.45
[2025-11-15 21:57:47.853] [info] CMC::computeControls, t = 4.46
[2025-11-15 21:57:48.542] [info] CMC::computeControls, t = 4.47
[2025-11-15 21:57:49.091] [info] CMC::computeControls, t = 4.48
[2025-11-15 21:57:49.674] [info] CMC::computeControls, t = 4.49
[2025-11-15 21:57:50.249] [info] CMC::computeControls, t = 4.5
[2025-11-15 21:57:50.879] [info] CMC::computeControls, t = 4.51
[2025-11-15 21:57:51.430] [info] CMC::computeControls, t = 4.52
[2025-11-15 21:57:52.020] [info] CMC::computeControls, t = 4.53
[2025-11-15 21:57:52.588] [info] CMC::computeControls, t = 4.54
[2025-11-15 21:57:53.178] [info] CMC::computeControls, t = 4.55
[2025-11-15 21:57:53.768] [info] CMC::computeControls, t = 4.56
[2025-11-15 21:57:54.333] [info] CMC::computeControls, t = 4.57
[2025-11-15 21:57:54.906] [info] CMC::computeControls, t = 4.58
[2025-11-15 21:57:55.468] [info] CMC::computeControls, t = 4.59
[2025-11-15 21:57:56.089] [info] CMC::computeControls, t = 4.6
[2025-11-15 21:57:56.719] [info] CMC::computeControls, t = 4.61
[2025-11-15 21:57:57.340] [info] CMC::computeControls, t = 4.62
[2025-11-15 21:57:57.948] [info] CMC::computeControls, t = 4.63
[2025-11-15 21:57:58.566] [info] CMC::computeControls, t = 4.64
[2025-11-15 21:57:59.133] [info] CMC::computeControls, t = 4.65
[2025-11-15 21:57:59.775] [info] CMC::computeControls, t = 4.66
[2025-11-15 21:58:00.337] [info] CMC::computeControls, t = 4.67
[2025-11-15 21:58:00.871] [info] CMC::computeControls, t = 4.68
[2025-11-15 21:58:01.398] [info] CMC::computeControls, t = 4.69
[2025-11-15 21:58:01.902] [info] CMC::computeControls, t = 4.7
[2025-11-15 21:58:02.500] [info] CMC::computeControls, t = 4.71
[2025-11-15 21:58:03.134] [info] CMC::computeControls, t = 4.72
[2025-11-15 21:58:03.723] [info] CMC::computeControls, t = 4.73
[2025-11-15 21:58:04.304] [info] CMC::computeControls, t = 4.74
[2025-11-15 21:58:04.910] [info] CMC::computeControls, t = 4.75
[2025-11-15 21:58:05.445] [info] CMC::computeControls, t = 4.76
[2025-11-15 21:58:05.985] [info] CMC::computeControls, t = 4.77
[2025-11-15 21:58:07.285] [info] CMC::computeControls, t = 4.78
[2025-11-15 21:58:07.870] [info] CMC::computeControls, t = 4.79
[2025-11-15 21:58:08.391] [info] CMC::computeControls, t = 4.8
[2025-11-15 21:58:08.901] [info] CMC::computeControls, t = 4.81
[2025-11-15 21:58:09.447] [info] CMC::computeControls, t = 4.82
[2025-11-15 21:58:10.067] [info] CMC::computeControls, t = 4.83
[2025-11-15 21:58:10.560] [info] CMC::computeControls, t = 4.84
[2025-11-15 21:58:11.129] [info] CMC::computeControls, t = 4.85
[2025-11-15 21:58:11.689] [info] CMC::computeControls, t = 4.86
[2025-11-15 21:58:12.258] [info] CMC::computeControls, t = 4.87
[2025-11-15 21:58:12.866] [info] CMC::computeControls, t = 4.88
[2025-11-15 21:58:13.392] [info] CMC::computeControls, t = 4.89
[2025-11-15 21:58:14.017] [info] CMC::computeControls, t = 4.9
[2025-11-15 21:58:14.553] [info] CMC::computeControls, t = 4.91
[2025-11-15 21:58:15.158] [info] CMC::computeControls, t = 4.92
[2025-11-15 21:58:15.622] [info] CMC::computeControls, t = 4.93
[2025-11-15 21:58:16.188] [info] CMC::computeControls, t = 4.94
[2025-11-15 21:58:16.672] [info] CMC::computeControls, t = 4.95
[2025-11-15 21:58:17.186] [info] CMC::computeControls, t = 4.96
[2025-11-15 21:58:17.700] [info] CMC::computeControls, t = 4.97
[2025-11-15 21:58:18.216] [info] CMC::computeControls, t = 4.98
[2025-11-15 21:58:18.710] [info] CMC::computeControls, t = 4.99
[2025-11-15 21:58:19.287] [info] -------------------------------------------
[2025-11-15 21:58:19.287] [info] Finished tracking the specified kinematics.
[2025-11-15 21:58:19.287] [info] -------------------------------------------
[2025-11-15 21:58:19.287] [info]  -- Start time = Sat Nov 15 21:56:07 2025
[2025-11-15 21:58:19.287] [info]  -- Finish time = Sat Nov 15 21:58:19 2025
[2025-11-15 21:58:19.287] [info]  -- Elapsed time = 132.0 seconds.
[2025-11-15 21:58:19.287] [info] -------------------------------------------
[2025-11-15 21:58:19.287] [info] 
[2025-11-15 21:58:19.287] [info] Printing results of investigation Hanif-Scaled to C:/Users/Hanif/OneDrive - UNSW/T3 - 2025/Biomechanics of Human Body/Final Project/Vicon Data/Medium Squat/CMC/2_Hanif_Medium_7_5_patched
[2025-11-15 21:58:20.054] [info] Storage: read data file = C:/Users/Hanif/OneDrive - UNSW/T3 - 2025/Biomechanics of Human Body/Final Project/Vicon Data/Medium Squat/IK/3_Hanif_Medium_2_5_patched.mot (nr=421 nc=24)
