[2025-11-15 23:46:22.858] [info] AbstractTool Hanif-Scaled loading model C:/Users/Hanif/OneDrive - UNSW/T3 - 2025/Biomechanics of Human Body/Final Project/Vicon Data/Shallow Squat/RRA/1_Hanif_Shallow_2_5_patched/1_Hanif_Shallow_2_5_patched_model_adjusted.osim
[2025-11-15 23:46:22.881] [info] Loaded model Hanif-Scaled from file C:/Users/Hanif/OneDrive - UNSW/T3 - 2025/Biomechanics of Human Body/Final Project/Vicon Data/Shallow Squat/RRA/1_Hanif_Shallow_2_5_patched/1_Hanif_Shallow_2_5_patched_model_adjusted.osim
[2025-11-15 23:46:22.966] [info] Adding force object set from ../../../../Scripts/Setup_XMLs/Boiler_XMLs/cmc_actuators.xml
[2025-11-15 23:46:22.970] [info] Running tool 'Hanif-Scaled'.
[2025-11-15 23:46:22.980] [info] TaskSet size = 23.
[2025-11-15 23:46:22.985] [info] Storage: read data file = C:/Users/Hanif/OneDrive - UNSW/T3 - 2025/Biomechanics of Human Body/Final Project/Vicon Data/Shallow Squat\ID\GRF\1_Hanif_Shallow_2_5_grf.mot (nr=301 nc=19)
[2025-11-15 23:46:22.987] [info] ExternalForce::right_ground_force_v Data source being set to Hanif_Shallow_2_5_grf.mot
[2025-11-15 23:46:22.987] [info] ExternalForce::left_ground_force_v Data source being set to Hanif_Shallow_2_5_grf.mot
[2025-11-15 23:46:22.987] [warning] CMC::extendAddToSystem: CMC cannot compute controls for muscles with muscle controls less than 0.02.
[2025-11-15 23:46:22.987] [warning] CMC::extendAddToSystem: The minimum control limit for muscle 'glut_med1_r' has been reset to 0.02.
[2025-11-15 23:46:22.987] [warning] CMC::extendAddToSystem: CMC cannot compute controls for muscles with muscle controls less than 0.02.
[2025-11-15 23:46:22.987] [warning] CMC::extendAddToSystem: The minimum control limit for muscle 'glut_med2_r' has been reset to 0.02.
[2025-11-15 23:46:22.987] [warning] CMC::extendAddToSystem: CMC cannot compute controls for muscles with muscle controls less than 0.02.
[2025-11-15 23:46:22.987] [warning] CMC::extendAddToSystem: The minimum control limit for muscle 'glut_med3_r' has been reset to 0.02.
[2025-11-15 23:46:22.987] [warning] CMC::extendAddToSystem: CMC cannot compute controls for muscles with muscle controls less than 0.02.
[2025-11-15 23:46:22.987] [warning] CMC::extendAddToSystem: The minimum control limit for muscle 'bifemlh_r' has been reset to 0.02.
[2025-11-15 23:46:22.987] [warning] CMC::extendAddToSystem: CMC cannot compute controls for muscles with muscle controls less than 0.02.
[2025-11-15 23:46:22.987] [warning] CMC::extendAddToSystem: The minimum control limit for muscle 'bifemsh_r' has been reset to 0.02.
[2025-11-15 23:46:22.987] [warning] CMC::extendAddToSystem: CMC cannot compute controls for muscles with muscle controls less than 0.02.
[2025-11-15 23:46:22.987] [warning] CMC::extendAddToSystem: The minimum control limit for muscle 'sar_r' has been reset to 0.02.
[2025-11-15 23:46:22.987] [warning] CMC::extendAddToSystem: CMC cannot compute controls for muscles with muscle controls less than 0.02.
[2025-11-15 23:46:22.987] [warning] CMC::extendAddToSystem: The minimum control limit for muscle 'add_mag2_r' has been reset to 0.02.
[2025-11-15 23:46:22.987] [warning] CMC::extendAddToSystem: CMC cannot compute controls for muscles with muscle controls less than 0.02.
[2025-11-15 23:46:22.987] [warning] CMC::extendAddToSystem: The minimum control limit for muscle 'tfl_r' has been reset to 0.02.
[2025-11-15 23:46:22.987] [warning] CMC::extendAddToSystem: CMC cannot compute controls for muscles with muscle controls less than 0.02.
[2025-11-15 23:46:22.987] [warning] CMC::extendAddToSystem: The minimum control limit for muscle 'pect_r' has been reset to 0.02.
[2025-11-15 23:46:22.987] [warning] CMC::extendAddToSystem: CMC cannot compute controls for muscles with muscle controls less than 0.02.
[2025-11-15 23:46:22.987] [warning] CMC::extendAddToSystem: The minimum control limit for muscle 'grac_r' has been reset to 0.02.
[2025-11-15 23:46:22.987] [warning] CMC::extendAddToSystem: CMC cannot compute controls for muscles with muscle controls less than 0.02.
[2025-11-15 23:46:22.987] [warning] CMC::extendAddToSystem: The minimum control limit for muscle 'glut_max1_r' has been reset to 0.02.
[2025-11-15 23:46:22.987] [warning] CMC::extendAddToSystem: CMC cannot compute controls for muscles with muscle controls less than 0.02.
[2025-11-15 23:46:22.987] [warning] CMC::extendAddToSystem: The minimum control limit for muscle 'glut_max2_r' has been reset to 0.02.
[2025-11-15 23:46:22.987] [warning] CMC::extendAddToSystem: CMC cannot compute controls for muscles with muscle controls less than 0.02.
[2025-11-15 23:46:22.987] [warning] CMC::extendAddToSystem: The minimum control limit for muscle 'glut_max3_r' has been reset to 0.02.
[2025-11-15 23:46:22.987] [warning] CMC::extendAddToSystem: CMC cannot compute controls for muscles with muscle controls less than 0.02.
[2025-11-15 23:46:22.987] [warning] CMC::extendAddToSystem: The minimum control limit for muscle 'iliacus_r' has been reset to 0.02.
[2025-11-15 23:46:22.987] [warning] CMC::extendAddToSystem: CMC cannot compute controls for muscles with muscle controls less than 0.02.
[2025-11-15 23:46:22.987] [warning] CMC::extendAddToSystem: The minimum control limit for muscle 'psoas_r' has been reset to 0.02.
[2025-11-15 23:46:22.987] [warning] CMC::extendAddToSystem: CMC cannot compute controls for muscles with muscle controls less than 0.02.
[2025-11-15 23:46:22.987] [warning] CMC::extendAddToSystem: The minimum control limit for muscle 'quad_fem_r' has been reset to 0.02.
[2025-11-15 23:46:22.987] [warning] CMC::extendAddToSystem: CMC cannot compute controls for muscles with muscle controls less than 0.02.
[2025-11-15 23:46:22.987] [warning] CMC::extendAddToSystem: The minimum control limit for muscle 'gem_r' has been reset to 0.02.
[2025-11-15 23:46:22.987] [warning] CMC::extendAddToSystem: CMC cannot compute controls for muscles with muscle controls less than 0.02.
[2025-11-15 23:46:22.987] [warning] CMC::extendAddToSystem: The minimum control limit for muscle 'peri_r' has been reset to 0.02.
[2025-11-15 23:46:22.987] [warning] CMC::extendAddToSystem: CMC cannot compute controls for muscles with muscle controls less than 0.02.
[2025-11-15 23:46:22.987] [warning] CMC::extendAddToSystem: The minimum control limit for muscle 'rect_fem_r' has been reset to 0.02.
[2025-11-15 23:46:22.987] [warning] CMC::extendAddToSystem: CMC cannot compute controls for muscles with muscle controls less than 0.02.
[2025-11-15 23:46:22.987] [warning] CMC::extendAddToSystem: The minimum control limit for muscle 'vas_int_r' has been reset to 0.02.
[2025-11-15 23:46:22.987] [warning] CMC::extendAddToSystem: CMC cannot compute controls for muscles with muscle controls less than 0.02.
[2025-11-15 23:46:22.987] [warning] CMC::extendAddToSystem: The minimum control limit for muscle 'med_gas_r' has been reset to 0.02.
[2025-11-15 23:46:22.987] [warning] CMC::extendAddToSystem: CMC cannot compute controls for muscles with muscle controls less than 0.02.
[2025-11-15 23:46:22.987] [warning] CMC::extendAddToSystem: The minimum control limit for muscle 'soleus_r' has been reset to 0.02.
[2025-11-15 23:46:22.987] [warning] CMC::extendAddToSystem: CMC cannot compute controls for muscles with muscle controls less than 0.02.
[2025-11-15 23:46:22.987] [warning] CMC::extendAddToSystem: The minimum control limit for muscle 'tib_post_r' has been reset to 0.02.
[2025-11-15 23:46:22.987] [warning] CMC::extendAddToSystem: CMC cannot compute controls for muscles with muscle controls less than 0.02.
[2025-11-15 23:46:22.987] [warning] CMC::extendAddToSystem: The minimum control limit for muscle 'tib_ant_r' has been reset to 0.02.
[2025-11-15 23:46:22.987] [warning] CMC::extendAddToSystem: CMC cannot compute controls for muscles with muscle controls less than 0.02.
[2025-11-15 23:46:22.987] [warning] CMC::extendAddToSystem: The minimum control limit for muscle 'glut_med1_l' has been reset to 0.02.
[2025-11-15 23:46:22.987] [warning] CMC::extendAddToSystem: CMC cannot compute controls for muscles with muscle controls less than 0.02.
[2025-11-15 23:46:22.987] [warning] CMC::extendAddToSystem: The minimum control limit for muscle 'glut_med2_l' has been reset to 0.02.
[2025-11-15 23:46:22.988] [warning] CMC::extendAddToSystem: CMC cannot compute controls for muscles with muscle controls less than 0.02.
[2025-11-15 23:46:22.988] [warning] CMC::extendAddToSystem: The minimum control limit for muscle 'glut_med3_l' has been reset to 0.02.
[2025-11-15 23:46:22.988] [warning] CMC::extendAddToSystem: CMC cannot compute controls for muscles with muscle controls less than 0.02.
[2025-11-15 23:46:22.988] [warning] CMC::extendAddToSystem: The minimum control limit for muscle 'bifemlh_l' has been reset to 0.02.
[2025-11-15 23:46:22.988] [warning] CMC::extendAddToSystem: CMC cannot compute controls for muscles with muscle controls less than 0.02.
[2025-11-15 23:46:22.988] [warning] CMC::extendAddToSystem: The minimum control limit for muscle 'bifemsh_l' has been reset to 0.02.
[2025-11-15 23:46:22.988] [warning] CMC::extendAddToSystem: CMC cannot compute controls for muscles with muscle controls less than 0.02.
[2025-11-15 23:46:22.988] [warning] CMC::extendAddToSystem: The minimum control limit for muscle 'sar_l' has been reset to 0.02.
[2025-11-15 23:46:22.988] [warning] CMC::extendAddToSystem: CMC cannot compute controls for muscles with muscle controls less than 0.02.
[2025-11-15 23:46:22.988] [warning] CMC::extendAddToSystem: The minimum control limit for muscle 'add_mag2_l' has been reset to 0.02.
[2025-11-15 23:46:22.988] [warning] CMC::extendAddToSystem: CMC cannot compute controls for muscles with muscle controls less than 0.02.
[2025-11-15 23:46:22.988] [warning] CMC::extendAddToSystem: The minimum control limit for muscle 'tfl_l' has been reset to 0.02.
[2025-11-15 23:46:22.988] [warning] CMC::extendAddToSystem: CMC cannot compute controls for muscles with muscle controls less than 0.02.
[2025-11-15 23:46:22.988] [warning] CMC::extendAddToSystem: The minimum control limit for muscle 'pect_l' has been reset to 0.02.
[2025-11-15 23:46:22.988] [warning] CMC::extendAddToSystem: CMC cannot compute controls for muscles with muscle controls less than 0.02.
[2025-11-15 23:46:22.988] [warning] CMC::extendAddToSystem: The minimum control limit for muscle 'grac_l' has been reset to 0.02.
[2025-11-15 23:46:22.988] [warning] CMC::extendAddToSystem: CMC cannot compute controls for muscles with muscle controls less than 0.02.
[2025-11-15 23:46:22.988] [warning] CMC::extendAddToSystem: The minimum control limit for muscle 'glut_max1_l' has been reset to 0.02.
[2025-11-15 23:46:22.988] [warning] CMC::extendAddToSystem: CMC cannot compute controls for muscles with muscle controls less than 0.02.
[2025-11-15 23:46:22.988] [warning] CMC::extendAddToSystem: The minimum control limit for muscle 'glut_max2_l' has been reset to 0.02.
[2025-11-15 23:46:22.988] [warning] CMC::extendAddToSystem: CMC cannot compute controls for muscles with muscle controls less than 0.02.
[2025-11-15 23:46:22.988] [warning] CMC::extendAddToSystem: The minimum control limit for muscle 'glut_max3_l' has been reset to 0.02.
[2025-11-15 23:46:22.988] [warning] CMC::extendAddToSystem: CMC cannot compute controls for muscles with muscle controls less than 0.02.
[2025-11-15 23:46:22.988] [warning] CMC::extendAddToSystem: The minimum control limit for muscle 'iliacus_l' has been reset to 0.02.
[2025-11-15 23:46:22.988] [warning] CMC::extendAddToSystem: CMC cannot compute controls for muscles with muscle controls less than 0.02.
[2025-11-15 23:46:22.988] [warning] CMC::extendAddToSystem: The minimum control limit for muscle 'psoas_l' has been reset to 0.02.
[2025-11-15 23:46:22.988] [warning] CMC::extendAddToSystem: CMC cannot compute controls for muscles with muscle controls less than 0.02.
[2025-11-15 23:46:22.988] [warning] CMC::extendAddToSystem: The minimum control limit for muscle 'quad_fem_l' has been reset to 0.02.
[2025-11-15 23:46:22.988] [warning] CMC::extendAddToSystem: CMC cannot compute controls for muscles with muscle controls less than 0.02.
[2025-11-15 23:46:22.988] [warning] CMC::extendAddToSystem: The minimum control limit for muscle 'gem_l' has been reset to 0.02.
[2025-11-15 23:46:22.988] [warning] CMC::extendAddToSystem: CMC cannot compute controls for muscles with muscle controls less than 0.02.
[2025-11-15 23:46:22.988] [warning] CMC::extendAddToSystem: The minimum control limit for muscle 'peri_l' has been reset to 0.02.
[2025-11-15 23:46:22.988] [warning] CMC::extendAddToSystem: CMC cannot compute controls for muscles with muscle controls less than 0.02.
[2025-11-15 23:46:22.988] [warning] CMC::extendAddToSystem: The minimum control limit for muscle 'rect_fem_l' has been reset to 0.02.
[2025-11-15 23:46:22.988] [warning] CMC::extendAddToSystem: CMC cannot compute controls for muscles with muscle controls less than 0.02.
[2025-11-15 23:46:22.988] [warning] CMC::extendAddToSystem: The minimum control limit for muscle 'vas_int_l' has been reset to 0.02.
[2025-11-15 23:46:22.988] [warning] CMC::extendAddToSystem: CMC cannot compute controls for muscles with muscle controls less than 0.02.
[2025-11-15 23:46:22.988] [warning] CMC::extendAddToSystem: The minimum control limit for muscle 'med_gas_l' has been reset to 0.02.
[2025-11-15 23:46:22.988] [warning] CMC::extendAddToSystem: CMC cannot compute controls for muscles with muscle controls less than 0.02.
[2025-11-15 23:46:22.988] [warning] CMC::extendAddToSystem: The minimum control limit for muscle 'soleus_l' has been reset to 0.02.
[2025-11-15 23:46:22.988] [warning] CMC::extendAddToSystem: CMC cannot compute controls for muscles with muscle controls less than 0.02.
[2025-11-15 23:46:22.988] [warning] CMC::extendAddToSystem: The minimum control limit for muscle 'tib_post_l' has been reset to 0.02.
[2025-11-15 23:46:22.988] [warning] CMC::extendAddToSystem: CMC cannot compute controls for muscles with muscle controls less than 0.02.
[2025-11-15 23:46:22.988] [warning] CMC::extendAddToSystem: The minimum control limit for muscle 'tib_ant_l' has been reset to 0.02.
[2025-11-15 23:46:22.988] [warning] CMC::extendAddToSystem: CMC cannot compute controls for muscles with muscle controls less than 0.02.
[2025-11-15 23:46:22.988] [warning] CMC::extendAddToSystem: The minimum control limit for muscle 'ercspn_r' has been reset to 0.02.
[2025-11-15 23:46:22.988] [warning] CMC::extendAddToSystem: CMC cannot compute controls for muscles with muscle controls less than 0.02.
[2025-11-15 23:46:22.988] [warning] CMC::extendAddToSystem: The minimum control limit for muscle 'ercspn_l' has been reset to 0.02.
[2025-11-15 23:46:22.988] [warning] CMC::extendAddToSystem: CMC cannot compute controls for muscles with muscle controls less than 0.02.
[2025-11-15 23:46:22.988] [warning] CMC::extendAddToSystem: The minimum control limit for muscle 'intobl_r' has been reset to 0.02.
[2025-11-15 23:46:22.988] [warning] CMC::extendAddToSystem: CMC cannot compute controls for muscles with muscle controls less than 0.02.
[2025-11-15 23:46:22.988] [warning] CMC::extendAddToSystem: The minimum control limit for muscle 'intobl_l' has been reset to 0.02.
[2025-11-15 23:46:22.988] [warning] CMC::extendAddToSystem: CMC cannot compute controls for muscles with muscle controls less than 0.02.
[2025-11-15 23:46:22.988] [warning] CMC::extendAddToSystem: The minimum control limit for muscle 'extobl_r' has been reset to 0.02.
[2025-11-15 23:46:22.988] [warning] CMC::extendAddToSystem: CMC cannot compute controls for muscles with muscle controls less than 0.02.
[2025-11-15 23:46:22.988] [warning] CMC::extendAddToSystem: The minimum control limit for muscle 'extobl_l' has been reset to 0.02.
[2025-11-15 23:46:22.990] [warning] A desired points file was not specified.
[2025-11-15 23:46:22.990] [info] Loading desired kinematics from file 'C:/Users/Hanif/OneDrive - UNSW/T3 - 2025/Biomechanics of Human Body/Final Project/Vicon Data/Shallow Squat/IK/1_Hanif_Shallow_2_5_patched.mot'...
[2025-11-15 23:46:22.990] [info] Storage: read data file = C:/Users/Hanif/OneDrive - UNSW/T3 - 2025/Biomechanics of Human Body/Final Project/Vicon Data/Shallow Squat/IK/1_Hanif_Shallow_2_5_patched.mot (nr=301 nc=24)
[2025-11-15 23:46:22.992] [info] Low-pass filtering desired kinematics with a cutoff frequency of 6.0...
[2025-11-15 23:46:23.002] [cout] [info] MODEL: Hanif-Scaled

numStates = 154
numCoordinates = 23
numSpeeds = 23
numActuators = 77
numBodies = 12
numConstraints = 0
numProbes = 0

ANALYSES (total: 0)

BODIES (total: 12)
body[0] = pelvis. mass: 8.90742
              moments of inertia:  ~[0.0524779,0.0444633,0.0295571]
              products of inertia: ~[0,0,0]
body[1] = femur_r. mass: 7.03502
              moments of inertia:  ~[0.0924431,0.0242326,0.0974829]
              products of inertia: ~[0,0,0]
body[2] = tibia_r. mass: 2.80413
              moments of inertia:  ~[0.0293523,0.00297017,0.0297599]
              products of inertia: ~[0,0,0]
body[3] = talus_r. mass: 0.075634
              moments of inertia:  ~[0.000457796,0.000457796,0.000457796]
              products of inertia: ~[0,0,0]
body[4] = calcn_r. mass: 0.945425
              moments of inertia:  ~[0.000640914,0.0017854,0.00187696]
              products of inertia: ~[0,0,0]
body[5] = toes_r. mass: 0.163823
              moments of inertia:  ~[4.57796e-05,9.15591e-05,4.57796e-05]
              products of inertia: ~[0,0,0]
body[6] = femur_l. mass: 7.03502
              moments of inertia:  ~[0.0924431,0.0242326,0.0974829]
              products of inertia: ~[0,0,0]
body[7] = tibia_l. mass: 2.80413
              moments of inertia:  ~[0.0293523,0.00297017,0.0297599]
              products of inertia: ~[0,0,0]
body[8] = talus_l. mass: 0.075634
              moments of inertia:  ~[0.000457796,0.000457796,0.000457796]
              products of inertia: ~[0,0,0]
body[9] = calcn_l. mass: 0.945425
              moments of inertia:  ~[0.000640914,0.0017854,0.00187696]
              products of inertia: ~[0,0,0]
body[10] = toes_l. mass: 0.163823
              moments of inertia:  ~[4.57796e-05,9.15591e-05,4.57796e-05]
              products of inertia: ~[0,0,0]
body[11] = torso. mass: 24.1399
              moments of inertia:  ~[0.882257,0.452048,0.856468]
              products of inertia: ~[0,0,0]

JOINTS (total: 12)
joint[0] = ground_pelvis. parent: ground_offset, child: pelvis_offset
joint[1] = hip_r. parent: pelvis_offset, child: femur_r_offset
joint[2] = knee_r. parent: femur_r_offset, child: tibia_r_offset
joint[3] = ankle_r. parent: tibia_r_offset, child: talus_r_offset
joint[4] = subtalar_r. parent: talus_r_offset, child: calcn_r_offset
joint[5] = mtp_r. parent: calcn_r_offset, child: toes_r_offset
joint[6] = hip_l. parent: pelvis_offset, child: femur_l_offset
joint[7] = knee_l. parent: femur_l_offset, child: tibia_l_offset
joint[8] = ankle_l. parent: tibia_l_offset, child: talus_l_offset
joint[9] = subtalar_l. parent: talus_l_offset, child: calcn_l_offset
joint[10] = mtp_l. parent: calcn_l_offset, child: toes_l_offset
joint[11] = back. parent: pelvis_offset, child: torso_offset

ACTUATORS (total: 77)
actuator[0] = glut_med1_r
actuator[1] = glut_med2_r
actuator[2] = glut_med3_r
actuator[3] = bifemlh_r
actuator[4] = bifemsh_r
actuator[5] = sar_r
actuator[6] = add_mag2_r
actuator[7] = tfl_r
actuator[8] = pect_r
actuator[9] = grac_r
actuator[10] = glut_max1_r
actuator[11] = glut_max2_r
actuator[12] = glut_max3_r
actuator[13] = iliacus_r
actuator[14] = psoas_r
actuator[15] = quad_fem_r
actuator[16] = gem_r
actuator[17] = peri_r
actuator[18] = rect_fem_r
actuator[19] = vas_int_r
actuator[20] = med_gas_r
actuator[21] = soleus_r
actuator[22] = tib_post_r
actuator[23] = tib_ant_r
actuator[24] = glut_med1_l
actuator[25] = glut_med2_l
actuator[26] = glut_med3_l
actuator[27] = bifemlh_l
actuator[28] = bifemsh_l
actuator[29] = sar_l
actuator[30] = add_mag2_l
actuator[31] = tfl_l
actuator[32] = pect_l
actuator[33] = grac_l
actuator[34] = glut_max1_l
actuator[35] = glut_max2_l
actuator[36] = glut_max3_l
actuator[37] = iliacus_l
actuator[38] = psoas_l
actuator[39] = quad_fem_l
actuator[40] = gem_l
actuator[41] = peri_l
actuator[42] = rect_fem_l
actuator[43] = vas_int_l
actuator[44] = med_gas_l
actuator[45] = soleus_l
actuator[46] = tib_post_l
actuator[47] = tib_ant_l
actuator[48] = ercspn_r
actuator[49] = ercspn_l
actuator[50] = intobl_r
actuator[51] = intobl_l
actuator[52] = extobl_r
actuator[53] = extobl_l
actuator[54] = FX
actuator[55] = FY
actuator[56] = FZ
actuator[57] = MX
actuator[58] = MY
actuator[59] = MZ
actuator[60] = hip_flexion_r_reserve
actuator[61] = hip_adduction_r_reserve
actuator[62] = hip_rotation_r_reserve
actuator[63] = knee_angle_r_reserve
actuator[64] = ankle_angle_r_reserve
actuator[65] = subtalar_angle_r_reserve
actuator[66] = mtp_angle_r_reserve
actuator[67] = hip_flexion_l_reserve
actuator[68] = hip_adduction_l_reserve
actuator[69] = hip_rotation_l_reserve
actuator[70] = knee_angle_l_reserve
actuator[71] = ankle_angle_l_reserve
actuator[72] = subtalar_angle_l_reserve
actuator[73] = mtp_angle_l_reserve
actuator[74] = lumbar_extension_reserve
actuator[75] = lumbar_bending_reserve
actuator[76] = lumbar_rotation_reserve

STATES (total: 154)
y[0] = /jointset/ground_pelvis/pelvis_tilt/value
y[1] = /jointset/ground_pelvis/pelvis_tilt/speed
y[2] = /jointset/ground_pelvis/pelvis_list/value
y[3] = /jointset/ground_pelvis/pelvis_list/speed
y[4] = /jointset/ground_pelvis/pelvis_rotation/value
y[5] = /jointset/ground_pelvis/pelvis_rotation/speed
y[6] = /jointset/ground_pelvis/pelvis_tx/value
y[7] = /jointset/ground_pelvis/pelvis_tx/speed
y[8] = /jointset/ground_pelvis/pelvis_ty/value
y[9] = /jointset/ground_pelvis/pelvis_ty/speed
y[10] = /jointset/ground_pelvis/pelvis_tz/value
y[11] = /jointset/ground_pelvis/pelvis_tz/speed
y[12] = /jointset/hip_r/hip_flexion_r/value
y[13] = /jointset/hip_r/hip_flexion_r/speed
y[14] = /jointset/hip_r/hip_adduction_r/value
y[15] = /jointset/hip_r/hip_adduction_r/speed
y[16] = /jointset/hip_r/hip_rotation_r/value
y[17] = /jointset/hip_r/hip_rotation_r/speed
y[18] = /jointset/knee_r/knee_angle_r/value
y[19] = /jointset/knee_r/knee_angle_r/speed
y[20] = /jointset/ankle_r/ankle_angle_r/value
y[21] = /jointset/ankle_r/ankle_angle_r/speed
y[22] = /jointset/subtalar_r/subtalar_angle_r/value
y[23] = /jointset/subtalar_r/subtalar_angle_r/speed
y[24] = /jointset/mtp_r/mtp_angle_r/value
y[25] = /jointset/mtp_r/mtp_angle_r/speed
y[26] = /jointset/hip_l/hip_flexion_l/value
y[27] = /jointset/hip_l/hip_flexion_l/speed
y[28] = /jointset/hip_l/hip_adduction_l/value
y[29] = /jointset/hip_l/hip_adduction_l/speed
y[30] = /jointset/hip_l/hip_rotation_l/value
y[31] = /jointset/hip_l/hip_rotation_l/speed
y[32] = /jointset/knee_l/knee_angle_l/value
y[33] = /jointset/knee_l/knee_angle_l/speed
y[34] = /jointset/ankle_l/ankle_angle_l/value
y[35] = /jointset/ankle_l/ankle_angle_l/speed
y[36] = /jointset/subtalar_l/subtalar_angle_l/value
y[37] = /jointset/subtalar_l/subtalar_angle_l/speed
y[38] = /jointset/mtp_l/mtp_angle_l/value
y[39] = /jointset/mtp_l/mtp_angle_l/speed
y[40] = /jointset/back/lumbar_extension/value
y[41] = /jointset/back/lumbar_extension/speed
y[42] = /jointset/back/lumbar_bending/value
y[43] = /jointset/back/lumbar_bending/speed
y[44] = /jointset/back/lumbar_rotation/value
y[45] = /jointset/back/lumbar_rotation/speed
y[46] = /forceset/glut_med1_r/activation
y[47] = /forceset/glut_med1_r/fiber_length
y[48] = /forceset/glut_med2_r/activation
y[49] = /forceset/glut_med2_r/fiber_length
y[50] = /forceset/glut_med3_r/activation
y[51] = /forceset/glut_med3_r/fiber_length
y[52] = /forceset/bifemlh_r/activation
y[53] = /forceset/bifemlh_r/fiber_length
y[54] = /forceset/bifemsh_r/activation
y[55] = /forceset/bifemsh_r/fiber_length
y[56] = /forceset/sar_r/activation
y[57] = /forceset/sar_r/fiber_length
y[58] = /forceset/add_mag2_r/activation
y[59] = /forceset/add_mag2_r/fiber_length
y[60] = /forceset/tfl_r/activation
y[61] = /forceset/tfl_r/fiber_length
y[62] = /forceset/pect_r/activation
y[63] = /forceset/pect_r/fiber_length
y[64] = /forceset/grac_r/activation
y[65] = /forceset/grac_r/fiber_length
y[66] = /forceset/glut_max1_r/activation
y[67] = /forceset/glut_max1_r/fiber_length
y[68] = /forceset/glut_max2_r/activation
y[69] = /forceset/glut_max2_r/fiber_length
y[70] = /forceset/glut_max3_r/activation
y[71] = /forceset/glut_max3_r/fiber_length
y[72] = /forceset/iliacus_r/activation
y[73] = /forceset/iliacus_r/fiber_length
y[74] = /forceset/psoas_r/activation
y[75] = /forceset/psoas_r/fiber_length
y[76] = /forceset/quad_fem_r/activation
y[77] = /forceset/quad_fem_r/fiber_length
y[78] = /forceset/gem_r/activation
y[79] = /forceset/gem_r/fiber_length
y[80] = /forceset/peri_r/activation
y[81] = /forceset/peri_r/fiber_length
y[82] = /forceset/rect_fem_r/activation
y[83] = /forceset/rect_fem_r/fiber_length
y[84] = /forceset/vas_int_r/activation
y[85] = /forceset/vas_int_r/fiber_length
y[86] = /forceset/med_gas_r/activation
y[87] = /forceset/med_gas_r/fiber_length
y[88] = /forceset/soleus_r/activation
y[89] = /forceset/soleus_r/fiber_length
y[90] = /forceset/tib_post_r/activation
y[91] = /forceset/tib_post_r/fiber_length
y[92] = /forceset/tib_ant_r/activation
y[93] = /forceset/tib_ant_r/fiber_length
y[94] = /forceset/glut_med1_l/activation
y[95] = /forceset/glut_med1_l/fiber_length
y[96] = /forceset/glut_med2_l/activation
y[97] = /forceset/glut_med2_l/fiber_length
y[98] = /forceset/glut_med3_l/activation
y[99] = /forceset/glut_med3_l/fiber_length
y[100] = /forceset/bifemlh_l/activation
y[101] = /forceset/bifemlh_l/fiber_length
y[102] = /forceset/bifemsh_l/activation
y[103] = /forceset/bifemsh_l/fiber_length
y[104] = /forceset/sar_l/activation
y[105] = /forceset/sar_l/fiber_length
y[106] = /forceset/add_mag2_l/activation
y[107] = /forceset/add_mag2_l/fiber_length
y[108] = /forceset/tfl_l/activation
y[109] = /forceset/tfl_l/fiber_length
y[110] = /forceset/pect_l/activation
y[111] = /forceset/pect_l/fiber_length
y[112] = /forceset/grac_l/activation
y[113] = /forceset/grac_l/fiber_length
y[114] = /forceset/glut_max1_l/activation
y[115] = /forceset/glut_max1_l/fiber_length
y[116] = /forceset/glut_max2_l/activation
y[117] = /forceset/glut_max2_l/fiber_length
y[118] = /forceset/glut_max3_l/activation
y[119] = /forceset/glut_max3_l/fiber_length
y[120] = /forceset/iliacus_l/activation
y[121] = /forceset/iliacus_l/fiber_length
y[122] = /forceset/psoas_l/activation
y[123] = /forceset/psoas_l/fiber_length
y[124] = /forceset/quad_fem_l/activation
y[125] = /forceset/quad_fem_l/fiber_length
y[126] = /forceset/gem_l/activation
y[127] = /forceset/gem_l/fiber_length
y[128] = /forceset/peri_l/activation
y[129] = /forceset/peri_l/fiber_length
y[130] = /forceset/rect_fem_l/activation
y[131] = /forceset/rect_fem_l/fiber_length
y[132] = /forceset/vas_int_l/activation
y[133] = /forceset/vas_int_l/fiber_length
y[134] = /forceset/med_gas_l/activation
y[135] = /forceset/med_gas_l/fiber_length
y[136] = /forceset/soleus_l/activation
y[137] = /forceset/soleus_l/fiber_length
y[138] = /forceset/tib_post_l/activation
y[139] = /forceset/tib_post_l/fiber_length
y[140] = /forceset/tib_ant_l/activation
y[141] = /forceset/tib_ant_l/fiber_length
y[142] = /forceset/ercspn_r/activation
y[143] = /forceset/ercspn_r/fiber_length
y[144] = /forceset/ercspn_l/activation
y[145] = /forceset/ercspn_l/fiber_length
y[146] = /forceset/intobl_r/activation
y[147] = /forceset/intobl_r/fiber_length
y[148] = /forceset/intobl_l/activation
y[149] = /forceset/intobl_l/fiber_length
y[150] = /forceset/extobl_r/activation
y[151] = /forceset/extobl_r/fiber_length
y[152] = /forceset/extobl_l/activation
y[153] = /forceset/extobl_l/fiber_length

[2025-11-15 23:46:23.074] [info] Constructing function set for tracking desired kinematics...
[2025-11-15 23:46:23.187] [info] No Actuation analysis found in analysis set -- adding one...
[2025-11-15 23:46:23.187] [info] No Kinematics analysis found in analysis set -- adding one...
[2025-11-15 23:46:23.189] [info] Using the generalized coordinates specified in C:/Users/Hanif/OneDrive - UNSW/T3 - 2025/Biomechanics of Human Body/Final Project/Vicon Data/Shallow Squat/IK/1_Hanif_Shallow_2_5_patched.mot to set the initial configuration.
[2025-11-15 23:46:23.215] [info] Using IPOPT optimizer algorithm.
[2025-11-15 23:46:23.215] [info] Setting optimizer print level to 0.
[2025-11-15 23:46:23.215] [info] Setting optimizer convergence tolerance to 0.000100000.
[2025-11-15 23:46:23.215] [info] Setting optimizer maximum iterations to 1000.
[2025-11-15 23:46:23.215] [info] Setting cmc controller to not use verbose printing.

[2025-11-15 23:46:23.216] [info] -----------------------------------------------------------------
[2025-11-15 23:46:23.216] [info] Computing initial values for muscles states (activation, length):
[2025-11-15 23:46:23.216] [info] -----------------------------------------------------------------
[2025-11-15 23:46:23.216] [info]  -- Start time = Sat Nov 15 23:46:23 2025
[2025-11-15 23:46:23.216] [info] -----------------------------------------------------------------
[2025-11-15 23:46:23.216] [info] 
[2025-11-15 23:46:23.694] [info] CMC::computeControls, t = 0.2
[2025-11-15 23:46:24.475] [info] CMC::computeControls, t = 0.2
[2025-11-15 23:46:25.246] [info] ----------------------------------
[2025-11-15 23:46:25.246] [info] Finished computing initial states:
[2025-11-15 23:46:25.246] [info] ----------------------------------
[2025-11-15 23:46:25.246] [info]  -- Start time = Sat Nov 15 23:46:23 2025
[2025-11-15 23:46:25.246] [info]  -- Finish time = Sat Nov 15 23:46:25 2025
[2025-11-15 23:46:25.246] [info]  -- Elapsed time = 2.0 seconds.
[2025-11-15 23:46:25.246] [info] ----------------------------------
[2025-11-15 23:46:25.246] [info] 
[2025-11-15 23:46:25.246] [info] --------------------------------------------
[2025-11-15 23:46:25.246] [info] Using CMC to track the specified kinematics:
[2025-11-15 23:46:25.246] [info] --------------------------------------------
[2025-11-15 23:46:25.246] [info]  -- Integrating from 0.23 to 1.7
[2025-11-15 23:46:25.246] [info]  -- Start time = Sat Nov 15 23:46:25 2025
[2025-11-15 23:46:25.246] [info] --------------------------------------------
[2025-11-15 23:46:25.246] [info] 
[2025-11-15 23:46:25.250] [info] CMC::computeControls, t = 0.23
[2025-11-15 23:46:25.849] [info] CMC::computeControls, t = 0.24
[2025-11-15 23:46:26.379] [info] CMC::computeControls, t = 0.25
[2025-11-15 23:46:26.922] [info] CMC::computeControls, t = 0.26
[2025-11-15 23:46:27.443] [info] CMC::computeControls, t = 0.27
[2025-11-15 23:46:27.997] [info] CMC::computeControls, t = 0.28
[2025-11-15 23:46:28.537] [info] CMC::computeControls, t = 0.29
[2025-11-15 23:46:29.088] [info] CMC::computeControls, t = 0.3
[2025-11-15 23:46:29.609] [info] CMC::computeControls, t = 0.31
[2025-11-15 23:46:30.122] [info] CMC::computeControls, t = 0.32
[2025-11-15 23:46:30.796] [info] CMC::computeControls, t = 0.33
[2025-11-15 23:46:31.476] [info] CMC::computeControls, t = 0.34
[2025-11-15 23:46:32.222] [info] CMC::computeControls, t = 0.35
[2025-11-15 23:46:32.869] [info] CMC::computeControls, t = 0.36
[2025-11-15 23:46:33.535] [info] CMC::computeControls, t = 0.37
[2025-11-15 23:46:34.249] [info] CMC::computeControls, t = 0.38
[2025-11-15 23:46:34.907] [info] CMC::computeControls, t = 0.39
[2025-11-15 23:46:35.628] [info] CMC::computeControls, t = 0.4
[2025-11-15 23:46:36.322] [info] CMC::computeControls, t = 0.41
[2025-11-15 23:46:37.056] [info] CMC::computeControls, t = 0.42
[2025-11-15 23:46:37.722] [info] CMC::computeControls, t = 0.43
[2025-11-15 23:46:38.413] [info] CMC::computeControls, t = 0.44
[2025-11-15 23:46:39.018] [info] CMC::computeControls, t = 0.45
[2025-11-15 23:46:39.621] [info] CMC::computeControls, t = 0.46
[2025-11-15 23:46:40.303] [info] CMC::computeControls, t = 0.47
[2025-11-15 23:46:40.899] [info] CMC::computeControls, t = 0.48
[2025-11-15 23:46:41.608] [info] CMC::computeControls, t = 0.49
[2025-11-15 23:46:42.234] [info] CMC::computeControls, t = 0.5
[2025-11-15 23:46:43.001] [info] CMC::computeControls, t = 0.51
[2025-11-15 23:46:43.843] [info] CMC::computeControls, t = 0.52
[2025-11-15 23:46:44.589] [info] CMC::computeControls, t = 0.53
[2025-11-15 23:46:45.410] [info] CMC::computeControls, t = 0.54
[2025-11-15 23:46:46.224] [info] CMC::computeControls, t = 0.55
[2025-11-15 23:46:47.060] [info] CMC::computeControls, t = 0.56
[2025-11-15 23:46:47.136] [warning] CMC::computeControls: small force range for iliacus_l (0.0 to 0.0)
[2025-11-15 23:46:47.136] [info] 
[2025-11-15 23:46:48.088] [info] CMC::computeControls, t = 0.57
[2025-11-15 23:46:48.164] [warning] CMC::computeControls: small force range for iliacus_r (0.0 to 0.0)
[2025-11-15 23:46:48.164] [info] 
[2025-11-15 23:46:48.164] [warning] CMC::computeControls: small force range for iliacus_l (0.0 to 0.0)
[2025-11-15 23:46:48.164] [info] 
[2025-11-15 23:46:49.023] [info] CMC::computeControls, t = 0.58
[2025-11-15 23:46:49.991] [info] CMC::computeControls, t = 0.59
[2025-11-15 23:46:50.798] [info] CMC::computeControls, t = 0.6
[2025-11-15 23:46:51.548] [info] CMC::computeControls, t = 0.61
[2025-11-15 23:46:52.285] [info] CMC::computeControls, t = 0.62
[2025-11-15 23:46:53.002] [info] CMC::computeControls, t = 0.63
[2025-11-15 23:46:53.734] [info] CMC::computeControls, t = 0.64
[2025-11-15 23:46:54.467] [info] CMC::computeControls, t = 0.65
[2025-11-15 23:46:55.158] [info] CMC::computeControls, t = 0.66
[2025-11-15 23:46:55.777] [info] CMC::computeControls, t = 0.67
[2025-11-15 23:46:56.386] [info] CMC::computeControls, t = 0.68
[2025-11-15 23:46:56.969] [info] CMC::computeControls, t = 0.69
[2025-11-15 23:46:57.599] [info] CMC::computeControls, t = 0.7
[2025-11-15 23:46:58.191] [info] CMC::computeControls, t = 0.71
[2025-11-15 23:46:58.803] [info] CMC::computeControls, t = 0.72
[2025-11-15 23:46:59.319] [info] CMC::computeControls, t = 0.73
[2025-11-15 23:46:59.879] [info] CMC::computeControls, t = 0.74
[2025-11-15 23:47:00.473] [info] CMC::computeControls, t = 0.75
[2025-11-15 23:47:01.068] [info] CMC::computeControls, t = 0.76
[2025-11-15 23:47:01.680] [info] CMC::computeControls, t = 0.77
[2025-11-15 23:47:02.239] [info] CMC::computeControls, t = 0.78
[2025-11-15 23:47:02.703] [info] CMC::computeControls, t = 0.79
[2025-11-15 23:47:03.241] [info] CMC::computeControls, t = 0.8
[2025-11-15 23:47:03.853] [info] CMC::computeControls, t = 0.81
[2025-11-15 23:47:04.393] [info] CMC::computeControls, t = 0.82
[2025-11-15 23:47:04.950] [info] CMC::computeControls, t = 0.83
[2025-11-15 23:47:05.501] [info] CMC::computeControls, t = 0.84
[2025-11-15 23:47:06.078] [info] CMC::computeControls, t = 0.85
[2025-11-15 23:47:06.594] [info] CMC::computeControls, t = 0.86
[2025-11-15 23:47:07.135] [info] CMC::computeControls, t = 0.87
[2025-11-15 23:47:07.676] [info] CMC::computeControls, t = 0.88
[2025-11-15 23:47:08.248] [info] CMC::computeControls, t = 0.89
[2025-11-15 23:47:08.764] [info] CMC::computeControls, t = 0.9
[2025-11-15 23:47:09.333] [info] CMC::computeControls, t = 0.91
[2025-11-15 23:47:09.892] [info] CMC::computeControls, t = 0.92
[2025-11-15 23:47:10.434] [info] CMC::computeControls, t = 0.93
[2025-11-15 23:47:11.026] [info] CMC::computeControls, t = 0.94
[2025-11-15 23:47:11.542] [info] CMC::computeControls, t = 0.95
[2025-11-15 23:47:12.106] [info] CMC::computeControls, t = 0.96
[2025-11-15 23:47:12.671] [info] CMC::computeControls, t = 0.97
[2025-11-15 23:47:13.185] [info] CMC::computeControls, t = 0.98
[2025-11-15 23:47:13.746] [info] CMC::computeControls, t = 0.99
[2025-11-15 23:47:14.312] [info] CMC::computeControls, t = 1.0
[2025-11-15 23:47:14.871] [info] CMC::computeControls, t = 1.01
[2025-11-15 23:47:15.432] [info] CMC::computeControls, t = 1.02
[2025-11-15 23:47:16.005] [info] CMC::computeControls, t = 1.03
[2025-11-15 23:47:16.526] [info] CMC::computeControls, t = 1.04
[2025-11-15 23:47:17.096] [info] CMC::computeControls, t = 1.05
[2025-11-15 23:47:17.662] [info] CMC::computeControls, t = 1.06
[2025-11-15 23:47:18.180] [info] CMC::computeControls, t = 1.07
[2025-11-15 23:47:18.686] [info] CMC::computeControls, t = 1.08
[2025-11-15 23:47:19.191] [info] CMC::computeControls, t = 1.09
[2025-11-15 23:47:19.693] [info] CMC::computeControls, t = 1.1
[2025-11-15 23:47:20.281] [info] CMC::computeControls, t = 1.11
[2025-11-15 23:47:20.861] [info] CMC::computeControls, t = 1.12
[2025-11-15 23:47:21.424] [info] CMC::computeControls, t = 1.13
[2025-11-15 23:47:21.957] [info] CMC::computeControls, t = 1.14
[2025-11-15 23:47:22.471] [info] CMC::computeControls, t = 1.15
[2025-11-15 23:47:22.988] [info] CMC::computeControls, t = 1.16
[2025-11-15 23:47:23.532] [info] CMC::computeControls, t = 1.17
[2025-11-15 23:47:24.084] [info] CMC::computeControls, t = 1.18
[2025-11-15 23:47:24.611] [info] CMC::computeControls, t = 1.19
[2025-11-15 23:47:25.155] [info] CMC::computeControls, t = 1.2
[2025-11-15 23:47:25.705] [info] CMC::computeControls, t = 1.21
[2025-11-15 23:47:26.291] [info] CMC::computeControls, t = 1.22
[2025-11-15 23:47:26.843] [info] CMC::computeControls, t = 1.23
[2025-11-15 23:47:27.484] [info] CMC::computeControls, t = 1.24
[2025-11-15 23:47:28.079] [info] CMC::computeControls, t = 1.25
[2025-11-15 23:47:28.671] [info] CMC::computeControls, t = 1.26
[2025-11-15 23:47:29.271] [info] CMC::computeControls, t = 1.27
[2025-11-15 23:47:29.787] [info] CMC::computeControls, t = 1.28
[2025-11-15 23:47:30.344] [info] CMC::computeControls, t = 1.29
[2025-11-15 23:47:30.914] [info] CMC::computeControls, t = 1.3
[2025-11-15 23:47:31.439] [info] CMC::computeControls, t = 1.31
[2025-11-15 23:47:31.963] [info] CMC::computeControls, t = 1.32
[2025-11-15 23:47:32.496] [info] CMC::computeControls, t = 1.33
[2025-11-15 23:47:33.507] [info] CMC::computeControls, t = 1.34
[2025-11-15 23:47:34.489] [info] CMC::computeControls, t = 1.35
[2025-11-15 23:47:35.027] [info] CMC::computeControls, t = 1.36
[2025-11-15 23:47:35.567] [info] CMC::computeControls, t = 1.37
[2025-11-15 23:47:36.099] [info] CMC::computeControls, t = 1.38
[2025-11-15 23:47:36.662] [info] CMC::computeControls, t = 1.39
[2025-11-15 23:47:37.242] [info] CMC::computeControls, t = 1.4
[2025-11-15 23:47:37.768] [info] CMC::computeControls, t = 1.41
[2025-11-15 23:47:38.260] [info] CMC::computeControls, t = 1.42
[2025-11-15 23:47:38.749] [info] CMC::computeControls, t = 1.43
[2025-11-15 23:47:39.270] [info] CMC::computeControls, t = 1.44
[2025-11-15 23:47:39.832] [info] CMC::computeControls, t = 1.45
[2025-11-15 23:47:40.350] [info] CMC::computeControls, t = 1.46
[2025-11-15 23:47:40.891] [info] CMC::computeControls, t = 1.47
[2025-11-15 23:47:41.451] [info] CMC::computeControls, t = 1.48
[2025-11-15 23:47:41.963] [info] CMC::computeControls, t = 1.49
[2025-11-15 23:47:42.447] [info] CMC::computeControls, t = 1.5
[2025-11-15 23:47:42.986] [info] CMC::computeControls, t = 1.51
[2025-11-15 23:47:43.516] [info] CMC::computeControls, t = 1.52
[2025-11-15 23:47:44.009] [info] CMC::computeControls, t = 1.53
[2025-11-15 23:47:44.532] [info] CMC::computeControls, t = 1.54
[2025-11-15 23:47:45.089] [info] CMC::computeControls, t = 1.55
[2025-11-15 23:47:45.589] [info] CMC::computeControls, t = 1.56
[2025-11-15 23:47:46.093] [info] CMC::computeControls, t = 1.57
[2025-11-15 23:47:46.662] [info] CMC::computeControls, t = 1.58
[2025-11-15 23:47:47.223] [info] CMC::computeControls, t = 1.59
[2025-11-15 23:47:47.787] [info] CMC::computeControls, t = 1.6
[2025-11-15 23:47:48.332] [info] CMC::computeControls, t = 1.61
[2025-11-15 23:47:48.883] [info] CMC::computeControls, t = 1.62
[2025-11-15 23:47:49.436] [info] CMC::computeControls, t = 1.63
[2025-11-15 23:47:49.970] [info] CMC::computeControls, t = 1.64
[2025-11-15 23:47:50.566] [info] CMC::computeControls, t = 1.65
[2025-11-15 23:47:51.160] [info] CMC::computeControls, t = 1.66
[2025-11-15 23:47:51.706] [info] CMC::computeControls, t = 1.67
[2025-11-15 23:47:52.288] [info] CMC::computeControls, t = 1.68
[2025-11-15 23:47:52.863] [info] -------------------------------------------
[2025-11-15 23:47:52.863] [info] Finished tracking the specified kinematics.
[2025-11-15 23:47:52.863] [info] -------------------------------------------
[2025-11-15 23:47:52.863] [info]  -- Start time = Sat Nov 15 23:46:25 2025
[2025-11-15 23:47:52.863] [info]  -- Finish time = Sat Nov 15 23:47:52 2025
[2025-11-15 23:47:52.864] [info]  -- Elapsed time = 87.0 seconds.
[2025-11-15 23:47:52.864] [info] -------------------------------------------
[2025-11-15 23:47:52.864] [info] 
[2025-11-15 23:47:52.864] [info] Printing results of investigation Hanif-Scaled to C:/Users/Hanif/OneDrive - UNSW/T3 - 2025/Biomechanics of Human Body/Final Project/Vicon Data/Shallow Squat/CMC/1_Hanif_Shallow_2_5_patched
[2025-11-15 23:47:53.275] [info] Storage: read data file = C:/Users/Hanif/OneDrive - UNSW/T3 - 2025/Biomechanics of Human Body/Final Project/Vicon Data/Shallow Squat/IK/1_Hanif_Shallow_5_0_patched.mot (nr=401 nc=24)
[2025-11-16 00:22:55.101] [info] AbstractTool Hanif-Scaled loading model C:/Users/Hanif/OneDrive - UNSW/T3 - 2025/Biomechanics of Human Body/Final Project/Vicon Data/Shallow Squat/RRA/1_Hanif_Shallow_2_5_patched/1_Hanif_Shallow_2_5_patched_model_adjusted.osim
[2025-11-16 00:22:55.115] [info] Loaded model Hanif-Scaled from file C:/Users/Hanif/OneDrive - UNSW/T3 - 2025/Biomechanics of Human Body/Final Project/Vicon Data/Shallow Squat/RRA/1_Hanif_Shallow_2_5_patched/1_Hanif_Shallow_2_5_patched_model_adjusted.osim
[2025-11-16 00:22:55.208] [info] Adding force object set from ../../../../Scripts/Setup_XMLs/Boiler_XMLs/cmc_actuators.xml
[2025-11-16 00:22:55.216] [info] Running tool 'Hanif-Scaled'.
[2025-11-16 00:22:55.225] [info] TaskSet size = 23.
[2025-11-16 00:22:55.230] [info] Storage: read data file = C:/Users/Hanif/OneDrive - UNSW/T3 - 2025/Biomechanics of Human Body/Final Project/Vicon Data/Shallow Squat\ID\GRF\1_Hanif_Shallow_2_5_grf.mot (nr=301 nc=19)
[2025-11-16 00:22:55.232] [info] ExternalForce::right_ground_force_v Data source being set to Hanif_Shallow_2_5_grf.mot
[2025-11-16 00:22:55.232] [info] ExternalForce::left_ground_force_v Data source being set to Hanif_Shallow_2_5_grf.mot
[2025-11-16 00:22:55.232] [warning] CMC::extendAddToSystem: CMC cannot compute controls for muscles with muscle controls less than 0.02.
[2025-11-16 00:22:55.232] [warning] CMC::extendAddToSystem: The minimum control limit for muscle 'glut_med1_r' has been reset to 0.02.
[2025-11-16 00:22:55.232] [warning] CMC::extendAddToSystem: CMC cannot compute controls for muscles with muscle controls less than 0.02.
[2025-11-16 00:22:55.232] [warning] CMC::extendAddToSystem: The minimum control limit for muscle 'glut_med2_r' has been reset to 0.02.
[2025-11-16 00:22:55.232] [warning] CMC::extendAddToSystem: CMC cannot compute controls for muscles with muscle controls less than 0.02.
[2025-11-16 00:22:55.232] [warning] CMC::extendAddToSystem: The minimum control limit for muscle 'glut_med3_r' has been reset to 0.02.
[2025-11-16 00:22:55.232] [warning] CMC::extendAddToSystem: CMC cannot compute controls for muscles with muscle controls less than 0.02.
[2025-11-16 00:22:55.232] [warning] CMC::extendAddToSystem: The minimum control limit for muscle 'bifemlh_r' has been reset to 0.02.
[2025-11-16 00:22:55.232] [warning] CMC::extendAddToSystem: CMC cannot compute controls for muscles with muscle controls less than 0.02.
[2025-11-16 00:22:55.232] [warning] CMC::extendAddToSystem: The minimum control limit for muscle 'bifemsh_r' has been reset to 0.02.
[2025-11-16 00:22:55.232] [warning] CMC::extendAddToSystem: CMC cannot compute controls for muscles with muscle controls less than 0.02.
[2025-11-16 00:22:55.232] [warning] CMC::extendAddToSystem: The minimum control limit for muscle 'sar_r' has been reset to 0.02.
[2025-11-16 00:22:55.232] [warning] CMC::extendAddToSystem: CMC cannot compute controls for muscles with muscle controls less than 0.02.
[2025-11-16 00:22:55.232] [warning] CMC::extendAddToSystem: The minimum control limit for muscle 'add_mag2_r' has been reset to 0.02.
[2025-11-16 00:22:55.232] [warning] CMC::extendAddToSystem: CMC cannot compute controls for muscles with muscle controls less than 0.02.
[2025-11-16 00:22:55.232] [warning] CMC::extendAddToSystem: The minimum control limit for muscle 'tfl_r' has been reset to 0.02.
[2025-11-16 00:22:55.233] [warning] CMC::extendAddToSystem: CMC cannot compute controls for muscles with muscle controls less than 0.02.
[2025-11-16 00:22:55.233] [warning] CMC::extendAddToSystem: The minimum control limit for muscle 'pect_r' has been reset to 0.02.
[2025-11-16 00:22:55.233] [warning] CMC::extendAddToSystem: CMC cannot compute controls for muscles with muscle controls less than 0.02.
[2025-11-16 00:22:55.233] [warning] CMC::extendAddToSystem: The minimum control limit for muscle 'grac_r' has been reset to 0.02.
[2025-11-16 00:22:55.233] [warning] CMC::extendAddToSystem: CMC cannot compute controls for muscles with muscle controls less than 0.02.
[2025-11-16 00:22:55.233] [warning] CMC::extendAddToSystem: The minimum control limit for muscle 'glut_max1_r' has been reset to 0.02.
[2025-11-16 00:22:55.233] [warning] CMC::extendAddToSystem: CMC cannot compute controls for muscles with muscle controls less than 0.02.
[2025-11-16 00:22:55.233] [warning] CMC::extendAddToSystem: The minimum control limit for muscle 'glut_max2_r' has been reset to 0.02.
[2025-11-16 00:22:55.233] [warning] CMC::extendAddToSystem: CMC cannot compute controls for muscles with muscle controls less than 0.02.
[2025-11-16 00:22:55.233] [warning] CMC::extendAddToSystem: The minimum control limit for muscle 'glut_max3_r' has been reset to 0.02.
[2025-11-16 00:22:55.233] [warning] CMC::extendAddToSystem: CMC cannot compute controls for muscles with muscle controls less than 0.02.
[2025-11-16 00:22:55.233] [warning] CMC::extendAddToSystem: The minimum control limit for muscle 'iliacus_r' has been reset to 0.02.
[2025-11-16 00:22:55.233] [warning] CMC::extendAddToSystem: CMC cannot compute controls for muscles with muscle controls less than 0.02.
[2025-11-16 00:22:55.233] [warning] CMC::extendAddToSystem: The minimum control limit for muscle 'psoas_r' has been reset to 0.02.
[2025-11-16 00:22:55.233] [warning] CMC::extendAddToSystem: CMC cannot compute controls for muscles with muscle controls less than 0.02.
[2025-11-16 00:22:55.233] [warning] CMC::extendAddToSystem: The minimum control limit for muscle 'quad_fem_r' has been reset to 0.02.
[2025-11-16 00:22:55.233] [warning] CMC::extendAddToSystem: CMC cannot compute controls for muscles with muscle controls less than 0.02.
[2025-11-16 00:22:55.233] [warning] CMC::extendAddToSystem: The minimum control limit for muscle 'gem_r' has been reset to 0.02.
[2025-11-16 00:22:55.233] [warning] CMC::extendAddToSystem: CMC cannot compute controls for muscles with muscle controls less than 0.02.
[2025-11-16 00:22:55.233] [warning] CMC::extendAddToSystem: The minimum control limit for muscle 'peri_r' has been reset to 0.02.
[2025-11-16 00:22:55.233] [warning] CMC::extendAddToSystem: CMC cannot compute controls for muscles with muscle controls less than 0.02.
[2025-11-16 00:22:55.233] [warning] CMC::extendAddToSystem: The minimum control limit for muscle 'rect_fem_r' has been reset to 0.02.
[2025-11-16 00:22:55.233] [warning] CMC::extendAddToSystem: CMC cannot compute controls for muscles with muscle controls less than 0.02.
[2025-11-16 00:22:55.233] [warning] CMC::extendAddToSystem: The minimum control limit for muscle 'vas_int_r' has been reset to 0.02.
[2025-11-16 00:22:55.233] [warning] CMC::extendAddToSystem: CMC cannot compute controls for muscles with muscle controls less than 0.02.
[2025-11-16 00:22:55.233] [warning] CMC::extendAddToSystem: The minimum control limit for muscle 'med_gas_r' has been reset to 0.02.
[2025-11-16 00:22:55.233] [warning] CMC::extendAddToSystem: CMC cannot compute controls for muscles with muscle controls less than 0.02.
[2025-11-16 00:22:55.233] [warning] CMC::extendAddToSystem: The minimum control limit for muscle 'soleus_r' has been reset to 0.02.
[2025-11-16 00:22:55.233] [warning] CMC::extendAddToSystem: CMC cannot compute controls for muscles with muscle controls less than 0.02.
[2025-11-16 00:22:55.233] [warning] CMC::extendAddToSystem: The minimum control limit for muscle 'tib_post_r' has been reset to 0.02.
[2025-11-16 00:22:55.233] [warning] CMC::extendAddToSystem: CMC cannot compute controls for muscles with muscle controls less than 0.02.
[2025-11-16 00:22:55.233] [warning] CMC::extendAddToSystem: The minimum control limit for muscle 'tib_ant_r' has been reset to 0.02.
[2025-11-16 00:22:55.233] [warning] CMC::extendAddToSystem: CMC cannot compute controls for muscles with muscle controls less than 0.02.
[2025-11-16 00:22:55.233] [warning] CMC::extendAddToSystem: The minimum control limit for muscle 'glut_med1_l' has been reset to 0.02.
[2025-11-16 00:22:55.233] [warning] CMC::extendAddToSystem: CMC cannot compute controls for muscles with muscle controls less than 0.02.
[2025-11-16 00:22:55.233] [warning] CMC::extendAddToSystem: The minimum control limit for muscle 'glut_med2_l' has been reset to 0.02.
[2025-11-16 00:22:55.233] [warning] CMC::extendAddToSystem: CMC cannot compute controls for muscles with muscle controls less than 0.02.
[2025-11-16 00:22:55.233] [warning] CMC::extendAddToSystem: The minimum control limit for muscle 'glut_med3_l' has been reset to 0.02.
[2025-11-16 00:22:55.233] [warning] CMC::extendAddToSystem: CMC cannot compute controls for muscles with muscle controls less than 0.02.
[2025-11-16 00:22:55.233] [warning] CMC::extendAddToSystem: The minimum control limit for muscle 'bifemlh_l' has been reset to 0.02.
[2025-11-16 00:22:55.233] [warning] CMC::extendAddToSystem: CMC cannot compute controls for muscles with muscle controls less than 0.02.
[2025-11-16 00:22:55.233] [warning] CMC::extendAddToSystem: The minimum control limit for muscle 'bifemsh_l' has been reset to 0.02.
[2025-11-16 00:22:55.233] [warning] CMC::extendAddToSystem: CMC cannot compute controls for muscles with muscle controls less than 0.02.
[2025-11-16 00:22:55.233] [warning] CMC::extendAddToSystem: The minimum control limit for muscle 'sar_l' has been reset to 0.02.
[2025-11-16 00:22:55.233] [warning] CMC::extendAddToSystem: CMC cannot compute controls for muscles with muscle controls less than 0.02.
[2025-11-16 00:22:55.233] [warning] CMC::extendAddToSystem: The minimum control limit for muscle 'add_mag2_l' has been reset to 0.02.
[2025-11-16 00:22:55.233] [warning] CMC::extendAddToSystem: CMC cannot compute controls for muscles with muscle controls less than 0.02.
[2025-11-16 00:22:55.233] [warning] CMC::extendAddToSystem: The minimum control limit for muscle 'tfl_l' has been reset to 0.02.
[2025-11-16 00:22:55.233] [warning] CMC::extendAddToSystem: CMC cannot compute controls for muscles with muscle controls less than 0.02.
[2025-11-16 00:22:55.233] [warning] CMC::extendAddToSystem: The minimum control limit for muscle 'pect_l' has been reset to 0.02.
[2025-11-16 00:22:55.233] [warning] CMC::extendAddToSystem: CMC cannot compute controls for muscles with muscle controls less than 0.02.
[2025-11-16 00:22:55.233] [warning] CMC::extendAddToSystem: The minimum control limit for muscle 'grac_l' has been reset to 0.02.
[2025-11-16 00:22:55.233] [warning] CMC::extendAddToSystem: CMC cannot compute controls for muscles with muscle controls less than 0.02.
[2025-11-16 00:22:55.233] [warning] CMC::extendAddToSystem: The minimum control limit for muscle 'glut_max1_l' has been reset to 0.02.
[2025-11-16 00:22:55.233] [warning] CMC::extendAddToSystem: CMC cannot compute controls for muscles with muscle controls less than 0.02.
[2025-11-16 00:22:55.233] [warning] CMC::extendAddToSystem: The minimum control limit for muscle 'glut_max2_l' has been reset to 0.02.
[2025-11-16 00:22:55.233] [warning] CMC::extendAddToSystem: CMC cannot compute controls for muscles with muscle controls less than 0.02.
[2025-11-16 00:22:55.233] [warning] CMC::extendAddToSystem: The minimum control limit for muscle 'glut_max3_l' has been reset to 0.02.
[2025-11-16 00:22:55.233] [warning] CMC::extendAddToSystem: CMC cannot compute controls for muscles with muscle controls less than 0.02.
[2025-11-16 00:22:55.233] [warning] CMC::extendAddToSystem: The minimum control limit for muscle 'iliacus_l' has been reset to 0.02.
[2025-11-16 00:22:55.233] [warning] CMC::extendAddToSystem: CMC cannot compute controls for muscles with muscle controls less than 0.02.
[2025-11-16 00:22:55.233] [warning] CMC::extendAddToSystem: The minimum control limit for muscle 'psoas_l' has been reset to 0.02.
[2025-11-16 00:22:55.233] [warning] CMC::extendAddToSystem: CMC cannot compute controls for muscles with muscle controls less than 0.02.
[2025-11-16 00:22:55.233] [warning] CMC::extendAddToSystem: The minimum control limit for muscle 'quad_fem_l' has been reset to 0.02.
[2025-11-16 00:22:55.233] [warning] CMC::extendAddToSystem: CMC cannot compute controls for muscles with muscle controls less than 0.02.
[2025-11-16 00:22:55.233] [warning] CMC::extendAddToSystem: The minimum control limit for muscle 'gem_l' has been reset to 0.02.
[2025-11-16 00:22:55.233] [warning] CMC::extendAddToSystem: CMC cannot compute controls for muscles with muscle controls less than 0.02.
[2025-11-16 00:22:55.233] [warning] CMC::extendAddToSystem: The minimum control limit for muscle 'peri_l' has been reset to 0.02.
[2025-11-16 00:22:55.233] [warning] CMC::extendAddToSystem: CMC cannot compute controls for muscles with muscle controls less than 0.02.
[2025-11-16 00:22:55.233] [warning] CMC::extendAddToSystem: The minimum control limit for muscle 'rect_fem_l' has been reset to 0.02.
[2025-11-16 00:22:55.233] [warning] CMC::extendAddToSystem: CMC cannot compute controls for muscles with muscle controls less than 0.02.
[2025-11-16 00:22:55.233] [warning] CMC::extendAddToSystem: The minimum control limit for muscle 'vas_int_l' has been reset to 0.02.
[2025-11-16 00:22:55.233] [warning] CMC::extendAddToSystem: CMC cannot compute controls for muscles with muscle controls less than 0.02.
[2025-11-16 00:22:55.233] [warning] CMC::extendAddToSystem: The minimum control limit for muscle 'med_gas_l' has been reset to 0.02.
[2025-11-16 00:22:55.233] [warning] CMC::extendAddToSystem: CMC cannot compute controls for muscles with muscle controls less than 0.02.
[2025-11-16 00:22:55.233] [warning] CMC::extendAddToSystem: The minimum control limit for muscle 'soleus_l' has been reset to 0.02.
[2025-11-16 00:22:55.233] [warning] CMC::extendAddToSystem: CMC cannot compute controls for muscles with muscle controls less than 0.02.
[2025-11-16 00:22:55.233] [warning] CMC::extendAddToSystem: The minimum control limit for muscle 'tib_post_l' has been reset to 0.02.
[2025-11-16 00:22:55.233] [warning] CMC::extendAddToSystem: CMC cannot compute controls for muscles with muscle controls less than 0.02.
[2025-11-16 00:22:55.233] [warning] CMC::extendAddToSystem: The minimum control limit for muscle 'tib_ant_l' has been reset to 0.02.
[2025-11-16 00:22:55.233] [warning] CMC::extendAddToSystem: CMC cannot compute controls for muscles with muscle controls less than 0.02.
[2025-11-16 00:22:55.233] [warning] CMC::extendAddToSystem: The minimum control limit for muscle 'ercspn_r' has been reset to 0.02.
[2025-11-16 00:22:55.233] [warning] CMC::extendAddToSystem: CMC cannot compute controls for muscles with muscle controls less than 0.02.
[2025-11-16 00:22:55.233] [warning] CMC::extendAddToSystem: The minimum control limit for muscle 'ercspn_l' has been reset to 0.02.
[2025-11-16 00:22:55.233] [warning] CMC::extendAddToSystem: CMC cannot compute controls for muscles with muscle controls less than 0.02.
[2025-11-16 00:22:55.233] [warning] CMC::extendAddToSystem: The minimum control limit for muscle 'intobl_r' has been reset to 0.02.
[2025-11-16 00:22:55.233] [warning] CMC::extendAddToSystem: CMC cannot compute controls for muscles with muscle controls less than 0.02.
[2025-11-16 00:22:55.233] [warning] CMC::extendAddToSystem: The minimum control limit for muscle 'intobl_l' has been reset to 0.02.
[2025-11-16 00:22:55.233] [warning] CMC::extendAddToSystem: CMC cannot compute controls for muscles with muscle controls less than 0.02.
[2025-11-16 00:22:55.233] [warning] CMC::extendAddToSystem: The minimum control limit for muscle 'extobl_r' has been reset to 0.02.
[2025-11-16 00:22:55.233] [warning] CMC::extendAddToSystem: CMC cannot compute controls for muscles with muscle controls less than 0.02.
[2025-11-16 00:22:55.233] [warning] CMC::extendAddToSystem: The minimum control limit for muscle 'extobl_l' has been reset to 0.02.
[2025-11-16 00:22:55.235] [warning] A desired points file was not specified.
[2025-11-16 00:22:55.235] [info] Loading desired kinematics from file 'C:/Users/Hanif/OneDrive - UNSW/T3 - 2025/Biomechanics of Human Body/Final Project/Vicon Data/Shallow Squat/IK/1_Hanif_Shallow_2_5_patched.mot'...
[2025-11-16 00:22:55.235] [info] Storage: read data file = C:/Users/Hanif/OneDrive - UNSW/T3 - 2025/Biomechanics of Human Body/Final Project/Vicon Data/Shallow Squat/IK/1_Hanif_Shallow_2_5_patched.mot (nr=301 nc=24)
[2025-11-16 00:22:55.237] [info] Low-pass filtering desired kinematics with a cutoff frequency of 6.0...
[2025-11-16 00:22:55.247] [cout] [info] MODEL: Hanif-Scaled

numStates = 154
numCoordinates = 23
numSpeeds = 23
numActuators = 77
numBodies = 12
numConstraints = 0
numProbes = 0

ANALYSES (total: 0)

BODIES (total: 12)
body[0] = pelvis. mass: 8.90742
              moments of inertia:  ~[0.0524779,0.0444633,0.0295571]
              products of inertia: ~[0,0,0]
body[1] = femur_r. mass: 7.03502
              moments of inertia:  ~[0.0924431,0.0242326,0.0974829]
              products of inertia: ~[0,0,0]
body[2] = tibia_r. mass: 2.80413
              moments of inertia:  ~[0.0293523,0.00297017,0.0297599]
              products of inertia: ~[0,0,0]
body[3] = talus_r. mass: 0.075634
              moments of inertia:  ~[0.000457796,0.000457796,0.000457796]
              products of inertia: ~[0,0,0]
body[4] = calcn_r. mass: 0.945425
              moments of inertia:  ~[0.000640914,0.0017854,0.00187696]
              products of inertia: ~[0,0,0]
body[5] = toes_r. mass: 0.163823
              moments of inertia:  ~[4.57796e-05,9.15591e-05,4.57796e-05]
              products of inertia: ~[0,0,0]
body[6] = femur_l. mass: 7.03502
              moments of inertia:  ~[0.0924431,0.0242326,0.0974829]
              products of inertia: ~[0,0,0]
body[7] = tibia_l. mass: 2.80413
              moments of inertia:  ~[0.0293523,0.00297017,0.0297599]
              products of inertia: ~[0,0,0]
body[8] = talus_l. mass: 0.075634
              moments of inertia:  ~[0.000457796,0.000457796,0.000457796]
              products of inertia: ~[0,0,0]
body[9] = calcn_l. mass: 0.945425
              moments of inertia:  ~[0.000640914,0.0017854,0.00187696]
              products of inertia: ~[0,0,0]
body[10] = toes_l. mass: 0.163823
              moments of inertia:  ~[4.57796e-05,9.15591e-05,4.57796e-05]
              products of inertia: ~[0,0,0]
body[11] = torso. mass: 24.1399
              moments of inertia:  ~[0.882257,0.452048,0.856468]
              products of inertia: ~[0,0,0]

JOINTS (total: 12)
joint[0] = ground_pelvis. parent: ground_offset, child: pelvis_offset
joint[1] = hip_r. parent: pelvis_offset, child: femur_r_offset
joint[2] = knee_r. parent: femur_r_offset, child: tibia_r_offset
joint[3] = ankle_r. parent: tibia_r_offset, child: talus_r_offset
joint[4] = subtalar_r. parent: talus_r_offset, child: calcn_r_offset
joint[5] = mtp_r. parent: calcn_r_offset, child: toes_r_offset
joint[6] = hip_l. parent: pelvis_offset, child: femur_l_offset
joint[7] = knee_l. parent: femur_l_offset, child: tibia_l_offset
joint[8] = ankle_l. parent: tibia_l_offset, child: talus_l_offset
joint[9] = subtalar_l. parent: talus_l_offset, child: calcn_l_offset
joint[10] = mtp_l. parent: calcn_l_offset, child: toes_l_offset
joint[11] = back. parent: pelvis_offset, child: torso_offset

ACTUATORS (total: 77)
actuator[0] = glut_med1_r
actuator[1] = glut_med2_r
actuator[2] = glut_med3_r
actuator[3] = bifemlh_r
actuator[4] = bifemsh_r
actuator[5] = sar_r
actuator[6] = add_mag2_r
actuator[7] = tfl_r
actuator[8] = pect_r
actuator[9] = grac_r
actuator[10] = glut_max1_r
actuator[11] = glut_max2_r
actuator[12] = glut_max3_r
actuator[13] = iliacus_r
actuator[14] = psoas_r
actuator[15] = quad_fem_r
actuator[16] = gem_r
actuator[17] = peri_r
actuator[18] = rect_fem_r
actuator[19] = vas_int_r
actuator[20] = med_gas_r
actuator[21] = soleus_r
actuator[22] = tib_post_r
actuator[23] = tib_ant_r
actuator[24] = glut_med1_l
actuator[25] = glut_med2_l
actuator[26] = glut_med3_l
actuator[27] = bifemlh_l
actuator[28] = bifemsh_l
actuator[29] = sar_l
actuator[30] = add_mag2_l
actuator[31] = tfl_l
actuator[32] = pect_l
actuator[33] = grac_l
actuator[34] = glut_max1_l
actuator[35] = glut_max2_l
actuator[36] = glut_max3_l
actuator[37] = iliacus_l
actuator[38] = psoas_l
actuator[39] = quad_fem_l
actuator[40] = gem_l
actuator[41] = peri_l
actuator[42] = rect_fem_l
actuator[43] = vas_int_l
actuator[44] = med_gas_l
actuator[45] = soleus_l
actuator[46] = tib_post_l
actuator[47] = tib_ant_l
actuator[48] = ercspn_r
actuator[49] = ercspn_l
actuator[50] = intobl_r
actuator[51] = intobl_l
actuator[52] = extobl_r
actuator[53] = extobl_l
actuator[54] = FX
actuator[55] = FY
actuator[56] = FZ
actuator[57] = MX
actuator[58] = MY
actuator[59] = MZ
actuator[60] = hip_flexion_r_reserve
actuator[61] = hip_adduction_r_reserve
actuator[62] = hip_rotation_r_reserve
actuator[63] = knee_angle_r_reserve
actuator[64] = ankle_angle_r_reserve
actuator[65] = subtalar_angle_r_reserve
actuator[66] = mtp_angle_r_reserve
actuator[67] = hip_flexion_l_reserve
actuator[68] = hip_adduction_l_reserve
actuator[69] = hip_rotation_l_reserve
actuator[70] = knee_angle_l_reserve
actuator[71] = ankle_angle_l_reserve
actuator[72] = subtalar_angle_l_reserve
actuator[73] = mtp_angle_l_reserve
actuator[74] = lumbar_extension_reserve
actuator[75] = lumbar_bending_reserve
actuator[76] = lumbar_rotation_reserve

STATES (total: 154)
y[0] = /jointset/ground_pelvis/pelvis_tilt/value
y[1] = /jointset/ground_pelvis/pelvis_tilt/speed
y[2] = /jointset/ground_pelvis/pelvis_list/value
y[3] = /jointset/ground_pelvis/pelvis_list/speed
y[4] = /jointset/ground_pelvis/pelvis_rotation/value
y[5] = /jointset/ground_pelvis/pelvis_rotation/speed
y[6] = /jointset/ground_pelvis/pelvis_tx/value
y[7] = /jointset/ground_pelvis/pelvis_tx/speed
y[8] = /jointset/ground_pelvis/pelvis_ty/value
y[9] = /jointset/ground_pelvis/pelvis_ty/speed
y[10] = /jointset/ground_pelvis/pelvis_tz/value
y[11] = /jointset/ground_pelvis/pelvis_tz/speed
y[12] = /jointset/hip_r/hip_flexion_r/value
y[13] = /jointset/hip_r/hip_flexion_r/speed
y[14] = /jointset/hip_r/hip_adduction_r/value
y[15] = /jointset/hip_r/hip_adduction_r/speed
y[16] = /jointset/hip_r/hip_rotation_r/value
y[17] = /jointset/hip_r/hip_rotation_r/speed
y[18] = /jointset/knee_r/knee_angle_r/value
y[19] = /jointset/knee_r/knee_angle_r/speed
y[20] = /jointset/ankle_r/ankle_angle_r/value
y[21] = /jointset/ankle_r/ankle_angle_r/speed
y[22] = /jointset/subtalar_r/subtalar_angle_r/value
y[23] = /jointset/subtalar_r/subtalar_angle_r/speed
y[24] = /jointset/mtp_r/mtp_angle_r/value
y[25] = /jointset/mtp_r/mtp_angle_r/speed
y[26] = /jointset/hip_l/hip_flexion_l/value
y[27] = /jointset/hip_l/hip_flexion_l/speed
y[28] = /jointset/hip_l/hip_adduction_l/value
y[29] = /jointset/hip_l/hip_adduction_l/speed
y[30] = /jointset/hip_l/hip_rotation_l/value
y[31] = /jointset/hip_l/hip_rotation_l/speed
y[32] = /jointset/knee_l/knee_angle_l/value
y[33] = /jointset/knee_l/knee_angle_l/speed
y[34] = /jointset/ankle_l/ankle_angle_l/value
y[35] = /jointset/ankle_l/ankle_angle_l/speed
y[36] = /jointset/subtalar_l/subtalar_angle_l/value
y[37] = /jointset/subtalar_l/subtalar_angle_l/speed
y[38] = /jointset/mtp_l/mtp_angle_l/value
y[39] = /jointset/mtp_l/mtp_angle_l/speed
y[40] = /jointset/back/lumbar_extension/value
y[41] = /jointset/back/lumbar_extension/speed
y[42] = /jointset/back/lumbar_bending/value
y[43] = /jointset/back/lumbar_bending/speed
y[44] = /jointset/back/lumbar_rotation/value
y[45] = /jointset/back/lumbar_rotation/speed
y[46] = /forceset/glut_med1_r/activation
y[47] = /forceset/glut_med1_r/fiber_length
y[48] = /forceset/glut_med2_r/activation
y[49] = /forceset/glut_med2_r/fiber_length
y[50] = /forceset/glut_med3_r/activation
y[51] = /forceset/glut_med3_r/fiber_length
y[52] = /forceset/bifemlh_r/activation
y[53] = /forceset/bifemlh_r/fiber_length
y[54] = /forceset/bifemsh_r/activation
y[55] = /forceset/bifemsh_r/fiber_length
y[56] = /forceset/sar_r/activation
y[57] = /forceset/sar_r/fiber_length
y[58] = /forceset/add_mag2_r/activation
y[59] = /forceset/add_mag2_r/fiber_length
y[60] = /forceset/tfl_r/activation
y[61] = /forceset/tfl_r/fiber_length
y[62] = /forceset/pect_r/activation
y[63] = /forceset/pect_r/fiber_length
y[64] = /forceset/grac_r/activation
y[65] = /forceset/grac_r/fiber_length
y[66] = /forceset/glut_max1_r/activation
y[67] = /forceset/glut_max1_r/fiber_length
y[68] = /forceset/glut_max2_r/activation
y[69] = /forceset/glut_max2_r/fiber_length
y[70] = /forceset/glut_max3_r/activation
y[71] = /forceset/glut_max3_r/fiber_length
y[72] = /forceset/iliacus_r/activation
y[73] = /forceset/iliacus_r/fiber_length
y[74] = /forceset/psoas_r/activation
y[75] = /forceset/psoas_r/fiber_length
y[76] = /forceset/quad_fem_r/activation
y[77] = /forceset/quad_fem_r/fiber_length
y[78] = /forceset/gem_r/activation
y[79] = /forceset/gem_r/fiber_length
y[80] = /forceset/peri_r/activation
y[81] = /forceset/peri_r/fiber_length
y[82] = /forceset/rect_fem_r/activation
y[83] = /forceset/rect_fem_r/fiber_length
y[84] = /forceset/vas_int_r/activation
y[85] = /forceset/vas_int_r/fiber_length
y[86] = /forceset/med_gas_r/activation
y[87] = /forceset/med_gas_r/fiber_length
y[88] = /forceset/soleus_r/activation
y[89] = /forceset/soleus_r/fiber_length
y[90] = /forceset/tib_post_r/activation
y[91] = /forceset/tib_post_r/fiber_length
y[92] = /forceset/tib_ant_r/activation
y[93] = /forceset/tib_ant_r/fiber_length
y[94] = /forceset/glut_med1_l/activation
y[95] = /forceset/glut_med1_l/fiber_length
y[96] = /forceset/glut_med2_l/activation
y[97] = /forceset/glut_med2_l/fiber_length
y[98] = /forceset/glut_med3_l/activation
y[99] = /forceset/glut_med3_l/fiber_length
y[100] = /forceset/bifemlh_l/activation
y[101] = /forceset/bifemlh_l/fiber_length
y[102] = /forceset/bifemsh_l/activation
y[103] = /forceset/bifemsh_l/fiber_length
y[104] = /forceset/sar_l/activation
y[105] = /forceset/sar_l/fiber_length
y[106] = /forceset/add_mag2_l/activation
y[107] = /forceset/add_mag2_l/fiber_length
y[108] = /forceset/tfl_l/activation
y[109] = /forceset/tfl_l/fiber_length
y[110] = /forceset/pect_l/activation
y[111] = /forceset/pect_l/fiber_length
y[112] = /forceset/grac_l/activation
y[113] = /forceset/grac_l/fiber_length
y[114] = /forceset/glut_max1_l/activation
y[115] = /forceset/glut_max1_l/fiber_length
y[116] = /forceset/glut_max2_l/activation
y[117] = /forceset/glut_max2_l/fiber_length
y[118] = /forceset/glut_max3_l/activation
y[119] = /forceset/glut_max3_l/fiber_length
y[120] = /forceset/iliacus_l/activation
y[121] = /forceset/iliacus_l/fiber_length
y[122] = /forceset/psoas_l/activation
y[123] = /forceset/psoas_l/fiber_length
y[124] = /forceset/quad_fem_l/activation
y[125] = /forceset/quad_fem_l/fiber_length
y[126] = /forceset/gem_l/activation
y[127] = /forceset/gem_l/fiber_length
y[128] = /forceset/peri_l/activation
y[129] = /forceset/peri_l/fiber_length
y[130] = /forceset/rect_fem_l/activation
y[131] = /forceset/rect_fem_l/fiber_length
y[132] = /forceset/vas_int_l/activation
y[133] = /forceset/vas_int_l/fiber_length
y[134] = /forceset/med_gas_l/activation
y[135] = /forceset/med_gas_l/fiber_length
y[136] = /forceset/soleus_l/activation
y[137] = /forceset/soleus_l/fiber_length
y[138] = /forceset/tib_post_l/activation
y[139] = /forceset/tib_post_l/fiber_length
y[140] = /forceset/tib_ant_l/activation
y[141] = /forceset/tib_ant_l/fiber_length
y[142] = /forceset/ercspn_r/activation
y[143] = /forceset/ercspn_r/fiber_length
y[144] = /forceset/ercspn_l/activation
y[145] = /forceset/ercspn_l/fiber_length
y[146] = /forceset/intobl_r/activation
y[147] = /forceset/intobl_r/fiber_length
y[148] = /forceset/intobl_l/activation
y[149] = /forceset/intobl_l/fiber_length
y[150] = /forceset/extobl_r/activation
y[151] = /forceset/extobl_r/fiber_length
y[152] = /forceset/extobl_l/activation
y[153] = /forceset/extobl_l/fiber_length

[2025-11-16 00:22:55.307] [info] Constructing function set for tracking desired kinematics...
[2025-11-16 00:22:55.420] [info] No Actuation analysis found in analysis set -- adding one...
[2025-11-16 00:22:55.420] [info] No Kinematics analysis found in analysis set -- adding one...
[2025-11-16 00:22:55.422] [info] Using the generalized coordinates specified in C:/Users/Hanif/OneDrive - UNSW/T3 - 2025/Biomechanics of Human Body/Final Project/Vicon Data/Shallow Squat/IK/1_Hanif_Shallow_2_5_patched.mot to set the initial configuration.
[2025-11-16 00:22:55.448] [info] Using IPOPT optimizer algorithm.
[2025-11-16 00:22:55.448] [info] Setting optimizer print level to 0.
[2025-11-16 00:22:55.448] [info] Setting optimizer convergence tolerance to 0.000100000.
[2025-11-16 00:22:55.448] [info] Setting optimizer maximum iterations to 1000.
[2025-11-16 00:22:55.448] [info] Setting cmc controller to not use verbose printing.

[2025-11-16 00:22:55.449] [info] -----------------------------------------------------------------
[2025-11-16 00:22:55.449] [info] Computing initial values for muscles states (activation, length):
[2025-11-16 00:22:55.449] [info] -----------------------------------------------------------------
[2025-11-16 00:22:55.449] [info]  -- Start time = Sun Nov 16 00:22:55 2025
[2025-11-16 00:22:55.449] [info] -----------------------------------------------------------------
[2025-11-16 00:22:55.449] [info] 
[2025-11-16 00:22:55.925] [info] CMC::computeControls, t = 0.2
[2025-11-16 00:22:56.699] [info] CMC::computeControls, t = 0.2
[2025-11-16 00:22:57.438] [info] ----------------------------------
[2025-11-16 00:22:57.438] [info] Finished computing initial states:
[2025-11-16 00:22:57.438] [info] ----------------------------------
[2025-11-16 00:22:57.438] [info]  -- Start time = Sun Nov 16 00:22:55 2025
[2025-11-16 00:22:57.438] [info]  -- Finish time = Sun Nov 16 00:22:57 2025
[2025-11-16 00:22:57.438] [info]  -- Elapsed time = 2.0 seconds.
[2025-11-16 00:22:57.438] [info] ----------------------------------
[2025-11-16 00:22:57.438] [info] 
[2025-11-16 00:22:57.438] [info] --------------------------------------------
[2025-11-16 00:22:57.438] [info] Using CMC to track the specified kinematics:
[2025-11-16 00:22:57.438] [info] --------------------------------------------
[2025-11-16 00:22:57.438] [info]  -- Integrating from 0.23 to 1.7
[2025-11-16 00:22:57.438] [info]  -- Start time = Sun Nov 16 00:22:57 2025
[2025-11-16 00:22:57.438] [info] --------------------------------------------
[2025-11-16 00:22:57.438] [info] 
[2025-11-16 00:22:57.441] [info] CMC::computeControls, t = 0.23
[2025-11-16 00:22:58.024] [info] CMC::computeControls, t = 0.24
[2025-11-16 00:22:58.543] [info] CMC::computeControls, t = 0.25
[2025-11-16 00:22:59.073] [info] CMC::computeControls, t = 0.26
[2025-11-16 00:22:59.581] [info] CMC::computeControls, t = 0.27
[2025-11-16 00:23:00.125] [info] CMC::computeControls, t = 0.28
[2025-11-16 00:23:00.676] [info] CMC::computeControls, t = 0.29
[2025-11-16 00:23:01.258] [info] CMC::computeControls, t = 0.3
[2025-11-16 00:23:01.807] [info] CMC::computeControls, t = 0.31
[2025-11-16 00:23:02.370] [info] CMC::computeControls, t = 0.32
[2025-11-16 00:23:03.078] [info] CMC::computeControls, t = 0.33
[2025-11-16 00:23:03.772] [info] CMC::computeControls, t = 0.34
[2025-11-16 00:23:04.533] [info] CMC::computeControls, t = 0.35
[2025-11-16 00:23:05.196] [info] CMC::computeControls, t = 0.36
[2025-11-16 00:23:05.925] [info] CMC::computeControls, t = 0.37
[2025-11-16 00:23:06.679] [info] CMC::computeControls, t = 0.38
[2025-11-16 00:23:07.354] [info] CMC::computeControls, t = 0.39
[2025-11-16 00:23:08.066] [info] CMC::computeControls, t = 0.4
[2025-11-16 00:23:08.779] [info] CMC::computeControls, t = 0.41
[2025-11-16 00:23:09.561] [info] CMC::computeControls, t = 0.42
[2025-11-16 00:23:10.270] [info] CMC::computeControls, t = 0.43
[2025-11-16 00:23:10.959] [info] CMC::computeControls, t = 0.44
[2025-11-16 00:23:11.553] [info] CMC::computeControls, t = 0.45
[2025-11-16 00:23:12.173] [info] CMC::computeControls, t = 0.46
[2025-11-16 00:23:12.874] [info] CMC::computeControls, t = 0.47
[2025-11-16 00:23:13.501] [info] CMC::computeControls, t = 0.48
[2025-11-16 00:23:14.227] [info] CMC::computeControls, t = 0.49
[2025-11-16 00:23:14.864] [info] CMC::computeControls, t = 0.5
[2025-11-16 00:23:15.645] [info] CMC::computeControls, t = 0.51
[2025-11-16 00:23:16.484] [info] CMC::computeControls, t = 0.52
[2025-11-16 00:23:17.248] [info] CMC::computeControls, t = 0.53
[2025-11-16 00:23:18.085] [info] CMC::computeControls, t = 0.54
[2025-11-16 00:23:18.908] [info] CMC::computeControls, t = 0.55
[2025-11-16 00:23:19.790] [info] CMC::computeControls, t = 0.56
[2025-11-16 00:23:19.875] [warning] CMC::computeControls: small force range for iliacus_l (0.0 to 0.0)
[2025-11-16 00:23:19.875] [info] 
[2025-11-16 00:23:20.855] [info] CMC::computeControls, t = 0.57
[2025-11-16 00:23:20.934] [warning] CMC::computeControls: small force range for iliacus_r (0.0 to 0.0)
[2025-11-16 00:23:20.934] [info] 
[2025-11-16 00:23:20.934] [warning] CMC::computeControls: small force range for iliacus_l (0.0 to 0.0)
[2025-11-16 00:23:20.934] [info] 
[2025-11-16 00:23:21.805] [info] CMC::computeControls, t = 0.58
[2025-11-16 00:23:22.817] [info] CMC::computeControls, t = 0.59
[2025-11-16 00:23:23.650] [info] CMC::computeControls, t = 0.6
[2025-11-16 00:23:24.415] [info] CMC::computeControls, t = 0.61
[2025-11-16 00:23:25.184] [info] CMC::computeControls, t = 0.62
[2025-11-16 00:23:25.942] [info] CMC::computeControls, t = 0.63
[2025-11-16 00:23:26.698] [info] CMC::computeControls, t = 0.64
[2025-11-16 00:23:27.460] [info] CMC::computeControls, t = 0.65
[2025-11-16 00:23:28.183] [info] CMC::computeControls, t = 0.66
[2025-11-16 00:23:28.849] [info] CMC::computeControls, t = 0.67
[2025-11-16 00:23:29.479] [info] CMC::computeControls, t = 0.68
[2025-11-16 00:23:30.082] [info] CMC::computeControls, t = 0.69
[2025-11-16 00:23:30.739] [info] CMC::computeControls, t = 0.7
[2025-11-16 00:23:31.410] [info] CMC::computeControls, t = 0.71
[2025-11-16 00:23:32.054] [info] CMC::computeControls, t = 0.72
[2025-11-16 00:23:32.593] [info] CMC::computeControls, t = 0.73
[2025-11-16 00:23:33.216] [info] CMC::computeControls, t = 0.74
[2025-11-16 00:23:33.841] [info] CMC::computeControls, t = 0.75
[2025-11-16 00:23:34.539] [info] CMC::computeControls, t = 0.76
[2025-11-16 00:23:35.213] [info] CMC::computeControls, t = 0.77
[2025-11-16 00:23:35.787] [info] CMC::computeControls, t = 0.78
[2025-11-16 00:23:36.267] [info] CMC::computeControls, t = 0.79
[2025-11-16 00:23:36.825] [info] CMC::computeControls, t = 0.8
[2025-11-16 00:23:37.472] [info] CMC::computeControls, t = 0.81
[2025-11-16 00:23:38.054] [info] CMC::computeControls, t = 0.82
[2025-11-16 00:23:38.634] [info] CMC::computeControls, t = 0.83
[2025-11-16 00:23:39.205] [info] CMC::computeControls, t = 0.84
[2025-11-16 00:23:39.823] [info] CMC::computeControls, t = 0.85
[2025-11-16 00:23:40.362] [info] CMC::computeControls, t = 0.86
[2025-11-16 00:23:40.939] [info] CMC::computeControls, t = 0.87
[2025-11-16 00:23:41.599] [info] CMC::computeControls, t = 0.88
[2025-11-16 00:23:42.212] [info] CMC::computeControls, t = 0.89
[2025-11-16 00:23:42.756] [info] CMC::computeControls, t = 0.9
[2025-11-16 00:23:43.351] [info] CMC::computeControls, t = 0.91
[2025-11-16 00:23:43.933] [info] CMC::computeControls, t = 0.92
[2025-11-16 00:23:44.501] [info] CMC::computeControls, t = 0.93
[2025-11-16 00:23:45.122] [info] CMC::computeControls, t = 0.94
[2025-11-16 00:23:45.654] [info] CMC::computeControls, t = 0.95
[2025-11-16 00:23:46.253] [info] CMC::computeControls, t = 0.96
[2025-11-16 00:23:46.855] [info] CMC::computeControls, t = 0.97
[2025-11-16 00:23:47.409] [info] CMC::computeControls, t = 0.98
[2025-11-16 00:23:48.008] [info] CMC::computeControls, t = 0.99
[2025-11-16 00:23:48.610] [info] CMC::computeControls, t = 1.0
[2025-11-16 00:23:49.189] [info] CMC::computeControls, t = 1.01
[2025-11-16 00:23:49.784] [info] CMC::computeControls, t = 1.02
[2025-11-16 00:23:50.386] [info] CMC::computeControls, t = 1.03
[2025-11-16 00:23:50.929] [info] CMC::computeControls, t = 1.04
[2025-11-16 00:23:51.528] [info] CMC::computeControls, t = 1.05
[2025-11-16 00:23:52.115] [info] CMC::computeControls, t = 1.06
[2025-11-16 00:23:52.664] [info] CMC::computeControls, t = 1.07
[2025-11-16 00:23:53.205] [info] CMC::computeControls, t = 1.08
[2025-11-16 00:23:53.735] [info] CMC::computeControls, t = 1.09
[2025-11-16 00:23:54.259] [info] CMC::computeControls, t = 1.1
[2025-11-16 00:23:54.867] [info] CMC::computeControls, t = 1.11
[2025-11-16 00:23:55.502] [info] CMC::computeControls, t = 1.12
[2025-11-16 00:23:56.090] [info] CMC::computeControls, t = 1.13
[2025-11-16 00:23:56.644] [info] CMC::computeControls, t = 1.14
[2025-11-16 00:23:57.203] [info] CMC::computeControls, t = 1.15
[2025-11-16 00:23:57.781] [info] CMC::computeControls, t = 1.16
[2025-11-16 00:23:58.332] [info] CMC::computeControls, t = 1.17
[2025-11-16 00:23:58.891] [info] CMC::computeControls, t = 1.18
[2025-11-16 00:23:59.429] [info] CMC::computeControls, t = 1.19
[2025-11-16 00:23:59.992] [info] CMC::computeControls, t = 1.2
[2025-11-16 00:24:00.559] [info] CMC::computeControls, t = 1.21
[2025-11-16 00:24:01.163] [info] CMC::computeControls, t = 1.22
[2025-11-16 00:24:01.716] [info] CMC::computeControls, t = 1.23
[2025-11-16 00:24:02.367] [info] CMC::computeControls, t = 1.24
[2025-11-16 00:24:02.969] [info] CMC::computeControls, t = 1.25
[2025-11-16 00:24:03.566] [info] CMC::computeControls, t = 1.26
[2025-11-16 00:24:04.169] [info] CMC::computeControls, t = 1.27
[2025-11-16 00:24:04.688] [info] CMC::computeControls, t = 1.28
[2025-11-16 00:24:05.237] [info] CMC::computeControls, t = 1.29
[2025-11-16 00:24:05.814] [info] CMC::computeControls, t = 1.3
[2025-11-16 00:24:06.347] [info] CMC::computeControls, t = 1.31
[2025-11-16 00:24:06.875] [info] CMC::computeControls, t = 1.32
[2025-11-16 00:24:07.416] [info] CMC::computeControls, t = 1.33
[2025-11-16 00:24:08.419] [info] CMC::computeControls, t = 1.34
[2025-11-16 00:24:09.398] [info] CMC::computeControls, t = 1.35
[2025-11-16 00:24:09.956] [info] CMC::computeControls, t = 1.36
[2025-11-16 00:24:10.503] [info] CMC::computeControls, t = 1.37
[2025-11-16 00:24:11.040] [info] CMC::computeControls, t = 1.38
[2025-11-16 00:24:11.595] [info] CMC::computeControls, t = 1.39
[2025-11-16 00:24:12.169] [info] CMC::computeControls, t = 1.4
[2025-11-16 00:24:12.695] [info] CMC::computeControls, t = 1.41
[2025-11-16 00:24:13.196] [info] CMC::computeControls, t = 1.42
[2025-11-16 00:24:13.699] [info] CMC::computeControls, t = 1.43
[2025-11-16 00:24:14.221] [info] CMC::computeControls, t = 1.44
[2025-11-16 00:24:14.809] [info] CMC::computeControls, t = 1.45
[2025-11-16 00:24:15.336] [info] CMC::computeControls, t = 1.46
[2025-11-16 00:24:15.876] [info] CMC::computeControls, t = 1.47
[2025-11-16 00:24:16.443] [info] CMC::computeControls, t = 1.48
[2025-11-16 00:24:16.985] [info] CMC::computeControls, t = 1.49
[2025-11-16 00:24:17.474] [info] CMC::computeControls, t = 1.5
[2025-11-16 00:24:18.025] [info] CMC::computeControls, t = 1.51
[2025-11-16 00:24:18.561] [info] CMC::computeControls, t = 1.52
[2025-11-16 00:24:19.063] [info] CMC::computeControls, t = 1.53
[2025-11-16 00:24:19.588] [info] CMC::computeControls, t = 1.54
[2025-11-16 00:24:20.160] [info] CMC::computeControls, t = 1.55
[2025-11-16 00:24:20.675] [info] CMC::computeControls, t = 1.56
[2025-11-16 00:24:21.186] [info] CMC::computeControls, t = 1.57
[2025-11-16 00:24:21.755] [info] CMC::computeControls, t = 1.58
[2025-11-16 00:24:22.317] [info] CMC::computeControls, t = 1.59
[2025-11-16 00:24:22.901] [info] CMC::computeControls, t = 1.6
[2025-11-16 00:24:23.449] [info] CMC::computeControls, t = 1.61
[2025-11-16 00:24:23.994] [info] CMC::computeControls, t = 1.62
[2025-11-16 00:24:24.553] [info] CMC::computeControls, t = 1.63
[2025-11-16 00:24:25.095] [info] CMC::computeControls, t = 1.64
[2025-11-16 00:24:25.688] [info] CMC::computeControls, t = 1.65
[2025-11-16 00:24:26.278] [info] CMC::computeControls, t = 1.66
[2025-11-16 00:24:26.826] [info] CMC::computeControls, t = 1.67
[2025-11-16 00:24:27.403] [info] CMC::computeControls, t = 1.68
[2025-11-16 00:24:27.987] [info] -------------------------------------------
[2025-11-16 00:24:27.987] [info] Finished tracking the specified kinematics.
[2025-11-16 00:24:27.987] [info] -------------------------------------------
[2025-11-16 00:24:27.987] [info]  -- Start time = Sun Nov 16 00:22:57 2025
[2025-11-16 00:24:27.987] [info]  -- Finish time = Sun Nov 16 00:24:27 2025
[2025-11-16 00:24:27.987] [info]  -- Elapsed time = 90.0 seconds.
[2025-11-16 00:24:27.987] [info] -------------------------------------------
[2025-11-16 00:24:27.987] [info] 
[2025-11-16 00:24:27.987] [info] Printing results of investigation Hanif-Scaled to C:/Users/Hanif/OneDrive - UNSW/T3 - 2025/Biomechanics of Human Body/Final Project/Vicon Data/Shallow Squat/CMC/1_Hanif_Shallow_2_5_patched
[2025-11-16 00:24:28.394] [info] Storage: read data file = C:/Users/Hanif/OneDrive - UNSW/T3 - 2025/Biomechanics of Human Body/Final Project/Vicon Data/Shallow Squat/IK/1_Hanif_Shallow_5_0_patched.mot (nr=401 nc=24)
