[2025-11-15 22:00:27.090] [info] AbstractTool Hanif-Scaled loading model C:/Users/Hanif/OneDrive - UNSW/T3 - 2025/Biomechanics of Human Body/Final Project/Vicon Data/Medium Squat/RRA/3_Hanif_Medium_5_0_patched/3_Hanif_Medium_5_0_patched_model_adjusted.osim
[2025-11-15 22:00:27.119] [info] Loaded model Hanif-Scaled from file C:/Users/Hanif/OneDrive - UNSW/T3 - 2025/Biomechanics of Human Body/Final Project/Vicon Data/Medium Squat/RRA/3_Hanif_Medium_5_0_patched/3_Hanif_Medium_5_0_patched_model_adjusted.osim
[2025-11-15 22:00:27.211] [info] Adding force object set from ../../../../Scripts/Setup_XMLs/Boiler_XMLs/cmc_actuators.xml
[2025-11-15 22:00:27.217] [info] Running tool 'Hanif-Scaled'.
[2025-11-15 22:00:27.225] [info] TaskSet size = 23.
[2025-11-15 22:00:27.230] [info] Storage: read data file = C:/Users/Hanif/OneDrive - UNSW/T3 - 2025/Biomechanics of Human Body/Final Project/Vicon Data/Medium Squat\ID\GRF\3_Hanif_Medium_5_0_grf.mot (nr=461 nc=19)
[2025-11-15 22:00:27.233] [info] ExternalForce::right_ground_force_v Data source being set to Hanif_Medium_5_0_grf.mot
[2025-11-15 22:00:27.233] [info] ExternalForce::left_ground_force_v Data source being set to Hanif_Medium_5_0_grf.mot
[2025-11-15 22:00:27.233] [warning] CMC::extendAddToSystem: CMC cannot compute controls for muscles with muscle controls less than 0.02.
[2025-11-15 22:00:27.233] [warning] CMC::extendAddToSystem: The minimum control limit for muscle 'glut_med1_r' has been reset to 0.02.
[2025-11-15 22:00:27.233] [warning] CMC::extendAddToSystem: CMC cannot compute controls for muscles with muscle controls less than 0.02.
[2025-11-15 22:00:27.233] [warning] CMC::extendAddToSystem: The minimum control limit for muscle 'glut_med2_r' has been reset to 0.02.
[2025-11-15 22:00:27.233] [warning] CMC::extendAddToSystem: CMC cannot compute controls for muscles with muscle controls less than 0.02.
[2025-11-15 22:00:27.233] [warning] CMC::extendAddToSystem: The minimum control limit for muscle 'glut_med3_r' has been reset to 0.02.
[2025-11-15 22:00:27.233] [warning] CMC::extendAddToSystem: CMC cannot compute controls for muscles with muscle controls less than 0.02.
[2025-11-15 22:00:27.233] [warning] CMC::extendAddToSystem: The minimum control limit for muscle 'bifemlh_r' has been reset to 0.02.
[2025-11-15 22:00:27.233] [warning] CMC::extendAddToSystem: CMC cannot compute controls for muscles with muscle controls less than 0.02.
[2025-11-15 22:00:27.233] [warning] CMC::extendAddToSystem: The minimum control limit for muscle 'bifemsh_r' has been reset to 0.02.
[2025-11-15 22:00:27.233] [warning] CMC::extendAddToSystem: CMC cannot compute controls for muscles with muscle controls less than 0.02.
[2025-11-15 22:00:27.233] [warning] CMC::extendAddToSystem: The minimum control limit for muscle 'sar_r' has been reset to 0.02.
[2025-11-15 22:00:27.233] [warning] CMC::extendAddToSystem: CMC cannot compute controls for muscles with muscle controls less than 0.02.
[2025-11-15 22:00:27.233] [warning] CMC::extendAddToSystem: The minimum control limit for muscle 'add_mag2_r' has been reset to 0.02.
[2025-11-15 22:00:27.233] [warning] CMC::extendAddToSystem: CMC cannot compute controls for muscles with muscle controls less than 0.02.
[2025-11-15 22:00:27.233] [warning] CMC::extendAddToSystem: The minimum control limit for muscle 'tfl_r' has been reset to 0.02.
[2025-11-15 22:00:27.233] [warning] CMC::extendAddToSystem: CMC cannot compute controls for muscles with muscle controls less than 0.02.
[2025-11-15 22:00:27.233] [warning] CMC::extendAddToSystem: The minimum control limit for muscle 'pect_r' has been reset to 0.02.
[2025-11-15 22:00:27.233] [warning] CMC::extendAddToSystem: CMC cannot compute controls for muscles with muscle controls less than 0.02.
[2025-11-15 22:00:27.233] [warning] CMC::extendAddToSystem: The minimum control limit for muscle 'grac_r' has been reset to 0.02.
[2025-11-15 22:00:27.233] [warning] CMC::extendAddToSystem: CMC cannot compute controls for muscles with muscle controls less than 0.02.
[2025-11-15 22:00:27.233] [warning] CMC::extendAddToSystem: The minimum control limit for muscle 'glut_max1_r' has been reset to 0.02.
[2025-11-15 22:00:27.233] [warning] CMC::extendAddToSystem: CMC cannot compute controls for muscles with muscle controls less than 0.02.
[2025-11-15 22:00:27.233] [warning] CMC::extendAddToSystem: The minimum control limit for muscle 'glut_max2_r' has been reset to 0.02.
[2025-11-15 22:00:27.233] [warning] CMC::extendAddToSystem: CMC cannot compute controls for muscles with muscle controls less than 0.02.
[2025-11-15 22:00:27.233] [warning] CMC::extendAddToSystem: The minimum control limit for muscle 'glut_max3_r' has been reset to 0.02.
[2025-11-15 22:00:27.233] [warning] CMC::extendAddToSystem: CMC cannot compute controls for muscles with muscle controls less than 0.02.
[2025-11-15 22:00:27.233] [warning] CMC::extendAddToSystem: The minimum control limit for muscle 'iliacus_r' has been reset to 0.02.
[2025-11-15 22:00:27.233] [warning] CMC::extendAddToSystem: CMC cannot compute controls for muscles with muscle controls less than 0.02.
[2025-11-15 22:00:27.233] [warning] CMC::extendAddToSystem: The minimum control limit for muscle 'psoas_r' has been reset to 0.02.
[2025-11-15 22:00:27.233] [warning] CMC::extendAddToSystem: CMC cannot compute controls for muscles with muscle controls less than 0.02.
[2025-11-15 22:00:27.233] [warning] CMC::extendAddToSystem: The minimum control limit for muscle 'quad_fem_r' has been reset to 0.02.
[2025-11-15 22:00:27.233] [warning] CMC::extendAddToSystem: CMC cannot compute controls for muscles with muscle controls less than 0.02.
[2025-11-15 22:00:27.233] [warning] CMC::extendAddToSystem: The minimum control limit for muscle 'gem_r' has been reset to 0.02.
[2025-11-15 22:00:27.233] [warning] CMC::extendAddToSystem: CMC cannot compute controls for muscles with muscle controls less than 0.02.
[2025-11-15 22:00:27.233] [warning] CMC::extendAddToSystem: The minimum control limit for muscle 'peri_r' has been reset to 0.02.
[2025-11-15 22:00:27.233] [warning] CMC::extendAddToSystem: CMC cannot compute controls for muscles with muscle controls less than 0.02.
[2025-11-15 22:00:27.233] [warning] CMC::extendAddToSystem: The minimum control limit for muscle 'rect_fem_r' has been reset to 0.02.
[2025-11-15 22:00:27.233] [warning] CMC::extendAddToSystem: CMC cannot compute controls for muscles with muscle controls less than 0.02.
[2025-11-15 22:00:27.233] [warning] CMC::extendAddToSystem: The minimum control limit for muscle 'vas_int_r' has been reset to 0.02.
[2025-11-15 22:00:27.233] [warning] CMC::extendAddToSystem: CMC cannot compute controls for muscles with muscle controls less than 0.02.
[2025-11-15 22:00:27.233] [warning] CMC::extendAddToSystem: The minimum control limit for muscle 'med_gas_r' has been reset to 0.02.
[2025-11-15 22:00:27.233] [warning] CMC::extendAddToSystem: CMC cannot compute controls for muscles with muscle controls less than 0.02.
[2025-11-15 22:00:27.233] [warning] CMC::extendAddToSystem: The minimum control limit for muscle 'soleus_r' has been reset to 0.02.
[2025-11-15 22:00:27.233] [warning] CMC::extendAddToSystem: CMC cannot compute controls for muscles with muscle controls less than 0.02.
[2025-11-15 22:00:27.233] [warning] CMC::extendAddToSystem: The minimum control limit for muscle 'tib_post_r' has been reset to 0.02.
[2025-11-15 22:00:27.233] [warning] CMC::extendAddToSystem: CMC cannot compute controls for muscles with muscle controls less than 0.02.
[2025-11-15 22:00:27.233] [warning] CMC::extendAddToSystem: The minimum control limit for muscle 'tib_ant_r' has been reset to 0.02.
[2025-11-15 22:00:27.233] [warning] CMC::extendAddToSystem: CMC cannot compute controls for muscles with muscle controls less than 0.02.
[2025-11-15 22:00:27.233] [warning] CMC::extendAddToSystem: The minimum control limit for muscle 'glut_med1_l' has been reset to 0.02.
[2025-11-15 22:00:27.233] [warning] CMC::extendAddToSystem: CMC cannot compute controls for muscles with muscle controls less than 0.02.
[2025-11-15 22:00:27.233] [warning] CMC::extendAddToSystem: The minimum control limit for muscle 'glut_med2_l' has been reset to 0.02.
[2025-11-15 22:00:27.233] [warning] CMC::extendAddToSystem: CMC cannot compute controls for muscles with muscle controls less than 0.02.
[2025-11-15 22:00:27.233] [warning] CMC::extendAddToSystem: The minimum control limit for muscle 'glut_med3_l' has been reset to 0.02.
[2025-11-15 22:00:27.233] [warning] CMC::extendAddToSystem: CMC cannot compute controls for muscles with muscle controls less than 0.02.
[2025-11-15 22:00:27.233] [warning] CMC::extendAddToSystem: The minimum control limit for muscle 'bifemlh_l' has been reset to 0.02.
[2025-11-15 22:00:27.233] [warning] CMC::extendAddToSystem: CMC cannot compute controls for muscles with muscle controls less than 0.02.
[2025-11-15 22:00:27.233] [warning] CMC::extendAddToSystem: The minimum control limit for muscle 'bifemsh_l' has been reset to 0.02.
[2025-11-15 22:00:27.233] [warning] CMC::extendAddToSystem: CMC cannot compute controls for muscles with muscle controls less than 0.02.
[2025-11-15 22:00:27.233] [warning] CMC::extendAddToSystem: The minimum control limit for muscle 'sar_l' has been reset to 0.02.
[2025-11-15 22:00:27.233] [warning] CMC::extendAddToSystem: CMC cannot compute controls for muscles with muscle controls less than 0.02.
[2025-11-15 22:00:27.233] [warning] CMC::extendAddToSystem: The minimum control limit for muscle 'add_mag2_l' has been reset to 0.02.
[2025-11-15 22:00:27.233] [warning] CMC::extendAddToSystem: CMC cannot compute controls for muscles with muscle controls less than 0.02.
[2025-11-15 22:00:27.233] [warning] CMC::extendAddToSystem: The minimum control limit for muscle 'tfl_l' has been reset to 0.02.
[2025-11-15 22:00:27.233] [warning] CMC::extendAddToSystem: CMC cannot compute controls for muscles with muscle controls less than 0.02.
[2025-11-15 22:00:27.233] [warning] CMC::extendAddToSystem: The minimum control limit for muscle 'pect_l' has been reset to 0.02.
[2025-11-15 22:00:27.233] [warning] CMC::extendAddToSystem: CMC cannot compute controls for muscles with muscle controls less than 0.02.
[2025-11-15 22:00:27.233] [warning] CMC::extendAddToSystem: The minimum control limit for muscle 'grac_l' has been reset to 0.02.
[2025-11-15 22:00:27.233] [warning] CMC::extendAddToSystem: CMC cannot compute controls for muscles with muscle controls less than 0.02.
[2025-11-15 22:00:27.233] [warning] CMC::extendAddToSystem: The minimum control limit for muscle 'glut_max1_l' has been reset to 0.02.
[2025-11-15 22:00:27.233] [warning] CMC::extendAddToSystem: CMC cannot compute controls for muscles with muscle controls less than 0.02.
[2025-11-15 22:00:27.233] [warning] CMC::extendAddToSystem: The minimum control limit for muscle 'glut_max2_l' has been reset to 0.02.
[2025-11-15 22:00:27.233] [warning] CMC::extendAddToSystem: CMC cannot compute controls for muscles with muscle controls less than 0.02.
[2025-11-15 22:00:27.233] [warning] CMC::extendAddToSystem: The minimum control limit for muscle 'glut_max3_l' has been reset to 0.02.
[2025-11-15 22:00:27.233] [warning] CMC::extendAddToSystem: CMC cannot compute controls for muscles with muscle controls less than 0.02.
[2025-11-15 22:00:27.233] [warning] CMC::extendAddToSystem: The minimum control limit for muscle 'iliacus_l' has been reset to 0.02.
[2025-11-15 22:00:27.233] [warning] CMC::extendAddToSystem: CMC cannot compute controls for muscles with muscle controls less than 0.02.
[2025-11-15 22:00:27.233] [warning] CMC::extendAddToSystem: The minimum control limit for muscle 'psoas_l' has been reset to 0.02.
[2025-11-15 22:00:27.233] [warning] CMC::extendAddToSystem: CMC cannot compute controls for muscles with muscle controls less than 0.02.
[2025-11-15 22:00:27.233] [warning] CMC::extendAddToSystem: The minimum control limit for muscle 'quad_fem_l' has been reset to 0.02.
[2025-11-15 22:00:27.233] [warning] CMC::extendAddToSystem: CMC cannot compute controls for muscles with muscle controls less than 0.02.
[2025-11-15 22:00:27.233] [warning] CMC::extendAddToSystem: The minimum control limit for muscle 'gem_l' has been reset to 0.02.
[2025-11-15 22:00:27.233] [warning] CMC::extendAddToSystem: CMC cannot compute controls for muscles with muscle controls less than 0.02.
[2025-11-15 22:00:27.233] [warning] CMC::extendAddToSystem: The minimum control limit for muscle 'peri_l' has been reset to 0.02.
[2025-11-15 22:00:27.233] [warning] CMC::extendAddToSystem: CMC cannot compute controls for muscles with muscle controls less than 0.02.
[2025-11-15 22:00:27.233] [warning] CMC::extendAddToSystem: The minimum control limit for muscle 'rect_fem_l' has been reset to 0.02.
[2025-11-15 22:00:27.233] [warning] CMC::extendAddToSystem: CMC cannot compute controls for muscles with muscle controls less than 0.02.
[2025-11-15 22:00:27.233] [warning] CMC::extendAddToSystem: The minimum control limit for muscle 'vas_int_l' has been reset to 0.02.
[2025-11-15 22:00:27.233] [warning] CMC::extendAddToSystem: CMC cannot compute controls for muscles with muscle controls less than 0.02.
[2025-11-15 22:00:27.233] [warning] CMC::extendAddToSystem: The minimum control limit for muscle 'med_gas_l' has been reset to 0.02.
[2025-11-15 22:00:27.233] [warning] CMC::extendAddToSystem: CMC cannot compute controls for muscles with muscle controls less than 0.02.
[2025-11-15 22:00:27.233] [warning] CMC::extendAddToSystem: The minimum control limit for muscle 'soleus_l' has been reset to 0.02.
[2025-11-15 22:00:27.233] [warning] CMC::extendAddToSystem: CMC cannot compute controls for muscles with muscle controls less than 0.02.
[2025-11-15 22:00:27.233] [warning] CMC::extendAddToSystem: The minimum control limit for muscle 'tib_post_l' has been reset to 0.02.
[2025-11-15 22:00:27.233] [warning] CMC::extendAddToSystem: CMC cannot compute controls for muscles with muscle controls less than 0.02.
[2025-11-15 22:00:27.233] [warning] CMC::extendAddToSystem: The minimum control limit for muscle 'tib_ant_l' has been reset to 0.02.
[2025-11-15 22:00:27.233] [warning] CMC::extendAddToSystem: CMC cannot compute controls for muscles with muscle controls less than 0.02.
[2025-11-15 22:00:27.233] [warning] CMC::extendAddToSystem: The minimum control limit for muscle 'ercspn_r' has been reset to 0.02.
[2025-11-15 22:00:27.234] [warning] CMC::extendAddToSystem: CMC cannot compute controls for muscles with muscle controls less than 0.02.
[2025-11-15 22:00:27.234] [warning] CMC::extendAddToSystem: The minimum control limit for muscle 'ercspn_l' has been reset to 0.02.
[2025-11-15 22:00:27.234] [warning] CMC::extendAddToSystem: CMC cannot compute controls for muscles with muscle controls less than 0.02.
[2025-11-15 22:00:27.234] [warning] CMC::extendAddToSystem: The minimum control limit for muscle 'intobl_r' has been reset to 0.02.
[2025-11-15 22:00:27.234] [warning] CMC::extendAddToSystem: CMC cannot compute controls for muscles with muscle controls less than 0.02.
[2025-11-15 22:00:27.234] [warning] CMC::extendAddToSystem: The minimum control limit for muscle 'intobl_l' has been reset to 0.02.
[2025-11-15 22:00:27.234] [warning] CMC::extendAddToSystem: CMC cannot compute controls for muscles with muscle controls less than 0.02.
[2025-11-15 22:00:27.234] [warning] CMC::extendAddToSystem: The minimum control limit for muscle 'extobl_r' has been reset to 0.02.
[2025-11-15 22:00:27.234] [warning] CMC::extendAddToSystem: CMC cannot compute controls for muscles with muscle controls less than 0.02.
[2025-11-15 22:00:27.234] [warning] CMC::extendAddToSystem: The minimum control limit for muscle 'extobl_l' has been reset to 0.02.
[2025-11-15 22:00:27.235] [warning] A desired points file was not specified.
[2025-11-15 22:00:27.235] [info] Loading desired kinematics from file 'C:/Users/Hanif/OneDrive - UNSW/T3 - 2025/Biomechanics of Human Body/Final Project/Vicon Data/Medium Squat/IK/3_Hanif_Medium_5_0_patched.mot'...
[2025-11-15 22:00:27.235] [info] Storage: read data file = C:/Users/Hanif/OneDrive - UNSW/T3 - 2025/Biomechanics of Human Body/Final Project/Vicon Data/Medium Squat/IK/3_Hanif_Medium_5_0_patched.mot (nr=461 nc=24)
[2025-11-15 22:00:27.239] [info] Low-pass filtering desired kinematics with a cutoff frequency of 6.0...
[2025-11-15 22:00:27.252] [cout] [info] MODEL: Hanif-Scaled

numStates = 154
numCoordinates = 23
numSpeeds = 23
numActuators = 77
numBodies = 12
numConstraints = 0
numProbes = 0

ANALYSES (total: 0)

BODIES (total: 12)
body[0] = pelvis. mass: 8.90742
              moments of inertia:  ~[0.0524779,0.0444633,0.0295571]
              products of inertia: ~[0,0,0]
body[1] = femur_r. mass: 7.03502
              moments of inertia:  ~[0.0924431,0.0242326,0.0974829]
              products of inertia: ~[0,0,0]
body[2] = tibia_r. mass: 2.80413
              moments of inertia:  ~[0.0293523,0.00297017,0.0297599]
              products of inertia: ~[0,0,0]
body[3] = talus_r. mass: 0.075634
              moments of inertia:  ~[0.000457796,0.000457796,0.000457796]
              products of inertia: ~[0,0,0]
body[4] = calcn_r. mass: 0.945425
              moments of inertia:  ~[0.000640914,0.0017854,0.00187696]
              products of inertia: ~[0,0,0]
body[5] = toes_r. mass: 0.163823
              moments of inertia:  ~[4.57796e-05,9.15591e-05,4.57796e-05]
              products of inertia: ~[0,0,0]
body[6] = femur_l. mass: 7.03502
              moments of inertia:  ~[0.0924431,0.0242326,0.0974829]
              products of inertia: ~[0,0,0]
body[7] = tibia_l. mass: 2.80413
              moments of inertia:  ~[0.0293523,0.00297017,0.0297599]
              products of inertia: ~[0,0,0]
body[8] = talus_l. mass: 0.075634
              moments of inertia:  ~[0.000457796,0.000457796,0.000457796]
              products of inertia: ~[0,0,0]
body[9] = calcn_l. mass: 0.945425
              moments of inertia:  ~[0.000640914,0.0017854,0.00187696]
              products of inertia: ~[0,0,0]
body[10] = toes_l. mass: 0.163823
              moments of inertia:  ~[4.57796e-05,9.15591e-05,4.57796e-05]
              products of inertia: ~[0,0,0]
body[11] = torso. mass: 26.5604
              moments of inertia:  ~[0.882257,0.452048,0.856468]
              products of inertia: ~[0,0,0]

JOINTS (total: 12)
joint[0] = ground_pelvis. parent: ground_offset, child: pelvis_offset
joint[1] = hip_r. parent: pelvis_offset, child: femur_r_offset
joint[2] = knee_r. parent: femur_r_offset, child: tibia_r_offset
joint[3] = ankle_r. parent: tibia_r_offset, child: talus_r_offset
joint[4] = subtalar_r. parent: talus_r_offset, child: calcn_r_offset
joint[5] = mtp_r. parent: calcn_r_offset, child: toes_r_offset
joint[6] = hip_l. parent: pelvis_offset, child: femur_l_offset
joint[7] = knee_l. parent: femur_l_offset, child: tibia_l_offset
joint[8] = ankle_l. parent: tibia_l_offset, child: talus_l_offset
joint[9] = subtalar_l. parent: talus_l_offset, child: calcn_l_offset
joint[10] = mtp_l. parent: calcn_l_offset, child: toes_l_offset
joint[11] = back. parent: pelvis_offset, child: torso_offset

ACTUATORS (total: 77)
actuator[0] = glut_med1_r
actuator[1] = glut_med2_r
actuator[2] = glut_med3_r
actuator[3] = bifemlh_r
actuator[4] = bifemsh_r
actuator[5] = sar_r
actuator[6] = add_mag2_r
actuator[7] = tfl_r
actuator[8] = pect_r
actuator[9] = grac_r
actuator[10] = glut_max1_r
actuator[11] = glut_max2_r
actuator[12] = glut_max3_r
actuator[13] = iliacus_r
actuator[14] = psoas_r
actuator[15] = quad_fem_r
actuator[16] = gem_r
actuator[17] = peri_r
actuator[18] = rect_fem_r
actuator[19] = vas_int_r
actuator[20] = med_gas_r
actuator[21] = soleus_r
actuator[22] = tib_post_r
actuator[23] = tib_ant_r
actuator[24] = glut_med1_l
actuator[25] = glut_med2_l
actuator[26] = glut_med3_l
actuator[27] = bifemlh_l
actuator[28] = bifemsh_l
actuator[29] = sar_l
actuator[30] = add_mag2_l
actuator[31] = tfl_l
actuator[32] = pect_l
actuator[33] = grac_l
actuator[34] = glut_max1_l
actuator[35] = glut_max2_l
actuator[36] = glut_max3_l
actuator[37] = iliacus_l
actuator[38] = psoas_l
actuator[39] = quad_fem_l
actuator[40] = gem_l
actuator[41] = peri_l
actuator[42] = rect_fem_l
actuator[43] = vas_int_l
actuator[44] = med_gas_l
actuator[45] = soleus_l
actuator[46] = tib_post_l
actuator[47] = tib_ant_l
actuator[48] = ercspn_r
actuator[49] = ercspn_l
actuator[50] = intobl_r
actuator[51] = intobl_l
actuator[52] = extobl_r
actuator[53] = extobl_l
actuator[54] = FX
actuator[55] = FY
actuator[56] = FZ
actuator[57] = MX
actuator[58] = MY
actuator[59] = MZ
actuator[60] = hip_flexion_r_reserve
actuator[61] = hip_adduction_r_reserve
actuator[62] = hip_rotation_r_reserve
actuator[63] = knee_angle_r_reserve
actuator[64] = ankle_angle_r_reserve
actuator[65] = subtalar_angle_r_reserve
actuator[66] = mtp_angle_r_reserve
actuator[67] = hip_flexion_l_reserve
actuator[68] = hip_adduction_l_reserve
actuator[69] = hip_rotation_l_reserve
actuator[70] = knee_angle_l_reserve
actuator[71] = ankle_angle_l_reserve
actuator[72] = subtalar_angle_l_reserve
actuator[73] = mtp_angle_l_reserve
actuator[74] = lumbar_extension_reserve
actuator[75] = lumbar_bending_reserve
actuator[76] = lumbar_rotation_reserve

STATES (total: 154)
y[0] = /jointset/ground_pelvis/pelvis_tilt/value
y[1] = /jointset/ground_pelvis/pelvis_tilt/speed
y[2] = /jointset/ground_pelvis/pelvis_list/value
y[3] = /jointset/ground_pelvis/pelvis_list/speed
y[4] = /jointset/ground_pelvis/pelvis_rotation/value
y[5] = /jointset/ground_pelvis/pelvis_rotation/speed
y[6] = /jointset/ground_pelvis/pelvis_tx/value
y[7] = /jointset/ground_pelvis/pelvis_tx/speed
y[8] = /jointset/ground_pelvis/pelvis_ty/value
y[9] = /jointset/ground_pelvis/pelvis_ty/speed
y[10] = /jointset/ground_pelvis/pelvis_tz/value
y[11] = /jointset/ground_pelvis/pelvis_tz/speed
y[12] = /jointset/hip_r/hip_flexion_r/value
y[13] = /jointset/hip_r/hip_flexion_r/speed
y[14] = /jointset/hip_r/hip_adduction_r/value
y[15] = /jointset/hip_r/hip_adduction_r/speed
y[16] = /jointset/hip_r/hip_rotation_r/value
y[17] = /jointset/hip_r/hip_rotation_r/speed
y[18] = /jointset/knee_r/knee_angle_r/value
y[19] = /jointset/knee_r/knee_angle_r/speed
y[20] = /jointset/ankle_r/ankle_angle_r/value
y[21] = /jointset/ankle_r/ankle_angle_r/speed
y[22] = /jointset/subtalar_r/subtalar_angle_r/value
y[23] = /jointset/subtalar_r/subtalar_angle_r/speed
y[24] = /jointset/mtp_r/mtp_angle_r/value
y[25] = /jointset/mtp_r/mtp_angle_r/speed
y[26] = /jointset/hip_l/hip_flexion_l/value
y[27] = /jointset/hip_l/hip_flexion_l/speed
y[28] = /jointset/hip_l/hip_adduction_l/value
y[29] = /jointset/hip_l/hip_adduction_l/speed
y[30] = /jointset/hip_l/hip_rotation_l/value
y[31] = /jointset/hip_l/hip_rotation_l/speed
y[32] = /jointset/knee_l/knee_angle_l/value
y[33] = /jointset/knee_l/knee_angle_l/speed
y[34] = /jointset/ankle_l/ankle_angle_l/value
y[35] = /jointset/ankle_l/ankle_angle_l/speed
y[36] = /jointset/subtalar_l/subtalar_angle_l/value
y[37] = /jointset/subtalar_l/subtalar_angle_l/speed
y[38] = /jointset/mtp_l/mtp_angle_l/value
y[39] = /jointset/mtp_l/mtp_angle_l/speed
y[40] = /jointset/back/lumbar_extension/value
y[41] = /jointset/back/lumbar_extension/speed
y[42] = /jointset/back/lumbar_bending/value
y[43] = /jointset/back/lumbar_bending/speed
y[44] = /jointset/back/lumbar_rotation/value
y[45] = /jointset/back/lumbar_rotation/speed
y[46] = /forceset/glut_med1_r/activation
y[47] = /forceset/glut_med1_r/fiber_length
y[48] = /forceset/glut_med2_r/activation
y[49] = /forceset/glut_med2_r/fiber_length
y[50] = /forceset/glut_med3_r/activation
y[51] = /forceset/glut_med3_r/fiber_length
y[52] = /forceset/bifemlh_r/activation
y[53] = /forceset/bifemlh_r/fiber_length
y[54] = /forceset/bifemsh_r/activation
y[55] = /forceset/bifemsh_r/fiber_length
y[56] = /forceset/sar_r/activation
y[57] = /forceset/sar_r/fiber_length
y[58] = /forceset/add_mag2_r/activation
y[59] = /forceset/add_mag2_r/fiber_length
y[60] = /forceset/tfl_r/activation
y[61] = /forceset/tfl_r/fiber_length
y[62] = /forceset/pect_r/activation
y[63] = /forceset/pect_r/fiber_length
y[64] = /forceset/grac_r/activation
y[65] = /forceset/grac_r/fiber_length
y[66] = /forceset/glut_max1_r/activation
y[67] = /forceset/glut_max1_r/fiber_length
y[68] = /forceset/glut_max2_r/activation
y[69] = /forceset/glut_max2_r/fiber_length
y[70] = /forceset/glut_max3_r/activation
y[71] = /forceset/glut_max3_r/fiber_length
y[72] = /forceset/iliacus_r/activation
y[73] = /forceset/iliacus_r/fiber_length
y[74] = /forceset/psoas_r/activation
y[75] = /forceset/psoas_r/fiber_length
y[76] = /forceset/quad_fem_r/activation
y[77] = /forceset/quad_fem_r/fiber_length
y[78] = /forceset/gem_r/activation
y[79] = /forceset/gem_r/fiber_length
y[80] = /forceset/peri_r/activation
y[81] = /forceset/peri_r/fiber_length
y[82] = /forceset/rect_fem_r/activation
y[83] = /forceset/rect_fem_r/fiber_length
y[84] = /forceset/vas_int_r/activation
y[85] = /forceset/vas_int_r/fiber_length
y[86] = /forceset/med_gas_r/activation
y[87] = /forceset/med_gas_r/fiber_length
y[88] = /forceset/soleus_r/activation
y[89] = /forceset/soleus_r/fiber_length
y[90] = /forceset/tib_post_r/activation
y[91] = /forceset/tib_post_r/fiber_length
y[92] = /forceset/tib_ant_r/activation
y[93] = /forceset/tib_ant_r/fiber_length
y[94] = /forceset/glut_med1_l/activation
y[95] = /forceset/glut_med1_l/fiber_length
y[96] = /forceset/glut_med2_l/activation
y[97] = /forceset/glut_med2_l/fiber_length
y[98] = /forceset/glut_med3_l/activation
y[99] = /forceset/glut_med3_l/fiber_length
y[100] = /forceset/bifemlh_l/activation
y[101] = /forceset/bifemlh_l/fiber_length
y[102] = /forceset/bifemsh_l/activation
y[103] = /forceset/bifemsh_l/fiber_length
y[104] = /forceset/sar_l/activation
y[105] = /forceset/sar_l/fiber_length
y[106] = /forceset/add_mag2_l/activation
y[107] = /forceset/add_mag2_l/fiber_length
y[108] = /forceset/tfl_l/activation
y[109] = /forceset/tfl_l/fiber_length
y[110] = /forceset/pect_l/activation
y[111] = /forceset/pect_l/fiber_length
y[112] = /forceset/grac_l/activation
y[113] = /forceset/grac_l/fiber_length
y[114] = /forceset/glut_max1_l/activation
y[115] = /forceset/glut_max1_l/fiber_length
y[116] = /forceset/glut_max2_l/activation
y[117] = /forceset/glut_max2_l/fiber_length
y[118] = /forceset/glut_max3_l/activation
y[119] = /forceset/glut_max3_l/fiber_length
y[120] = /forceset/iliacus_l/activation
y[121] = /forceset/iliacus_l/fiber_length
y[122] = /forceset/psoas_l/activation
y[123] = /forceset/psoas_l/fiber_length
y[124] = /forceset/quad_fem_l/activation
y[125] = /forceset/quad_fem_l/fiber_length
y[126] = /forceset/gem_l/activation
y[127] = /forceset/gem_l/fiber_length
y[128] = /forceset/peri_l/activation
y[129] = /forceset/peri_l/fiber_length
y[130] = /forceset/rect_fem_l/activation
y[131] = /forceset/rect_fem_l/fiber_length
y[132] = /forceset/vas_int_l/activation
y[133] = /forceset/vas_int_l/fiber_length
y[134] = /forceset/med_gas_l/activation
y[135] = /forceset/med_gas_l/fiber_length
y[136] = /forceset/soleus_l/activation
y[137] = /forceset/soleus_l/fiber_length
y[138] = /forceset/tib_post_l/activation
y[139] = /forceset/tib_post_l/fiber_length
y[140] = /forceset/tib_ant_l/activation
y[141] = /forceset/tib_ant_l/fiber_length
y[142] = /forceset/ercspn_r/activation
y[143] = /forceset/ercspn_r/fiber_length
y[144] = /forceset/ercspn_l/activation
y[145] = /forceset/ercspn_l/fiber_length
y[146] = /forceset/intobl_r/activation
y[147] = /forceset/intobl_r/fiber_length
y[148] = /forceset/intobl_l/activation
y[149] = /forceset/intobl_l/fiber_length
y[150] = /forceset/extobl_r/activation
y[151] = /forceset/extobl_r/fiber_length
y[152] = /forceset/extobl_l/activation
y[153] = /forceset/extobl_l/fiber_length

[2025-11-15 22:00:27.352] [info] Constructing function set for tracking desired kinematics...
[2025-11-15 22:00:27.514] [info] No Actuation analysis found in analysis set -- adding one...
[2025-11-15 22:00:27.515] [info] No Kinematics analysis found in analysis set -- adding one...
[2025-11-15 22:00:27.517] [info] Using the generalized coordinates specified in C:/Users/Hanif/OneDrive - UNSW/T3 - 2025/Biomechanics of Human Body/Final Project/Vicon Data/Medium Squat/IK/3_Hanif_Medium_5_0_patched.mot to set the initial configuration.
[2025-11-15 22:00:27.554] [info] Using IPOPT optimizer algorithm.
[2025-11-15 22:00:27.554] [info] Setting optimizer print level to 0.
[2025-11-15 22:00:27.554] [info] Setting optimizer convergence tolerance to 0.000100000.
[2025-11-15 22:00:27.554] [info] Setting optimizer maximum iterations to 1000.
[2025-11-15 22:00:27.554] [info] Setting cmc controller to not use verbose printing.

[2025-11-15 22:00:27.555] [info] -----------------------------------------------------------------
[2025-11-15 22:00:27.555] [info] Computing initial values for muscles states (activation, length):
[2025-11-15 22:00:27.555] [info] -----------------------------------------------------------------
[2025-11-15 22:00:27.555] [info]  -- Start time = Sat Nov 15 22:00:27 2025
[2025-11-15 22:00:27.555] [info] -----------------------------------------------------------------
[2025-11-15 22:00:27.555] [info] 
[2025-11-15 22:00:28.125] [info] CMC::computeControls, t = 5.2
[2025-11-15 22:00:28.929] [info] CMC::computeControls, t = 5.2
[2025-11-15 22:00:29.695] [info] ----------------------------------
[2025-11-15 22:00:29.695] [info] Finished computing initial states:
[2025-11-15 22:00:29.695] [info] ----------------------------------
[2025-11-15 22:00:29.695] [info]  -- Start time = Sat Nov 15 22:00:27 2025
[2025-11-15 22:00:29.695] [info]  -- Finish time = Sat Nov 15 22:00:29 2025
[2025-11-15 22:00:29.695] [info]  -- Elapsed time = 2.0 seconds.
[2025-11-15 22:00:29.695] [info] ----------------------------------
[2025-11-15 22:00:29.695] [info] 
[2025-11-15 22:00:29.695] [info] --------------------------------------------
[2025-11-15 22:00:29.695] [info] Using CMC to track the specified kinematics:
[2025-11-15 22:00:29.695] [info] --------------------------------------------
[2025-11-15 22:00:29.695] [info]  -- Integrating from 5.23 to 7.5
[2025-11-15 22:00:29.695] [info]  -- Start time = Sat Nov 15 22:00:29 2025
[2025-11-15 22:00:29.695] [info] --------------------------------------------
[2025-11-15 22:00:29.695] [info] 
[2025-11-15 22:00:29.698] [info] CMC::computeControls, t = 5.23
[2025-11-15 22:00:30.291] [info] CMC::computeControls, t = 5.24
[2025-11-15 22:00:30.830] [info] CMC::computeControls, t = 5.25
[2025-11-15 22:00:31.426] [info] CMC::computeControls, t = 5.26
[2025-11-15 22:00:31.959] [info] CMC::computeControls, t = 5.27
[2025-11-15 22:00:32.561] [info] CMC::computeControls, t = 5.28
[2025-11-15 22:00:33.079] [info] CMC::computeControls, t = 5.29
[2025-11-15 22:00:33.633] [info] CMC::computeControls, t = 5.3
[2025-11-15 22:00:34.192] [info] CMC::computeControls, t = 5.31
[2025-11-15 22:00:34.731] [info] CMC::computeControls, t = 5.32
[2025-11-15 22:00:35.277] [info] CMC::computeControls, t = 5.33
[2025-11-15 22:00:35.843] [info] CMC::computeControls, t = 5.34
[2025-11-15 22:00:36.450] [info] CMC::computeControls, t = 5.35
[2025-11-15 22:00:37.158] [info] CMC::computeControls, t = 5.36
[2025-11-15 22:00:37.899] [info] CMC::computeControls, t = 5.37
[2025-11-15 22:00:38.642] [info] CMC::computeControls, t = 5.38
[2025-11-15 22:00:39.487] [info] CMC::computeControls, t = 5.39
[2025-11-15 22:00:40.316] [info] CMC::computeControls, t = 5.4
[2025-11-15 22:00:41.166] [info] CMC::computeControls, t = 5.41
[2025-11-15 22:00:41.946] [info] CMC::computeControls, t = 5.42
[2025-11-15 22:00:42.700] [info] CMC::computeControls, t = 5.43
[2025-11-15 22:00:43.409] [info] CMC::computeControls, t = 5.44
[2025-11-15 22:00:44.115] [info] CMC::computeControls, t = 5.45
[2025-11-15 22:00:44.828] [info] CMC::computeControls, t = 5.46
[2025-11-15 22:00:45.579] [info] CMC::computeControls, t = 5.47
[2025-11-15 22:00:46.282] [info] CMC::computeControls, t = 5.48
[2025-11-15 22:00:47.128] [info] CMC::computeControls, t = 5.49
[2025-11-15 22:00:47.912] [info] CMC::computeControls, t = 5.5
[2025-11-15 22:00:48.649] [info] CMC::computeControls, t = 5.51
[2025-11-15 22:00:49.427] [info] CMC::computeControls, t = 5.52
[2025-11-15 22:00:50.185] [info] CMC::computeControls, t = 5.53
[2025-11-15 22:00:50.953] [info] CMC::computeControls, t = 5.54
[2025-11-15 22:00:51.728] [info] CMC::computeControls, t = 5.55
[2025-11-15 22:00:52.490] [info] CMC::computeControls, t = 5.56
[2025-11-15 22:00:52.559] [warning] CMC::computeControls: small force range for iliacus_l (0.0 to 0.0)
[2025-11-15 22:00:52.559] [info] 
[2025-11-15 22:00:53.217] [info] CMC::computeControls, t = 5.57
[2025-11-15 22:00:53.282] [warning] CMC::computeControls: small force range for iliacus_r (0.0 to 0.0)
[2025-11-15 22:00:53.282] [info] 
[2025-11-15 22:00:53.282] [warning] CMC::computeControls: small force range for iliacus_l (0.0 to 0.0)
[2025-11-15 22:00:53.282] [info] 
[2025-11-15 22:00:53.990] [info] CMC::computeControls, t = 5.58
[2025-11-15 22:00:54.838] [info] CMC::computeControls, t = 5.59
[2025-11-15 22:00:55.580] [info] CMC::computeControls, t = 5.6
[2025-11-15 22:00:56.341] [info] CMC::computeControls, t = 5.61
[2025-11-15 22:00:56.972] [info] CMC::computeControls, t = 5.62
[2025-11-15 22:00:57.661] [info] CMC::computeControls, t = 5.63
[2025-11-15 22:00:58.329] [info] CMC::computeControls, t = 5.64
[2025-11-15 22:00:59.090] [info] CMC::computeControls, t = 5.65
[2025-11-15 22:00:59.882] [info] CMC::computeControls, t = 5.66
[2025-11-15 22:01:00.570] [info] CMC::computeControls, t = 5.67
[2025-11-15 22:01:01.213] [info] CMC::computeControls, t = 5.68
[2025-11-15 22:01:01.850] [info] CMC::computeControls, t = 5.69
[2025-11-15 22:01:02.468] [info] CMC::computeControls, t = 5.7
[2025-11-15 22:01:03.233] [info] CMC::computeControls, t = 5.71
[2025-11-15 22:01:03.913] [info] CMC::computeControls, t = 5.72
[2025-11-15 22:01:04.547] [info] CMC::computeControls, t = 5.73
[2025-11-15 22:01:05.200] [info] CMC::computeControls, t = 5.74
[2025-11-15 22:01:05.820] [info] CMC::computeControls, t = 5.75
[2025-11-15 22:01:06.479] [info] CMC::computeControls, t = 5.76
[2025-11-15 22:01:07.133] [info] CMC::computeControls, t = 5.77
[2025-11-15 22:01:07.787] [info] CMC::computeControls, t = 5.78
[2025-11-15 22:01:08.422] [info] CMC::computeControls, t = 5.79
[2025-11-15 22:01:09.102] [info] CMC::computeControls, t = 5.8
[2025-11-15 22:01:09.728] [info] CMC::computeControls, t = 5.81
[2025-11-15 22:01:10.294] [info] CMC::computeControls, t = 5.82
[2025-11-15 22:01:10.835] [info] CMC::computeControls, t = 5.83
[2025-11-15 22:01:11.412] [info] CMC::computeControls, t = 5.84
[2025-11-15 22:01:11.959] [info] CMC::computeControls, t = 5.85
[2025-11-15 22:01:12.538] [info] CMC::computeControls, t = 5.86
[2025-11-15 22:01:13.198] [info] CMC::computeControls, t = 5.87
[2025-11-15 22:01:13.785] [info] CMC::computeControls, t = 5.88
[2025-11-15 22:01:14.494] [info] CMC::computeControls, t = 5.89
[2025-11-15 22:01:15.095] [info] CMC::computeControls, t = 5.9
[2025-11-15 22:01:15.667] [info] CMC::computeControls, t = 5.91
[2025-11-15 22:01:16.254] [info] CMC::computeControls, t = 5.92
[2025-11-15 22:01:16.827] [info] CMC::computeControls, t = 5.93
[2025-11-15 22:01:17.388] [info] CMC::computeControls, t = 5.94
[2025-11-15 22:01:17.928] [info] CMC::computeControls, t = 5.95
[2025-11-15 22:01:18.471] [info] CMC::computeControls, t = 5.96
[2025-11-15 22:01:19.005] [info] CMC::computeControls, t = 5.97
[2025-11-15 22:01:19.540] [info] CMC::computeControls, t = 5.98
[2025-11-15 22:01:20.222] [info] CMC::computeControls, t = 5.99
[2025-11-15 22:01:20.849] [info] CMC::computeControls, t = 6.0
[2025-11-15 22:01:21.480] [info] CMC::computeControls, t = 6.01
[2025-11-15 22:01:22.074] [info] CMC::computeControls, t = 6.02
[2025-11-15 22:01:22.719] [info] CMC::computeControls, t = 6.03
[2025-11-15 22:01:23.320] [info] CMC::computeControls, t = 6.04
[2025-11-15 22:01:23.912] [info] CMC::computeControls, t = 6.05
[2025-11-15 22:01:24.509] [info] CMC::computeControls, t = 6.06
[2025-11-15 22:01:25.055] [info] CMC::computeControls, t = 6.07
[2025-11-15 22:01:25.620] [info] CMC::computeControls, t = 6.08
[2025-11-15 22:01:26.177] [info] CMC::computeControls, t = 6.09
[2025-11-15 22:01:26.741] [info] CMC::computeControls, t = 6.1
[2025-11-15 22:01:27.307] [info] CMC::computeControls, t = 6.11
[2025-11-15 22:01:27.875] [info] CMC::computeControls, t = 6.12
[2025-11-15 22:01:28.498] [info] CMC::computeControls, t = 6.13
[2025-11-15 22:01:29.102] [info] CMC::computeControls, t = 6.14
[2025-11-15 22:01:29.704] [info] CMC::computeControls, t = 6.15
[2025-11-15 22:01:30.303] [info] CMC::computeControls, t = 6.16
[2025-11-15 22:01:30.880] [info] CMC::computeControls, t = 6.17
[2025-11-15 22:01:31.434] [info] CMC::computeControls, t = 6.18
[2025-11-15 22:01:32.007] [info] CMC::computeControls, t = 6.19
[2025-11-15 22:01:32.555] [info] CMC::computeControls, t = 6.2
[2025-11-15 22:01:33.157] [info] CMC::computeControls, t = 6.21
[2025-11-15 22:01:33.702] [info] CMC::computeControls, t = 6.22
[2025-11-15 22:01:34.311] [info] CMC::computeControls, t = 6.23
[2025-11-15 22:01:34.919] [info] CMC::computeControls, t = 6.24
[2025-11-15 22:01:35.483] [info] CMC::computeControls, t = 6.25
[2025-11-15 22:01:36.077] [info] CMC::computeControls, t = 6.26
[2025-11-15 22:01:36.639] [info] CMC::computeControls, t = 6.27
[2025-11-15 22:01:37.218] [info] CMC::computeControls, t = 6.28
[2025-11-15 22:01:37.864] [info] CMC::computeControls, t = 6.29
[2025-11-15 22:01:38.466] [info] CMC::computeControls, t = 6.3
[2025-11-15 22:01:39.082] [info] CMC::computeControls, t = 6.31
[2025-11-15 22:01:39.662] [info] CMC::computeControls, t = 6.32
[2025-11-15 22:01:40.240] [info] CMC::computeControls, t = 6.33
[2025-11-15 22:01:40.822] [info] CMC::computeControls, t = 6.34
[2025-11-15 22:01:41.408] [info] CMC::computeControls, t = 6.35
[2025-11-15 22:01:42.015] [info] CMC::computeControls, t = 6.36
[2025-11-15 22:01:42.618] [info] CMC::computeControls, t = 6.37
[2025-11-15 22:01:43.165] [info] CMC::computeControls, t = 6.38
[2025-11-15 22:01:43.709] [info] CMC::computeControls, t = 6.39
[2025-11-15 22:01:44.289] [info] CMC::computeControls, t = 6.4
[2025-11-15 22:01:44.808] [info] CMC::computeControls, t = 6.41
[2025-11-15 22:01:45.387] [info] CMC::computeControls, t = 6.42
[2025-11-15 22:01:45.932] [info] CMC::computeControls, t = 6.43
[2025-11-15 22:01:46.463] [info] CMC::computeControls, t = 6.44
[2025-11-15 22:01:46.989] [info] CMC::computeControls, t = 6.45
[2025-11-15 22:01:47.531] [info] CMC::computeControls, t = 6.46
[2025-11-15 22:01:48.122] [info] CMC::computeControls, t = 6.47
[2025-11-15 22:01:48.643] [info] CMC::computeControls, t = 6.48
[2025-11-15 22:01:49.164] [info] CMC::computeControls, t = 6.49
[2025-11-15 22:01:49.737] [info] CMC::computeControls, t = 6.5
[2025-11-15 22:01:50.267] [info] CMC::computeControls, t = 6.51
[2025-11-15 22:01:50.827] [info] CMC::computeControls, t = 6.52
[2025-11-15 22:01:51.432] [info] CMC::computeControls, t = 6.53
[2025-11-15 22:01:51.968] [info] CMC::computeControls, t = 6.54
[2025-11-15 22:01:52.406] [info] CMC::computeControls, t = 6.55
[2025-11-15 22:01:52.922] [info] CMC::computeControls, t = 6.56
[2025-11-15 22:01:53.495] [info] CMC::computeControls, t = 6.57
[2025-11-15 22:01:54.055] [info] CMC::computeControls, t = 6.58
[2025-11-15 22:01:54.784] [info] CMC::computeControls, t = 6.59
[2025-11-15 22:01:55.435] [info] CMC::computeControls, t = 6.6
[2025-11-15 22:01:55.964] [info] CMC::computeControls, t = 6.61
[2025-11-15 22:01:56.486] [info] CMC::computeControls, t = 6.62
[2025-11-15 22:01:57.038] [info] CMC::computeControls, t = 6.63
[2025-11-15 22:01:57.575] [info] CMC::computeControls, t = 6.64
[2025-11-15 22:01:58.115] [info] CMC::computeControls, t = 6.65
[2025-11-15 22:01:58.724] [info] CMC::computeControls, t = 6.66
[2025-11-15 22:01:59.271] [info] CMC::computeControls, t = 6.67
[2025-11-15 22:01:59.811] [info] CMC::computeControls, t = 6.68
[2025-11-15 22:02:00.362] [info] CMC::computeControls, t = 6.69
[2025-11-15 22:02:00.929] [info] CMC::computeControls, t = 6.7
[2025-11-15 22:02:01.503] [info] CMC::computeControls, t = 6.71
[2025-11-15 22:02:02.087] [info] CMC::computeControls, t = 6.72
[2025-11-15 22:02:02.670] [info] CMC::computeControls, t = 6.73
[2025-11-15 22:02:03.291] [info] CMC::computeControls, t = 6.74
[2025-11-15 22:02:03.916] [info] CMC::computeControls, t = 6.75
[2025-11-15 22:02:04.503] [info] CMC::computeControls, t = 6.76
[2025-11-15 22:02:05.100] [info] CMC::computeControls, t = 6.77
[2025-11-15 22:02:05.695] [info] CMC::computeControls, t = 6.78
[2025-11-15 22:02:06.294] [info] CMC::computeControls, t = 6.79
[2025-11-15 22:02:06.872] [info] CMC::computeControls, t = 6.8
[2025-11-15 22:02:07.442] [info] CMC::computeControls, t = 6.81
[2025-11-15 22:02:07.987] [info] CMC::computeControls, t = 6.82
[2025-11-15 22:02:08.514] [info] CMC::computeControls, t = 6.83
[2025-11-15 22:02:09.048] [info] CMC::computeControls, t = 6.84
[2025-11-15 22:02:09.605] [info] CMC::computeControls, t = 6.85
[2025-11-15 22:02:10.162] [info] CMC::computeControls, t = 6.86
[2025-11-15 22:02:10.703] [info] CMC::computeControls, t = 6.87
[2025-11-15 22:02:11.296] [info] CMC::computeControls, t = 6.88
[2025-11-15 22:02:11.882] [info] CMC::computeControls, t = 6.89
[2025-11-15 22:02:12.892] [info] CMC::computeControls, t = 6.9
[2025-11-15 22:02:14.209] [info] CMC::computeControls, t = 6.91
[2025-11-15 22:02:14.785] [info] CMC::computeControls, t = 6.92
[2025-11-15 22:02:15.377] [info] CMC::computeControls, t = 6.93
[2025-11-15 22:02:15.963] [info] CMC::computeControls, t = 6.94
[2025-11-15 22:02:16.600] [info] CMC::computeControls, t = 6.95
[2025-11-15 22:02:17.179] [info] CMC::computeControls, t = 6.96
[2025-11-15 22:02:17.741] [info] CMC::computeControls, t = 6.97
[2025-11-15 22:02:18.331] [info] CMC::computeControls, t = 6.98
[2025-11-15 22:02:18.939] [info] CMC::computeControls, t = 6.99
[2025-11-15 22:02:19.501] [info] CMC::computeControls, t = 7.0
[2025-11-15 22:02:20.034] [info] CMC::computeControls, t = 7.01
[2025-11-15 22:02:20.562] [info] CMC::computeControls, t = 7.02
[2025-11-15 22:02:21.087] [info] CMC::computeControls, t = 7.03
[2025-11-15 22:02:21.686] [info] CMC::computeControls, t = 7.04
[2025-11-15 22:02:22.295] [info] CMC::computeControls, t = 7.05
[2025-11-15 22:02:22.817] [info] CMC::computeControls, t = 7.06
[2025-11-15 22:02:23.347] [info] CMC::computeControls, t = 7.07
[2025-11-15 22:02:23.886] [info] CMC::computeControls, t = 7.08
[2025-11-15 22:02:24.416] [info] CMC::computeControls, t = 7.09
[2025-11-15 22:02:24.983] [info] CMC::computeControls, t = 7.1
[2025-11-15 22:02:25.548] [info] CMC::computeControls, t = 7.11
[2025-11-15 22:02:26.173] [info] CMC::computeControls, t = 7.12
[2025-11-15 22:02:26.695] [info] CMC::computeControls, t = 7.13
[2025-11-15 22:02:27.271] [info] CMC::computeControls, t = 7.14
[2025-11-15 22:02:27.887] [info] CMC::computeControls, t = 7.15
[2025-11-15 22:02:28.465] [info] CMC::computeControls, t = 7.16
[2025-11-15 22:02:29.012] [info] CMC::computeControls, t = 7.17
[2025-11-15 22:02:29.606] [info] CMC::computeControls, t = 7.18
[2025-11-15 22:02:30.141] [info] CMC::computeControls, t = 7.19
[2025-11-15 22:02:30.687] [info] CMC::computeControls, t = 7.2
[2025-11-15 22:02:31.264] [info] CMC::computeControls, t = 7.21
[2025-11-15 22:02:31.791] [info] CMC::computeControls, t = 7.22
[2025-11-15 22:02:32.380] [info] CMC::computeControls, t = 7.23
[2025-11-15 22:02:32.936] [info] CMC::computeControls, t = 7.24
[2025-11-15 22:02:33.495] [info] CMC::computeControls, t = 7.25
[2025-11-15 22:02:34.058] [info] CMC::computeControls, t = 7.26
[2025-11-15 22:02:34.622] [info] CMC::computeControls, t = 7.27
[2025-11-15 22:02:35.204] [info] CMC::computeControls, t = 7.28
[2025-11-15 22:02:35.784] [info] CMC::computeControls, t = 7.29
[2025-11-15 22:02:36.371] [info] CMC::computeControls, t = 7.3
[2025-11-15 22:02:36.954] [info] CMC::computeControls, t = 7.31
[2025-11-15 22:02:37.522] [info] CMC::computeControls, t = 7.32
[2025-11-15 22:02:38.132] [info] CMC::computeControls, t = 7.33
[2025-11-15 22:02:38.687] [info] CMC::computeControls, t = 7.34
[2025-11-15 22:02:39.266] [info] CMC::computeControls, t = 7.35
[2025-11-15 22:02:39.843] [info] CMC::computeControls, t = 7.36
[2025-11-15 22:02:40.459] [info] CMC::computeControls, t = 7.37
[2025-11-15 22:02:41.061] [info] CMC::computeControls, t = 7.38
[2025-11-15 22:02:41.581] [info] CMC::computeControls, t = 7.39
[2025-11-15 22:02:42.176] [info] CMC::computeControls, t = 7.4
[2025-11-15 22:02:42.791] [info] CMC::computeControls, t = 7.41
[2025-11-15 22:02:43.405] [info] CMC::computeControls, t = 7.42
[2025-11-15 22:02:44.001] [info] CMC::computeControls, t = 7.43
[2025-11-15 22:02:44.519] [info] CMC::computeControls, t = 7.44
[2025-11-15 22:02:45.066] [info] CMC::computeControls, t = 7.45
[2025-11-15 22:02:45.682] [info] CMC::computeControls, t = 7.46
[2025-11-15 22:02:46.310] [info] CMC::computeControls, t = 7.47
[2025-11-15 22:02:46.927] [info] CMC::computeControls, t = 7.48
[2025-11-15 22:02:47.537] [info] CMC::computeControls, t = 7.49
[2025-11-15 22:02:48.120] [info] -------------------------------------------
[2025-11-15 22:02:48.120] [info] Finished tracking the specified kinematics.
[2025-11-15 22:02:48.120] [info] -------------------------------------------
[2025-11-15 22:02:48.120] [info]  -- Start time = Sat Nov 15 22:00:29 2025
[2025-11-15 22:02:48.120] [info]  -- Finish time = Sat Nov 15 22:02:48 2025
[2025-11-15 22:02:48.120] [info]  -- Elapsed time = 139.0 seconds.
[2025-11-15 22:02:48.120] [info] -------------------------------------------
[2025-11-15 22:02:48.120] [info] 
[2025-11-15 22:02:48.120] [info] Printing results of investigation Hanif-Scaled to C:/Users/Hanif/OneDrive - UNSW/T3 - 2025/Biomechanics of Human Body/Final Project/Vicon Data/Medium Squat/CMC/3_Hanif_Medium_5_0_patched
[2025-11-15 22:02:48.921] [info] Storage: read data file = C:/Users/Hanif/OneDrive - UNSW/T3 - 2025/Biomechanics of Human Body/Final Project/Vicon Data/Medium Squat/IK/3_Hanif_Medium_7_5_patched.mot (nr=501 nc=24)
