[2025-11-15 21:44:58.826] [info] AbstractTool Hanif-Scaled loading model C:/Users/Hanif/OneDrive - UNSW/T3 - 2025/Biomechanics of Human Body/Final Project/Vicon Data/Medium Squat/RRA/1_Hanif_Medium_2_5_patched/1_Hanif_Medium_2_5_patched_model_adjusted.osim
[2025-11-15 21:44:58.849] [info] Loaded model Hanif-Scaled from file C:/Users/Hanif/OneDrive - UNSW/T3 - 2025/Biomechanics of Human Body/Final Project/Vicon Data/Medium Squat/RRA/1_Hanif_Medium_2_5_patched/1_Hanif_Medium_2_5_patched_model_adjusted.osim
[2025-11-15 21:44:58.937] [info] Adding force object set from ../../../../Scripts/Setup_XMLs/Boiler_XMLs/cmc_actuators.xml
[2025-11-15 21:44:58.941] [info] Running tool 'Hanif-Scaled'.
[2025-11-15 21:44:58.952] [info] TaskSet size = 23.
[2025-11-15 21:44:58.956] [info] Storage: read data file = C:/Users/Hanif/OneDrive - UNSW/T3 - 2025/Biomechanics of Human Body/Final Project/Vicon Data/Medium Squat\ID\GRF\1_Hanif_Medium_2_5_grf.mot (nr=421 nc=19)
[2025-11-15 21:44:58.958] [info] ExternalForce::right_ground_force_v Data source being set to Hanif_Medium_2_5_grf.mot
[2025-11-15 21:44:58.958] [info] ExternalForce::left_ground_force_v Data source being set to Hanif_Medium_2_5_grf.mot
[2025-11-15 21:44:58.959] [warning] CMC::extendAddToSystem: CMC cannot compute controls for muscles with muscle controls less than 0.02.
[2025-11-15 21:44:58.959] [warning] CMC::extendAddToSystem: The minimum control limit for muscle 'glut_med1_r' has been reset to 0.02.
[2025-11-15 21:44:58.959] [warning] CMC::extendAddToSystem: CMC cannot compute controls for muscles with muscle controls less than 0.02.
[2025-11-15 21:44:58.959] [warning] CMC::extendAddToSystem: The minimum control limit for muscle 'glut_med2_r' has been reset to 0.02.
[2025-11-15 21:44:58.959] [warning] CMC::extendAddToSystem: CMC cannot compute controls for muscles with muscle controls less than 0.02.
[2025-11-15 21:44:58.959] [warning] CMC::extendAddToSystem: The minimum control limit for muscle 'glut_med3_r' has been reset to 0.02.
[2025-11-15 21:44:58.959] [warning] CMC::extendAddToSystem: CMC cannot compute controls for muscles with muscle controls less than 0.02.
[2025-11-15 21:44:58.959] [warning] CMC::extendAddToSystem: The minimum control limit for muscle 'bifemlh_r' has been reset to 0.02.
[2025-11-15 21:44:58.959] [warning] CMC::extendAddToSystem: CMC cannot compute controls for muscles with muscle controls less than 0.02.
[2025-11-15 21:44:58.959] [warning] CMC::extendAddToSystem: The minimum control limit for muscle 'bifemsh_r' has been reset to 0.02.
[2025-11-15 21:44:58.959] [warning] CMC::extendAddToSystem: CMC cannot compute controls for muscles with muscle controls less than 0.02.
[2025-11-15 21:44:58.959] [warning] CMC::extendAddToSystem: The minimum control limit for muscle 'sar_r' has been reset to 0.02.
[2025-11-15 21:44:58.959] [warning] CMC::extendAddToSystem: CMC cannot compute controls for muscles with muscle controls less than 0.02.
[2025-11-15 21:44:58.959] [warning] CMC::extendAddToSystem: The minimum control limit for muscle 'add_mag2_r' has been reset to 0.02.
[2025-11-15 21:44:58.959] [warning] CMC::extendAddToSystem: CMC cannot compute controls for muscles with muscle controls less than 0.02.
[2025-11-15 21:44:58.959] [warning] CMC::extendAddToSystem: The minimum control limit for muscle 'tfl_r' has been reset to 0.02.
[2025-11-15 21:44:58.959] [warning] CMC::extendAddToSystem: CMC cannot compute controls for muscles with muscle controls less than 0.02.
[2025-11-15 21:44:58.959] [warning] CMC::extendAddToSystem: The minimum control limit for muscle 'pect_r' has been reset to 0.02.
[2025-11-15 21:44:58.959] [warning] CMC::extendAddToSystem: CMC cannot compute controls for muscles with muscle controls less than 0.02.
[2025-11-15 21:44:58.959] [warning] CMC::extendAddToSystem: The minimum control limit for muscle 'grac_r' has been reset to 0.02.
[2025-11-15 21:44:58.959] [warning] CMC::extendAddToSystem: CMC cannot compute controls for muscles with muscle controls less than 0.02.
[2025-11-15 21:44:58.959] [warning] CMC::extendAddToSystem: The minimum control limit for muscle 'glut_max1_r' has been reset to 0.02.
[2025-11-15 21:44:58.959] [warning] CMC::extendAddToSystem: CMC cannot compute controls for muscles with muscle controls less than 0.02.
[2025-11-15 21:44:58.959] [warning] CMC::extendAddToSystem: The minimum control limit for muscle 'glut_max2_r' has been reset to 0.02.
[2025-11-15 21:44:58.959] [warning] CMC::extendAddToSystem: CMC cannot compute controls for muscles with muscle controls less than 0.02.
[2025-11-15 21:44:58.959] [warning] CMC::extendAddToSystem: The minimum control limit for muscle 'glut_max3_r' has been reset to 0.02.
[2025-11-15 21:44:58.959] [warning] CMC::extendAddToSystem: CMC cannot compute controls for muscles with muscle controls less than 0.02.
[2025-11-15 21:44:58.959] [warning] CMC::extendAddToSystem: The minimum control limit for muscle 'iliacus_r' has been reset to 0.02.
[2025-11-15 21:44:58.959] [warning] CMC::extendAddToSystem: CMC cannot compute controls for muscles with muscle controls less than 0.02.
[2025-11-15 21:44:58.959] [warning] CMC::extendAddToSystem: The minimum control limit for muscle 'psoas_r' has been reset to 0.02.
[2025-11-15 21:44:58.959] [warning] CMC::extendAddToSystem: CMC cannot compute controls for muscles with muscle controls less than 0.02.
[2025-11-15 21:44:58.959] [warning] CMC::extendAddToSystem: The minimum control limit for muscle 'quad_fem_r' has been reset to 0.02.
[2025-11-15 21:44:58.959] [warning] CMC::extendAddToSystem: CMC cannot compute controls for muscles with muscle controls less than 0.02.
[2025-11-15 21:44:58.959] [warning] CMC::extendAddToSystem: The minimum control limit for muscle 'gem_r' has been reset to 0.02.
[2025-11-15 21:44:58.959] [warning] CMC::extendAddToSystem: CMC cannot compute controls for muscles with muscle controls less than 0.02.
[2025-11-15 21:44:58.959] [warning] CMC::extendAddToSystem: The minimum control limit for muscle 'peri_r' has been reset to 0.02.
[2025-11-15 21:44:58.959] [warning] CMC::extendAddToSystem: CMC cannot compute controls for muscles with muscle controls less than 0.02.
[2025-11-15 21:44:58.959] [warning] CMC::extendAddToSystem: The minimum control limit for muscle 'rect_fem_r' has been reset to 0.02.
[2025-11-15 21:44:58.959] [warning] CMC::extendAddToSystem: CMC cannot compute controls for muscles with muscle controls less than 0.02.
[2025-11-15 21:44:58.959] [warning] CMC::extendAddToSystem: The minimum control limit for muscle 'vas_int_r' has been reset to 0.02.
[2025-11-15 21:44:58.959] [warning] CMC::extendAddToSystem: CMC cannot compute controls for muscles with muscle controls less than 0.02.
[2025-11-15 21:44:58.959] [warning] CMC::extendAddToSystem: The minimum control limit for muscle 'med_gas_r' has been reset to 0.02.
[2025-11-15 21:44:58.959] [warning] CMC::extendAddToSystem: CMC cannot compute controls for muscles with muscle controls less than 0.02.
[2025-11-15 21:44:58.959] [warning] CMC::extendAddToSystem: The minimum control limit for muscle 'soleus_r' has been reset to 0.02.
[2025-11-15 21:44:58.959] [warning] CMC::extendAddToSystem: CMC cannot compute controls for muscles with muscle controls less than 0.02.
[2025-11-15 21:44:58.959] [warning] CMC::extendAddToSystem: The minimum control limit for muscle 'tib_post_r' has been reset to 0.02.
[2025-11-15 21:44:58.959] [warning] CMC::extendAddToSystem: CMC cannot compute controls for muscles with muscle controls less than 0.02.
[2025-11-15 21:44:58.959] [warning] CMC::extendAddToSystem: The minimum control limit for muscle 'tib_ant_r' has been reset to 0.02.
[2025-11-15 21:44:58.959] [warning] CMC::extendAddToSystem: CMC cannot compute controls for muscles with muscle controls less than 0.02.
[2025-11-15 21:44:58.959] [warning] CMC::extendAddToSystem: The minimum control limit for muscle 'glut_med1_l' has been reset to 0.02.
[2025-11-15 21:44:58.959] [warning] CMC::extendAddToSystem: CMC cannot compute controls for muscles with muscle controls less than 0.02.
[2025-11-15 21:44:58.959] [warning] CMC::extendAddToSystem: The minimum control limit for muscle 'glut_med2_l' has been reset to 0.02.
[2025-11-15 21:44:58.959] [warning] CMC::extendAddToSystem: CMC cannot compute controls for muscles with muscle controls less than 0.02.
[2025-11-15 21:44:58.959] [warning] CMC::extendAddToSystem: The minimum control limit for muscle 'glut_med3_l' has been reset to 0.02.
[2025-11-15 21:44:58.959] [warning] CMC::extendAddToSystem: CMC cannot compute controls for muscles with muscle controls less than 0.02.
[2025-11-15 21:44:58.959] [warning] CMC::extendAddToSystem: The minimum control limit for muscle 'bifemlh_l' has been reset to 0.02.
[2025-11-15 21:44:58.959] [warning] CMC::extendAddToSystem: CMC cannot compute controls for muscles with muscle controls less than 0.02.
[2025-11-15 21:44:58.959] [warning] CMC::extendAddToSystem: The minimum control limit for muscle 'bifemsh_l' has been reset to 0.02.
[2025-11-15 21:44:58.959] [warning] CMC::extendAddToSystem: CMC cannot compute controls for muscles with muscle controls less than 0.02.
[2025-11-15 21:44:58.959] [warning] CMC::extendAddToSystem: The minimum control limit for muscle 'sar_l' has been reset to 0.02.
[2025-11-15 21:44:58.959] [warning] CMC::extendAddToSystem: CMC cannot compute controls for muscles with muscle controls less than 0.02.
[2025-11-15 21:44:58.959] [warning] CMC::extendAddToSystem: The minimum control limit for muscle 'add_mag2_l' has been reset to 0.02.
[2025-11-15 21:44:58.959] [warning] CMC::extendAddToSystem: CMC cannot compute controls for muscles with muscle controls less than 0.02.
[2025-11-15 21:44:58.959] [warning] CMC::extendAddToSystem: The minimum control limit for muscle 'tfl_l' has been reset to 0.02.
[2025-11-15 21:44:58.959] [warning] CMC::extendAddToSystem: CMC cannot compute controls for muscles with muscle controls less than 0.02.
[2025-11-15 21:44:58.959] [warning] CMC::extendAddToSystem: The minimum control limit for muscle 'pect_l' has been reset to 0.02.
[2025-11-15 21:44:58.959] [warning] CMC::extendAddToSystem: CMC cannot compute controls for muscles with muscle controls less than 0.02.
[2025-11-15 21:44:58.959] [warning] CMC::extendAddToSystem: The minimum control limit for muscle 'grac_l' has been reset to 0.02.
[2025-11-15 21:44:58.959] [warning] CMC::extendAddToSystem: CMC cannot compute controls for muscles with muscle controls less than 0.02.
[2025-11-15 21:44:58.959] [warning] CMC::extendAddToSystem: The minimum control limit for muscle 'glut_max1_l' has been reset to 0.02.
[2025-11-15 21:44:58.959] [warning] CMC::extendAddToSystem: CMC cannot compute controls for muscles with muscle controls less than 0.02.
[2025-11-15 21:44:58.959] [warning] CMC::extendAddToSystem: The minimum control limit for muscle 'glut_max2_l' has been reset to 0.02.
[2025-11-15 21:44:58.959] [warning] CMC::extendAddToSystem: CMC cannot compute controls for muscles with muscle controls less than 0.02.
[2025-11-15 21:44:58.959] [warning] CMC::extendAddToSystem: The minimum control limit for muscle 'glut_max3_l' has been reset to 0.02.
[2025-11-15 21:44:58.959] [warning] CMC::extendAddToSystem: CMC cannot compute controls for muscles with muscle controls less than 0.02.
[2025-11-15 21:44:58.959] [warning] CMC::extendAddToSystem: The minimum control limit for muscle 'iliacus_l' has been reset to 0.02.
[2025-11-15 21:44:58.959] [warning] CMC::extendAddToSystem: CMC cannot compute controls for muscles with muscle controls less than 0.02.
[2025-11-15 21:44:58.959] [warning] CMC::extendAddToSystem: The minimum control limit for muscle 'psoas_l' has been reset to 0.02.
[2025-11-15 21:44:58.959] [warning] CMC::extendAddToSystem: CMC cannot compute controls for muscles with muscle controls less than 0.02.
[2025-11-15 21:44:58.959] [warning] CMC::extendAddToSystem: The minimum control limit for muscle 'quad_fem_l' has been reset to 0.02.
[2025-11-15 21:44:58.959] [warning] CMC::extendAddToSystem: CMC cannot compute controls for muscles with muscle controls less than 0.02.
[2025-11-15 21:44:58.959] [warning] CMC::extendAddToSystem: The minimum control limit for muscle 'gem_l' has been reset to 0.02.
[2025-11-15 21:44:58.959] [warning] CMC::extendAddToSystem: CMC cannot compute controls for muscles with muscle controls less than 0.02.
[2025-11-15 21:44:58.959] [warning] CMC::extendAddToSystem: The minimum control limit for muscle 'peri_l' has been reset to 0.02.
[2025-11-15 21:44:58.959] [warning] CMC::extendAddToSystem: CMC cannot compute controls for muscles with muscle controls less than 0.02.
[2025-11-15 21:44:58.959] [warning] CMC::extendAddToSystem: The minimum control limit for muscle 'rect_fem_l' has been reset to 0.02.
[2025-11-15 21:44:58.959] [warning] CMC::extendAddToSystem: CMC cannot compute controls for muscles with muscle controls less than 0.02.
[2025-11-15 21:44:58.959] [warning] CMC::extendAddToSystem: The minimum control limit for muscle 'vas_int_l' has been reset to 0.02.
[2025-11-15 21:44:58.959] [warning] CMC::extendAddToSystem: CMC cannot compute controls for muscles with muscle controls less than 0.02.
[2025-11-15 21:44:58.959] [warning] CMC::extendAddToSystem: The minimum control limit for muscle 'med_gas_l' has been reset to 0.02.
[2025-11-15 21:44:58.959] [warning] CMC::extendAddToSystem: CMC cannot compute controls for muscles with muscle controls less than 0.02.
[2025-11-15 21:44:58.959] [warning] CMC::extendAddToSystem: The minimum control limit for muscle 'soleus_l' has been reset to 0.02.
[2025-11-15 21:44:58.959] [warning] CMC::extendAddToSystem: CMC cannot compute controls for muscles with muscle controls less than 0.02.
[2025-11-15 21:44:58.959] [warning] CMC::extendAddToSystem: The minimum control limit for muscle 'tib_post_l' has been reset to 0.02.
[2025-11-15 21:44:58.959] [warning] CMC::extendAddToSystem: CMC cannot compute controls for muscles with muscle controls less than 0.02.
[2025-11-15 21:44:58.959] [warning] CMC::extendAddToSystem: The minimum control limit for muscle 'tib_ant_l' has been reset to 0.02.
[2025-11-15 21:44:58.959] [warning] CMC::extendAddToSystem: CMC cannot compute controls for muscles with muscle controls less than 0.02.
[2025-11-15 21:44:58.959] [warning] CMC::extendAddToSystem: The minimum control limit for muscle 'ercspn_r' has been reset to 0.02.
[2025-11-15 21:44:58.959] [warning] CMC::extendAddToSystem: CMC cannot compute controls for muscles with muscle controls less than 0.02.
[2025-11-15 21:44:58.959] [warning] CMC::extendAddToSystem: The minimum control limit for muscle 'ercspn_l' has been reset to 0.02.
[2025-11-15 21:44:58.959] [warning] CMC::extendAddToSystem: CMC cannot compute controls for muscles with muscle controls less than 0.02.
[2025-11-15 21:44:58.959] [warning] CMC::extendAddToSystem: The minimum control limit for muscle 'intobl_r' has been reset to 0.02.
[2025-11-15 21:44:58.959] [warning] CMC::extendAddToSystem: CMC cannot compute controls for muscles with muscle controls less than 0.02.
[2025-11-15 21:44:58.959] [warning] CMC::extendAddToSystem: The minimum control limit for muscle 'intobl_l' has been reset to 0.02.
[2025-11-15 21:44:58.959] [warning] CMC::extendAddToSystem: CMC cannot compute controls for muscles with muscle controls less than 0.02.
[2025-11-15 21:44:58.959] [warning] CMC::extendAddToSystem: The minimum control limit for muscle 'extobl_r' has been reset to 0.02.
[2025-11-15 21:44:58.959] [warning] CMC::extendAddToSystem: CMC cannot compute controls for muscles with muscle controls less than 0.02.
[2025-11-15 21:44:58.959] [warning] CMC::extendAddToSystem: The minimum control limit for muscle 'extobl_l' has been reset to 0.02.
[2025-11-15 21:44:58.962] [warning] A desired points file was not specified.
[2025-11-15 21:44:58.962] [info] Loading desired kinematics from file 'C:/Users/Hanif/OneDrive - UNSW/T3 - 2025/Biomechanics of Human Body/Final Project/Vicon Data/Medium Squat/IK/1_Hanif_Medium_2_5_patched.mot'...
[2025-11-15 21:44:58.962] [info] Storage: read data file = C:/Users/Hanif/OneDrive - UNSW/T3 - 2025/Biomechanics of Human Body/Final Project/Vicon Data/Medium Squat/IK/1_Hanif_Medium_2_5_patched.mot (nr=421 nc=24)
[2025-11-15 21:44:58.965] [info] Low-pass filtering desired kinematics with a cutoff frequency of 6.0...
[2025-11-15 21:44:58.977] [cout] [info] MODEL: Hanif-Scaled

numStates = 154
numCoordinates = 23
numSpeeds = 23
numActuators = 77
numBodies = 12
numConstraints = 0
numProbes = 0

ANALYSES (total: 0)

BODIES (total: 12)
body[0] = pelvis. mass: 8.90742
              moments of inertia:  ~[0.0524779,0.0444633,0.0295571]
              products of inertia: ~[0,0,0]
body[1] = femur_r. mass: 7.03502
              moments of inertia:  ~[0.0924431,0.0242326,0.0974829]
              products of inertia: ~[0,0,0]
body[2] = tibia_r. mass: 2.80413
              moments of inertia:  ~[0.0293523,0.00297017,0.0297599]
              products of inertia: ~[0,0,0]
body[3] = talus_r. mass: 0.075634
              moments of inertia:  ~[0.000457796,0.000457796,0.000457796]
              products of inertia: ~[0,0,0]
body[4] = calcn_r. mass: 0.945425
              moments of inertia:  ~[0.000640914,0.0017854,0.00187696]
              products of inertia: ~[0,0,0]
body[5] = toes_r. mass: 0.163823
              moments of inertia:  ~[4.57796e-05,9.15591e-05,4.57796e-05]
              products of inertia: ~[0,0,0]
body[6] = femur_l. mass: 7.03502
              moments of inertia:  ~[0.0924431,0.0242326,0.0974829]
              products of inertia: ~[0,0,0]
body[7] = tibia_l. mass: 2.80413
              moments of inertia:  ~[0.0293523,0.00297017,0.0297599]
              products of inertia: ~[0,0,0]
body[8] = talus_l. mass: 0.075634
              moments of inertia:  ~[0.000457796,0.000457796,0.000457796]
              products of inertia: ~[0,0,0]
body[9] = calcn_l. mass: 0.945425
              moments of inertia:  ~[0.000640914,0.0017854,0.00187696]
              products of inertia: ~[0,0,0]
body[10] = toes_l. mass: 0.163823
              moments of inertia:  ~[4.57796e-05,9.15591e-05,4.57796e-05]
              products of inertia: ~[0,0,0]
body[11] = torso. mass: 24.2131
              moments of inertia:  ~[0.882257,0.452048,0.856468]
              products of inertia: ~[0,0,0]

JOINTS (total: 12)
joint[0] = ground_pelvis. parent: ground_offset, child: pelvis_offset
joint[1] = hip_r. parent: pelvis_offset, child: femur_r_offset
joint[2] = knee_r. parent: femur_r_offset, child: tibia_r_offset
joint[3] = ankle_r. parent: tibia_r_offset, child: talus_r_offset
joint[4] = subtalar_r. parent: talus_r_offset, child: calcn_r_offset
joint[5] = mtp_r. parent: calcn_r_offset, child: toes_r_offset
joint[6] = hip_l. parent: pelvis_offset, child: femur_l_offset
joint[7] = knee_l. parent: femur_l_offset, child: tibia_l_offset
joint[8] = ankle_l. parent: tibia_l_offset, child: talus_l_offset
joint[9] = subtalar_l. parent: talus_l_offset, child: calcn_l_offset
joint[10] = mtp_l. parent: calcn_l_offset, child: toes_l_offset
joint[11] = back. parent: pelvis_offset, child: torso_offset

ACTUATORS (total: 77)
actuator[0] = glut_med1_r
actuator[1] = glut_med2_r
actuator[2] = glut_med3_r
actuator[3] = bifemlh_r
actuator[4] = bifemsh_r
actuator[5] = sar_r
actuator[6] = add_mag2_r
actuator[7] = tfl_r
actuator[8] = pect_r
actuator[9] = grac_r
actuator[10] = glut_max1_r
actuator[11] = glut_max2_r
actuator[12] = glut_max3_r
actuator[13] = iliacus_r
actuator[14] = psoas_r
actuator[15] = quad_fem_r
actuator[16] = gem_r
actuator[17] = peri_r
actuator[18] = rect_fem_r
actuator[19] = vas_int_r
actuator[20] = med_gas_r
actuator[21] = soleus_r
actuator[22] = tib_post_r
actuator[23] = tib_ant_r
actuator[24] = glut_med1_l
actuator[25] = glut_med2_l
actuator[26] = glut_med3_l
actuator[27] = bifemlh_l
actuator[28] = bifemsh_l
actuator[29] = sar_l
actuator[30] = add_mag2_l
actuator[31] = tfl_l
actuator[32] = pect_l
actuator[33] = grac_l
actuator[34] = glut_max1_l
actuator[35] = glut_max2_l
actuator[36] = glut_max3_l
actuator[37] = iliacus_l
actuator[38] = psoas_l
actuator[39] = quad_fem_l
actuator[40] = gem_l
actuator[41] = peri_l
actuator[42] = rect_fem_l
actuator[43] = vas_int_l
actuator[44] = med_gas_l
actuator[45] = soleus_l
actuator[46] = tib_post_l
actuator[47] = tib_ant_l
actuator[48] = ercspn_r
actuator[49] = ercspn_l
actuator[50] = intobl_r
actuator[51] = intobl_l
actuator[52] = extobl_r
actuator[53] = extobl_l
actuator[54] = FX
actuator[55] = FY
actuator[56] = FZ
actuator[57] = MX
actuator[58] = MY
actuator[59] = MZ
actuator[60] = hip_flexion_r_reserve
actuator[61] = hip_adduction_r_reserve
actuator[62] = hip_rotation_r_reserve
actuator[63] = knee_angle_r_reserve
actuator[64] = ankle_angle_r_reserve
actuator[65] = subtalar_angle_r_reserve
actuator[66] = mtp_angle_r_reserve
actuator[67] = hip_flexion_l_reserve
actuator[68] = hip_adduction_l_reserve
actuator[69] = hip_rotation_l_reserve
actuator[70] = knee_angle_l_reserve
actuator[71] = ankle_angle_l_reserve
actuator[72] = subtalar_angle_l_reserve
actuator[73] = mtp_angle_l_reserve
actuator[74] = lumbar_extension_reserve
actuator[75] = lumbar_bending_reserve
actuator[76] = lumbar_rotation_reserve

STATES (total: 154)
y[0] = /jointset/ground_pelvis/pelvis_tilt/value
y[1] = /jointset/ground_pelvis/pelvis_tilt/speed
y[2] = /jointset/ground_pelvis/pelvis_list/value
y[3] = /jointset/ground_pelvis/pelvis_list/speed
y[4] = /jointset/ground_pelvis/pelvis_rotation/value
y[5] = /jointset/ground_pelvis/pelvis_rotation/speed
y[6] = /jointset/ground_pelvis/pelvis_tx/value
y[7] = /jointset/ground_pelvis/pelvis_tx/speed
y[8] = /jointset/ground_pelvis/pelvis_ty/value
y[9] = /jointset/ground_pelvis/pelvis_ty/speed
y[10] = /jointset/ground_pelvis/pelvis_tz/value
y[11] = /jointset/ground_pelvis/pelvis_tz/speed
y[12] = /jointset/hip_r/hip_flexion_r/value
y[13] = /jointset/hip_r/hip_flexion_r/speed
y[14] = /jointset/hip_r/hip_adduction_r/value
y[15] = /jointset/hip_r/hip_adduction_r/speed
y[16] = /jointset/hip_r/hip_rotation_r/value
y[17] = /jointset/hip_r/hip_rotation_r/speed
y[18] = /jointset/knee_r/knee_angle_r/value
y[19] = /jointset/knee_r/knee_angle_r/speed
y[20] = /jointset/ankle_r/ankle_angle_r/value
y[21] = /jointset/ankle_r/ankle_angle_r/speed
y[22] = /jointset/subtalar_r/subtalar_angle_r/value
y[23] = /jointset/subtalar_r/subtalar_angle_r/speed
y[24] = /jointset/mtp_r/mtp_angle_r/value
y[25] = /jointset/mtp_r/mtp_angle_r/speed
y[26] = /jointset/hip_l/hip_flexion_l/value
y[27] = /jointset/hip_l/hip_flexion_l/speed
y[28] = /jointset/hip_l/hip_adduction_l/value
y[29] = /jointset/hip_l/hip_adduction_l/speed
y[30] = /jointset/hip_l/hip_rotation_l/value
y[31] = /jointset/hip_l/hip_rotation_l/speed
y[32] = /jointset/knee_l/knee_angle_l/value
y[33] = /jointset/knee_l/knee_angle_l/speed
y[34] = /jointset/ankle_l/ankle_angle_l/value
y[35] = /jointset/ankle_l/ankle_angle_l/speed
y[36] = /jointset/subtalar_l/subtalar_angle_l/value
y[37] = /jointset/subtalar_l/subtalar_angle_l/speed
y[38] = /jointset/mtp_l/mtp_angle_l/value
y[39] = /jointset/mtp_l/mtp_angle_l/speed
y[40] = /jointset/back/lumbar_extension/value
y[41] = /jointset/back/lumbar_extension/speed
y[42] = /jointset/back/lumbar_bending/value
y[43] = /jointset/back/lumbar_bending/speed
y[44] = /jointset/back/lumbar_rotation/value
y[45] = /jointset/back/lumbar_rotation/speed
y[46] = /forceset/glut_med1_r/activation
y[47] = /forceset/glut_med1_r/fiber_length
y[48] = /forceset/glut_med2_r/activation
y[49] = /forceset/glut_med2_r/fiber_length
y[50] = /forceset/glut_med3_r/activation
y[51] = /forceset/glut_med3_r/fiber_length
y[52] = /forceset/bifemlh_r/activation
y[53] = /forceset/bifemlh_r/fiber_length
y[54] = /forceset/bifemsh_r/activation
y[55] = /forceset/bifemsh_r/fiber_length
y[56] = /forceset/sar_r/activation
y[57] = /forceset/sar_r/fiber_length
y[58] = /forceset/add_mag2_r/activation
y[59] = /forceset/add_mag2_r/fiber_length
y[60] = /forceset/tfl_r/activation
y[61] = /forceset/tfl_r/fiber_length
y[62] = /forceset/pect_r/activation
y[63] = /forceset/pect_r/fiber_length
y[64] = /forceset/grac_r/activation
y[65] = /forceset/grac_r/fiber_length
y[66] = /forceset/glut_max1_r/activation
y[67] = /forceset/glut_max1_r/fiber_length
y[68] = /forceset/glut_max2_r/activation
y[69] = /forceset/glut_max2_r/fiber_length
y[70] = /forceset/glut_max3_r/activation
y[71] = /forceset/glut_max3_r/fiber_length
y[72] = /forceset/iliacus_r/activation
y[73] = /forceset/iliacus_r/fiber_length
y[74] = /forceset/psoas_r/activation
y[75] = /forceset/psoas_r/fiber_length
y[76] = /forceset/quad_fem_r/activation
y[77] = /forceset/quad_fem_r/fiber_length
y[78] = /forceset/gem_r/activation
y[79] = /forceset/gem_r/fiber_length
y[80] = /forceset/peri_r/activation
y[81] = /forceset/peri_r/fiber_length
y[82] = /forceset/rect_fem_r/activation
y[83] = /forceset/rect_fem_r/fiber_length
y[84] = /forceset/vas_int_r/activation
y[85] = /forceset/vas_int_r/fiber_length
y[86] = /forceset/med_gas_r/activation
y[87] = /forceset/med_gas_r/fiber_length
y[88] = /forceset/soleus_r/activation
y[89] = /forceset/soleus_r/fiber_length
y[90] = /forceset/tib_post_r/activation
y[91] = /forceset/tib_post_r/fiber_length
y[92] = /forceset/tib_ant_r/activation
y[93] = /forceset/tib_ant_r/fiber_length
y[94] = /forceset/glut_med1_l/activation
y[95] = /forceset/glut_med1_l/fiber_length
y[96] = /forceset/glut_med2_l/activation
y[97] = /forceset/glut_med2_l/fiber_length
y[98] = /forceset/glut_med3_l/activation
y[99] = /forceset/glut_med3_l/fiber_length
y[100] = /forceset/bifemlh_l/activation
y[101] = /forceset/bifemlh_l/fiber_length
y[102] = /forceset/bifemsh_l/activation
y[103] = /forceset/bifemsh_l/fiber_length
y[104] = /forceset/sar_l/activation
y[105] = /forceset/sar_l/fiber_length
y[106] = /forceset/add_mag2_l/activation
y[107] = /forceset/add_mag2_l/fiber_length
y[108] = /forceset/tfl_l/activation
y[109] = /forceset/tfl_l/fiber_length
y[110] = /forceset/pect_l/activation
y[111] = /forceset/pect_l/fiber_length
y[112] = /forceset/grac_l/activation
y[113] = /forceset/grac_l/fiber_length
y[114] = /forceset/glut_max1_l/activation
y[115] = /forceset/glut_max1_l/fiber_length
y[116] = /forceset/glut_max2_l/activation
y[117] = /forceset/glut_max2_l/fiber_length
y[118] = /forceset/glut_max3_l/activation
y[119] = /forceset/glut_max3_l/fiber_length
y[120] = /forceset/iliacus_l/activation
y[121] = /forceset/iliacus_l/fiber_length
y[122] = /forceset/psoas_l/activation
y[123] = /forceset/psoas_l/fiber_length
y[124] = /forceset/quad_fem_l/activation
y[125] = /forceset/quad_fem_l/fiber_length
y[126] = /forceset/gem_l/activation
y[127] = /forceset/gem_l/fiber_length
y[128] = /forceset/peri_l/activation
y[129] = /forceset/peri_l/fiber_length
y[130] = /forceset/rect_fem_l/activation
y[131] = /forceset/rect_fem_l/fiber_length
y[132] = /forceset/vas_int_l/activation
y[133] = /forceset/vas_int_l/fiber_length
y[134] = /forceset/med_gas_l/activation
y[135] = /forceset/med_gas_l/fiber_length
y[136] = /forceset/soleus_l/activation
y[137] = /forceset/soleus_l/fiber_length
y[138] = /forceset/tib_post_l/activation
y[139] = /forceset/tib_post_l/fiber_length
y[140] = /forceset/tib_ant_l/activation
y[141] = /forceset/tib_ant_l/fiber_length
y[142] = /forceset/ercspn_r/activation
y[143] = /forceset/ercspn_r/fiber_length
y[144] = /forceset/ercspn_l/activation
y[145] = /forceset/ercspn_l/fiber_length
y[146] = /forceset/intobl_r/activation
y[147] = /forceset/intobl_r/fiber_length
y[148] = /forceset/intobl_l/activation
y[149] = /forceset/intobl_l/fiber_length
y[150] = /forceset/extobl_r/activation
y[151] = /forceset/extobl_r/fiber_length
y[152] = /forceset/extobl_l/activation
y[153] = /forceset/extobl_l/fiber_length

[2025-11-15 21:44:59.055] [info] Constructing function set for tracking desired kinematics...
[2025-11-15 21:44:59.209] [info] No Actuation analysis found in analysis set -- adding one...
[2025-11-15 21:44:59.209] [info] No Kinematics analysis found in analysis set -- adding one...
[2025-11-15 21:44:59.212] [info] Using the generalized coordinates specified in C:/Users/Hanif/OneDrive - UNSW/T3 - 2025/Biomechanics of Human Body/Final Project/Vicon Data/Medium Squat/IK/1_Hanif_Medium_2_5_patched.mot to set the initial configuration.
[2025-11-15 21:44:59.245] [info] Using IPOPT optimizer algorithm.
[2025-11-15 21:44:59.245] [info] Setting optimizer print level to 0.
[2025-11-15 21:44:59.245] [info] Setting optimizer convergence tolerance to 0.000100000.
[2025-11-15 21:44:59.245] [info] Setting optimizer maximum iterations to 1000.
[2025-11-15 21:44:59.245] [info] Setting cmc controller to not use verbose printing.

[2025-11-15 21:44:59.246] [info] -----------------------------------------------------------------
[2025-11-15 21:44:59.246] [info] Computing initial values for muscles states (activation, length):
[2025-11-15 21:44:59.246] [info] -----------------------------------------------------------------
[2025-11-15 21:44:59.246] [info]  -- Start time = Sat Nov 15 21:44:59 2025
[2025-11-15 21:44:59.246] [info] -----------------------------------------------------------------
[2025-11-15 21:44:59.246] [info] 
[2025-11-15 21:44:59.744] [info] CMC::computeControls, t = 0.2
[2025-11-15 21:45:00.469] [info] CMC::computeControls, t = 0.2
[2025-11-15 21:45:01.261] [info] ----------------------------------
[2025-11-15 21:45:01.261] [info] Finished computing initial states:
[2025-11-15 21:45:01.261] [info] ----------------------------------
[2025-11-15 21:45:01.261] [info]  -- Start time = Sat Nov 15 21:44:59 2025
[2025-11-15 21:45:01.261] [info]  -- Finish time = Sat Nov 15 21:45:01 2025
[2025-11-15 21:45:01.261] [info]  -- Elapsed time = 2.0 seconds.
[2025-11-15 21:45:01.261] [info] ----------------------------------
[2025-11-15 21:45:01.261] [info] 
[2025-11-15 21:45:01.261] [info] --------------------------------------------
[2025-11-15 21:45:01.261] [info] Using CMC to track the specified kinematics:
[2025-11-15 21:45:01.261] [info] --------------------------------------------
[2025-11-15 21:45:01.261] [info]  -- Integrating from 0.23 to 2.3
[2025-11-15 21:45:01.261] [info]  -- Start time = Sat Nov 15 21:45:01 2025
[2025-11-15 21:45:01.261] [info] --------------------------------------------
[2025-11-15 21:45:01.261] [info] 
[2025-11-15 21:45:01.264] [info] CMC::computeControls, t = 0.23
[2025-11-15 21:45:01.838] [info] CMC::computeControls, t = 0.24
[2025-11-15 21:45:02.406] [info] CMC::computeControls, t = 0.25
[2025-11-15 21:45:02.978] [info] CMC::computeControls, t = 0.26
[2025-11-15 21:45:03.563] [info] CMC::computeControls, t = 0.27
[2025-11-15 21:45:04.099] [info] CMC::computeControls, t = 0.28
[2025-11-15 21:45:04.696] [info] CMC::computeControls, t = 0.29
[2025-11-15 21:45:05.248] [info] CMC::computeControls, t = 0.3
[2025-11-15 21:45:05.796] [info] CMC::computeControls, t = 0.31
[2025-11-15 21:45:06.342] [info] CMC::computeControls, t = 0.32
[2025-11-15 21:45:06.874] [info] CMC::computeControls, t = 0.33
[2025-11-15 21:45:07.407] [info] CMC::computeControls, t = 0.34
[2025-11-15 21:45:07.969] [info] CMC::computeControls, t = 0.35
[2025-11-15 21:45:08.507] [info] CMC::computeControls, t = 0.36
[2025-11-15 21:45:09.036] [info] CMC::computeControls, t = 0.37
[2025-11-15 21:45:09.586] [info] CMC::computeControls, t = 0.38
[2025-11-15 21:45:10.165] [info] CMC::computeControls, t = 0.39
[2025-11-15 21:45:10.737] [info] CMC::computeControls, t = 0.4
[2025-11-15 21:45:11.254] [info] CMC::computeControls, t = 0.41
[2025-11-15 21:45:11.889] [info] CMC::computeControls, t = 0.42
[2025-11-15 21:45:12.409] [info] CMC::computeControls, t = 0.43
[2025-11-15 21:45:13.017] [info] CMC::computeControls, t = 0.44
[2025-11-15 21:45:13.575] [info] CMC::computeControls, t = 0.45
[2025-11-15 21:45:14.190] [info] CMC::computeControls, t = 0.46
[2025-11-15 21:45:14.816] [info] CMC::computeControls, t = 0.47
[2025-11-15 21:45:15.537] [info] CMC::computeControls, t = 0.48
[2025-11-15 21:45:16.187] [info] CMC::computeControls, t = 0.49
[2025-11-15 21:45:16.953] [info] CMC::computeControls, t = 0.5
[2025-11-15 21:45:17.662] [info] CMC::computeControls, t = 0.51
[2025-11-15 21:45:18.331] [info] CMC::computeControls, t = 0.52
[2025-11-15 21:45:19.050] [info] CMC::computeControls, t = 0.53
[2025-11-15 21:45:19.803] [info] CMC::computeControls, t = 0.54
[2025-11-15 21:45:20.624] [info] CMC::computeControls, t = 0.55
[2025-11-15 21:45:21.365] [info] CMC::computeControls, t = 0.56
[2025-11-15 21:45:22.140] [info] CMC::computeControls, t = 0.57
[2025-11-15 21:45:22.931] [info] CMC::computeControls, t = 0.58
[2025-11-15 21:45:23.680] [info] CMC::computeControls, t = 0.59
[2025-11-15 21:45:24.478] [info] CMC::computeControls, t = 0.6
[2025-11-15 21:45:25.300] [info] CMC::computeControls, t = 0.61
[2025-11-15 21:45:26.178] [info] CMC::computeControls, t = 0.62
[2025-11-15 21:45:27.048] [info] CMC::computeControls, t = 0.63
[2025-11-15 21:45:27.863] [info] CMC::computeControls, t = 0.64
[2025-11-15 21:45:28.781] [info] CMC::computeControls, t = 0.65
[2025-11-15 21:45:28.862] [warning] CMC::computeControls: small force range for iliacus_r (0.0 to 0.0)
[2025-11-15 21:45:28.862] [info] 
[2025-11-15 21:45:28.862] [warning] CMC::computeControls: small force range for iliacus_l (0.0 to 0.0)
[2025-11-15 21:45:28.862] [info] 
[2025-11-15 21:45:29.714] [info] CMC::computeControls, t = 0.66
[2025-11-15 21:45:29.786] [warning] CMC::computeControls: small force range for iliacus_l (0.0 to 0.0)
[2025-11-15 21:45:29.786] [info] 
[2025-11-15 21:45:30.548] [info] CMC::computeControls, t = 0.67
[2025-11-15 21:45:31.444] [info] CMC::computeControls, t = 0.68
[2025-11-15 21:45:32.285] [info] CMC::computeControls, t = 0.69
[2025-11-15 21:45:33.093] [info] CMC::computeControls, t = 0.7
[2025-11-15 21:45:33.845] [info] CMC::computeControls, t = 0.71
[2025-11-15 21:45:34.608] [info] CMC::computeControls, t = 0.72
[2025-11-15 21:45:35.329] [info] CMC::computeControls, t = 0.73
[2025-11-15 21:45:36.072] [info] CMC::computeControls, t = 0.74
[2025-11-15 21:45:36.787] [info] CMC::computeControls, t = 0.75
[2025-11-15 21:45:37.466] [info] CMC::computeControls, t = 0.76
[2025-11-15 21:45:38.166] [info] CMC::computeControls, t = 0.77
[2025-11-15 21:45:38.877] [info] CMC::computeControls, t = 0.78
[2025-11-15 21:45:39.505] [info] CMC::computeControls, t = 0.79
[2025-11-15 21:45:40.138] [info] CMC::computeControls, t = 0.8
[2025-11-15 21:45:40.755] [info] CMC::computeControls, t = 0.81
[2025-11-15 21:45:41.319] [info] CMC::computeControls, t = 0.82
[2025-11-15 21:45:41.927] [info] CMC::computeControls, t = 0.83
[2025-11-15 21:45:42.459] [info] CMC::computeControls, t = 0.84
[2025-11-15 21:45:43.042] [info] CMC::computeControls, t = 0.85
[2025-11-15 21:45:43.638] [info] CMC::computeControls, t = 0.86
[2025-11-15 21:45:44.219] [info] CMC::computeControls, t = 0.87
[2025-11-15 21:45:44.777] [info] CMC::computeControls, t = 0.88
[2025-11-15 21:45:45.354] [info] CMC::computeControls, t = 0.89
[2025-11-15 21:45:45.960] [info] CMC::computeControls, t = 0.9
[2025-11-15 21:45:46.542] [info] CMC::computeControls, t = 0.91
[2025-11-15 21:45:47.124] [info] CMC::computeControls, t = 0.92
[2025-11-15 21:45:47.672] [info] CMC::computeControls, t = 0.93
[2025-11-15 21:45:48.209] [info] CMC::computeControls, t = 0.94
[2025-11-15 21:45:48.755] [info] CMC::computeControls, t = 0.95
[2025-11-15 21:45:49.323] [info] CMC::computeControls, t = 0.96
[2025-11-15 21:45:49.878] [info] CMC::computeControls, t = 0.97
[2025-11-15 21:45:50.439] [info] CMC::computeControls, t = 0.98
[2025-11-15 21:45:50.965] [info] CMC::computeControls, t = 0.99
[2025-11-15 21:45:51.546] [info] CMC::computeControls, t = 1.0
[2025-11-15 21:45:52.071] [info] CMC::computeControls, t = 1.01
[2025-11-15 21:45:52.674] [info] CMC::computeControls, t = 1.02
[2025-11-15 21:45:53.242] [info] CMC::computeControls, t = 1.03
[2025-11-15 21:45:53.809] [info] CMC::computeControls, t = 1.04
[2025-11-15 21:45:54.341] [info] CMC::computeControls, t = 1.05
[2025-11-15 21:45:54.884] [info] CMC::computeControls, t = 1.06
[2025-11-15 21:45:55.462] [info] CMC::computeControls, t = 1.07
[2025-11-15 21:45:56.035] [info] CMC::computeControls, t = 1.08
[2025-11-15 21:45:56.606] [info] CMC::computeControls, t = 1.09
[2025-11-15 21:45:57.177] [info] CMC::computeControls, t = 1.1
[2025-11-15 21:45:57.753] [info] CMC::computeControls, t = 1.11
[2025-11-15 21:45:58.344] [info] CMC::computeControls, t = 1.12
[2025-11-15 21:45:58.941] [info] CMC::computeControls, t = 1.13
[2025-11-15 21:45:59.484] [info] CMC::computeControls, t = 1.14
[2025-11-15 21:46:00.034] [info] CMC::computeControls, t = 1.15
[2025-11-15 21:46:00.606] [info] CMC::computeControls, t = 1.16
[2025-11-15 21:46:01.170] [info] CMC::computeControls, t = 1.17
[2025-11-15 21:46:01.690] [info] CMC::computeControls, t = 1.18
[2025-11-15 21:46:02.311] [info] CMC::computeControls, t = 1.19
[2025-11-15 21:46:02.831] [info] CMC::computeControls, t = 1.2
[2025-11-15 21:46:03.373] [info] CMC::computeControls, t = 1.21
[2025-11-15 21:46:03.964] [info] CMC::computeControls, t = 1.22
[2025-11-15 21:46:04.560] [info] CMC::computeControls, t = 1.23
[2025-11-15 21:46:05.131] [info] CMC::computeControls, t = 1.24
[2025-11-15 21:46:05.691] [info] CMC::computeControls, t = 1.25
[2025-11-15 21:46:06.255] [info] CMC::computeControls, t = 1.26
[2025-11-15 21:46:06.841] [info] CMC::computeControls, t = 1.27
[2025-11-15 21:46:07.419] [info] CMC::computeControls, t = 1.28
[2025-11-15 21:46:08.015] [info] CMC::computeControls, t = 1.29
[2025-11-15 21:46:08.558] [info] CMC::computeControls, t = 1.3
[2025-11-15 21:46:09.121] [info] CMC::computeControls, t = 1.31
[2025-11-15 21:46:09.643] [info] CMC::computeControls, t = 1.32
[2025-11-15 21:46:10.178] [info] CMC::computeControls, t = 1.33
[2025-11-15 21:46:10.750] [info] CMC::computeControls, t = 1.34
[2025-11-15 21:46:11.329] [info] CMC::computeControls, t = 1.35
[2025-11-15 21:46:11.863] [info] CMC::computeControls, t = 1.36
[2025-11-15 21:46:12.421] [info] CMC::computeControls, t = 1.37
[2025-11-15 21:46:12.980] [info] CMC::computeControls, t = 1.38
[2025-11-15 21:46:13.514] [info] CMC::computeControls, t = 1.39
[2025-11-15 21:46:14.126] [info] CMC::computeControls, t = 1.4
[2025-11-15 21:46:14.677] [info] CMC::computeControls, t = 1.41
[2025-11-15 21:46:15.140] [info] CMC::computeControls, t = 1.42
[2025-11-15 21:46:15.634] [info] CMC::computeControls, t = 1.43
[2025-11-15 21:46:16.132] [info] CMC::computeControls, t = 1.44
[2025-11-15 21:46:16.672] [info] CMC::computeControls, t = 1.45
[2025-11-15 21:46:17.257] [info] CMC::computeControls, t = 1.46
[2025-11-15 21:46:17.820] [info] CMC::computeControls, t = 1.47
[2025-11-15 21:46:18.373] [info] CMC::computeControls, t = 1.48
[2025-11-15 21:46:18.894] [info] CMC::computeControls, t = 1.49
[2025-11-15 21:46:19.493] [info] CMC::computeControls, t = 1.5
[2025-11-15 21:46:19.989] [info] CMC::computeControls, t = 1.51
[2025-11-15 21:46:20.594] [info] CMC::computeControls, t = 1.52
[2025-11-15 21:46:21.203] [info] CMC::computeControls, t = 1.53
[2025-11-15 21:46:21.767] [info] CMC::computeControls, t = 1.54
[2025-11-15 21:46:22.295] [info] CMC::computeControls, t = 1.55
[2025-11-15 21:46:22.861] [info] CMC::computeControls, t = 1.56
[2025-11-15 21:46:23.387] [info] CMC::computeControls, t = 1.57
[2025-11-15 21:46:23.847] [info] CMC::computeControls, t = 1.58
[2025-11-15 21:46:24.394] [info] CMC::computeControls, t = 1.59
[2025-11-15 21:46:24.953] [info] CMC::computeControls, t = 1.6
[2025-11-15 21:46:25.491] [info] CMC::computeControls, t = 1.61
[2025-11-15 21:46:26.006] [info] CMC::computeControls, t = 1.62
[2025-11-15 21:46:26.618] [info] CMC::computeControls, t = 1.63
[2025-11-15 21:46:27.141] [info] CMC::computeControls, t = 1.64
[2025-11-15 21:46:27.665] [info] CMC::computeControls, t = 1.65
[2025-11-15 21:46:28.190] [info] CMC::computeControls, t = 1.66
[2025-11-15 21:46:28.737] [info] CMC::computeControls, t = 1.67
[2025-11-15 21:46:29.257] [info] CMC::computeControls, t = 1.68
[2025-11-15 21:46:29.782] [info] CMC::computeControls, t = 1.69
[2025-11-15 21:46:30.251] [info] CMC::computeControls, t = 1.7
[2025-11-15 21:46:30.795] [info] CMC::computeControls, t = 1.71
[2025-11-15 21:46:31.297] [info] CMC::computeControls, t = 1.72
[2025-11-15 21:46:31.881] [info] CMC::computeControls, t = 1.73
[2025-11-15 21:46:32.416] [info] CMC::computeControls, t = 1.74
[2025-11-15 21:46:34.143] [info] CMC::computeControls, t = 1.75
[2025-11-15 21:46:34.738] [info] CMC::computeControls, t = 1.76
[2025-11-15 21:46:35.347] [info] CMC::computeControls, t = 1.77
[2025-11-15 21:46:35.852] [info] CMC::computeControls, t = 1.78
[2025-11-15 21:46:36.418] [info] CMC::computeControls, t = 1.79
[2025-11-15 21:46:36.931] [info] CMC::computeControls, t = 1.8
[2025-11-15 21:46:37.492] [info] CMC::computeControls, t = 1.81
[2025-11-15 21:46:38.125] [info] CMC::computeControls, t = 1.82
[2025-11-15 21:46:38.697] [info] CMC::computeControls, t = 1.83
[2025-11-15 21:46:39.255] [info] CMC::computeControls, t = 1.84
[2025-11-15 21:46:39.814] [info] CMC::computeControls, t = 1.85
[2025-11-15 21:46:40.318] [info] CMC::computeControls, t = 1.86
[2025-11-15 21:46:40.804] [info] CMC::computeControls, t = 1.87
[2025-11-15 21:46:41.344] [info] CMC::computeControls, t = 1.88
[2025-11-15 21:46:41.926] [info] CMC::computeControls, t = 1.89
[2025-11-15 21:46:42.485] [info] CMC::computeControls, t = 1.9
[2025-11-15 21:46:43.062] [info] CMC::computeControls, t = 1.91
[2025-11-15 21:46:43.608] [info] CMC::computeControls, t = 1.92
[2025-11-15 21:46:44.188] [info] CMC::computeControls, t = 1.93
[2025-11-15 21:46:44.718] [info] CMC::computeControls, t = 1.94
[2025-11-15 21:46:45.250] [info] CMC::computeControls, t = 1.95
[2025-11-15 21:46:45.809] [info] CMC::computeControls, t = 1.96
[2025-11-15 21:46:46.310] [info] CMC::computeControls, t = 1.97
[2025-11-15 21:46:46.847] [info] CMC::computeControls, t = 1.98
[2025-11-15 21:46:47.359] [info] CMC::computeControls, t = 1.99
[2025-11-15 21:46:47.918] [info] CMC::computeControls, t = 2.0
[2025-11-15 21:46:48.479] [info] CMC::computeControls, t = 2.01
[2025-11-15 21:46:49.051] [info] CMC::computeControls, t = 2.02
[2025-11-15 21:46:49.609] [info] CMC::computeControls, t = 2.03
[2025-11-15 21:46:50.118] [info] CMC::computeControls, t = 2.04
[2025-11-15 21:46:50.657] [info] CMC::computeControls, t = 2.05
[2025-11-15 21:46:51.202] [info] CMC::computeControls, t = 2.06
[2025-11-15 21:46:51.734] [info] CMC::computeControls, t = 2.07
[2025-11-15 21:46:52.279] [info] CMC::computeControls, t = 2.08
[2025-11-15 21:46:52.817] [info] CMC::computeControls, t = 2.09
[2025-11-15 21:46:53.365] [info] CMC::computeControls, t = 2.1
[2025-11-15 21:46:53.909] [info] CMC::computeControls, t = 2.11
[2025-11-15 21:46:54.489] [info] CMC::computeControls, t = 2.12
[2025-11-15 21:46:55.055] [info] CMC::computeControls, t = 2.13
[2025-11-15 21:46:55.615] [info] CMC::computeControls, t = 2.14
[2025-11-15 21:46:56.136] [info] CMC::computeControls, t = 2.15
[2025-11-15 21:46:56.635] [info] CMC::computeControls, t = 2.16
[2025-11-15 21:46:57.140] [info] CMC::computeControls, t = 2.17
[2025-11-15 21:46:57.626] [info] CMC::computeControls, t = 2.18
[2025-11-15 21:46:58.142] [info] CMC::computeControls, t = 2.19
[2025-11-15 21:46:58.640] [info] CMC::computeControls, t = 2.2
[2025-11-15 21:46:59.127] [info] CMC::computeControls, t = 2.21
[2025-11-15 21:46:59.624] [info] CMC::computeControls, t = 2.22
[2025-11-15 21:47:00.120] [info] CMC::computeControls, t = 2.23
[2025-11-15 21:47:00.616] [info] CMC::computeControls, t = 2.24
[2025-11-15 21:47:01.136] [info] CMC::computeControls, t = 2.25
[2025-11-15 21:47:01.648] [info] CMC::computeControls, t = 2.26
[2025-11-15 21:47:02.154] [info] CMC::computeControls, t = 2.27
[2025-11-15 21:47:02.674] [info] CMC::computeControls, t = 2.28
[2025-11-15 21:47:03.167] [info] CMC::computeControls, t = 2.29
[2025-11-15 21:47:03.682] [info] -------------------------------------------
[2025-11-15 21:47:03.682] [info] Finished tracking the specified kinematics.
[2025-11-15 21:47:03.682] [info] -------------------------------------------
[2025-11-15 21:47:03.682] [info]  -- Start time = Sat Nov 15 21:45:01 2025
[2025-11-15 21:47:03.682] [info]  -- Finish time = Sat Nov 15 21:47:03 2025
[2025-11-15 21:47:03.682] [info]  -- Elapsed time = 122.0 seconds.
[2025-11-15 21:47:03.682] [info] -------------------------------------------
[2025-11-15 21:47:03.682] [info] 
[2025-11-15 21:47:03.682] [info] Printing results of investigation Hanif-Scaled to C:/Users/Hanif/OneDrive - UNSW/T3 - 2025/Biomechanics of Human Body/Final Project/Vicon Data/Medium Squat/CMC/1_Hanif_Medium_2_5_patched
[2025-11-15 21:47:04.210] [info] Storage: read data file = C:/Users/Hanif/OneDrive - UNSW/T3 - 2025/Biomechanics of Human Body/Final Project/Vicon Data/Medium Squat/IK/1_Hanif_Medium_5_0_patched.mot (nr=461 nc=24)
