[2025-11-16 00:01:19.856] [info] AbstractTool Hanif-Scaled loading model C:/Users/Hanif/OneDrive - UNSW/T3 - 2025/Biomechanics of Human Body/Final Project/Vicon Data/Shallow Squat/RRA/3_Hanif_Shallow_7_5_patched/3_Hanif_Shallow_7_5_patched_model_adjusted.osim
[2025-11-16 00:01:19.882] [info] Loaded model Hanif-Scaled from file C:/Users/Hanif/OneDrive - UNSW/T3 - 2025/Biomechanics of Human Body/Final Project/Vicon Data/Shallow Squat/RRA/3_Hanif_Shallow_7_5_patched/3_Hanif_Shallow_7_5_patched_model_adjusted.osim
[2025-11-16 00:01:20.001] [info] Adding force object set from ../../../../Scripts/Setup_XMLs/Boiler_XMLs/cmc_actuators.xml
[2025-11-16 00:01:20.008] [info] Running tool 'Hanif-Scaled'.
[2025-11-16 00:01:20.016] [info] TaskSet size = 23.
[2025-11-16 00:01:20.020] [info] Storage: read data file = C:/Users/Hanif/OneDrive - UNSW/T3 - 2025/Biomechanics of Human Body/Final Project/Vicon Data/Shallow Squat\ID\GRF\3_Hanif_Shallow_7_5_grf.mot (nr=481 nc=19)
[2025-11-16 00:01:20.023] [info] ExternalForce::right_ground_force_v Data source being set to Hanif_Shallow_7_5_grf.mot
[2025-11-16 00:01:20.023] [info] ExternalForce::left_ground_force_v Data source being set to Hanif_Shallow_7_5_grf.mot
[2025-11-16 00:01:20.023] [warning] CMC::extendAddToSystem: CMC cannot compute controls for muscles with muscle controls less than 0.02.
[2025-11-16 00:01:20.023] [warning] CMC::extendAddToSystem: The minimum control limit for muscle 'glut_med1_r' has been reset to 0.02.
[2025-11-16 00:01:20.023] [warning] CMC::extendAddToSystem: CMC cannot compute controls for muscles with muscle controls less than 0.02.
[2025-11-16 00:01:20.023] [warning] CMC::extendAddToSystem: The minimum control limit for muscle 'glut_med2_r' has been reset to 0.02.
[2025-11-16 00:01:20.023] [warning] CMC::extendAddToSystem: CMC cannot compute controls for muscles with muscle controls less than 0.02.
[2025-11-16 00:01:20.023] [warning] CMC::extendAddToSystem: The minimum control limit for muscle 'glut_med3_r' has been reset to 0.02.
[2025-11-16 00:01:20.023] [warning] CMC::extendAddToSystem: CMC cannot compute controls for muscles with muscle controls less than 0.02.
[2025-11-16 00:01:20.023] [warning] CMC::extendAddToSystem: The minimum control limit for muscle 'bifemlh_r' has been reset to 0.02.
[2025-11-16 00:01:20.023] [warning] CMC::extendAddToSystem: CMC cannot compute controls for muscles with muscle controls less than 0.02.
[2025-11-16 00:01:20.023] [warning] CMC::extendAddToSystem: The minimum control limit for muscle 'bifemsh_r' has been reset to 0.02.
[2025-11-16 00:01:20.023] [warning] CMC::extendAddToSystem: CMC cannot compute controls for muscles with muscle controls less than 0.02.
[2025-11-16 00:01:20.023] [warning] CMC::extendAddToSystem: The minimum control limit for muscle 'sar_r' has been reset to 0.02.
[2025-11-16 00:01:20.023] [warning] CMC::extendAddToSystem: CMC cannot compute controls for muscles with muscle controls less than 0.02.
[2025-11-16 00:01:20.023] [warning] CMC::extendAddToSystem: The minimum control limit for muscle 'add_mag2_r' has been reset to 0.02.
[2025-11-16 00:01:20.023] [warning] CMC::extendAddToSystem: CMC cannot compute controls for muscles with muscle controls less than 0.02.
[2025-11-16 00:01:20.023] [warning] CMC::extendAddToSystem: The minimum control limit for muscle 'tfl_r' has been reset to 0.02.
[2025-11-16 00:01:20.023] [warning] CMC::extendAddToSystem: CMC cannot compute controls for muscles with muscle controls less than 0.02.
[2025-11-16 00:01:20.023] [warning] CMC::extendAddToSystem: The minimum control limit for muscle 'pect_r' has been reset to 0.02.
[2025-11-16 00:01:20.023] [warning] CMC::extendAddToSystem: CMC cannot compute controls for muscles with muscle controls less than 0.02.
[2025-11-16 00:01:20.023] [warning] CMC::extendAddToSystem: The minimum control limit for muscle 'grac_r' has been reset to 0.02.
[2025-11-16 00:01:20.023] [warning] CMC::extendAddToSystem: CMC cannot compute controls for muscles with muscle controls less than 0.02.
[2025-11-16 00:01:20.023] [warning] CMC::extendAddToSystem: The minimum control limit for muscle 'glut_max1_r' has been reset to 0.02.
[2025-11-16 00:01:20.023] [warning] CMC::extendAddToSystem: CMC cannot compute controls for muscles with muscle controls less than 0.02.
[2025-11-16 00:01:20.023] [warning] CMC::extendAddToSystem: The minimum control limit for muscle 'glut_max2_r' has been reset to 0.02.
[2025-11-16 00:01:20.023] [warning] CMC::extendAddToSystem: CMC cannot compute controls for muscles with muscle controls less than 0.02.
[2025-11-16 00:01:20.023] [warning] CMC::extendAddToSystem: The minimum control limit for muscle 'glut_max3_r' has been reset to 0.02.
[2025-11-16 00:01:20.023] [warning] CMC::extendAddToSystem: CMC cannot compute controls for muscles with muscle controls less than 0.02.
[2025-11-16 00:01:20.023] [warning] CMC::extendAddToSystem: The minimum control limit for muscle 'iliacus_r' has been reset to 0.02.
[2025-11-16 00:01:20.023] [warning] CMC::extendAddToSystem: CMC cannot compute controls for muscles with muscle controls less than 0.02.
[2025-11-16 00:01:20.023] [warning] CMC::extendAddToSystem: The minimum control limit for muscle 'psoas_r' has been reset to 0.02.
[2025-11-16 00:01:20.023] [warning] CMC::extendAddToSystem: CMC cannot compute controls for muscles with muscle controls less than 0.02.
[2025-11-16 00:01:20.023] [warning] CMC::extendAddToSystem: The minimum control limit for muscle 'quad_fem_r' has been reset to 0.02.
[2025-11-16 00:01:20.023] [warning] CMC::extendAddToSystem: CMC cannot compute controls for muscles with muscle controls less than 0.02.
[2025-11-16 00:01:20.023] [warning] CMC::extendAddToSystem: The minimum control limit for muscle 'gem_r' has been reset to 0.02.
[2025-11-16 00:01:20.023] [warning] CMC::extendAddToSystem: CMC cannot compute controls for muscles with muscle controls less than 0.02.
[2025-11-16 00:01:20.023] [warning] CMC::extendAddToSystem: The minimum control limit for muscle 'peri_r' has been reset to 0.02.
[2025-11-16 00:01:20.023] [warning] CMC::extendAddToSystem: CMC cannot compute controls for muscles with muscle controls less than 0.02.
[2025-11-16 00:01:20.023] [warning] CMC::extendAddToSystem: The minimum control limit for muscle 'rect_fem_r' has been reset to 0.02.
[2025-11-16 00:01:20.023] [warning] CMC::extendAddToSystem: CMC cannot compute controls for muscles with muscle controls less than 0.02.
[2025-11-16 00:01:20.023] [warning] CMC::extendAddToSystem: The minimum control limit for muscle 'vas_int_r' has been reset to 0.02.
[2025-11-16 00:01:20.023] [warning] CMC::extendAddToSystem: CMC cannot compute controls for muscles with muscle controls less than 0.02.
[2025-11-16 00:01:20.023] [warning] CMC::extendAddToSystem: The minimum control limit for muscle 'med_gas_r' has been reset to 0.02.
[2025-11-16 00:01:20.023] [warning] CMC::extendAddToSystem: CMC cannot compute controls for muscles with muscle controls less than 0.02.
[2025-11-16 00:01:20.023] [warning] CMC::extendAddToSystem: The minimum control limit for muscle 'soleus_r' has been reset to 0.02.
[2025-11-16 00:01:20.023] [warning] CMC::extendAddToSystem: CMC cannot compute controls for muscles with muscle controls less than 0.02.
[2025-11-16 00:01:20.023] [warning] CMC::extendAddToSystem: The minimum control limit for muscle 'tib_post_r' has been reset to 0.02.
[2025-11-16 00:01:20.023] [warning] CMC::extendAddToSystem: CMC cannot compute controls for muscles with muscle controls less than 0.02.
[2025-11-16 00:01:20.023] [warning] CMC::extendAddToSystem: The minimum control limit for muscle 'tib_ant_r' has been reset to 0.02.
[2025-11-16 00:01:20.023] [warning] CMC::extendAddToSystem: CMC cannot compute controls for muscles with muscle controls less than 0.02.
[2025-11-16 00:01:20.023] [warning] CMC::extendAddToSystem: The minimum control limit for muscle 'glut_med1_l' has been reset to 0.02.
[2025-11-16 00:01:20.023] [warning] CMC::extendAddToSystem: CMC cannot compute controls for muscles with muscle controls less than 0.02.
[2025-11-16 00:01:20.023] [warning] CMC::extendAddToSystem: The minimum control limit for muscle 'glut_med2_l' has been reset to 0.02.
[2025-11-16 00:01:20.023] [warning] CMC::extendAddToSystem: CMC cannot compute controls for muscles with muscle controls less than 0.02.
[2025-11-16 00:01:20.023] [warning] CMC::extendAddToSystem: The minimum control limit for muscle 'glut_med3_l' has been reset to 0.02.
[2025-11-16 00:01:20.023] [warning] CMC::extendAddToSystem: CMC cannot compute controls for muscles with muscle controls less than 0.02.
[2025-11-16 00:01:20.023] [warning] CMC::extendAddToSystem: The minimum control limit for muscle 'bifemlh_l' has been reset to 0.02.
[2025-11-16 00:01:20.023] [warning] CMC::extendAddToSystem: CMC cannot compute controls for muscles with muscle controls less than 0.02.
[2025-11-16 00:01:20.023] [warning] CMC::extendAddToSystem: The minimum control limit for muscle 'bifemsh_l' has been reset to 0.02.
[2025-11-16 00:01:20.023] [warning] CMC::extendAddToSystem: CMC cannot compute controls for muscles with muscle controls less than 0.02.
[2025-11-16 00:01:20.023] [warning] CMC::extendAddToSystem: The minimum control limit for muscle 'sar_l' has been reset to 0.02.
[2025-11-16 00:01:20.023] [warning] CMC::extendAddToSystem: CMC cannot compute controls for muscles with muscle controls less than 0.02.
[2025-11-16 00:01:20.024] [warning] CMC::extendAddToSystem: The minimum control limit for muscle 'add_mag2_l' has been reset to 0.02.
[2025-11-16 00:01:20.024] [warning] CMC::extendAddToSystem: CMC cannot compute controls for muscles with muscle controls less than 0.02.
[2025-11-16 00:01:20.024] [warning] CMC::extendAddToSystem: The minimum control limit for muscle 'tfl_l' has been reset to 0.02.
[2025-11-16 00:01:20.024] [warning] CMC::extendAddToSystem: CMC cannot compute controls for muscles with muscle controls less than 0.02.
[2025-11-16 00:01:20.024] [warning] CMC::extendAddToSystem: The minimum control limit for muscle 'pect_l' has been reset to 0.02.
[2025-11-16 00:01:20.024] [warning] CMC::extendAddToSystem: CMC cannot compute controls for muscles with muscle controls less than 0.02.
[2025-11-16 00:01:20.024] [warning] CMC::extendAddToSystem: The minimum control limit for muscle 'grac_l' has been reset to 0.02.
[2025-11-16 00:01:20.024] [warning] CMC::extendAddToSystem: CMC cannot compute controls for muscles with muscle controls less than 0.02.
[2025-11-16 00:01:20.024] [warning] CMC::extendAddToSystem: The minimum control limit for muscle 'glut_max1_l' has been reset to 0.02.
[2025-11-16 00:01:20.024] [warning] CMC::extendAddToSystem: CMC cannot compute controls for muscles with muscle controls less than 0.02.
[2025-11-16 00:01:20.024] [warning] CMC::extendAddToSystem: The minimum control limit for muscle 'glut_max2_l' has been reset to 0.02.
[2025-11-16 00:01:20.024] [warning] CMC::extendAddToSystem: CMC cannot compute controls for muscles with muscle controls less than 0.02.
[2025-11-16 00:01:20.024] [warning] CMC::extendAddToSystem: The minimum control limit for muscle 'glut_max3_l' has been reset to 0.02.
[2025-11-16 00:01:20.024] [warning] CMC::extendAddToSystem: CMC cannot compute controls for muscles with muscle controls less than 0.02.
[2025-11-16 00:01:20.024] [warning] CMC::extendAddToSystem: The minimum control limit for muscle 'iliacus_l' has been reset to 0.02.
[2025-11-16 00:01:20.024] [warning] CMC::extendAddToSystem: CMC cannot compute controls for muscles with muscle controls less than 0.02.
[2025-11-16 00:01:20.024] [warning] CMC::extendAddToSystem: The minimum control limit for muscle 'psoas_l' has been reset to 0.02.
[2025-11-16 00:01:20.024] [warning] CMC::extendAddToSystem: CMC cannot compute controls for muscles with muscle controls less than 0.02.
[2025-11-16 00:01:20.024] [warning] CMC::extendAddToSystem: The minimum control limit for muscle 'quad_fem_l' has been reset to 0.02.
[2025-11-16 00:01:20.024] [warning] CMC::extendAddToSystem: CMC cannot compute controls for muscles with muscle controls less than 0.02.
[2025-11-16 00:01:20.024] [warning] CMC::extendAddToSystem: The minimum control limit for muscle 'gem_l' has been reset to 0.02.
[2025-11-16 00:01:20.024] [warning] CMC::extendAddToSystem: CMC cannot compute controls for muscles with muscle controls less than 0.02.
[2025-11-16 00:01:20.024] [warning] CMC::extendAddToSystem: The minimum control limit for muscle 'peri_l' has been reset to 0.02.
[2025-11-16 00:01:20.024] [warning] CMC::extendAddToSystem: CMC cannot compute controls for muscles with muscle controls less than 0.02.
[2025-11-16 00:01:20.024] [warning] CMC::extendAddToSystem: The minimum control limit for muscle 'rect_fem_l' has been reset to 0.02.
[2025-11-16 00:01:20.024] [warning] CMC::extendAddToSystem: CMC cannot compute controls for muscles with muscle controls less than 0.02.
[2025-11-16 00:01:20.024] [warning] CMC::extendAddToSystem: The minimum control limit for muscle 'vas_int_l' has been reset to 0.02.
[2025-11-16 00:01:20.024] [warning] CMC::extendAddToSystem: CMC cannot compute controls for muscles with muscle controls less than 0.02.
[2025-11-16 00:01:20.024] [warning] CMC::extendAddToSystem: The minimum control limit for muscle 'med_gas_l' has been reset to 0.02.
[2025-11-16 00:01:20.024] [warning] CMC::extendAddToSystem: CMC cannot compute controls for muscles with muscle controls less than 0.02.
[2025-11-16 00:01:20.024] [warning] CMC::extendAddToSystem: The minimum control limit for muscle 'soleus_l' has been reset to 0.02.
[2025-11-16 00:01:20.024] [warning] CMC::extendAddToSystem: CMC cannot compute controls for muscles with muscle controls less than 0.02.
[2025-11-16 00:01:20.024] [warning] CMC::extendAddToSystem: The minimum control limit for muscle 'tib_post_l' has been reset to 0.02.
[2025-11-16 00:01:20.024] [warning] CMC::extendAddToSystem: CMC cannot compute controls for muscles with muscle controls less than 0.02.
[2025-11-16 00:01:20.024] [warning] CMC::extendAddToSystem: The minimum control limit for muscle 'tib_ant_l' has been reset to 0.02.
[2025-11-16 00:01:20.024] [warning] CMC::extendAddToSystem: CMC cannot compute controls for muscles with muscle controls less than 0.02.
[2025-11-16 00:01:20.024] [warning] CMC::extendAddToSystem: The minimum control limit for muscle 'ercspn_r' has been reset to 0.02.
[2025-11-16 00:01:20.024] [warning] CMC::extendAddToSystem: CMC cannot compute controls for muscles with muscle controls less than 0.02.
[2025-11-16 00:01:20.024] [warning] CMC::extendAddToSystem: The minimum control limit for muscle 'ercspn_l' has been reset to 0.02.
[2025-11-16 00:01:20.024] [warning] CMC::extendAddToSystem: CMC cannot compute controls for muscles with muscle controls less than 0.02.
[2025-11-16 00:01:20.024] [warning] CMC::extendAddToSystem: The minimum control limit for muscle 'intobl_r' has been reset to 0.02.
[2025-11-16 00:01:20.024] [warning] CMC::extendAddToSystem: CMC cannot compute controls for muscles with muscle controls less than 0.02.
[2025-11-16 00:01:20.024] [warning] CMC::extendAddToSystem: The minimum control limit for muscle 'intobl_l' has been reset to 0.02.
[2025-11-16 00:01:20.024] [warning] CMC::extendAddToSystem: CMC cannot compute controls for muscles with muscle controls less than 0.02.
[2025-11-16 00:01:20.024] [warning] CMC::extendAddToSystem: The minimum control limit for muscle 'extobl_r' has been reset to 0.02.
[2025-11-16 00:01:20.024] [warning] CMC::extendAddToSystem: CMC cannot compute controls for muscles with muscle controls less than 0.02.
[2025-11-16 00:01:20.024] [warning] CMC::extendAddToSystem: The minimum control limit for muscle 'extobl_l' has been reset to 0.02.
[2025-11-16 00:01:20.026] [warning] A desired points file was not specified.
[2025-11-16 00:01:20.026] [info] Loading desired kinematics from file 'C:/Users/Hanif/OneDrive - UNSW/T3 - 2025/Biomechanics of Human Body/Final Project/Vicon Data/Shallow Squat/IK/3_Hanif_Shallow_7_5_patched.mot'...
[2025-11-16 00:01:20.026] [info] Storage: read data file = C:/Users/Hanif/OneDrive - UNSW/T3 - 2025/Biomechanics of Human Body/Final Project/Vicon Data/Shallow Squat/IK/3_Hanif_Shallow_7_5_patched.mot (nr=481 nc=24)
[2025-11-16 00:01:20.030] [info] Low-pass filtering desired kinematics with a cutoff frequency of 6.0...
[2025-11-16 00:01:20.130] [cout] [info] MODEL: Hanif-Scaled

numStates = 154
numCoordinates = 23
numSpeeds = 23
numActuators = 77
numBodies = 12
numConstraints = 0
numProbes = 0

ANALYSES (total: 0)

BODIES (total: 12)
body[0] = pelvis. mass: 8.90742
              moments of inertia:  ~[0.0524779,0.0444633,0.0295571]
              products of inertia: ~[0,0,0]
body[1] = femur_r. mass: 7.03502
              moments of inertia:  ~[0.0924431,0.0242326,0.0974829]
              products of inertia: ~[0,0,0]
body[2] = tibia_r. mass: 2.80413
              moments of inertia:  ~[0.0293523,0.00297017,0.0297599]
              products of inertia: ~[0,0,0]
body[3] = talus_r. mass: 0.075634
              moments of inertia:  ~[0.000457796,0.000457796,0.000457796]
              products of inertia: ~[0,0,0]
body[4] = calcn_r. mass: 0.945425
              moments of inertia:  ~[0.000640914,0.0017854,0.00187696]
              products of inertia: ~[0,0,0]
body[5] = toes_r. mass: 0.163823
              moments of inertia:  ~[4.57796e-05,9.15591e-05,4.57796e-05]
              products of inertia: ~[0,0,0]
body[6] = femur_l. mass: 7.03502
              moments of inertia:  ~[0.0924431,0.0242326,0.0974829]
              products of inertia: ~[0,0,0]
body[7] = tibia_l. mass: 2.80413
              moments of inertia:  ~[0.0293523,0.00297017,0.0297599]
              products of inertia: ~[0,0,0]
body[8] = talus_l. mass: 0.075634
              moments of inertia:  ~[0.000457796,0.000457796,0.000457796]
              products of inertia: ~[0,0,0]
body[9] = calcn_l. mass: 0.945425
              moments of inertia:  ~[0.000640914,0.0017854,0.00187696]
              products of inertia: ~[0,0,0]
body[10] = toes_l. mass: 0.163823
              moments of inertia:  ~[4.57796e-05,9.15591e-05,4.57796e-05]
              products of inertia: ~[0,0,0]
body[11] = torso. mass: 29.2112
              moments of inertia:  ~[0.882257,0.452048,0.856468]
              products of inertia: ~[0,0,0]

JOINTS (total: 12)
joint[0] = ground_pelvis. parent: ground_offset, child: pelvis_offset
joint[1] = hip_r. parent: pelvis_offset, child: femur_r_offset
joint[2] = knee_r. parent: femur_r_offset, child: tibia_r_offset
joint[3] = ankle_r. parent: tibia_r_offset, child: talus_r_offset
joint[4] = subtalar_r. parent: talus_r_offset, child: calcn_r_offset
joint[5] = mtp_r. parent: calcn_r_offset, child: toes_r_offset
joint[6] = hip_l. parent: pelvis_offset, child: femur_l_offset
joint[7] = knee_l. parent: femur_l_offset, child: tibia_l_offset
joint[8] = ankle_l. parent: tibia_l_offset, child: talus_l_offset
joint[9] = subtalar_l. parent: talus_l_offset, child: calcn_l_offset
joint[10] = mtp_l. parent: calcn_l_offset, child: toes_l_offset
joint[11] = back. parent: pelvis_offset, child: torso_offset

ACTUATORS (total: 77)
actuator[0] = glut_med1_r
actuator[1] = glut_med2_r
actuator[2] = glut_med3_r
actuator[3] = bifemlh_r
actuator[4] = bifemsh_r
actuator[5] = sar_r
actuator[6] = add_mag2_r
actuator[7] = tfl_r
actuator[8] = pect_r
actuator[9] = grac_r
actuator[10] = glut_max1_r
actuator[11] = glut_max2_r
actuator[12] = glut_max3_r
actuator[13] = iliacus_r
actuator[14] = psoas_r
actuator[15] = quad_fem_r
actuator[16] = gem_r
actuator[17] = peri_r
actuator[18] = rect_fem_r
actuator[19] = vas_int_r
actuator[20] = med_gas_r
actuator[21] = soleus_r
actuator[22] = tib_post_r
actuator[23] = tib_ant_r
actuator[24] = glut_med1_l
actuator[25] = glut_med2_l
actuator[26] = glut_med3_l
actuator[27] = bifemlh_l
actuator[28] = bifemsh_l
actuator[29] = sar_l
actuator[30] = add_mag2_l
actuator[31] = tfl_l
actuator[32] = pect_l
actuator[33] = grac_l
actuator[34] = glut_max1_l
actuator[35] = glut_max2_l
actuator[36] = glut_max3_l
actuator[37] = iliacus_l
actuator[38] = psoas_l
actuator[39] = quad_fem_l
actuator[40] = gem_l
actuator[41] = peri_l
actuator[42] = rect_fem_l
actuator[43] = vas_int_l
actuator[44] = med_gas_l
actuator[45] = soleus_l
actuator[46] = tib_post_l
actuator[47] = tib_ant_l
actuator[48] = ercspn_r
actuator[49] = ercspn_l
actuator[50] = intobl_r
actuator[51] = intobl_l
actuator[52] = extobl_r
actuator[53] = extobl_l
actuator[54] = FX
actuator[55] = FY
actuator[56] = FZ
actuator[57] = MX
actuator[58] = MY
actuator[59] = MZ
actuator[60] = hip_flexion_r_reserve
actuator[61] = hip_adduction_r_reserve
actuator[62] = hip_rotation_r_reserve
actuator[63] = knee_angle_r_reserve
actuator[64] = ankle_angle_r_reserve
actuator[65] = subtalar_angle_r_reserve
actuator[66] = mtp_angle_r_reserve
actuator[67] = hip_flexion_l_reserve
actuator[68] = hip_adduction_l_reserve
actuator[69] = hip_rotation_l_reserve
actuator[70] = knee_angle_l_reserve
actuator[71] = ankle_angle_l_reserve
actuator[72] = subtalar_angle_l_reserve
actuator[73] = mtp_angle_l_reserve
actuator[74] = lumbar_extension_reserve
actuator[75] = lumbar_bending_reserve
actuator[76] = lumbar_rotation_reserve

STATES (total: 154)
y[0] = /jointset/ground_pelvis/pelvis_tilt/value
y[1] = /jointset/ground_pelvis/pelvis_tilt/speed
y[2] = /jointset/ground_pelvis/pelvis_list/value
y[3] = /jointset/ground_pelvis/pelvis_list/speed
y[4] = /jointset/ground_pelvis/pelvis_rotation/value
y[5] = /jointset/ground_pelvis/pelvis_rotation/speed
y[6] = /jointset/ground_pelvis/pelvis_tx/value
y[7] = /jointset/ground_pelvis/pelvis_tx/speed
y[8] = /jointset/ground_pelvis/pelvis_ty/value
y[9] = /jointset/ground_pelvis/pelvis_ty/speed
y[10] = /jointset/ground_pelvis/pelvis_tz/value
y[11] = /jointset/ground_pelvis/pelvis_tz/speed
y[12] = /jointset/hip_r/hip_flexion_r/value
y[13] = /jointset/hip_r/hip_flexion_r/speed
y[14] = /jointset/hip_r/hip_adduction_r/value
y[15] = /jointset/hip_r/hip_adduction_r/speed
y[16] = /jointset/hip_r/hip_rotation_r/value
y[17] = /jointset/hip_r/hip_rotation_r/speed
y[18] = /jointset/knee_r/knee_angle_r/value
y[19] = /jointset/knee_r/knee_angle_r/speed
y[20] = /jointset/ankle_r/ankle_angle_r/value
y[21] = /jointset/ankle_r/ankle_angle_r/speed
y[22] = /jointset/subtalar_r/subtalar_angle_r/value
y[23] = /jointset/subtalar_r/subtalar_angle_r/speed
y[24] = /jointset/mtp_r/mtp_angle_r/value
y[25] = /jointset/mtp_r/mtp_angle_r/speed
y[26] = /jointset/hip_l/hip_flexion_l/value
y[27] = /jointset/hip_l/hip_flexion_l/speed
y[28] = /jointset/hip_l/hip_adduction_l/value
y[29] = /jointset/hip_l/hip_adduction_l/speed
y[30] = /jointset/hip_l/hip_rotation_l/value
y[31] = /jointset/hip_l/hip_rotation_l/speed
y[32] = /jointset/knee_l/knee_angle_l/value
y[33] = /jointset/knee_l/knee_angle_l/speed
y[34] = /jointset/ankle_l/ankle_angle_l/value
y[35] = /jointset/ankle_l/ankle_angle_l/speed
y[36] = /jointset/subtalar_l/subtalar_angle_l/value
y[37] = /jointset/subtalar_l/subtalar_angle_l/speed
y[38] = /jointset/mtp_l/mtp_angle_l/value
y[39] = /jointset/mtp_l/mtp_angle_l/speed
y[40] = /jointset/back/lumbar_extension/value
y[41] = /jointset/back/lumbar_extension/speed
y[42] = /jointset/back/lumbar_bending/value
y[43] = /jointset/back/lumbar_bending/speed
y[44] = /jointset/back/lumbar_rotation/value
y[45] = /jointset/back/lumbar_rotation/speed
y[46] = /forceset/glut_med1_r/activation
y[47] = /forceset/glut_med1_r/fiber_length
y[48] = /forceset/glut_med2_r/activation
y[49] = /forceset/glut_med2_r/fiber_length
y[50] = /forceset/glut_med3_r/activation
y[51] = /forceset/glut_med3_r/fiber_length
y[52] = /forceset/bifemlh_r/activation
y[53] = /forceset/bifemlh_r/fiber_length
y[54] = /forceset/bifemsh_r/activation
y[55] = /forceset/bifemsh_r/fiber_length
y[56] = /forceset/sar_r/activation
y[57] = /forceset/sar_r/fiber_length
y[58] = /forceset/add_mag2_r/activation
y[59] = /forceset/add_mag2_r/fiber_length
y[60] = /forceset/tfl_r/activation
y[61] = /forceset/tfl_r/fiber_length
y[62] = /forceset/pect_r/activation
y[63] = /forceset/pect_r/fiber_length
y[64] = /forceset/grac_r/activation
y[65] = /forceset/grac_r/fiber_length
y[66] = /forceset/glut_max1_r/activation
y[67] = /forceset/glut_max1_r/fiber_length
y[68] = /forceset/glut_max2_r/activation
y[69] = /forceset/glut_max2_r/fiber_length
y[70] = /forceset/glut_max3_r/activation
y[71] = /forceset/glut_max3_r/fiber_length
y[72] = /forceset/iliacus_r/activation
y[73] = /forceset/iliacus_r/fiber_length
y[74] = /forceset/psoas_r/activation
y[75] = /forceset/psoas_r/fiber_length
y[76] = /forceset/quad_fem_r/activation
y[77] = /forceset/quad_fem_r/fiber_length
y[78] = /forceset/gem_r/activation
y[79] = /forceset/gem_r/fiber_length
y[80] = /forceset/peri_r/activation
y[81] = /forceset/peri_r/fiber_length
y[82] = /forceset/rect_fem_r/activation
y[83] = /forceset/rect_fem_r/fiber_length
y[84] = /forceset/vas_int_r/activation
y[85] = /forceset/vas_int_r/fiber_length
y[86] = /forceset/med_gas_r/activation
y[87] = /forceset/med_gas_r/fiber_length
y[88] = /forceset/soleus_r/activation
y[89] = /forceset/soleus_r/fiber_length
y[90] = /forceset/tib_post_r/activation
y[91] = /forceset/tib_post_r/fiber_length
y[92] = /forceset/tib_ant_r/activation
y[93] = /forceset/tib_ant_r/fiber_length
y[94] = /forceset/glut_med1_l/activation
y[95] = /forceset/glut_med1_l/fiber_length
y[96] = /forceset/glut_med2_l/activation
y[97] = /forceset/glut_med2_l/fiber_length
y[98] = /forceset/glut_med3_l/activation
y[99] = /forceset/glut_med3_l/fiber_length
y[100] = /forceset/bifemlh_l/activation
y[101] = /forceset/bifemlh_l/fiber_length
y[102] = /forceset/bifemsh_l/activation
y[103] = /forceset/bifemsh_l/fiber_length
y[104] = /forceset/sar_l/activation
y[105] = /forceset/sar_l/fiber_length
y[106] = /forceset/add_mag2_l/activation
y[107] = /forceset/add_mag2_l/fiber_length
y[108] = /forceset/tfl_l/activation
y[109] = /forceset/tfl_l/fiber_length
y[110] = /forceset/pect_l/activation
y[111] = /forceset/pect_l/fiber_length
y[112] = /forceset/grac_l/activation
y[113] = /forceset/grac_l/fiber_length
y[114] = /forceset/glut_max1_l/activation
y[115] = /forceset/glut_max1_l/fiber_length
y[116] = /forceset/glut_max2_l/activation
y[117] = /forceset/glut_max2_l/fiber_length
y[118] = /forceset/glut_max3_l/activation
y[119] = /forceset/glut_max3_l/fiber_length
y[120] = /forceset/iliacus_l/activation
y[121] = /forceset/iliacus_l/fiber_length
y[122] = /forceset/psoas_l/activation
y[123] = /forceset/psoas_l/fiber_length
y[124] = /forceset/quad_fem_l/activation
y[125] = /forceset/quad_fem_l/fiber_length
y[126] = /forceset/gem_l/activation
y[127] = /forceset/gem_l/fiber_length
y[128] = /forceset/peri_l/activation
y[129] = /forceset/peri_l/fiber_length
y[130] = /forceset/rect_fem_l/activation
y[131] = /forceset/rect_fem_l/fiber_length
y[132] = /forceset/vas_int_l/activation
y[133] = /forceset/vas_int_l/fiber_length
y[134] = /forceset/med_gas_l/activation
y[135] = /forceset/med_gas_l/fiber_length
y[136] = /forceset/soleus_l/activation
y[137] = /forceset/soleus_l/fiber_length
y[138] = /forceset/tib_post_l/activation
y[139] = /forceset/tib_post_l/fiber_length
y[140] = /forceset/tib_ant_l/activation
y[141] = /forceset/tib_ant_l/fiber_length
y[142] = /forceset/ercspn_r/activation
y[143] = /forceset/ercspn_r/fiber_length
y[144] = /forceset/ercspn_l/activation
y[145] = /forceset/ercspn_l/fiber_length
y[146] = /forceset/intobl_r/activation
y[147] = /forceset/intobl_r/fiber_length
y[148] = /forceset/intobl_l/activation
y[149] = /forceset/intobl_l/fiber_length
y[150] = /forceset/extobl_r/activation
y[151] = /forceset/extobl_r/fiber_length
y[152] = /forceset/extobl_l/activation
y[153] = /forceset/extobl_l/fiber_length

[2025-11-16 00:01:20.218] [info] Constructing function set for tracking desired kinematics...
[2025-11-16 00:01:20.398] [info] No Actuation analysis found in analysis set -- adding one...
[2025-11-16 00:01:20.398] [info] No Kinematics analysis found in analysis set -- adding one...
[2025-11-16 00:01:20.400] [info] Using the generalized coordinates specified in C:/Users/Hanif/OneDrive - UNSW/T3 - 2025/Biomechanics of Human Body/Final Project/Vicon Data/Shallow Squat/IK/3_Hanif_Shallow_7_5_patched.mot to set the initial configuration.
[2025-11-16 00:01:20.442] [info] Using IPOPT optimizer algorithm.
[2025-11-16 00:01:20.442] [info] Setting optimizer print level to 0.
[2025-11-16 00:01:20.442] [info] Setting optimizer convergence tolerance to 0.000100000.
[2025-11-16 00:01:20.442] [info] Setting optimizer maximum iterations to 1000.
[2025-11-16 00:01:20.442] [info] Setting cmc controller to not use verbose printing.

[2025-11-16 00:01:20.442] [info] -----------------------------------------------------------------
[2025-11-16 00:01:20.442] [info] Computing initial values for muscles states (activation, length):
[2025-11-16 00:01:20.442] [info] -----------------------------------------------------------------
[2025-11-16 00:01:20.442] [info]  -- Start time = Sun Nov 16 00:01:20 2025
[2025-11-16 00:01:20.442] [info] -----------------------------------------------------------------
[2025-11-16 00:01:20.442] [info] 
[2025-11-16 00:01:21.057] [info] CMC::computeControls, t = 6.1
[2025-11-16 00:01:21.983] [info] CMC::computeControls, t = 6.1
[2025-11-16 00:01:22.655] [info] ----------------------------------
[2025-11-16 00:01:22.655] [info] Finished computing initial states:
[2025-11-16 00:01:22.655] [info] ----------------------------------
[2025-11-16 00:01:22.655] [info]  -- Start time = Sun Nov 16 00:01:20 2025
[2025-11-16 00:01:22.655] [info]  -- Finish time = Sun Nov 16 00:01:22 2025
[2025-11-16 00:01:22.655] [info]  -- Elapsed time = 2.0 seconds.
[2025-11-16 00:01:22.655] [info] ----------------------------------
[2025-11-16 00:01:22.655] [info] 
[2025-11-16 00:01:22.655] [info] --------------------------------------------
[2025-11-16 00:01:22.655] [info] Using CMC to track the specified kinematics:
[2025-11-16 00:01:22.655] [info] --------------------------------------------
[2025-11-16 00:01:22.655] [info]  -- Integrating from 6.13 to 8.5
[2025-11-16 00:01:22.655] [info]  -- Start time = Sun Nov 16 00:01:22 2025
[2025-11-16 00:01:22.655] [info] --------------------------------------------
[2025-11-16 00:01:22.655] [info] 
[2025-11-16 00:01:22.657] [info] CMC::computeControls, t = 6.13
[2025-11-16 00:01:23.197] [info] CMC::computeControls, t = 6.14
[2025-11-16 00:01:23.754] [info] CMC::computeControls, t = 6.15
[2025-11-16 00:01:24.325] [info] CMC::computeControls, t = 6.16
[2025-11-16 00:01:24.830] [info] CMC::computeControls, t = 6.17
[2025-11-16 00:01:25.382] [info] CMC::computeControls, t = 6.18
[2025-11-16 00:01:25.927] [info] CMC::computeControls, t = 6.19
[2025-11-16 00:01:26.496] [info] CMC::computeControls, t = 6.2
[2025-11-16 00:01:27.054] [info] CMC::computeControls, t = 6.21
[2025-11-16 00:01:27.608] [info] CMC::computeControls, t = 6.22
[2025-11-16 00:01:28.188] [info] CMC::computeControls, t = 6.23
[2025-11-16 00:01:28.722] [info] CMC::computeControls, t = 6.24
[2025-11-16 00:01:29.270] [info] CMC::computeControls, t = 6.25
[2025-11-16 00:01:29.900] [info] CMC::computeControls, t = 6.26
[2025-11-16 00:01:30.485] [info] CMC::computeControls, t = 6.27
[2025-11-16 00:01:31.072] [info] CMC::computeControls, t = 6.28
[2025-11-16 00:01:31.715] [info] CMC::computeControls, t = 6.29
[2025-11-16 00:01:32.372] [info] CMC::computeControls, t = 6.3
[2025-11-16 00:01:33.081] [info] CMC::computeControls, t = 6.31
[2025-11-16 00:01:33.722] [info] CMC::computeControls, t = 6.32
[2025-11-16 00:01:34.317] [info] CMC::computeControls, t = 6.33
[2025-11-16 00:01:35.001] [info] CMC::computeControls, t = 6.34
[2025-11-16 00:01:35.675] [info] CMC::computeControls, t = 6.35
[2025-11-16 00:01:36.291] [info] CMC::computeControls, t = 6.36
[2025-11-16 00:01:36.865] [info] CMC::computeControls, t = 6.37
[2025-11-16 00:01:37.429] [info] CMC::computeControls, t = 6.38
[2025-11-16 00:01:37.949] [info] CMC::computeControls, t = 6.39
[2025-11-16 00:01:38.507] [info] CMC::computeControls, t = 6.4
[2025-11-16 00:01:39.009] [info] CMC::computeControls, t = 6.41
[2025-11-16 00:01:39.572] [info] CMC::computeControls, t = 6.42
[2025-11-16 00:01:40.178] [info] CMC::computeControls, t = 6.43
[2025-11-16 00:01:40.732] [info] CMC::computeControls, t = 6.44
[2025-11-16 00:01:41.330] [info] CMC::computeControls, t = 6.45
[2025-11-16 00:01:42.011] [info] CMC::computeControls, t = 6.46
[2025-11-16 00:01:42.658] [info] CMC::computeControls, t = 6.47
[2025-11-16 00:01:43.256] [info] CMC::computeControls, t = 6.48
[2025-11-16 00:01:43.856] [info] CMC::computeControls, t = 6.49
[2025-11-16 00:01:44.437] [info] CMC::computeControls, t = 6.5
[2025-11-16 00:01:44.996] [info] CMC::computeControls, t = 6.51
[2025-11-16 00:01:45.684] [info] CMC::computeControls, t = 6.52
[2025-11-16 00:01:46.280] [info] CMC::computeControls, t = 6.53
[2025-11-16 00:01:46.933] [info] CMC::computeControls, t = 6.54
[2025-11-16 00:01:47.648] [info] CMC::computeControls, t = 6.55
[2025-11-16 00:01:48.336] [info] CMC::computeControls, t = 6.56
[2025-11-16 00:01:48.970] [info] CMC::computeControls, t = 6.57
[2025-11-16 00:01:49.591] [info] CMC::computeControls, t = 6.58
[2025-11-16 00:01:50.222] [info] CMC::computeControls, t = 6.59
[2025-11-16 00:01:50.286] [warning] CMC::computeControls: small force range for iliacus_l (0.0 to 0.0)
[2025-11-16 00:01:50.286] [info] 
[2025-11-16 00:01:50.286] [warning] CMC::computeControls: small force range for psoas_l (0.0 to 0.0)
[2025-11-16 00:01:50.286] [info] 
[2025-11-16 00:01:50.871] [info] CMC::computeControls, t = 6.6
[2025-11-16 00:01:50.932] [warning] CMC::computeControls: small force range for iliacus_l (0.0 to 0.0)
[2025-11-16 00:01:50.932] [info] 
[2025-11-16 00:01:51.592] [info] CMC::computeControls, t = 6.61
[2025-11-16 00:01:51.652] [warning] CMC::computeControls: small force range for iliacus_r (0.0 to 0.0)
[2025-11-16 00:01:51.652] [info] 
[2025-11-16 00:01:52.377] [info] CMC::computeControls, t = 6.62
[2025-11-16 00:01:53.061] [info] CMC::computeControls, t = 6.63
[2025-11-16 00:01:53.646] [info] CMC::computeControls, t = 6.64
[2025-11-16 00:01:54.229] [info] CMC::computeControls, t = 6.65
[2025-11-16 00:01:54.792] [info] CMC::computeControls, t = 6.66
[2025-11-16 00:01:55.343] [info] CMC::computeControls, t = 6.67
[2025-11-16 00:01:55.884] [info] CMC::computeControls, t = 6.68
[2025-11-16 00:01:56.409] [info] CMC::computeControls, t = 6.69
[2025-11-16 00:01:56.934] [info] CMC::computeControls, t = 6.7
[2025-11-16 00:01:57.555] [info] CMC::computeControls, t = 6.71
[2025-11-16 00:01:58.103] [info] CMC::computeControls, t = 6.72
[2025-11-16 00:01:58.661] [info] CMC::computeControls, t = 6.73
[2025-11-16 00:01:59.180] [info] CMC::computeControls, t = 6.74
[2025-11-16 00:01:59.761] [info] CMC::computeControls, t = 6.75
[2025-11-16 00:02:00.295] [info] CMC::computeControls, t = 6.76
[2025-11-16 00:02:00.828] [info] CMC::computeControls, t = 6.77
[2025-11-16 00:02:01.400] [info] CMC::computeControls, t = 6.78
[2025-11-16 00:02:01.947] [info] CMC::computeControls, t = 6.79
[2025-11-16 00:02:02.477] [info] CMC::computeControls, t = 6.8
[2025-11-16 00:02:03.015] [info] CMC::computeControls, t = 6.81
[2025-11-16 00:02:03.532] [info] CMC::computeControls, t = 6.82
[2025-11-16 00:02:04.008] [info] CMC::computeControls, t = 6.83
[2025-11-16 00:02:04.497] [info] CMC::computeControls, t = 6.84
[2025-11-16 00:02:04.995] [info] CMC::computeControls, t = 6.85
[2025-11-16 00:02:05.519] [info] CMC::computeControls, t = 6.86
[2025-11-16 00:02:06.027] [info] CMC::computeControls, t = 6.87
[2025-11-16 00:02:06.513] [info] CMC::computeControls, t = 6.88
[2025-11-16 00:02:07.086] [info] CMC::computeControls, t = 6.89
[2025-11-16 00:02:07.695] [info] CMC::computeControls, t = 6.9
[2025-11-16 00:02:08.276] [info] CMC::computeControls, t = 6.91
[2025-11-16 00:02:08.779] [info] CMC::computeControls, t = 6.92
[2025-11-16 00:02:09.304] [info] CMC::computeControls, t = 6.93
[2025-11-16 00:02:09.853] [info] CMC::computeControls, t = 6.94
[2025-11-16 00:02:10.476] [info] CMC::computeControls, t = 6.95
[2025-11-16 00:02:11.025] [info] CMC::computeControls, t = 6.96
[2025-11-16 00:02:11.566] [info] CMC::computeControls, t = 6.97
[2025-11-16 00:02:12.104] [info] CMC::computeControls, t = 6.98
[2025-11-16 00:02:12.633] [info] CMC::computeControls, t = 6.99
[2025-11-16 00:02:13.200] [info] CMC::computeControls, t = 7.0
[2025-11-16 00:02:13.744] [info] CMC::computeControls, t = 7.01
[2025-11-16 00:02:14.323] [info] CMC::computeControls, t = 7.02
[2025-11-16 00:02:14.846] [info] CMC::computeControls, t = 7.03
[2025-11-16 00:02:15.375] [info] CMC::computeControls, t = 7.04
[2025-11-16 00:02:15.900] [info] CMC::computeControls, t = 7.05
[2025-11-16 00:02:16.456] [info] CMC::computeControls, t = 7.06
[2025-11-16 00:02:17.044] [info] CMC::computeControls, t = 7.07
[2025-11-16 00:02:17.623] [info] CMC::computeControls, t = 7.08
[2025-11-16 00:02:18.156] [info] CMC::computeControls, t = 7.09
[2025-11-16 00:02:18.663] [info] CMC::computeControls, t = 7.1
[2025-11-16 00:02:19.225] [info] CMC::computeControls, t = 7.11
[2025-11-16 00:02:19.810] [info] CMC::computeControls, t = 7.12
[2025-11-16 00:02:20.385] [info] CMC::computeControls, t = 7.13
[2025-11-16 00:02:20.961] [info] CMC::computeControls, t = 7.14
[2025-11-16 00:02:21.526] [info] CMC::computeControls, t = 7.15
[2025-11-16 00:02:22.105] [info] CMC::computeControls, t = 7.16
[2025-11-16 00:02:22.655] [info] CMC::computeControls, t = 7.17
[2025-11-16 00:02:23.216] [info] CMC::computeControls, t = 7.18
[2025-11-16 00:02:23.776] [info] CMC::computeControls, t = 7.19
[2025-11-16 00:02:24.318] [info] CMC::computeControls, t = 7.2
[2025-11-16 00:02:24.892] [info] CMC::computeControls, t = 7.21
[2025-11-16 00:02:25.432] [info] CMC::computeControls, t = 7.22
[2025-11-16 00:02:26.008] [info] CMC::computeControls, t = 7.23
[2025-11-16 00:02:26.548] [info] CMC::computeControls, t = 7.24
[2025-11-16 00:02:27.103] [info] CMC::computeControls, t = 7.25
[2025-11-16 00:02:27.692] [info] CMC::computeControls, t = 7.26
[2025-11-16 00:02:28.268] [info] CMC::computeControls, t = 7.27
[2025-11-16 00:02:28.790] [info] CMC::computeControls, t = 7.28
[2025-11-16 00:02:29.358] [info] CMC::computeControls, t = 7.29
[2025-11-16 00:02:29.966] [info] CMC::computeControls, t = 7.3
[2025-11-16 00:02:30.556] [info] CMC::computeControls, t = 7.31
[2025-11-16 00:02:31.113] [info] CMC::computeControls, t = 7.32
[2025-11-16 00:02:31.663] [info] CMC::computeControls, t = 7.33
[2025-11-16 00:02:32.210] [info] CMC::computeControls, t = 7.34
[2025-11-16 00:02:32.724] [info] CMC::computeControls, t = 7.35
[2025-11-16 00:02:33.219] [info] CMC::computeControls, t = 7.36
[2025-11-16 00:02:33.794] [info] CMC::computeControls, t = 7.37
[2025-11-16 00:02:34.309] [info] CMC::computeControls, t = 7.38
[2025-11-16 00:02:34.820] [info] CMC::computeControls, t = 7.39
[2025-11-16 00:02:35.372] [info] CMC::computeControls, t = 7.4
[2025-11-16 00:02:35.930] [info] CMC::computeControls, t = 7.41
[2025-11-16 00:02:36.494] [info] CMC::computeControls, t = 7.42
[2025-11-16 00:02:37.032] [info] CMC::computeControls, t = 7.43
[2025-11-16 00:02:37.609] [info] CMC::computeControls, t = 7.44
[2025-11-16 00:02:38.172] [info] CMC::computeControls, t = 7.45
[2025-11-16 00:02:38.723] [info] CMC::computeControls, t = 7.46
[2025-11-16 00:02:39.231] [info] CMC::computeControls, t = 7.47
[2025-11-16 00:02:39.740] [info] CMC::computeControls, t = 7.48
[2025-11-16 00:02:40.344] [info] CMC::computeControls, t = 7.49
[2025-11-16 00:02:40.919] [info] CMC::computeControls, t = 7.5
[2025-11-16 00:02:41.481] [info] CMC::computeControls, t = 7.51
[2025-11-16 00:02:41.985] [info] CMC::computeControls, t = 7.52
[2025-11-16 00:02:42.514] [info] CMC::computeControls, t = 7.53
[2025-11-16 00:02:43.043] [info] CMC::computeControls, t = 7.54
[2025-11-16 00:02:43.600] [info] CMC::computeControls, t = 7.55
[2025-11-16 00:02:44.134] [info] CMC::computeControls, t = 7.56
[2025-11-16 00:02:44.693] [info] CMC::computeControls, t = 7.57
[2025-11-16 00:02:45.318] [info] CMC::computeControls, t = 7.58
[2025-11-16 00:02:45.794] [info] CMC::computeControls, t = 7.59
[2025-11-16 00:02:46.355] [info] CMC::computeControls, t = 7.6
[2025-11-16 00:02:46.922] [info] CMC::computeControls, t = 7.61
[2025-11-16 00:02:47.409] [info] CMC::computeControls, t = 7.62
[2025-11-16 00:02:47.974] [info] CMC::computeControls, t = 7.63
[2025-11-16 00:02:48.504] [info] CMC::computeControls, t = 7.64
[2025-11-16 00:02:49.070] [info] CMC::computeControls, t = 7.65
[2025-11-16 00:02:49.668] [info] CMC::computeControls, t = 7.66
[2025-11-16 00:02:50.217] [info] CMC::computeControls, t = 7.67
[2025-11-16 00:02:50.688] [info] CMC::computeControls, t = 7.68
[2025-11-16 00:02:51.244] [info] CMC::computeControls, t = 7.69
[2025-11-16 00:02:51.770] [info] CMC::computeControls, t = 7.7
[2025-11-16 00:02:52.290] [info] CMC::computeControls, t = 7.71
[2025-11-16 00:02:52.742] [info] CMC::computeControls, t = 7.72
[2025-11-16 00:02:53.282] [info] CMC::computeControls, t = 7.73
[2025-11-16 00:02:53.801] [info] CMC::computeControls, t = 7.74
[2025-11-16 00:02:54.403] [info] CMC::computeControls, t = 7.75
[2025-11-16 00:02:54.997] [info] CMC::computeControls, t = 7.76
[2025-11-16 00:02:55.546] [info] CMC::computeControls, t = 7.77
[2025-11-16 00:02:56.049] [info] CMC::computeControls, t = 7.78
[2025-11-16 00:02:56.625] [info] CMC::computeControls, t = 7.79
[2025-11-16 00:02:57.197] [info] CMC::computeControls, t = 7.8
[2025-11-16 00:02:57.725] [info] CMC::computeControls, t = 7.81
[2025-11-16 00:02:58.306] [info] CMC::computeControls, t = 7.82
[2025-11-16 00:02:59.522] [info] CMC::computeControls, t = 7.83
[2025-11-16 00:03:00.065] [info] CMC::computeControls, t = 7.84
[2025-11-16 00:03:00.639] [info] CMC::computeControls, t = 7.85
[2025-11-16 00:03:01.615] [info] CMC::computeControls, t = 7.86
[2025-11-16 00:03:02.211] [info] CMC::computeControls, t = 7.87
[2025-11-16 00:03:02.773] [info] CMC::computeControls, t = 7.88
[2025-11-16 00:03:03.268] [info] CMC::computeControls, t = 7.89
[2025-11-16 00:03:03.866] [info] CMC::computeControls, t = 7.9
[2025-11-16 00:03:04.455] [info] CMC::computeControls, t = 7.91
[2025-11-16 00:03:05.043] [info] CMC::computeControls, t = 7.92
[2025-11-16 00:03:05.602] [info] CMC::computeControls, t = 7.93
[2025-11-16 00:03:06.219] [info] CMC::computeControls, t = 7.94
[2025-11-16 00:03:06.793] [info] CMC::computeControls, t = 7.95
[2025-11-16 00:03:07.346] [info] CMC::computeControls, t = 7.96
[2025-11-16 00:03:07.925] [info] CMC::computeControls, t = 7.97
[2025-11-16 00:03:08.455] [info] CMC::computeControls, t = 7.98
[2025-11-16 00:03:09.049] [info] CMC::computeControls, t = 7.99
[2025-11-16 00:03:09.579] [info] CMC::computeControls, t = 8.0
[2025-11-16 00:03:10.141] [info] CMC::computeControls, t = 8.01
[2025-11-16 00:03:10.689] [info] CMC::computeControls, t = 8.02
[2025-11-16 00:03:11.227] [info] CMC::computeControls, t = 8.03
[2025-11-16 00:03:11.760] [info] CMC::computeControls, t = 8.04
[2025-11-16 00:03:12.344] [info] CMC::computeControls, t = 8.05
[2025-11-16 00:03:12.856] [info] CMC::computeControls, t = 8.06
[2025-11-16 00:03:13.327] [info] CMC::computeControls, t = 8.07
[2025-11-16 00:03:13.837] [info] CMC::computeControls, t = 8.08
[2025-11-16 00:03:14.318] [info] CMC::computeControls, t = 8.09
[2025-11-16 00:03:14.834] [info] CMC::computeControls, t = 8.1
[2025-11-16 00:03:15.359] [info] CMC::computeControls, t = 8.11
[2025-11-16 00:03:15.834] [info] CMC::computeControls, t = 8.12
[2025-11-16 00:03:16.373] [info] CMC::computeControls, t = 8.13
[2025-11-16 00:03:16.898] [info] CMC::computeControls, t = 8.14
[2025-11-16 00:03:17.428] [info] CMC::computeControls, t = 8.15
[2025-11-16 00:03:17.972] [info] CMC::computeControls, t = 8.16
[2025-11-16 00:03:18.510] [info] CMC::computeControls, t = 8.17
[2025-11-16 00:03:19.040] [info] CMC::computeControls, t = 8.18
[2025-11-16 00:03:19.551] [info] CMC::computeControls, t = 8.19
[2025-11-16 00:03:20.063] [info] CMC::computeControls, t = 8.2
[2025-11-16 00:03:20.599] [info] CMC::computeControls, t = 8.21
[2025-11-16 00:03:21.124] [info] CMC::computeControls, t = 8.22
[2025-11-16 00:03:21.608] [info] CMC::computeControls, t = 8.23
[2025-11-16 00:03:22.109] [info] CMC::computeControls, t = 8.24
[2025-11-16 00:03:22.617] [info] CMC::computeControls, t = 8.25
[2025-11-16 00:03:23.133] [info] CMC::computeControls, t = 8.26
[2025-11-16 00:03:23.613] [info] CMC::computeControls, t = 8.27
[2025-11-16 00:03:24.142] [info] CMC::computeControls, t = 8.28
[2025-11-16 00:03:24.660] [info] CMC::computeControls, t = 8.29
[2025-11-16 00:03:25.166] [info] CMC::computeControls, t = 8.3
[2025-11-16 00:03:25.686] [info] CMC::computeControls, t = 8.31
[2025-11-16 00:03:26.198] [info] CMC::computeControls, t = 8.32
[2025-11-16 00:03:26.745] [info] CMC::computeControls, t = 8.33
[2025-11-16 00:03:27.254] [info] CMC::computeControls, t = 8.34
[2025-11-16 00:03:27.786] [info] CMC::computeControls, t = 8.35
[2025-11-16 00:03:28.311] [info] CMC::computeControls, t = 8.36
[2025-11-16 00:03:28.831] [info] CMC::computeControls, t = 8.37
[2025-11-16 00:03:29.357] [info] CMC::computeControls, t = 8.38
[2025-11-16 00:03:29.864] [info] CMC::computeControls, t = 8.39
[2025-11-16 00:03:30.380] [info] CMC::computeControls, t = 8.4
[2025-11-16 00:03:30.919] [info] CMC::computeControls, t = 8.41
[2025-11-16 00:03:31.495] [info] CMC::computeControls, t = 8.42
[2025-11-16 00:03:32.003] [info] CMC::computeControls, t = 8.43
[2025-11-16 00:03:32.512] [info] CMC::computeControls, t = 8.44
[2025-11-16 00:03:33.020] [info] CMC::computeControls, t = 8.45
[2025-11-16 00:03:33.538] [info] CMC::computeControls, t = 8.46
[2025-11-16 00:03:34.085] [info] CMC::computeControls, t = 8.47
[2025-11-16 00:03:34.584] [info] CMC::computeControls, t = 8.48
[2025-11-16 00:03:35.116] [info] CMC::computeControls, t = 8.49
[2025-11-16 00:03:35.638] [info] -------------------------------------------
[2025-11-16 00:03:35.638] [info] Finished tracking the specified kinematics.
[2025-11-16 00:03:35.638] [info] -------------------------------------------
[2025-11-16 00:03:35.638] [info]  -- Start time = Sun Nov 16 00:01:22 2025
[2025-11-16 00:03:35.638] [info]  -- Finish time = Sun Nov 16 00:03:35 2025
[2025-11-16 00:03:35.638] [info]  -- Elapsed time = 133.0 seconds.
[2025-11-16 00:03:35.638] [info] -------------------------------------------
[2025-11-16 00:03:35.638] [info] 
[2025-11-16 00:03:35.638] [info] Printing results of investigation Hanif-Scaled to C:/Users/Hanif/OneDrive - UNSW/T3 - 2025/Biomechanics of Human Body/Final Project/Vicon Data/Shallow Squat/CMC/3_Hanif_Shallow_7_5_patched
[2025-11-16 00:22:55.095] [info] Storage: read data file = C:/Users/Hanif/OneDrive - UNSW/T3 - 2025/Biomechanics of Human Body/Final Project/Vicon Data/Shallow Squat/IK/1_Hanif_Shallow_2_5_patched.mot (nr=301 nc=24)
[2025-11-16 00:38:11.581] [info] AbstractTool Hanif-Scaled loading model C:/Users/Hanif/OneDrive - UNSW/T3 - 2025/Biomechanics of Human Body/Final Project/Vicon Data/Shallow Squat/RRA/3_Hanif_Shallow_7_5_patched/3_Hanif_Shallow_7_5_patched_model_adjusted.osim
[2025-11-16 00:38:11.597] [info] Loaded model Hanif-Scaled from file C:/Users/Hanif/OneDrive - UNSW/T3 - 2025/Biomechanics of Human Body/Final Project/Vicon Data/Shallow Squat/RRA/3_Hanif_Shallow_7_5_patched/3_Hanif_Shallow_7_5_patched_model_adjusted.osim
[2025-11-16 00:38:11.695] [info] Adding force object set from ../../../../Scripts/Setup_XMLs/Boiler_XMLs/cmc_actuators.xml
[2025-11-16 00:38:11.702] [info] Running tool 'Hanif-Scaled'.
[2025-11-16 00:38:11.712] [info] TaskSet size = 23.
[2025-11-16 00:38:11.716] [info] Storage: read data file = C:/Users/Hanif/OneDrive - UNSW/T3 - 2025/Biomechanics of Human Body/Final Project/Vicon Data/Shallow Squat\ID\GRF\3_Hanif_Shallow_7_5_grf.mot (nr=481 nc=19)
[2025-11-16 00:38:11.720] [info] ExternalForce::right_ground_force_v Data source being set to Hanif_Shallow_7_5_grf.mot
[2025-11-16 00:38:11.720] [info] ExternalForce::left_ground_force_v Data source being set to Hanif_Shallow_7_5_grf.mot
[2025-11-16 00:38:11.720] [warning] CMC::extendAddToSystem: CMC cannot compute controls for muscles with muscle controls less than 0.02.
[2025-11-16 00:38:11.720] [warning] CMC::extendAddToSystem: The minimum control limit for muscle 'glut_med1_r' has been reset to 0.02.
[2025-11-16 00:38:11.720] [warning] CMC::extendAddToSystem: CMC cannot compute controls for muscles with muscle controls less than 0.02.
[2025-11-16 00:38:11.720] [warning] CMC::extendAddToSystem: The minimum control limit for muscle 'glut_med2_r' has been reset to 0.02.
[2025-11-16 00:38:11.720] [warning] CMC::extendAddToSystem: CMC cannot compute controls for muscles with muscle controls less than 0.02.
[2025-11-16 00:38:11.720] [warning] CMC::extendAddToSystem: The minimum control limit for muscle 'glut_med3_r' has been reset to 0.02.
[2025-11-16 00:38:11.720] [warning] CMC::extendAddToSystem: CMC cannot compute controls for muscles with muscle controls less than 0.02.
[2025-11-16 00:38:11.720] [warning] CMC::extendAddToSystem: The minimum control limit for muscle 'bifemlh_r' has been reset to 0.02.
[2025-11-16 00:38:11.720] [warning] CMC::extendAddToSystem: CMC cannot compute controls for muscles with muscle controls less than 0.02.
[2025-11-16 00:38:11.720] [warning] CMC::extendAddToSystem: The minimum control limit for muscle 'bifemsh_r' has been reset to 0.02.
[2025-11-16 00:38:11.720] [warning] CMC::extendAddToSystem: CMC cannot compute controls for muscles with muscle controls less than 0.02.
[2025-11-16 00:38:11.720] [warning] CMC::extendAddToSystem: The minimum control limit for muscle 'sar_r' has been reset to 0.02.
[2025-11-16 00:38:11.720] [warning] CMC::extendAddToSystem: CMC cannot compute controls for muscles with muscle controls less than 0.02.
[2025-11-16 00:38:11.720] [warning] CMC::extendAddToSystem: The minimum control limit for muscle 'add_mag2_r' has been reset to 0.02.
[2025-11-16 00:38:11.720] [warning] CMC::extendAddToSystem: CMC cannot compute controls for muscles with muscle controls less than 0.02.
[2025-11-16 00:38:11.720] [warning] CMC::extendAddToSystem: The minimum control limit for muscle 'tfl_r' has been reset to 0.02.
[2025-11-16 00:38:11.720] [warning] CMC::extendAddToSystem: CMC cannot compute controls for muscles with muscle controls less than 0.02.
[2025-11-16 00:38:11.720] [warning] CMC::extendAddToSystem: The minimum control limit for muscle 'pect_r' has been reset to 0.02.
[2025-11-16 00:38:11.720] [warning] CMC::extendAddToSystem: CMC cannot compute controls for muscles with muscle controls less than 0.02.
[2025-11-16 00:38:11.720] [warning] CMC::extendAddToSystem: The minimum control limit for muscle 'grac_r' has been reset to 0.02.
[2025-11-16 00:38:11.720] [warning] CMC::extendAddToSystem: CMC cannot compute controls for muscles with muscle controls less than 0.02.
[2025-11-16 00:38:11.720] [warning] CMC::extendAddToSystem: The minimum control limit for muscle 'glut_max1_r' has been reset to 0.02.
[2025-11-16 00:38:11.720] [warning] CMC::extendAddToSystem: CMC cannot compute controls for muscles with muscle controls less than 0.02.
[2025-11-16 00:38:11.720] [warning] CMC::extendAddToSystem: The minimum control limit for muscle 'glut_max2_r' has been reset to 0.02.
[2025-11-16 00:38:11.720] [warning] CMC::extendAddToSystem: CMC cannot compute controls for muscles with muscle controls less than 0.02.
[2025-11-16 00:38:11.720] [warning] CMC::extendAddToSystem: The minimum control limit for muscle 'glut_max3_r' has been reset to 0.02.
[2025-11-16 00:38:11.720] [warning] CMC::extendAddToSystem: CMC cannot compute controls for muscles with muscle controls less than 0.02.
[2025-11-16 00:38:11.720] [warning] CMC::extendAddToSystem: The minimum control limit for muscle 'iliacus_r' has been reset to 0.02.
[2025-11-16 00:38:11.720] [warning] CMC::extendAddToSystem: CMC cannot compute controls for muscles with muscle controls less than 0.02.
[2025-11-16 00:38:11.720] [warning] CMC::extendAddToSystem: The minimum control limit for muscle 'psoas_r' has been reset to 0.02.
[2025-11-16 00:38:11.720] [warning] CMC::extendAddToSystem: CMC cannot compute controls for muscles with muscle controls less than 0.02.
[2025-11-16 00:38:11.720] [warning] CMC::extendAddToSystem: The minimum control limit for muscle 'quad_fem_r' has been reset to 0.02.
[2025-11-16 00:38:11.720] [warning] CMC::extendAddToSystem: CMC cannot compute controls for muscles with muscle controls less than 0.02.
[2025-11-16 00:38:11.720] [warning] CMC::extendAddToSystem: The minimum control limit for muscle 'gem_r' has been reset to 0.02.
[2025-11-16 00:38:11.720] [warning] CMC::extendAddToSystem: CMC cannot compute controls for muscles with muscle controls less than 0.02.
[2025-11-16 00:38:11.720] [warning] CMC::extendAddToSystem: The minimum control limit for muscle 'peri_r' has been reset to 0.02.
[2025-11-16 00:38:11.720] [warning] CMC::extendAddToSystem: CMC cannot compute controls for muscles with muscle controls less than 0.02.
[2025-11-16 00:38:11.720] [warning] CMC::extendAddToSystem: The minimum control limit for muscle 'rect_fem_r' has been reset to 0.02.
[2025-11-16 00:38:11.720] [warning] CMC::extendAddToSystem: CMC cannot compute controls for muscles with muscle controls less than 0.02.
[2025-11-16 00:38:11.720] [warning] CMC::extendAddToSystem: The minimum control limit for muscle 'vas_int_r' has been reset to 0.02.
[2025-11-16 00:38:11.721] [warning] CMC::extendAddToSystem: CMC cannot compute controls for muscles with muscle controls less than 0.02.
[2025-11-16 00:38:11.721] [warning] CMC::extendAddToSystem: The minimum control limit for muscle 'med_gas_r' has been reset to 0.02.
[2025-11-16 00:38:11.721] [warning] CMC::extendAddToSystem: CMC cannot compute controls for muscles with muscle controls less than 0.02.
[2025-11-16 00:38:11.721] [warning] CMC::extendAddToSystem: The minimum control limit for muscle 'soleus_r' has been reset to 0.02.
[2025-11-16 00:38:11.721] [warning] CMC::extendAddToSystem: CMC cannot compute controls for muscles with muscle controls less than 0.02.
[2025-11-16 00:38:11.721] [warning] CMC::extendAddToSystem: The minimum control limit for muscle 'tib_post_r' has been reset to 0.02.
[2025-11-16 00:38:11.721] [warning] CMC::extendAddToSystem: CMC cannot compute controls for muscles with muscle controls less than 0.02.
[2025-11-16 00:38:11.721] [warning] CMC::extendAddToSystem: The minimum control limit for muscle 'tib_ant_r' has been reset to 0.02.
[2025-11-16 00:38:11.721] [warning] CMC::extendAddToSystem: CMC cannot compute controls for muscles with muscle controls less than 0.02.
[2025-11-16 00:38:11.721] [warning] CMC::extendAddToSystem: The minimum control limit for muscle 'glut_med1_l' has been reset to 0.02.
[2025-11-16 00:38:11.721] [warning] CMC::extendAddToSystem: CMC cannot compute controls for muscles with muscle controls less than 0.02.
[2025-11-16 00:38:11.721] [warning] CMC::extendAddToSystem: The minimum control limit for muscle 'glut_med2_l' has been reset to 0.02.
[2025-11-16 00:38:11.721] [warning] CMC::extendAddToSystem: CMC cannot compute controls for muscles with muscle controls less than 0.02.
[2025-11-16 00:38:11.721] [warning] CMC::extendAddToSystem: The minimum control limit for muscle 'glut_med3_l' has been reset to 0.02.
[2025-11-16 00:38:11.721] [warning] CMC::extendAddToSystem: CMC cannot compute controls for muscles with muscle controls less than 0.02.
[2025-11-16 00:38:11.721] [warning] CMC::extendAddToSystem: The minimum control limit for muscle 'bifemlh_l' has been reset to 0.02.
[2025-11-16 00:38:11.721] [warning] CMC::extendAddToSystem: CMC cannot compute controls for muscles with muscle controls less than 0.02.
[2025-11-16 00:38:11.721] [warning] CMC::extendAddToSystem: The minimum control limit for muscle 'bifemsh_l' has been reset to 0.02.
[2025-11-16 00:38:11.721] [warning] CMC::extendAddToSystem: CMC cannot compute controls for muscles with muscle controls less than 0.02.
[2025-11-16 00:38:11.721] [warning] CMC::extendAddToSystem: The minimum control limit for muscle 'sar_l' has been reset to 0.02.
[2025-11-16 00:38:11.721] [warning] CMC::extendAddToSystem: CMC cannot compute controls for muscles with muscle controls less than 0.02.
[2025-11-16 00:38:11.721] [warning] CMC::extendAddToSystem: The minimum control limit for muscle 'add_mag2_l' has been reset to 0.02.
[2025-11-16 00:38:11.721] [warning] CMC::extendAddToSystem: CMC cannot compute controls for muscles with muscle controls less than 0.02.
[2025-11-16 00:38:11.721] [warning] CMC::extendAddToSystem: The minimum control limit for muscle 'tfl_l' has been reset to 0.02.
[2025-11-16 00:38:11.721] [warning] CMC::extendAddToSystem: CMC cannot compute controls for muscles with muscle controls less than 0.02.
[2025-11-16 00:38:11.721] [warning] CMC::extendAddToSystem: The minimum control limit for muscle 'pect_l' has been reset to 0.02.
[2025-11-16 00:38:11.721] [warning] CMC::extendAddToSystem: CMC cannot compute controls for muscles with muscle controls less than 0.02.
[2025-11-16 00:38:11.721] [warning] CMC::extendAddToSystem: The minimum control limit for muscle 'grac_l' has been reset to 0.02.
[2025-11-16 00:38:11.721] [warning] CMC::extendAddToSystem: CMC cannot compute controls for muscles with muscle controls less than 0.02.
[2025-11-16 00:38:11.721] [warning] CMC::extendAddToSystem: The minimum control limit for muscle 'glut_max1_l' has been reset to 0.02.
[2025-11-16 00:38:11.721] [warning] CMC::extendAddToSystem: CMC cannot compute controls for muscles with muscle controls less than 0.02.
[2025-11-16 00:38:11.721] [warning] CMC::extendAddToSystem: The minimum control limit for muscle 'glut_max2_l' has been reset to 0.02.
[2025-11-16 00:38:11.721] [warning] CMC::extendAddToSystem: CMC cannot compute controls for muscles with muscle controls less than 0.02.
[2025-11-16 00:38:11.721] [warning] CMC::extendAddToSystem: The minimum control limit for muscle 'glut_max3_l' has been reset to 0.02.
[2025-11-16 00:38:11.721] [warning] CMC::extendAddToSystem: CMC cannot compute controls for muscles with muscle controls less than 0.02.
[2025-11-16 00:38:11.721] [warning] CMC::extendAddToSystem: The minimum control limit for muscle 'iliacus_l' has been reset to 0.02.
[2025-11-16 00:38:11.721] [warning] CMC::extendAddToSystem: CMC cannot compute controls for muscles with muscle controls less than 0.02.
[2025-11-16 00:38:11.721] [warning] CMC::extendAddToSystem: The minimum control limit for muscle 'psoas_l' has been reset to 0.02.
[2025-11-16 00:38:11.721] [warning] CMC::extendAddToSystem: CMC cannot compute controls for muscles with muscle controls less than 0.02.
[2025-11-16 00:38:11.721] [warning] CMC::extendAddToSystem: The minimum control limit for muscle 'quad_fem_l' has been reset to 0.02.
[2025-11-16 00:38:11.721] [warning] CMC::extendAddToSystem: CMC cannot compute controls for muscles with muscle controls less than 0.02.
[2025-11-16 00:38:11.721] [warning] CMC::extendAddToSystem: The minimum control limit for muscle 'gem_l' has been reset to 0.02.
[2025-11-16 00:38:11.721] [warning] CMC::extendAddToSystem: CMC cannot compute controls for muscles with muscle controls less than 0.02.
[2025-11-16 00:38:11.721] [warning] CMC::extendAddToSystem: The minimum control limit for muscle 'peri_l' has been reset to 0.02.
[2025-11-16 00:38:11.721] [warning] CMC::extendAddToSystem: CMC cannot compute controls for muscles with muscle controls less than 0.02.
[2025-11-16 00:38:11.721] [warning] CMC::extendAddToSystem: The minimum control limit for muscle 'rect_fem_l' has been reset to 0.02.
[2025-11-16 00:38:11.721] [warning] CMC::extendAddToSystem: CMC cannot compute controls for muscles with muscle controls less than 0.02.
[2025-11-16 00:38:11.721] [warning] CMC::extendAddToSystem: The minimum control limit for muscle 'vas_int_l' has been reset to 0.02.
[2025-11-16 00:38:11.721] [warning] CMC::extendAddToSystem: CMC cannot compute controls for muscles with muscle controls less than 0.02.
[2025-11-16 00:38:11.721] [warning] CMC::extendAddToSystem: The minimum control limit for muscle 'med_gas_l' has been reset to 0.02.
[2025-11-16 00:38:11.721] [warning] CMC::extendAddToSystem: CMC cannot compute controls for muscles with muscle controls less than 0.02.
[2025-11-16 00:38:11.721] [warning] CMC::extendAddToSystem: The minimum control limit for muscle 'soleus_l' has been reset to 0.02.
[2025-11-16 00:38:11.721] [warning] CMC::extendAddToSystem: CMC cannot compute controls for muscles with muscle controls less than 0.02.
[2025-11-16 00:38:11.721] [warning] CMC::extendAddToSystem: The minimum control limit for muscle 'tib_post_l' has been reset to 0.02.
[2025-11-16 00:38:11.721] [warning] CMC::extendAddToSystem: CMC cannot compute controls for muscles with muscle controls less than 0.02.
[2025-11-16 00:38:11.721] [warning] CMC::extendAddToSystem: The minimum control limit for muscle 'tib_ant_l' has been reset to 0.02.
[2025-11-16 00:38:11.721] [warning] CMC::extendAddToSystem: CMC cannot compute controls for muscles with muscle controls less than 0.02.
[2025-11-16 00:38:11.721] [warning] CMC::extendAddToSystem: The minimum control limit for muscle 'ercspn_r' has been reset to 0.02.
[2025-11-16 00:38:11.721] [warning] CMC::extendAddToSystem: CMC cannot compute controls for muscles with muscle controls less than 0.02.
[2025-11-16 00:38:11.721] [warning] CMC::extendAddToSystem: The minimum control limit for muscle 'ercspn_l' has been reset to 0.02.
[2025-11-16 00:38:11.721] [warning] CMC::extendAddToSystem: CMC cannot compute controls for muscles with muscle controls less than 0.02.
[2025-11-16 00:38:11.721] [warning] CMC::extendAddToSystem: The minimum control limit for muscle 'intobl_r' has been reset to 0.02.
[2025-11-16 00:38:11.721] [warning] CMC::extendAddToSystem: CMC cannot compute controls for muscles with muscle controls less than 0.02.
[2025-11-16 00:38:11.721] [warning] CMC::extendAddToSystem: The minimum control limit for muscle 'intobl_l' has been reset to 0.02.
[2025-11-16 00:38:11.721] [warning] CMC::extendAddToSystem: CMC cannot compute controls for muscles with muscle controls less than 0.02.
[2025-11-16 00:38:11.721] [warning] CMC::extendAddToSystem: The minimum control limit for muscle 'extobl_r' has been reset to 0.02.
[2025-11-16 00:38:11.721] [warning] CMC::extendAddToSystem: CMC cannot compute controls for muscles with muscle controls less than 0.02.
[2025-11-16 00:38:11.721] [warning] CMC::extendAddToSystem: The minimum control limit for muscle 'extobl_l' has been reset to 0.02.
[2025-11-16 00:38:11.723] [warning] A desired points file was not specified.
[2025-11-16 00:38:11.723] [info] Loading desired kinematics from file 'C:/Users/Hanif/OneDrive - UNSW/T3 - 2025/Biomechanics of Human Body/Final Project/Vicon Data/Shallow Squat/IK/3_Hanif_Shallow_7_5_patched.mot'...
[2025-11-16 00:38:11.723] [info] Storage: read data file = C:/Users/Hanif/OneDrive - UNSW/T3 - 2025/Biomechanics of Human Body/Final Project/Vicon Data/Shallow Squat/IK/3_Hanif_Shallow_7_5_patched.mot (nr=481 nc=24)
[2025-11-16 00:38:11.727] [info] Low-pass filtering desired kinematics with a cutoff frequency of 6.0...
[2025-11-16 00:38:11.827] [cout] [info] MODEL: Hanif-Scaled

numStates = 154
numCoordinates = 23
numSpeeds = 23
numActuators = 77
numBodies = 12
numConstraints = 0
numProbes = 0

ANALYSES (total: 0)

BODIES (total: 12)
body[0] = pelvis. mass: 8.90742
              moments of inertia:  ~[0.0524779,0.0444633,0.0295571]
              products of inertia: ~[0,0,0]
body[1] = femur_r. mass: 7.03502
              moments of inertia:  ~[0.0924431,0.0242326,0.0974829]
              products of inertia: ~[0,0,0]
body[2] = tibia_r. mass: 2.80413
              moments of inertia:  ~[0.0293523,0.00297017,0.0297599]
              products of inertia: ~[0,0,0]
body[3] = talus_r. mass: 0.075634
              moments of inertia:  ~[0.000457796,0.000457796,0.000457796]
              products of inertia: ~[0,0,0]
body[4] = calcn_r. mass: 0.945425
              moments of inertia:  ~[0.000640914,0.0017854,0.00187696]
              products of inertia: ~[0,0,0]
body[5] = toes_r. mass: 0.163823
              moments of inertia:  ~[4.57796e-05,9.15591e-05,4.57796e-05]
              products of inertia: ~[0,0,0]
body[6] = femur_l. mass: 7.03502
              moments of inertia:  ~[0.0924431,0.0242326,0.0974829]
              products of inertia: ~[0,0,0]
body[7] = tibia_l. mass: 2.80413
              moments of inertia:  ~[0.0293523,0.00297017,0.0297599]
              products of inertia: ~[0,0,0]
body[8] = talus_l. mass: 0.075634
              moments of inertia:  ~[0.000457796,0.000457796,0.000457796]
              products of inertia: ~[0,0,0]
body[9] = calcn_l. mass: 0.945425
              moments of inertia:  ~[0.000640914,0.0017854,0.00187696]
              products of inertia: ~[0,0,0]
body[10] = toes_l. mass: 0.163823
              moments of inertia:  ~[4.57796e-05,9.15591e-05,4.57796e-05]
              products of inertia: ~[0,0,0]
body[11] = torso. mass: 29.2112
              moments of inertia:  ~[0.882257,0.452048,0.856468]
              products of inertia: ~[0,0,0]

JOINTS (total: 12)
joint[0] = ground_pelvis. parent: ground_offset, child: pelvis_offset
joint[1] = hip_r. parent: pelvis_offset, child: femur_r_offset
joint[2] = knee_r. parent: femur_r_offset, child: tibia_r_offset
joint[3] = ankle_r. parent: tibia_r_offset, child: talus_r_offset
joint[4] = subtalar_r. parent: talus_r_offset, child: calcn_r_offset
joint[5] = mtp_r. parent: calcn_r_offset, child: toes_r_offset
joint[6] = hip_l. parent: pelvis_offset, child: femur_l_offset
joint[7] = knee_l. parent: femur_l_offset, child: tibia_l_offset
joint[8] = ankle_l. parent: tibia_l_offset, child: talus_l_offset
joint[9] = subtalar_l. parent: talus_l_offset, child: calcn_l_offset
joint[10] = mtp_l. parent: calcn_l_offset, child: toes_l_offset
joint[11] = back. parent: pelvis_offset, child: torso_offset

ACTUATORS (total: 77)
actuator[0] = glut_med1_r
actuator[1] = glut_med2_r
actuator[2] = glut_med3_r
actuator[3] = bifemlh_r
actuator[4] = bifemsh_r
actuator[5] = sar_r
actuator[6] = add_mag2_r
actuator[7] = tfl_r
actuator[8] = pect_r
actuator[9] = grac_r
actuator[10] = glut_max1_r
actuator[11] = glut_max2_r
actuator[12] = glut_max3_r
actuator[13] = iliacus_r
actuator[14] = psoas_r
actuator[15] = quad_fem_r
actuator[16] = gem_r
actuator[17] = peri_r
actuator[18] = rect_fem_r
actuator[19] = vas_int_r
actuator[20] = med_gas_r
actuator[21] = soleus_r
actuator[22] = tib_post_r
actuator[23] = tib_ant_r
actuator[24] = glut_med1_l
actuator[25] = glut_med2_l
actuator[26] = glut_med3_l
actuator[27] = bifemlh_l
actuator[28] = bifemsh_l
actuator[29] = sar_l
actuator[30] = add_mag2_l
actuator[31] = tfl_l
actuator[32] = pect_l
actuator[33] = grac_l
actuator[34] = glut_max1_l
actuator[35] = glut_max2_l
actuator[36] = glut_max3_l
actuator[37] = iliacus_l
actuator[38] = psoas_l
actuator[39] = quad_fem_l
actuator[40] = gem_l
actuator[41] = peri_l
actuator[42] = rect_fem_l
actuator[43] = vas_int_l
actuator[44] = med_gas_l
actuator[45] = soleus_l
actuator[46] = tib_post_l
actuator[47] = tib_ant_l
actuator[48] = ercspn_r
actuator[49] = ercspn_l
actuator[50] = intobl_r
actuator[51] = intobl_l
actuator[52] = extobl_r
actuator[53] = extobl_l
actuator[54] = FX
actuator[55] = FY
actuator[56] = FZ
actuator[57] = MX
actuator[58] = MY
actuator[59] = MZ
actuator[60] = hip_flexion_r_reserve
actuator[61] = hip_adduction_r_reserve
actuator[62] = hip_rotation_r_reserve
actuator[63] = knee_angle_r_reserve
actuator[64] = ankle_angle_r_reserve
actuator[65] = subtalar_angle_r_reserve
actuator[66] = mtp_angle_r_reserve
actuator[67] = hip_flexion_l_reserve
actuator[68] = hip_adduction_l_reserve
actuator[69] = hip_rotation_l_reserve
actuator[70] = knee_angle_l_reserve
actuator[71] = ankle_angle_l_reserve
actuator[72] = subtalar_angle_l_reserve
actuator[73] = mtp_angle_l_reserve
actuator[74] = lumbar_extension_reserve
actuator[75] = lumbar_bending_reserve
actuator[76] = lumbar_rotation_reserve

STATES (total: 154)
y[0] = /jointset/ground_pelvis/pelvis_tilt/value
y[1] = /jointset/ground_pelvis/pelvis_tilt/speed
y[2] = /jointset/ground_pelvis/pelvis_list/value
y[3] = /jointset/ground_pelvis/pelvis_list/speed
y[4] = /jointset/ground_pelvis/pelvis_rotation/value
y[5] = /jointset/ground_pelvis/pelvis_rotation/speed
y[6] = /jointset/ground_pelvis/pelvis_tx/value
y[7] = /jointset/ground_pelvis/pelvis_tx/speed
y[8] = /jointset/ground_pelvis/pelvis_ty/value
y[9] = /jointset/ground_pelvis/pelvis_ty/speed
y[10] = /jointset/ground_pelvis/pelvis_tz/value
y[11] = /jointset/ground_pelvis/pelvis_tz/speed
y[12] = /jointset/hip_r/hip_flexion_r/value
y[13] = /jointset/hip_r/hip_flexion_r/speed
y[14] = /jointset/hip_r/hip_adduction_r/value
y[15] = /jointset/hip_r/hip_adduction_r/speed
y[16] = /jointset/hip_r/hip_rotation_r/value
y[17] = /jointset/hip_r/hip_rotation_r/speed
y[18] = /jointset/knee_r/knee_angle_r/value
y[19] = /jointset/knee_r/knee_angle_r/speed
y[20] = /jointset/ankle_r/ankle_angle_r/value
y[21] = /jointset/ankle_r/ankle_angle_r/speed
y[22] = /jointset/subtalar_r/subtalar_angle_r/value
y[23] = /jointset/subtalar_r/subtalar_angle_r/speed
y[24] = /jointset/mtp_r/mtp_angle_r/value
y[25] = /jointset/mtp_r/mtp_angle_r/speed
y[26] = /jointset/hip_l/hip_flexion_l/value
y[27] = /jointset/hip_l/hip_flexion_l/speed
y[28] = /jointset/hip_l/hip_adduction_l/value
y[29] = /jointset/hip_l/hip_adduction_l/speed
y[30] = /jointset/hip_l/hip_rotation_l/value
y[31] = /jointset/hip_l/hip_rotation_l/speed
y[32] = /jointset/knee_l/knee_angle_l/value
y[33] = /jointset/knee_l/knee_angle_l/speed
y[34] = /jointset/ankle_l/ankle_angle_l/value
y[35] = /jointset/ankle_l/ankle_angle_l/speed
y[36] = /jointset/subtalar_l/subtalar_angle_l/value
y[37] = /jointset/subtalar_l/subtalar_angle_l/speed
y[38] = /jointset/mtp_l/mtp_angle_l/value
y[39] = /jointset/mtp_l/mtp_angle_l/speed
y[40] = /jointset/back/lumbar_extension/value
y[41] = /jointset/back/lumbar_extension/speed
y[42] = /jointset/back/lumbar_bending/value
y[43] = /jointset/back/lumbar_bending/speed
y[44] = /jointset/back/lumbar_rotation/value
y[45] = /jointset/back/lumbar_rotation/speed
y[46] = /forceset/glut_med1_r/activation
y[47] = /forceset/glut_med1_r/fiber_length
y[48] = /forceset/glut_med2_r/activation
y[49] = /forceset/glut_med2_r/fiber_length
y[50] = /forceset/glut_med3_r/activation
y[51] = /forceset/glut_med3_r/fiber_length
y[52] = /forceset/bifemlh_r/activation
y[53] = /forceset/bifemlh_r/fiber_length
y[54] = /forceset/bifemsh_r/activation
y[55] = /forceset/bifemsh_r/fiber_length
y[56] = /forceset/sar_r/activation
y[57] = /forceset/sar_r/fiber_length
y[58] = /forceset/add_mag2_r/activation
y[59] = /forceset/add_mag2_r/fiber_length
y[60] = /forceset/tfl_r/activation
y[61] = /forceset/tfl_r/fiber_length
y[62] = /forceset/pect_r/activation
y[63] = /forceset/pect_r/fiber_length
y[64] = /forceset/grac_r/activation
y[65] = /forceset/grac_r/fiber_length
y[66] = /forceset/glut_max1_r/activation
y[67] = /forceset/glut_max1_r/fiber_length
y[68] = /forceset/glut_max2_r/activation
y[69] = /forceset/glut_max2_r/fiber_length
y[70] = /forceset/glut_max3_r/activation
y[71] = /forceset/glut_max3_r/fiber_length
y[72] = /forceset/iliacus_r/activation
y[73] = /forceset/iliacus_r/fiber_length
y[74] = /forceset/psoas_r/activation
y[75] = /forceset/psoas_r/fiber_length
y[76] = /forceset/quad_fem_r/activation
y[77] = /forceset/quad_fem_r/fiber_length
y[78] = /forceset/gem_r/activation
y[79] = /forceset/gem_r/fiber_length
y[80] = /forceset/peri_r/activation
y[81] = /forceset/peri_r/fiber_length
y[82] = /forceset/rect_fem_r/activation
y[83] = /forceset/rect_fem_r/fiber_length
y[84] = /forceset/vas_int_r/activation
y[85] = /forceset/vas_int_r/fiber_length
y[86] = /forceset/med_gas_r/activation
y[87] = /forceset/med_gas_r/fiber_length
y[88] = /forceset/soleus_r/activation
y[89] = /forceset/soleus_r/fiber_length
y[90] = /forceset/tib_post_r/activation
y[91] = /forceset/tib_post_r/fiber_length
y[92] = /forceset/tib_ant_r/activation
y[93] = /forceset/tib_ant_r/fiber_length
y[94] = /forceset/glut_med1_l/activation
y[95] = /forceset/glut_med1_l/fiber_length
y[96] = /forceset/glut_med2_l/activation
y[97] = /forceset/glut_med2_l/fiber_length
y[98] = /forceset/glut_med3_l/activation
y[99] = /forceset/glut_med3_l/fiber_length
y[100] = /forceset/bifemlh_l/activation
y[101] = /forceset/bifemlh_l/fiber_length
y[102] = /forceset/bifemsh_l/activation
y[103] = /forceset/bifemsh_l/fiber_length
y[104] = /forceset/sar_l/activation
y[105] = /forceset/sar_l/fiber_length
y[106] = /forceset/add_mag2_l/activation
y[107] = /forceset/add_mag2_l/fiber_length
y[108] = /forceset/tfl_l/activation
y[109] = /forceset/tfl_l/fiber_length
y[110] = /forceset/pect_l/activation
y[111] = /forceset/pect_l/fiber_length
y[112] = /forceset/grac_l/activation
y[113] = /forceset/grac_l/fiber_length
y[114] = /forceset/glut_max1_l/activation
y[115] = /forceset/glut_max1_l/fiber_length
y[116] = /forceset/glut_max2_l/activation
y[117] = /forceset/glut_max2_l/fiber_length
y[118] = /forceset/glut_max3_l/activation
y[119] = /forceset/glut_max3_l/fiber_length
y[120] = /forceset/iliacus_l/activation
y[121] = /forceset/iliacus_l/fiber_length
y[122] = /forceset/psoas_l/activation
y[123] = /forceset/psoas_l/fiber_length
y[124] = /forceset/quad_fem_l/activation
y[125] = /forceset/quad_fem_l/fiber_length
y[126] = /forceset/gem_l/activation
y[127] = /forceset/gem_l/fiber_length
y[128] = /forceset/peri_l/activation
y[129] = /forceset/peri_l/fiber_length
y[130] = /forceset/rect_fem_l/activation
y[131] = /forceset/rect_fem_l/fiber_length
y[132] = /forceset/vas_int_l/activation
y[133] = /forceset/vas_int_l/fiber_length
y[134] = /forceset/med_gas_l/activation
y[135] = /forceset/med_gas_l/fiber_length
y[136] = /forceset/soleus_l/activation
y[137] = /forceset/soleus_l/fiber_length
y[138] = /forceset/tib_post_l/activation
y[139] = /forceset/tib_post_l/fiber_length
y[140] = /forceset/tib_ant_l/activation
y[141] = /forceset/tib_ant_l/fiber_length
y[142] = /forceset/ercspn_r/activation
y[143] = /forceset/ercspn_r/fiber_length
y[144] = /forceset/ercspn_l/activation
y[145] = /forceset/ercspn_l/fiber_length
y[146] = /forceset/intobl_r/activation
y[147] = /forceset/intobl_r/fiber_length
y[148] = /forceset/intobl_l/activation
y[149] = /forceset/intobl_l/fiber_length
y[150] = /forceset/extobl_r/activation
y[151] = /forceset/extobl_r/fiber_length
y[152] = /forceset/extobl_l/activation
y[153] = /forceset/extobl_l/fiber_length

[2025-11-16 00:38:11.917] [info] Constructing function set for tracking desired kinematics...
[2025-11-16 00:38:12.101] [info] No Actuation analysis found in analysis set -- adding one...
[2025-11-16 00:38:12.101] [info] No Kinematics analysis found in analysis set -- adding one...
[2025-11-16 00:38:12.104] [info] Using the generalized coordinates specified in C:/Users/Hanif/OneDrive - UNSW/T3 - 2025/Biomechanics of Human Body/Final Project/Vicon Data/Shallow Squat/IK/3_Hanif_Shallow_7_5_patched.mot to set the initial configuration.
[2025-11-16 00:38:12.142] [info] Using IPOPT optimizer algorithm.
[2025-11-16 00:38:12.142] [info] Setting optimizer print level to 0.
[2025-11-16 00:38:12.142] [info] Setting optimizer convergence tolerance to 0.000100000.
[2025-11-16 00:38:12.142] [info] Setting optimizer maximum iterations to 1000.
[2025-11-16 00:38:12.142] [info] Setting cmc controller to not use verbose printing.

[2025-11-16 00:38:12.143] [info] -----------------------------------------------------------------
[2025-11-16 00:38:12.143] [info] Computing initial values for muscles states (activation, length):
[2025-11-16 00:38:12.143] [info] -----------------------------------------------------------------
[2025-11-16 00:38:12.143] [info]  -- Start time = Sun Nov 16 00:38:12 2025
[2025-11-16 00:38:12.143] [info] -----------------------------------------------------------------
[2025-11-16 00:38:12.143] [info] 
[2025-11-16 00:38:12.724] [info] CMC::computeControls, t = 6.1
[2025-11-16 00:38:13.664] [info] CMC::computeControls, t = 6.1
[2025-11-16 00:38:14.310] [info] ----------------------------------
[2025-11-16 00:38:14.310] [info] Finished computing initial states:
[2025-11-16 00:38:14.310] [info] ----------------------------------
[2025-11-16 00:38:14.310] [info]  -- Start time = Sun Nov 16 00:38:12 2025
[2025-11-16 00:38:14.310] [info]  -- Finish time = Sun Nov 16 00:38:14 2025
[2025-11-16 00:38:14.310] [info]  -- Elapsed time = 2.0 seconds.
[2025-11-16 00:38:14.310] [info] ----------------------------------
[2025-11-16 00:38:14.310] [info] 
[2025-11-16 00:38:14.310] [info] --------------------------------------------
[2025-11-16 00:38:14.310] [info] Using CMC to track the specified kinematics:
[2025-11-16 00:38:14.310] [info] --------------------------------------------
[2025-11-16 00:38:14.310] [info]  -- Integrating from 6.13 to 8.5
[2025-11-16 00:38:14.310] [info]  -- Start time = Sun Nov 16 00:38:14 2025
[2025-11-16 00:38:14.310] [info] --------------------------------------------
[2025-11-16 00:38:14.310] [info] 
[2025-11-16 00:38:14.313] [info] CMC::computeControls, t = 6.13
[2025-11-16 00:38:14.847] [info] CMC::computeControls, t = 6.14
[2025-11-16 00:38:15.411] [info] CMC::computeControls, t = 6.15
[2025-11-16 00:38:15.984] [info] CMC::computeControls, t = 6.16
[2025-11-16 00:38:16.522] [info] CMC::computeControls, t = 6.17
[2025-11-16 00:38:17.056] [info] CMC::computeControls, t = 6.18
[2025-11-16 00:38:17.613] [info] CMC::computeControls, t = 6.19
[2025-11-16 00:38:18.193] [info] CMC::computeControls, t = 6.2
[2025-11-16 00:38:18.732] [info] CMC::computeControls, t = 6.21
[2025-11-16 00:38:19.277] [info] CMC::computeControls, t = 6.22
[2025-11-16 00:38:19.811] [info] CMC::computeControls, t = 6.23
[2025-11-16 00:38:20.334] [info] CMC::computeControls, t = 6.24
[2025-11-16 00:38:20.862] [info] CMC::computeControls, t = 6.25
[2025-11-16 00:38:21.401] [info] CMC::computeControls, t = 6.26
[2025-11-16 00:38:21.890] [info] CMC::computeControls, t = 6.27
[2025-11-16 00:38:22.416] [info] CMC::computeControls, t = 6.28
[2025-11-16 00:38:23.203] [info] CMC::computeControls, t = 6.29
[2025-11-16 00:38:23.964] [info] CMC::computeControls, t = 6.3
[2025-11-16 00:38:24.723] [info] CMC::computeControls, t = 6.31
[2025-11-16 00:38:25.367] [info] CMC::computeControls, t = 6.32
[2025-11-16 00:38:25.970] [info] CMC::computeControls, t = 6.33
[2025-11-16 00:38:26.630] [info] CMC::computeControls, t = 6.34
[2025-11-16 00:38:27.282] [info] CMC::computeControls, t = 6.35
[2025-11-16 00:38:27.893] [info] CMC::computeControls, t = 6.36
[2025-11-16 00:38:28.467] [info] CMC::computeControls, t = 6.37
[2025-11-16 00:38:29.023] [info] CMC::computeControls, t = 6.38
[2025-11-16 00:38:29.536] [info] CMC::computeControls, t = 6.39
[2025-11-16 00:38:30.059] [info] CMC::computeControls, t = 6.4
[2025-11-16 00:38:30.542] [info] CMC::computeControls, t = 6.41
[2025-11-16 00:38:31.084] [info] CMC::computeControls, t = 6.42
[2025-11-16 00:38:31.678] [info] CMC::computeControls, t = 6.43
[2025-11-16 00:38:32.188] [info] CMC::computeControls, t = 6.44
[2025-11-16 00:38:32.693] [info] CMC::computeControls, t = 6.45
[2025-11-16 00:38:33.244] [info] CMC::computeControls, t = 6.46
[2025-11-16 00:38:33.813] [info] CMC::computeControls, t = 6.47
[2025-11-16 00:38:34.399] [info] CMC::computeControls, t = 6.48
[2025-11-16 00:38:34.990] [info] CMC::computeControls, t = 6.49
[2025-11-16 00:38:35.567] [info] CMC::computeControls, t = 6.5
[2025-11-16 00:38:36.118] [info] CMC::computeControls, t = 6.51
[2025-11-16 00:38:36.800] [info] CMC::computeControls, t = 6.52
[2025-11-16 00:38:37.400] [info] CMC::computeControls, t = 6.53
[2025-11-16 00:38:38.055] [info] CMC::computeControls, t = 6.54
[2025-11-16 00:38:38.773] [info] CMC::computeControls, t = 6.55
[2025-11-16 00:38:39.451] [info] CMC::computeControls, t = 6.56
[2025-11-16 00:38:40.089] [info] CMC::computeControls, t = 6.57
[2025-11-16 00:38:40.718] [info] CMC::computeControls, t = 6.58
[2025-11-16 00:38:41.375] [info] CMC::computeControls, t = 6.59
[2025-11-16 00:38:41.443] [warning] CMC::computeControls: small force range for iliacus_l (0.0 to 0.0)
[2025-11-16 00:38:41.443] [info] 
[2025-11-16 00:38:41.443] [warning] CMC::computeControls: small force range for psoas_l (0.0 to 0.0)
[2025-11-16 00:38:41.443] [info] 
[2025-11-16 00:38:42.031] [info] CMC::computeControls, t = 6.6
[2025-11-16 00:38:42.090] [warning] CMC::computeControls: small force range for iliacus_l (0.0 to 0.0)
[2025-11-16 00:38:42.090] [info] 
[2025-11-16 00:38:42.731] [info] CMC::computeControls, t = 6.61
[2025-11-16 00:38:42.789] [warning] CMC::computeControls: small force range for iliacus_r (0.0 to 0.0)
[2025-11-16 00:38:42.789] [info] 
[2025-11-16 00:38:43.376] [info] CMC::computeControls, t = 6.62
[2025-11-16 00:38:44.060] [info] CMC::computeControls, t = 6.63
[2025-11-16 00:38:44.643] [info] CMC::computeControls, t = 6.64
[2025-11-16 00:38:45.222] [info] CMC::computeControls, t = 6.65
[2025-11-16 00:38:45.782] [info] CMC::computeControls, t = 6.66
[2025-11-16 00:38:46.325] [info] CMC::computeControls, t = 6.67
[2025-11-16 00:38:46.876] [info] CMC::computeControls, t = 6.68
[2025-11-16 00:38:47.391] [info] CMC::computeControls, t = 6.69
[2025-11-16 00:38:47.910] [info] CMC::computeControls, t = 6.7
[2025-11-16 00:38:48.527] [info] CMC::computeControls, t = 6.71
[2025-11-16 00:38:49.081] [info] CMC::computeControls, t = 6.72
[2025-11-16 00:38:49.716] [info] CMC::computeControls, t = 6.73
[2025-11-16 00:38:50.235] [info] CMC::computeControls, t = 6.74
[2025-11-16 00:38:50.833] [info] CMC::computeControls, t = 6.75
[2025-11-16 00:38:51.364] [info] CMC::computeControls, t = 6.76
[2025-11-16 00:38:51.905] [info] CMC::computeControls, t = 6.77
[2025-11-16 00:38:52.478] [info] CMC::computeControls, t = 6.78
[2025-11-16 00:38:53.027] [info] CMC::computeControls, t = 6.79
[2025-11-16 00:38:53.547] [info] CMC::computeControls, t = 6.8
[2025-11-16 00:38:54.073] [info] CMC::computeControls, t = 6.81
[2025-11-16 00:38:54.593] [info] CMC::computeControls, t = 6.82
[2025-11-16 00:38:55.085] [info] CMC::computeControls, t = 6.83
[2025-11-16 00:38:55.572] [info] CMC::computeControls, t = 6.84
[2025-11-16 00:38:56.081] [info] CMC::computeControls, t = 6.85
[2025-11-16 00:38:56.623] [info] CMC::computeControls, t = 6.86
[2025-11-16 00:38:57.140] [info] CMC::computeControls, t = 6.87
[2025-11-16 00:38:57.635] [info] CMC::computeControls, t = 6.88
[2025-11-16 00:38:58.221] [info] CMC::computeControls, t = 6.89
[2025-11-16 00:38:58.836] [info] CMC::computeControls, t = 6.9
[2025-11-16 00:38:59.422] [info] CMC::computeControls, t = 6.91
[2025-11-16 00:38:59.939] [info] CMC::computeControls, t = 6.92
[2025-11-16 00:39:00.479] [info] CMC::computeControls, t = 6.93
[2025-11-16 00:39:01.126] [info] CMC::computeControls, t = 6.94
[2025-11-16 00:39:01.772] [info] CMC::computeControls, t = 6.95
[2025-11-16 00:39:02.347] [info] CMC::computeControls, t = 6.96
[2025-11-16 00:39:02.913] [info] CMC::computeControls, t = 6.97
[2025-11-16 00:39:03.527] [info] CMC::computeControls, t = 6.98
[2025-11-16 00:39:04.087] [info] CMC::computeControls, t = 6.99
[2025-11-16 00:39:04.676] [info] CMC::computeControls, t = 7.0
[2025-11-16 00:39:05.250] [info] CMC::computeControls, t = 7.01
[2025-11-16 00:39:05.897] [info] CMC::computeControls, t = 7.02
[2025-11-16 00:39:06.444] [info] CMC::computeControls, t = 7.03
[2025-11-16 00:39:07.133] [info] CMC::computeControls, t = 7.04
[2025-11-16 00:39:07.834] [info] CMC::computeControls, t = 7.05
[2025-11-16 00:39:08.494] [info] CMC::computeControls, t = 7.06
[2025-11-16 00:39:09.184] [info] CMC::computeControls, t = 7.07
[2025-11-16 00:39:09.842] [info] CMC::computeControls, t = 7.08
[2025-11-16 00:39:10.425] [info] CMC::computeControls, t = 7.09
[2025-11-16 00:39:11.010] [info] CMC::computeControls, t = 7.1
[2025-11-16 00:39:11.640] [info] CMC::computeControls, t = 7.11
[2025-11-16 00:39:12.253] [info] CMC::computeControls, t = 7.12
[2025-11-16 00:39:12.841] [info] CMC::computeControls, t = 7.13
[2025-11-16 00:39:13.433] [info] CMC::computeControls, t = 7.14
[2025-11-16 00:39:14.024] [info] CMC::computeControls, t = 7.15
[2025-11-16 00:39:14.629] [info] CMC::computeControls, t = 7.16
[2025-11-16 00:39:15.226] [info] CMC::computeControls, t = 7.17
[2025-11-16 00:39:15.822] [info] CMC::computeControls, t = 7.18
[2025-11-16 00:39:16.408] [info] CMC::computeControls, t = 7.19
[2025-11-16 00:39:16.975] [info] CMC::computeControls, t = 7.2
[2025-11-16 00:39:17.576] [info] CMC::computeControls, t = 7.21
[2025-11-16 00:39:18.132] [info] CMC::computeControls, t = 7.22
[2025-11-16 00:39:18.768] [info] CMC::computeControls, t = 7.23
[2025-11-16 00:39:19.332] [info] CMC::computeControls, t = 7.24
[2025-11-16 00:39:19.915] [info] CMC::computeControls, t = 7.25
[2025-11-16 00:39:20.518] [info] CMC::computeControls, t = 7.26
[2025-11-16 00:39:21.129] [info] CMC::computeControls, t = 7.27
[2025-11-16 00:39:21.663] [info] CMC::computeControls, t = 7.28
[2025-11-16 00:39:22.245] [info] CMC::computeControls, t = 7.29
[2025-11-16 00:39:22.868] [info] CMC::computeControls, t = 7.3
[2025-11-16 00:39:23.476] [info] CMC::computeControls, t = 7.31
[2025-11-16 00:39:24.074] [info] CMC::computeControls, t = 7.32
[2025-11-16 00:39:24.650] [info] CMC::computeControls, t = 7.33
[2025-11-16 00:39:25.273] [info] CMC::computeControls, t = 7.34
[2025-11-16 00:39:25.818] [info] CMC::computeControls, t = 7.35
[2025-11-16 00:39:26.330] [info] CMC::computeControls, t = 7.36
[2025-11-16 00:39:26.942] [info] CMC::computeControls, t = 7.37
[2025-11-16 00:39:27.472] [info] CMC::computeControls, t = 7.38
[2025-11-16 00:39:28.000] [info] CMC::computeControls, t = 7.39
[2025-11-16 00:39:28.573] [info] CMC::computeControls, t = 7.4
[2025-11-16 00:39:29.151] [info] CMC::computeControls, t = 7.41
[2025-11-16 00:39:29.735] [info] CMC::computeControls, t = 7.42
[2025-11-16 00:39:30.288] [info] CMC::computeControls, t = 7.43
[2025-11-16 00:39:30.879] [info] CMC::computeControls, t = 7.44
[2025-11-16 00:39:31.477] [info] CMC::computeControls, t = 7.45
[2025-11-16 00:39:32.080] [info] CMC::computeControls, t = 7.46
[2025-11-16 00:39:32.596] [info] CMC::computeControls, t = 7.47
[2025-11-16 00:39:33.120] [info] CMC::computeControls, t = 7.48
[2025-11-16 00:39:33.778] [info] CMC::computeControls, t = 7.49
[2025-11-16 00:39:34.427] [info] CMC::computeControls, t = 7.5
[2025-11-16 00:39:35.048] [info] CMC::computeControls, t = 7.51
[2025-11-16 00:39:35.598] [info] CMC::computeControls, t = 7.52
[2025-11-16 00:39:36.180] [info] CMC::computeControls, t = 7.53
[2025-11-16 00:39:36.731] [info] CMC::computeControls, t = 7.54
[2025-11-16 00:39:37.320] [info] CMC::computeControls, t = 7.55
[2025-11-16 00:39:37.867] [info] CMC::computeControls, t = 7.56
[2025-11-16 00:39:38.446] [info] CMC::computeControls, t = 7.57
[2025-11-16 00:39:39.088] [info] CMC::computeControls, t = 7.58
[2025-11-16 00:39:39.580] [info] CMC::computeControls, t = 7.59
[2025-11-16 00:39:40.153] [info] CMC::computeControls, t = 7.6
[2025-11-16 00:39:40.736] [info] CMC::computeControls, t = 7.61
[2025-11-16 00:39:41.243] [info] CMC::computeControls, t = 7.62
[2025-11-16 00:39:41.850] [info] CMC::computeControls, t = 7.63
[2025-11-16 00:39:42.399] [info] CMC::computeControls, t = 7.64
[2025-11-16 00:39:43.009] [info] CMC::computeControls, t = 7.65
[2025-11-16 00:39:43.711] [info] CMC::computeControls, t = 7.66
[2025-11-16 00:39:44.290] [info] CMC::computeControls, t = 7.67
[2025-11-16 00:39:44.811] [info] CMC::computeControls, t = 7.68
[2025-11-16 00:39:45.392] [info] CMC::computeControls, t = 7.69
[2025-11-16 00:39:45.941] [info] CMC::computeControls, t = 7.7
[2025-11-16 00:39:46.480] [info] CMC::computeControls, t = 7.71
[2025-11-16 00:39:46.952] [info] CMC::computeControls, t = 7.72
[2025-11-16 00:39:47.513] [info] CMC::computeControls, t = 7.73
[2025-11-16 00:39:48.044] [info] CMC::computeControls, t = 7.74
[2025-11-16 00:39:48.666] [info] CMC::computeControls, t = 7.75
[2025-11-16 00:39:49.271] [info] CMC::computeControls, t = 7.76
[2025-11-16 00:39:49.840] [info] CMC::computeControls, t = 7.77
[2025-11-16 00:39:50.355] [info] CMC::computeControls, t = 7.78
[2025-11-16 00:39:50.945] [info] CMC::computeControls, t = 7.79
[2025-11-16 00:39:51.527] [info] CMC::computeControls, t = 7.8
[2025-11-16 00:39:52.063] [info] CMC::computeControls, t = 7.81
[2025-11-16 00:39:52.653] [info] CMC::computeControls, t = 7.82
[2025-11-16 00:39:53.942] [info] CMC::computeControls, t = 7.83
[2025-11-16 00:39:54.503] [info] CMC::computeControls, t = 7.84
[2025-11-16 00:39:55.096] [info] CMC::computeControls, t = 7.85
[2025-11-16 00:39:56.101] [info] CMC::computeControls, t = 7.86
[2025-11-16 00:39:56.709] [info] CMC::computeControls, t = 7.87
[2025-11-16 00:39:57.288] [info] CMC::computeControls, t = 7.88
[2025-11-16 00:39:57.799] [info] CMC::computeControls, t = 7.89
[2025-11-16 00:39:58.417] [info] CMC::computeControls, t = 7.9
[2025-11-16 00:39:59.028] [info] CMC::computeControls, t = 7.91
[2025-11-16 00:39:59.644] [info] CMC::computeControls, t = 7.92
[2025-11-16 00:40:00.223] [info] CMC::computeControls, t = 7.93
[2025-11-16 00:40:00.854] [info] CMC::computeControls, t = 7.94
[2025-11-16 00:40:01.447] [info] CMC::computeControls, t = 7.95
[2025-11-16 00:40:02.014] [info] CMC::computeControls, t = 7.96
[2025-11-16 00:40:02.606] [info] CMC::computeControls, t = 7.97
[2025-11-16 00:40:03.144] [info] CMC::computeControls, t = 7.98
[2025-11-16 00:40:03.758] [info] CMC::computeControls, t = 7.99
[2025-11-16 00:40:04.299] [info] CMC::computeControls, t = 8.0
[2025-11-16 00:40:04.857] [info] CMC::computeControls, t = 8.01
[2025-11-16 00:40:05.420] [info] CMC::computeControls, t = 8.02
[2025-11-16 00:40:05.971] [info] CMC::computeControls, t = 8.03
[2025-11-16 00:40:06.518] [info] CMC::computeControls, t = 8.04
[2025-11-16 00:40:07.100] [info] CMC::computeControls, t = 8.05
[2025-11-16 00:40:07.622] [info] CMC::computeControls, t = 8.06
[2025-11-16 00:40:08.107] [info] CMC::computeControls, t = 8.07
[2025-11-16 00:40:08.638] [info] CMC::computeControls, t = 8.08
[2025-11-16 00:40:09.177] [info] CMC::computeControls, t = 8.09
[2025-11-16 00:40:09.727] [info] CMC::computeControls, t = 8.1
[2025-11-16 00:40:10.290] [info] CMC::computeControls, t = 8.11
[2025-11-16 00:40:10.788] [info] CMC::computeControls, t = 8.12
[2025-11-16 00:40:11.350] [info] CMC::computeControls, t = 8.13
[2025-11-16 00:40:11.895] [info] CMC::computeControls, t = 8.14
[2025-11-16 00:40:12.447] [info] CMC::computeControls, t = 8.15
[2025-11-16 00:40:13.007] [info] CMC::computeControls, t = 8.16
[2025-11-16 00:40:13.577] [info] CMC::computeControls, t = 8.17
[2025-11-16 00:40:14.129] [info] CMC::computeControls, t = 8.18
[2025-11-16 00:40:14.668] [info] CMC::computeControls, t = 8.19
[2025-11-16 00:40:15.204] [info] CMC::computeControls, t = 8.2
[2025-11-16 00:40:15.766] [info] CMC::computeControls, t = 8.21
[2025-11-16 00:40:16.320] [info] CMC::computeControls, t = 8.22
[2025-11-16 00:40:16.818] [info] CMC::computeControls, t = 8.23
[2025-11-16 00:40:17.464] [info] CMC::computeControls, t = 8.24
[2025-11-16 00:40:17.986] [info] CMC::computeControls, t = 8.25
[2025-11-16 00:40:18.515] [info] CMC::computeControls, t = 8.26
[2025-11-16 00:40:19.011] [info] CMC::computeControls, t = 8.27
[2025-11-16 00:40:19.557] [info] CMC::computeControls, t = 8.28
[2025-11-16 00:40:20.085] [info] CMC::computeControls, t = 8.29
[2025-11-16 00:40:20.603] [info] CMC::computeControls, t = 8.3
[2025-11-16 00:40:21.133] [info] CMC::computeControls, t = 8.31
[2025-11-16 00:40:21.665] [info] CMC::computeControls, t = 8.32
[2025-11-16 00:40:22.235] [info] CMC::computeControls, t = 8.33
[2025-11-16 00:40:22.762] [info] CMC::computeControls, t = 8.34
[2025-11-16 00:40:23.310] [info] CMC::computeControls, t = 8.35
[2025-11-16 00:40:23.849] [info] CMC::computeControls, t = 8.36
[2025-11-16 00:40:24.381] [info] CMC::computeControls, t = 8.37
[2025-11-16 00:40:24.924] [info] CMC::computeControls, t = 8.38
[2025-11-16 00:40:25.449] [info] CMC::computeControls, t = 8.39
[2025-11-16 00:40:25.980] [info] CMC::computeControls, t = 8.4
[2025-11-16 00:40:26.540] [info] CMC::computeControls, t = 8.41
[2025-11-16 00:40:27.148] [info] CMC::computeControls, t = 8.42
[2025-11-16 00:40:27.680] [info] CMC::computeControls, t = 8.43
[2025-11-16 00:40:28.217] [info] CMC::computeControls, t = 8.44
[2025-11-16 00:40:28.762] [info] CMC::computeControls, t = 8.45
[2025-11-16 00:40:29.305] [info] CMC::computeControls, t = 8.46
[2025-11-16 00:40:29.871] [info] CMC::computeControls, t = 8.47
[2025-11-16 00:40:30.389] [info] CMC::computeControls, t = 8.48
[2025-11-16 00:40:30.962] [info] CMC::computeControls, t = 8.49
[2025-11-16 00:40:31.501] [info] -------------------------------------------
[2025-11-16 00:40:31.501] [info] Finished tracking the specified kinematics.
[2025-11-16 00:40:31.501] [info] -------------------------------------------
[2025-11-16 00:40:31.501] [info]  -- Start time = Sun Nov 16 00:38:14 2025
[2025-11-16 00:40:31.501] [info]  -- Finish time = Sun Nov 16 00:40:31 2025
[2025-11-16 00:40:31.501] [info]  -- Elapsed time = 137.0 seconds.
[2025-11-16 00:40:31.501] [info] -------------------------------------------
[2025-11-16 00:40:31.501] [info] 
[2025-11-16 00:40:31.501] [info] Printing results of investigation Hanif-Scaled to C:/Users/Hanif/OneDrive - UNSW/T3 - 2025/Biomechanics of Human Body/Final Project/Vicon Data/Shallow Squat/CMC/3_Hanif_Shallow_7_5_patched
[2025-11-16 01:19:34.788] [info] Storage: read data file = C:/Users/Hanif/OneDrive - UNSW/T3 - 2025/Biomechanics of Human Body/Final Project/Vicon Data/Shallow Squat/IK/1_Hanif_Shallow_2_5_patched.mot (nr=301 nc=24)
